
                                        < M A T L A B (R) >
                              Copyright 1984-2016 The MathWorks, Inc.
                               R2016b (9.1.0.441655) 64-bit (glnxa64)
                                         September 7, 2016

 
To get started, type one of these: helpwin, helpdesk, or demo.
For product information, visit www.mathworks.com.
 
init-tncp , R=3 , V=3.000000 , omegaT_50_1 
 omegaT_50_1 
NNCP: iterations = 281   difference=0.000010  time=6.637361
our: difference=0.000989  auc=0.896033
i=1  dims=[20 60 60] 
our: difference=0.000998  auc=0.892186
i=2  dims=[20 70 70] 
our: difference=0.000977  auc=0.887360
i=3  dims=[20 80 80] 
our: difference=0.000957  auc=0.893360
i=4  dims=[20 90 90] 
our: difference=0.000956  auc=0.895529
i=5  dims=[20 100 100] 
our: difference=0.000950  auc=0.894598
i=6  dims=[20 110 110] 
our: difference=0.000961  auc=0.889882
i=7  dims=[20 120 120] 
our: difference=0.000959  auc=0.849602
i=8  dims=[20 130 130] 
our: difference=0.000968  auc=0.897660
i=9  dims=[20 140 140] 
our: difference=0.000967  auc=0.863664
i=10  dims=[20 150 150] 
our: difference=0.000974  auc=0.854966
i=11  dims=[20 160 160] 
our: difference=0.000969  auc=0.836969
i=12  dims=[20 170 170] 
our: difference=0.000974  auc=0.875381
i=13  dims=[20 180 180] 
our: difference=0.000993  auc=0.909528
i=14  dims=[20 190 190] 
our: difference=0.000999  auc=0.830453
i=15  dims=[20 200 200] 
our: difference=0.000973  auc=0.890546
i=16  dims=[20 210 210] 
our: difference=0.000983  auc=0.871233
i=17  dims=[20 220 220] 
our: difference=0.000996  auc=0.902497
i=18  dims=[20 230 230] 
our: difference=0.000968  auc=0.918249
i=19  dims=[20 240 240] 
our: difference=0.000968  auc=0.894261
i=20  dims=[20 250 250] 
our: difference=0.000962  auc=0.846033
i=21  dims=[20 260 260] 
our: difference=0.000977  auc=0.843580
i=22  dims=[20 270 270] 
our: difference=0.000993  auc=0.898536
i=23  dims=[20 280 280] 
our: difference=0.000969  auc=0.905408
i=24  dims=[20 290 290] 
our: difference=0.000965  auc=0.874653
i=25  dims=[20 300 300] 
our: difference=0.000983  auc=0.885804
i=26  dims=[20 310 310] 
our: difference=0.000994  auc=0.841751
i=27  dims=[20 320 320] 
our: difference=0.000965  auc=0.895307
i=28  dims=[20 330 330] 
our: difference=0.000997  auc=0.914550
i=29  dims=[20 340 340] 
our: difference=0.000984  auc=0.895068
i=30  dims=[20 350 350] 
our: difference=0.001000  auc=0.846879
i=31  dims=[20 360 360] 
our: difference=0.000980  auc=0.905528
i=32  dims=[20 370 370] 
our: difference=0.000994  auc=0.856441
i=33  dims=[20 380 380] 
our: difference=0.000993  auc=0.891010
i=34  dims=[20 390 390] 
our: difference=0.000979  auc=0.862043
i=35  dims=[20 400 400] 
our: difference=0.000982  auc=0.893129
i=36  dims=[20 410 410] 
our: difference=0.000988  auc=0.851465
i=37  dims=[20 420 420] 
our: difference=0.000994  auc=0.885933
i=38  dims=[20 430 430] 
our: difference=0.000991  auc=0.872179
i=39  dims=[20 440 440] 
our: difference=0.000993  auc=0.825039
i=40  dims=[20 450 450] 
our: difference=0.000965  auc=0.824529
i=41  dims=[20 460 460] 
our: difference=0.000998  auc=0.870963
i=42  dims=[20 470 470] 
our: difference=0.000992  auc=0.881175
i=43  dims=[20 480 480] 
our: difference=0.000973  auc=0.912750
i=44  dims=[20 490 490] 
our: difference=0.000997  auc=0.885127
i=45  dims=[20 500 500] 
our: difference=0.000977  auc=0.857776

ave_our =

    0.8922
    0.8898
    0.8910
    0.8921
    0.8926
    0.8922
    0.8861
    0.8875
    0.8849
    0.8819
    0.8778
    0.8776
    0.8801
    0.8765
    0.8774
    0.8771
    0.8786
    0.8808
    0.8815
    0.8797
    0.8780
    0.8789
    0.8801
    0.8798
    0.8801
    0.8786
    0.8792
    0.8805
    0.8810
    0.8798
    0.8807
    0.8799
    0.8803
    0.8797
    0.8801
    0.8793
    0.8795
    0.8793
    0.8779
    0.8766
    0.8764
    0.8765
    0.8774
    0.8776
    0.8771

 omegaT_50_2 
 omegaT_50_2 
NNCP: iterations = 61   difference=0.000010  time=1.188312
our: difference=0.000975  auc=0.888743
i=1  dims=[20 60 60] 
our: difference=0.000924  auc=0.894960
i=2  dims=[20 70 70] 
our: difference=0.000998  auc=0.865763
i=3  dims=[20 80 80] 
our: difference=0.000939  auc=0.897406
i=4  dims=[20 90 90] 
our: difference=0.000979  auc=0.892587
i=5  dims=[20 100 100] 
our: difference=0.000991  auc=0.885168
i=6  dims=[20 110 110] 
our: difference=0.000994  auc=0.896296
i=7  dims=[20 120 120] 
our: difference=0.000945  auc=0.838678
i=8  dims=[20 130 130] 
our: difference=0.000952  auc=0.896289
i=9  dims=[20 140 140] 
our: difference=0.000955  auc=0.854356
i=10  dims=[20 150 150] 
our: difference=0.000989  auc=0.852805
i=11  dims=[20 160 160] 
our: difference=0.000966  auc=0.851492
i=12  dims=[20 170 170] 
our: difference=0.000990  auc=0.868124
i=13  dims=[20 180 180] 
our: difference=0.000975  auc=0.915563
i=14  dims=[20 190 190] 
our: difference=0.000961  auc=0.836962
i=15  dims=[20 200 200] 
our: difference=0.000958  auc=0.876364
i=16  dims=[20 210 210] 
our: difference=0.000977  auc=0.879255
i=17  dims=[20 220 220] 
our: difference=0.000990  auc=0.911172
i=18  dims=[20 230 230] 
our: difference=0.000983  auc=0.913210
i=19  dims=[20 240 240] 
our: difference=0.000986  auc=0.873615
i=20  dims=[20 250 250] 
our: difference=0.000981  auc=0.826564
i=21  dims=[20 260 260] 
our: difference=0.000973  auc=0.830052
i=22  dims=[20 270 270] 
our: difference=0.000986  auc=0.882450
i=23  dims=[20 280 280] 
our: difference=0.000976  auc=0.895047
i=24  dims=[20 290 290] 
our: difference=0.000961  auc=0.868336
i=25  dims=[20 300 300] 
our: difference=0.000998  auc=0.870692
i=26  dims=[20 310 310] 
our: difference=0.000979  auc=0.813169
i=27  dims=[20 320 320] 
our: difference=0.000985  auc=0.896571
i=28  dims=[20 330 330] 
our: difference=0.000991  auc=0.903279
i=29  dims=[20 340 340] 
our: difference=0.000985  auc=0.898256
i=30  dims=[20 350 350] 
our: difference=0.000971  auc=0.841019
i=31  dims=[20 360 360] 
our: difference=0.000992  auc=0.900557
i=32  dims=[20 370 370] 
our: difference=0.000971  auc=0.860647
i=33  dims=[20 380 380] 
our: difference=0.000979  auc=0.869412
i=34  dims=[20 390 390] 
our: difference=0.000988  auc=0.859747
i=35  dims=[20 400 400] 
our: difference=0.000994  auc=0.894306
i=36  dims=[20 410 410] 
our: difference=0.000988  auc=0.852889
i=37  dims=[20 420 420] 
our: difference=0.000997  auc=0.876549
i=38  dims=[20 430 430] 
our: difference=0.000982  auc=0.838511
i=39  dims=[20 440 440] 
our: difference=0.000989  auc=0.829140
i=40  dims=[20 450 450] 
our: difference=0.000982  auc=0.821556
i=41  dims=[20 460 460] 
our: difference=0.000978  auc=0.871238
i=42  dims=[20 470 470] 
our: difference=0.000973  auc=0.894194
i=43  dims=[20 480 480] 
our: difference=0.000983  auc=0.905828
i=44  dims=[20 490 490] 
our: difference=0.000984  auc=0.887197
i=45  dims=[20 500 500] 
our: difference=0.000993  auc=0.856326

ave_our =

    0.8950
    0.8804
    0.8860
    0.8877
    0.8872
    0.8887
    0.8816
    0.8834
    0.8802
    0.8774
    0.8751
    0.8745
    0.8777
    0.8747
    0.8749
    0.8751
    0.8772
    0.8792
    0.8790
    0.8763
    0.8741
    0.8745
    0.8754
    0.8751
    0.8749
    0.8726
    0.8734
    0.8745
    0.8753
    0.8742
    0.8750
    0.8746
    0.8744
    0.8740
    0.8746
    0.8740
    0.8740
    0.8731
    0.8720
    0.8707
    0.8707
    0.8713
    0.8721
    0.8724
    0.8721

 omegaT_50_3 
 omegaT_50_3 
NNCP: iterations = 87   difference=0.000010  time=1.674394
our: difference=0.000990  auc=0.889838
i=1  dims=[20 60 60] 
our: difference=0.000928  auc=0.907114
i=2  dims=[20 70 70] 
our: difference=0.000952  auc=0.879263
i=3  dims=[20 80 80] 
our: difference=0.000938  auc=0.897350
i=4  dims=[20 90 90] 
our: difference=0.000950  auc=0.895164
i=5  dims=[20 100 100] 
our: difference=0.000947  auc=0.896234
i=6  dims=[20 110 110] 
our: difference=0.000994  auc=0.902774
i=7  dims=[20 120 120] 
our: difference=0.000989  auc=0.852593
i=8  dims=[20 130 130] 
our: difference=0.000955  auc=0.904340
i=9  dims=[20 140 140] 
our: difference=0.000950  auc=0.855364
i=10  dims=[20 150 150] 
our: difference=0.000980  auc=0.848393
i=11  dims=[20 160 160] 
our: difference=0.000958  auc=0.853387
i=12  dims=[20 170 170] 
our: difference=0.000985  auc=0.883801
i=13  dims=[20 180 180] 
our: difference=0.000966  auc=0.917424
i=14  dims=[20 190 190] 
our: difference=0.000994  auc=0.839583
i=15  dims=[20 200 200] 
our: difference=0.000961  auc=0.878167
i=16  dims=[20 210 210] 
our: difference=0.000968  auc=0.876248
i=17  dims=[20 220 220] 
our: difference=0.000960  auc=0.891038
i=18  dims=[20 230 230] 
our: difference=0.000993  auc=0.922318
i=19  dims=[20 240 240] 
our: difference=0.000962  auc=0.902194
i=20  dims=[20 250 250] 
our: difference=0.000975  auc=0.833072
i=21  dims=[20 260 260] 
our: difference=0.000973  auc=0.840795
i=22  dims=[20 270 270] 
our: difference=0.000975  auc=0.880955
i=23  dims=[20 280 280] 
our: difference=0.000969  auc=0.893270
i=24  dims=[20 290 290] 
our: difference=0.000993  auc=0.867592
i=25  dims=[20 300 300] 
our: difference=0.000995  auc=0.885456
i=26  dims=[20 310 310] 
our: difference=0.000962  auc=0.829773
i=27  dims=[20 320 320] 
our: difference=0.000984  auc=0.897796
i=28  dims=[20 330 330] 
our: difference=0.000981  auc=0.919423
i=29  dims=[20 340 340] 
our: difference=0.000994  auc=0.897977
i=30  dims=[20 350 350] 
our: difference=0.000984  auc=0.837672
i=31  dims=[20 360 360] 
our: difference=0.000976  auc=0.905612
i=32  dims=[20 370 370] 
our: difference=0.000996  auc=0.841576
i=33  dims=[20 380 380] 
our: difference=0.000969  auc=0.878773
i=34  dims=[20 390 390] 
our: difference=0.000997  auc=0.872073
i=35  dims=[20 400 400] 
our: difference=0.000967  auc=0.882463
i=36  dims=[20 410 410] 
our: difference=0.000967  auc=0.852298
i=37  dims=[20 420 420] 
our: difference=0.000982  auc=0.876187
i=38  dims=[20 430 430] 
our: difference=0.000979  auc=0.855789
i=39  dims=[20 440 440] 
our: difference=0.000993  auc=0.845737
i=40  dims=[20 450 450] 
our: difference=0.000978  auc=0.833772
i=41  dims=[20 460 460] 
our: difference=0.000997  auc=0.876152
i=42  dims=[20 470 470] 
our: difference=0.000981  auc=0.884885
i=43  dims=[20 480 480] 
our: difference=0.000999  auc=0.909578
i=44  dims=[20 490 490] 
our: difference=0.000979  auc=0.891755
i=45  dims=[20 500 500] 
our: difference=0.000989  auc=0.849308

ave_our =

    0.9071
    0.8932
    0.8946
    0.8947
    0.8950
    0.8963
    0.8901
    0.8919
    0.8878
    0.8839
    0.8811
    0.8813
    0.8841
    0.8809
    0.8807
    0.8805
    0.8811
    0.8834
    0.8844
    0.8818
    0.8798
    0.8799
    0.8805
    0.8799
    0.8802
    0.8782
    0.8789
    0.8804
    0.8810
    0.8796
    0.8804
    0.8792
    0.8792
    0.8790
    0.8791
    0.8783
    0.8783
    0.8777
    0.8768
    0.8758
    0.8758
    0.8760
    0.8768
    0.8771
    0.8765

 omegaT_50_4 
 omegaT_50_4 
NNCP: iterations = 68   difference=0.000009  time=1.279446
our: difference=0.000988  auc=0.908065
i=1  dims=[20 60 60] 
our: difference=0.000947  auc=0.900282
i=2  dims=[20 70 70] 
our: difference=0.000973  auc=0.872216
i=3  dims=[20 80 80] 
our: difference=0.000981  auc=0.911735
i=4  dims=[20 90 90] 
our: difference=0.000948  auc=0.902338
i=5  dims=[20 100 100] 
our: difference=0.000992  auc=0.893201
i=6  dims=[20 110 110] 
our: difference=0.000965  auc=0.890275
i=7  dims=[20 120 120] 
our: difference=0.000979  auc=0.854064
i=8  dims=[20 130 130] 
our: difference=0.000968  auc=0.889989
i=9  dims=[20 140 140] 
our: difference=0.000958  auc=0.867852
i=10  dims=[20 150 150] 
our: difference=0.000971  auc=0.868084
i=11  dims=[20 160 160] 
our: difference=0.000974  auc=0.818454
i=12  dims=[20 170 170] 
our: difference=0.000982  auc=0.889144
i=13  dims=[20 180 180] 
our: difference=0.000976  auc=0.916201
i=14  dims=[20 190 190] 
our: difference=0.000984  auc=0.837220
i=15  dims=[20 200 200] 
our: difference=0.000966  auc=0.888136
i=16  dims=[20 210 210] 
our: difference=0.000971  auc=0.877470
i=17  dims=[20 220 220] 
our: difference=0.000996  auc=0.902093
i=18  dims=[20 230 230] 
our: difference=0.000967  auc=0.916059
i=19  dims=[20 240 240] 
our: difference=0.000984  auc=0.889191
i=20  dims=[20 250 250] 
our: difference=0.000961  auc=0.861561
i=21  dims=[20 260 260] 
our: difference=0.000968  auc=0.840357
i=22  dims=[20 270 270] 
our: difference=0.000977  auc=0.891107
i=23  dims=[20 280 280] 
our: difference=0.000964  auc=0.904288
i=24  dims=[20 290 290] 
our: difference=0.000976  auc=0.864800
i=25  dims=[20 300 300] 
our: difference=0.000981  auc=0.878554
i=26  dims=[20 310 310] 
our: difference=0.000995  auc=0.829341
i=27  dims=[20 320 320] 
our: difference=0.000983  auc=0.906278
i=28  dims=[20 330 330] 
our: difference=0.000984  auc=0.903107
i=29  dims=[20 340 340] 
our: difference=0.000980  auc=0.901484
i=30  dims=[20 350 350] 
our: difference=0.000962  auc=0.823418
i=31  dims=[20 360 360] 
our: difference=0.000966  auc=0.895405
i=32  dims=[20 370 370] 
our: difference=0.000975  auc=0.856228
i=33  dims=[20 380 380] 
our: difference=0.000991  auc=0.890101
i=34  dims=[20 390 390] 
our: difference=0.000996  auc=0.873303
i=35  dims=[20 400 400] 
our: difference=0.000978  auc=0.891879
i=36  dims=[20 410 410] 
our: difference=0.000967  auc=0.861952
i=37  dims=[20 420 420] 
our: difference=0.000983  auc=0.887883
i=38  dims=[20 430 430] 
our: difference=0.000999  auc=0.846064
i=39  dims=[20 440 440] 
our: difference=0.000998  auc=0.850850
i=40  dims=[20 450 450] 
our: difference=0.000986  auc=0.828276
i=41  dims=[20 460 460] 
our: difference=0.000982  auc=0.874158
i=42  dims=[20 470 470] 
our: difference=0.000993  auc=0.887946
i=43  dims=[20 480 480] 
our: difference=0.000972  auc=0.919588
i=44  dims=[20 490 490] 
our: difference=0.000975  auc=0.888453
i=45  dims=[20 500 500] 
our: difference=0.000994  auc=0.848326

ave_our =

    0.9003
    0.8862
    0.8947
    0.8966
    0.8960
    0.8950
    0.8892
    0.8893
    0.8869
    0.8850
    0.8790
    0.8798
    0.8826
    0.8794
    0.8799
    0.8798
    0.8811
    0.8830
    0.8834
    0.8823
    0.8803
    0.8808
    0.8818
    0.8811
    0.8810
    0.8790
    0.8800
    0.8808
    0.8815
    0.8796
    0.8801
    0.8794
    0.8797
    0.8795
    0.8799
    0.8794
    0.8796
    0.8787
    0.8780
    0.8768
    0.8767
    0.8770
    0.8780
    0.8782
    0.8775

 omegaT_50_5 
 omegaT_50_5 
NNCP: iterations = 89   difference=0.000010  time=1.721894
our: difference=0.000970  auc=0.904652
i=1  dims=[20 60 60] 
our: difference=0.000983  auc=0.897643
i=2  dims=[20 70 70] 
our: difference=0.000981  auc=0.887171
i=3  dims=[20 80 80] 
our: difference=0.000939  auc=0.905875
i=4  dims=[20 90 90] 
our: difference=0.000935  auc=0.898332
i=5  dims=[20 100 100] 
our: difference=0.000955  auc=0.888191
i=6  dims=[20 110 110] 
our: difference=0.000952  auc=0.890221
i=7  dims=[20 120 120] 
our: difference=0.000986  auc=0.850151
i=8  dims=[20 130 130] 
our: difference=0.000978  auc=0.905165
i=9  dims=[20 140 140] 
our: difference=0.000966  auc=0.861163
i=10  dims=[20 150 150] 
our: difference=0.000970  auc=0.847679
i=11  dims=[20 160 160] 
our: difference=0.000984  auc=0.834235
i=12  dims=[20 170 170] 
our: difference=0.001000  auc=0.880273
i=13  dims=[20 180 180] 
our: difference=0.000995  auc=0.916985
i=14  dims=[20 190 190] 
our: difference=0.000979  auc=0.826692
i=15  dims=[20 200 200] 
our: difference=0.000988  auc=0.876005
i=16  dims=[20 210 210] 
our: difference=0.000976  auc=0.874074
i=17  dims=[20 220 220] 
our: difference=0.000982  auc=0.888112
i=18  dims=[20 230 230] 
our: difference=0.000994  auc=0.917858
i=19  dims=[20 240 240] 
our: difference=0.000967  auc=0.887706
i=20  dims=[20 250 250] 
our: difference=0.000988  auc=0.846652
i=21  dims=[20 260 260] 
our: difference=0.000968  auc=0.838174
i=22  dims=[20 270 270] 
our: difference=0.000974  auc=0.910507
i=23  dims=[20 280 280] 
our: difference=0.000973  auc=0.891461
i=24  dims=[20 290 290] 
our: difference=0.000983  auc=0.870218
i=25  dims=[20 300 300] 
our: difference=0.000992  auc=0.883669
i=26  dims=[20 310 310] 
our: difference=0.000965  auc=0.820696
i=27  dims=[20 320 320] 
our: difference=0.000969  auc=0.893085
i=28  dims=[20 330 330] 
our: difference=0.000970  auc=0.917153
i=29  dims=[20 340 340] 
our: difference=0.000971  auc=0.908544
i=30  dims=[20 350 350] 
our: difference=0.000985  auc=0.829215
i=31  dims=[20 360 360] 
our: difference=0.000971  auc=0.904222
i=32  dims=[20 370 370] 
our: difference=0.000976  auc=0.841545
i=33  dims=[20 380 380] 
our: difference=0.000999  auc=0.881466
i=34  dims=[20 390 390] 
our: difference=0.000972  auc=0.867379
i=35  dims=[20 400 400] 
our: difference=0.000980  auc=0.876847
i=36  dims=[20 410 410] 
our: difference=0.000968  auc=0.855929
i=37  dims=[20 420 420] 
our: difference=0.000997  auc=0.889217
i=38  dims=[20 430 430] 
our: difference=0.000990  auc=0.846065
i=39  dims=[20 440 440] 
our: difference=0.000996  auc=0.834994
i=40  dims=[20 450 450] 
our: difference=0.000988  auc=0.820690
i=41  dims=[20 460 460] 
our: difference=0.000972  auc=0.863678
i=42  dims=[20 470 470] 
our: difference=0.000969  auc=0.872926
i=43  dims=[20 480 480] 
our: difference=0.000989  auc=0.903546
i=44  dims=[20 490 490] 
our: difference=0.000993  auc=0.880166
i=45  dims=[20 500 500] 
our: difference=0.000985  auc=0.845379

ave_our =

    0.8976
    0.8924
    0.8969
    0.8973
    0.8954
    0.8946
    0.8882
    0.8903
    0.8871
    0.8832
    0.8787
    0.8788
    0.8818
    0.8778
    0.8777
    0.8775
    0.8781
    0.8803
    0.8807
    0.8790
    0.8771
    0.8786
    0.8791
    0.8788
    0.8790
    0.8767
    0.8773
    0.8788
    0.8798
    0.8781
    0.8789
    0.8778
    0.8779
    0.8776
    0.8776
    0.8770
    0.8773
    0.8765
    0.8754
    0.8740
    0.8738
    0.8738
    0.8745
    0.8746
    0.8739

init-tncp , R=3 , V=5.000000 , omegaT_50_1 
 omegaT_50_1 
NNCP: iterations = 80   difference=0.000010  time=1.541756
our: difference=0.000974  auc=0.895956
i=1  dims=[20 60 60] 
our: difference=0.000959  auc=0.895435
i=2  dims=[20 70 70] 
our: difference=0.000927  auc=0.886572
i=3  dims=[20 80 80] 
our: difference=0.000990  auc=0.894271
i=4  dims=[20 90 90] 
our: difference=0.000941  auc=0.890185
i=5  dims=[20 100 100] 
our: difference=0.000955  auc=0.893528
i=6  dims=[20 110 110] 
our: difference=0.000989  auc=0.889665
i=7  dims=[20 120 120] 
our: difference=0.000991  auc=0.852553
i=8  dims=[20 130 130] 
our: difference=0.000990  auc=0.896262
i=9  dims=[20 140 140] 
our: difference=0.000961  auc=0.865138
i=10  dims=[20 150 150] 
our: difference=0.000998  auc=0.846170
i=11  dims=[20 160 160] 
our: difference=0.000963  auc=0.843495
i=12  dims=[20 170 170] 
our: difference=0.000982  auc=0.871999
i=13  dims=[20 180 180] 
our: difference=0.000973  auc=0.904023
i=14  dims=[20 190 190] 
our: difference=0.000994  auc=0.833523
i=15  dims=[20 200 200] 
our: difference=0.000979  auc=0.887298
i=16  dims=[20 210 210] 
our: difference=0.000998  auc=0.873856
i=17  dims=[20 220 220] 
our: difference=0.000968  auc=0.900912
i=18  dims=[20 230 230] 
our: difference=0.000994  auc=0.918168
i=19  dims=[20 240 240] 
our: difference=0.000986  auc=0.886469
i=20  dims=[20 250 250] 
our: difference=0.000981  auc=0.853259
i=21  dims=[20 260 260] 
our: difference=0.000996  auc=0.851667
i=22  dims=[20 270 270] 
our: difference=0.000966  auc=0.897982
i=23  dims=[20 280 280] 
our: difference=0.000966  auc=0.902811
i=24  dims=[20 290 290] 
our: difference=0.000967  auc=0.867883
i=25  dims=[20 300 300] 
our: difference=0.000987  auc=0.884508
i=26  dims=[20 310 310] 
our: difference=0.000987  auc=0.838778
i=27  dims=[20 320 320] 
our: difference=0.000993  auc=0.895405
i=28  dims=[20 330 330] 
our: difference=0.000993  auc=0.912530
i=29  dims=[20 340 340] 
our: difference=0.000995  auc=0.895954
i=30  dims=[20 350 350] 
our: difference=0.000962  auc=0.843310
i=31  dims=[20 360 360] 
our: difference=0.000976  auc=0.906335
i=32  dims=[20 370 370] 
our: difference=0.000971  auc=0.856917
i=33  dims=[20 380 380] 
our: difference=0.000996  auc=0.887172
i=34  dims=[20 390 390] 
our: difference=0.000999  auc=0.865550
i=35  dims=[20 400 400] 
our: difference=0.001000  auc=0.891785
i=36  dims=[20 410 410] 
our: difference=0.000975  auc=0.851918
i=37  dims=[20 420 420] 
our: difference=0.000971  auc=0.888170
i=38  dims=[20 430 430] 
our: difference=0.000987  auc=0.866669
i=39  dims=[20 440 440] 
our: difference=0.000990  auc=0.825002
i=40  dims=[20 450 450] 
our: difference=0.000988  auc=0.822369
i=41  dims=[20 460 460] 
our: difference=0.000975  auc=0.876103
i=42  dims=[20 470 470] 
our: difference=0.000998  auc=0.884136
i=43  dims=[20 480 480] 
our: difference=0.000978  auc=0.911756
i=44  dims=[20 490 490] 
our: difference=0.000999  auc=0.889647
i=45  dims=[20 500 500] 
our: difference=0.000992  auc=0.864006

ave_our =

    0.8954
    0.8910
    0.8921
    0.8916
    0.8920
    0.8916
    0.8860
    0.8873
    0.8848
    0.8810
    0.8776
    0.8771
    0.8792
    0.8759
    0.8767
    0.8765
    0.8779
    0.8802
    0.8805
    0.8791
    0.8778
    0.8787
    0.8798
    0.8793
    0.8795
    0.8779
    0.8786
    0.8798
    0.8804
    0.8791
    0.8800
    0.8793
    0.8795
    0.8791
    0.8795
    0.8787
    0.8790
    0.8786
    0.8773
    0.8759
    0.8759
    0.8761
    0.8769
    0.8772
    0.8769

 omegaT_50_2 
 omegaT_50_2 
NNCP: iterations = 76   difference=0.000010  time=1.355354
our: difference=0.000962  auc=0.888914
i=1  dims=[20 60 60] 
our: difference=0.000934  auc=0.895151
i=2  dims=[20 70 70] 
our: difference=0.000961  auc=0.864559
i=3  dims=[20 80 80] 
our: difference=0.000965  auc=0.895823
i=4  dims=[20 90 90] 
our: difference=0.000989  auc=0.889218
i=5  dims=[20 100 100] 
our: difference=0.000975  auc=0.882420
i=6  dims=[20 110 110] 
our: difference=0.000984  auc=0.894218
i=7  dims=[20 120 120] 
our: difference=0.000999  auc=0.836051
i=8  dims=[20 130 130] 
our: difference=0.000958  auc=0.893777
i=9  dims=[20 140 140] 
our: difference=0.000972  auc=0.852978
i=10  dims=[20 150 150] 
our: difference=0.000958  auc=0.848968
i=11  dims=[20 160 160] 
our: difference=0.000995  auc=0.849769
i=12  dims=[20 170 170] 
our: difference=0.000970  auc=0.865636
i=13  dims=[20 180 180] 
our: difference=0.000994  auc=0.914042
i=14  dims=[20 190 190] 
our: difference=0.000978  auc=0.832869
i=15  dims=[20 200 200] 
our: difference=0.000987  auc=0.874216
i=16  dims=[20 210 210] 
our: difference=0.000972  auc=0.877720
i=17  dims=[20 220 220] 
our: difference=0.000987  auc=0.910154
i=18  dims=[20 230 230] 
our: difference=0.000989  auc=0.912535
i=19  dims=[20 240 240] 
our: difference=0.000994  auc=0.871649
i=20  dims=[20 250 250] 
our: difference=0.000978  auc=0.823103
i=21  dims=[20 260 260] 
our: difference=0.000980  auc=0.825825
i=22  dims=[20 270 270] 
our: difference=0.000996  auc=0.880578
i=23  dims=[20 280 280] 
our: difference=0.000989  auc=0.894013
i=24  dims=[20 290 290] 
our: difference=0.000970  auc=0.866142
i=25  dims=[20 300 300] 
our: difference=0.000985  auc=0.869661
i=26  dims=[20 310 310] 
our: difference=0.000983  auc=0.808746
i=27  dims=[20 320 320] 
our: difference=0.000996  auc=0.895743
i=28  dims=[20 330 330] 
our: difference=0.000978  auc=0.901937
i=29  dims=[20 340 340] 
our: difference=0.000996  auc=0.897403
i=30  dims=[20 350 350] 
our: difference=0.000991  auc=0.838325
i=31  dims=[20 360 360] 
our: difference=0.000970  auc=0.899675
i=32  dims=[20 370 370] 
our: difference=0.000988  auc=0.858568
i=33  dims=[20 380 380] 
our: difference=0.000999  auc=0.868456
i=34  dims=[20 390 390] 
our: difference=0.000974  auc=0.857996
i=35  dims=[20 400 400] 
our: difference=0.000988  auc=0.892717
i=36  dims=[20 410 410] 
our: difference=0.000975  auc=0.853048
i=37  dims=[20 420 420] 
our: difference=0.000995  auc=0.874179
i=38  dims=[20 430 430] 
our: difference=0.000977  auc=0.835199
i=39  dims=[20 440 440] 
our: difference=0.000981  auc=0.827330
i=40  dims=[20 450 450] 
our: difference=0.000976  auc=0.818449
i=41  dims=[20 460 460] 
our: difference=0.000982  auc=0.869640
i=42  dims=[20 470 470] 
our: difference=0.000970  auc=0.893477
i=43  dims=[20 480 480] 
our: difference=0.000983  auc=0.904997
i=44  dims=[20 490 490] 
our: difference=0.000983  auc=0.885403
i=45  dims=[20 500 500] 
our: difference=0.001000  auc=0.854264

ave_our =

    0.8952
    0.8799
    0.8852
    0.8862
    0.8854
    0.8869
    0.8796
    0.8814
    0.8782
    0.8753
    0.8730
    0.8724
    0.8756
    0.8725
    0.8726
    0.8730
    0.8752
    0.8772
    0.8769
    0.8742
    0.8719
    0.8723
    0.8733
    0.8730
    0.8728
    0.8704
    0.8713
    0.8724
    0.8733
    0.8721
    0.8730
    0.8725
    0.8724
    0.8720
    0.8726
    0.8720
    0.8721
    0.8711
    0.8700
    0.8687
    0.8687
    0.8693
    0.8702
    0.8705
    0.8701

 omegaT_50_3 
 omegaT_50_3 
NNCP: iterations = 79   difference=0.000010  time=1.586527
our: difference=0.000991  auc=0.890206
i=1  dims=[20 60 60] 
our: difference=0.000936  auc=0.906284
i=2  dims=[20 70 70] 
our: difference=0.000948  auc=0.878328
i=3  dims=[20 80 80] 
our: difference=0.000938  auc=0.896238
i=4  dims=[20 90 90] 
our: difference=0.000956  auc=0.891703
i=5  dims=[20 100 100] 
our: difference=0.000995  auc=0.894065
i=6  dims=[20 110 110] 
our: difference=0.000990  auc=0.900277
i=7  dims=[20 120 120] 
our: difference=0.000985  auc=0.850350
i=8  dims=[20 130 130] 
our: difference=0.000965  auc=0.902848
i=9  dims=[20 140 140] 
our: difference=0.000959  auc=0.852953
i=10  dims=[20 150 150] 
our: difference=0.000995  auc=0.845542
i=11  dims=[20 160 160] 
our: difference=0.000986  auc=0.850763
i=12  dims=[20 170 170] 
our: difference=0.000961  auc=0.881292
i=13  dims=[20 180 180] 
our: difference=0.000981  auc=0.915957
i=14  dims=[20 190 190] 
our: difference=0.000963  auc=0.837125
i=15  dims=[20 200 200] 
our: difference=0.000970  auc=0.875751
i=16  dims=[20 210 210] 
our: difference=0.000980  auc=0.874528
i=17  dims=[20 220 220] 
our: difference=0.000986  auc=0.888535
i=18  dims=[20 230 230] 
our: difference=0.000980  auc=0.920752
i=19  dims=[20 240 240] 
our: difference=0.000982  auc=0.901151
i=20  dims=[20 250 250] 
our: difference=0.000989  auc=0.830856
i=21  dims=[20 260 260] 
our: difference=0.000963  auc=0.838577
i=22  dims=[20 270 270] 
our: difference=0.000997  auc=0.879881
i=23  dims=[20 280 280] 
our: difference=0.000984  auc=0.891454
i=24  dims=[20 290 290] 
our: difference=0.000973  auc=0.865739
i=25  dims=[20 300 300] 
our: difference=0.000978  auc=0.884176
i=26  dims=[20 310 310] 
our: difference=0.000979  auc=0.825990
i=27  dims=[20 320 320] 
our: difference=0.000974  auc=0.896723
i=28  dims=[20 330 330] 
our: difference=0.000997  auc=0.918637
i=29  dims=[20 340 340] 
our: difference=0.000982  auc=0.896309
i=30  dims=[20 350 350] 
our: difference=0.000975  auc=0.836531
i=31  dims=[20 360 360] 
our: difference=0.000999  auc=0.905022
i=32  dims=[20 370 370] 
our: difference=0.000984  auc=0.839702
i=33  dims=[20 380 380] 
our: difference=0.000991  auc=0.877194
i=34  dims=[20 390 390] 
our: difference=0.000983  auc=0.869795
i=35  dims=[20 400 400] 
our: difference=0.000973  auc=0.881013
i=36  dims=[20 410 410] 
our: difference=0.000987  auc=0.850695
i=37  dims=[20 420 420] 
our: difference=0.001000  auc=0.874348
i=38  dims=[20 430 430] 
our: difference=0.000993  auc=0.853997
i=39  dims=[20 440 440] 
our: difference=0.000980  auc=0.842916
i=40  dims=[20 450 450] 
our: difference=0.000970  auc=0.831634
i=41  dims=[20 460 460] 
our: difference=0.000977  auc=0.874637
i=42  dims=[20 470 470] 
our: difference=0.000971  auc=0.884241
i=43  dims=[20 480 480] 
our: difference=0.000991  auc=0.908758
i=44  dims=[20 490 490] 
our: difference=0.000998  auc=0.890199
i=45  dims=[20 500 500] 
our: difference=0.000977  auc=0.847216

ave_our =

    0.9063
    0.8923
    0.8936
    0.8931
    0.8933
    0.8945
    0.8882
    0.8900
    0.8859
    0.8819
    0.8790
    0.8792
    0.8820
    0.8788
    0.8786
    0.8784
    0.8790
    0.8813
    0.8823
    0.8798
    0.8778
    0.8779
    0.8785
    0.8780
    0.8782
    0.8762
    0.8770
    0.8784
    0.8791
    0.8776
    0.8785
    0.8773
    0.8773
    0.8771
    0.8772
    0.8765
    0.8764
    0.8758
    0.8750
    0.8739
    0.8739
    0.8742
    0.8750
    0.8753
    0.8747

 omegaT_50_4 
 omegaT_50_4 
NNCP: iterations = 259   difference=0.000010  time=4.789411
our: difference=0.000964  auc=0.908262
i=1  dims=[20 60 60] 
our: difference=0.000973  auc=0.900690
i=2  dims=[20 70 70] 
our: difference=0.000985  auc=0.872516
i=3  dims=[20 80 80] 
our: difference=0.000977  auc=0.912283
i=4  dims=[20 90 90] 
our: difference=0.000964  auc=0.902056
i=5  dims=[20 100 100] 
our: difference=0.000968  auc=0.893144
i=6  dims=[20 110 110] 
our: difference=0.000988  auc=0.888637
i=7  dims=[20 120 120] 
our: difference=0.000985  auc=0.853504
i=8  dims=[20 130 130] 
our: difference=0.000974  auc=0.889830
i=9  dims=[20 140 140] 
our: difference=0.000963  auc=0.868713
i=10  dims=[20 150 150] 
our: difference=0.000954  auc=0.868477
i=11  dims=[20 160 160] 
our: difference=0.000986  auc=0.819440
i=12  dims=[20 170 170] 
our: difference=0.000979  auc=0.887550
i=13  dims=[20 180 180] 
our: difference=0.000981  auc=0.915190
i=14  dims=[20 190 190] 
our: difference=0.000966  auc=0.837787
i=15  dims=[20 200 200] 
our: difference=0.000969  auc=0.887868
i=16  dims=[20 210 210] 
our: difference=0.000971  auc=0.876869
i=17  dims=[20 220 220] 
our: difference=0.000981  auc=0.902755
i=18  dims=[20 230 230] 
our: difference=0.000970  auc=0.916304
i=19  dims=[20 240 240] 
our: difference=0.000970  auc=0.889596
i=20  dims=[20 250 250] 
our: difference=0.000986  auc=0.860439
i=21  dims=[20 260 260] 
our: difference=0.000994  auc=0.838871
i=22  dims=[20 270 270] 
our: difference=0.000967  auc=0.891600
i=23  dims=[20 280 280] 
our: difference=0.000997  auc=0.904295
i=24  dims=[20 290 290] 
our: difference=0.000986  auc=0.864408
i=25  dims=[20 300 300] 
our: difference=0.000983  auc=0.878771
i=26  dims=[20 310 310] 
our: difference=0.000966  auc=0.828708
i=27  dims=[20 320 320] 
our: difference=0.000981  auc=0.905074
i=28  dims=[20 330 330] 
our: difference=0.000971  auc=0.902958
i=29  dims=[20 340 340] 
our: difference=0.000970  auc=0.900769
i=30  dims=[20 350 350] 
our: difference=0.000965  auc=0.821716
i=31  dims=[20 360 360] 
our: difference=0.000997  auc=0.894138
i=32  dims=[20 370 370] 
our: difference=0.000992  auc=0.855628
i=33  dims=[20 380 380] 
our: difference=0.000981  auc=0.889716
i=34  dims=[20 390 390] 
our: difference=0.000990  auc=0.871792
i=35  dims=[20 400 400] 
our: difference=0.000984  auc=0.891572
i=36  dims=[20 410 410] 
our: difference=0.000981  auc=0.861640
i=37  dims=[20 420 420] 
our: difference=0.000992  auc=0.886885
i=38  dims=[20 430 430] 
our: difference=0.000993  auc=0.845097
i=39  dims=[20 440 440] 
our: difference=0.000992  auc=0.848827
i=40  dims=[20 450 450] 
our: difference=0.000974  auc=0.827878
i=41  dims=[20 460 460] 
our: difference=0.000994  auc=0.874647
i=42  dims=[20 470 470] 
our: difference=0.000996  auc=0.887430
i=43  dims=[20 480 480] 
our: difference=0.000977  auc=0.919120
i=44  dims=[20 490 490] 
our: difference=0.000995  auc=0.887460
i=45  dims=[20 500 500] 
our: difference=0.000984  auc=0.846822

ave_our =

    0.9007
    0.8866
    0.8952
    0.8969
    0.8961
    0.8949
    0.8890
    0.8891
    0.8868
    0.8850
    0.8790
    0.8797
    0.8825
    0.8793
    0.8798
    0.8797
    0.8810
    0.8830
    0.8833
    0.8822
    0.8801
    0.8806
    0.8817
    0.8810
    0.8809
    0.8789
    0.8798
    0.8807
    0.8813
    0.8794
    0.8798
    0.8791
    0.8794
    0.8792
    0.8795
    0.8790
    0.8792
    0.8783
    0.8776
    0.8763
    0.8763
    0.8766
    0.8776
    0.8778
    0.8771

 omegaT_50_5 
 omegaT_50_5 
NNCP: iterations = 105   difference=0.000010  time=1.919645
our: difference=0.000989  auc=0.907490
i=1  dims=[20 60 60] 
our: difference=0.000974  auc=0.898257
i=2  dims=[20 70 70] 
our: difference=0.000945  auc=0.885409
i=3  dims=[20 80 80] 
our: difference=0.000979  auc=0.904342
i=4  dims=[20 90 90] 
our: difference=0.000989  auc=0.899499
i=5  dims=[20 100 100] 
our: difference=0.000970  auc=0.885032
i=6  dims=[20 110 110] 
our: difference=0.000975  auc=0.889836
i=7  dims=[20 120 120] 
our: difference=0.000987  auc=0.848249
i=8  dims=[20 130 130] 
our: difference=0.000956  auc=0.904248
i=9  dims=[20 140 140] 
our: difference=0.000965  auc=0.860058
i=10  dims=[20 150 150] 
our: difference=0.000996  auc=0.848784
i=11  dims=[20 160 160] 
our: difference=0.000977  auc=0.832772
i=12  dims=[20 170 170] 
our: difference=0.000980  auc=0.879892
i=13  dims=[20 180 180] 
our: difference=0.000982  auc=0.915541
i=14  dims=[20 190 190] 
our: difference=0.000956  auc=0.825634
i=15  dims=[20 200 200] 
our: difference=0.000960  auc=0.877279
i=16  dims=[20 210 210] 
our: difference=0.000989  auc=0.873407
i=17  dims=[20 220 220] 
our: difference=0.000991  auc=0.885682
i=18  dims=[20 230 230] 
our: difference=0.000979  auc=0.917569
i=19  dims=[20 240 240] 
our: difference=0.000989  auc=0.886822
i=20  dims=[20 250 250] 
our: difference=0.000977  auc=0.847148
i=21  dims=[20 260 260] 
our: difference=0.000987  auc=0.837620
i=22  dims=[20 270 270] 
our: difference=0.000967  auc=0.910461
i=23  dims=[20 280 280] 
our: difference=0.000999  auc=0.890752
i=24  dims=[20 290 290] 
our: difference=0.000988  auc=0.868634
i=25  dims=[20 300 300] 
our: difference=0.000999  auc=0.882459
i=26  dims=[20 310 310] 
our: difference=0.000990  auc=0.819159
i=27  dims=[20 320 320] 
our: difference=0.000993  auc=0.893128
i=28  dims=[20 330 330] 
our: difference=0.000978  auc=0.916344
i=29  dims=[20 340 340] 
our: difference=0.000997  auc=0.904229
i=30  dims=[20 350 350] 
our: difference=0.000979  auc=0.831924
i=31  dims=[20 360 360] 
our: difference=0.000984  auc=0.903592
i=32  dims=[20 370 370] 
our: difference=0.000993  auc=0.841080
i=33  dims=[20 380 380] 
our: difference=0.000993  auc=0.881356
i=34  dims=[20 390 390] 
our: difference=0.000982  auc=0.864094
i=35  dims=[20 400 400] 
our: difference=0.000985  auc=0.873233
i=36  dims=[20 410 410] 
our: difference=0.000978  auc=0.855697
i=37  dims=[20 420 420] 
our: difference=0.000987  auc=0.887279
i=38  dims=[20 430 430] 
our: difference=0.000981  auc=0.842166
i=39  dims=[20 440 440] 
our: difference=0.000996  auc=0.831280
i=40  dims=[20 450 450] 
our: difference=0.000999  auc=0.822070
i=41  dims=[20 460 460] 
our: difference=0.000972  auc=0.862692
i=42  dims=[20 470 470] 
our: difference=0.000984  auc=0.873030
i=43  dims=[20 480 480] 
our: difference=0.000974  auc=0.902576
i=44  dims=[20 490 490] 
our: difference=0.000970  auc=0.877172
i=45  dims=[20 500 500] 
our: difference=0.000972  auc=0.843469

ave_our =

    0.8983
    0.8918
    0.8960
    0.8969
    0.8945
    0.8937
    0.8872
    0.8894
    0.8861
    0.8824
    0.8779
    0.8780
    0.8809
    0.8770
    0.8770
    0.8768
    0.8773
    0.8795
    0.8799
    0.8783
    0.8763
    0.8779
    0.8784
    0.8780
    0.8782
    0.8759
    0.8766
    0.8780
    0.8789
    0.8773
    0.8782
    0.8770
    0.8772
    0.8768
    0.8767
    0.8761
    0.8764
    0.8755
    0.8744
    0.8731
    0.8728
    0.8728
    0.8735
    0.8736
    0.8729

init-tncp , R=3 , V=10.000000 , omegaT_50_1 
 omegaT_50_1 
NNCP: iterations = 270   difference=0.000010  time=5.214462
our: difference=0.000983  auc=0.895491
i=1  dims=[20 60 60] 
our: difference=0.000988  auc=0.893786
i=2  dims=[20 70 70] 
our: difference=0.000979  auc=0.886245
i=3  dims=[20 80 80] 
our: difference=0.000950  auc=0.892126
i=4  dims=[20 90 90] 
our: difference=0.000968  auc=0.889155
i=5  dims=[20 100 100] 
our: difference=0.000972  auc=0.892039
i=6  dims=[20 110 110] 
our: difference=0.000955  auc=0.888188
i=7  dims=[20 120 120] 
our: difference=0.000997  auc=0.851733
i=8  dims=[20 130 130] 
our: difference=0.000990  auc=0.896034
i=9  dims=[20 140 140] 
our: difference=0.000966  auc=0.865822
i=10  dims=[20 150 150] 
our: difference=0.000977  auc=0.847660
i=11  dims=[20 160 160] 
our: difference=0.000965  auc=0.842704
i=12  dims=[20 170 170] 
our: difference=0.000964  auc=0.871703
i=13  dims=[20 180 180] 
our: difference=0.000974  auc=0.903747
i=14  dims=[20 190 190] 
our: difference=0.000963  auc=0.833179
i=15  dims=[20 200 200] 
our: difference=0.000987  auc=0.887227
i=16  dims=[20 210 210] 
our: difference=0.000971  auc=0.871471
i=17  dims=[20 220 220] 
our: difference=0.000972  auc=0.899602
i=18  dims=[20 230 230] 
our: difference=0.000977  auc=0.918839
i=19  dims=[20 240 240] 
our: difference=0.000969  auc=0.887523
i=20  dims=[20 250 250] 
our: difference=0.000969  auc=0.852488
i=21  dims=[20 260 260] 
our: difference=0.000963  auc=0.849825
i=22  dims=[20 270 270] 
our: difference=0.000987  auc=0.898075
i=23  dims=[20 280 280] 
our: difference=0.000986  auc=0.902688
i=24  dims=[20 290 290] 
our: difference=0.000977  auc=0.867499
i=25  dims=[20 300 300] 
our: difference=0.000993  auc=0.883134
i=26  dims=[20 310 310] 
our: difference=0.000990  auc=0.837532
i=27  dims=[20 320 320] 
our: difference=0.000996  auc=0.894727
i=28  dims=[20 330 330] 
our: difference=0.000981  auc=0.911364
i=29  dims=[20 340 340] 
our: difference=0.000981  auc=0.894337
i=30  dims=[20 350 350] 
our: difference=0.000989  auc=0.843892
i=31  dims=[20 360 360] 
our: difference=0.000981  auc=0.906323
i=32  dims=[20 370 370] 
our: difference=0.000975  auc=0.856503
i=33  dims=[20 380 380] 
our: difference=0.000997  auc=0.885406
i=34  dims=[20 390 390] 
our: difference=0.000984  auc=0.862269
i=35  dims=[20 400 400] 
our: difference=0.000978  auc=0.891017
i=36  dims=[20 410 410] 
our: difference=0.000978  auc=0.850773
i=37  dims=[20 420 420] 
our: difference=0.000981  auc=0.887647
i=38  dims=[20 430 430] 
our: difference=0.000971  auc=0.863149
i=39  dims=[20 440 440] 
our: difference=0.000972  auc=0.822699
i=40  dims=[20 450 450] 
our: difference=0.000997  auc=0.822415
i=41  dims=[20 460 460] 
our: difference=0.000986  auc=0.875522
i=42  dims=[20 470 470] 
our: difference=0.000981  auc=0.882552
i=43  dims=[20 480 480] 
our: difference=0.000972  auc=0.911744
i=44  dims=[20 490 490] 
our: difference=0.000994  auc=0.888251
i=45  dims=[20 500 500] 
our: difference=0.000968  auc=0.862999

ave_our =

    0.8938
    0.8900
    0.8907
    0.8903
    0.8907
    0.8903
    0.8848
    0.8862
    0.8839
    0.8803
    0.8769
    0.8764
    0.8785
    0.8753
    0.8761
    0.8758
    0.8772
    0.8795
    0.8799
    0.8786
    0.8772
    0.8781
    0.8792
    0.8787
    0.8789
    0.8773
    0.8780
    0.8791
    0.8797
    0.8785
    0.8794
    0.8787
    0.8789
    0.8784
    0.8787
    0.8780
    0.8782
    0.8778
    0.8764
    0.8751
    0.8751
    0.8753
    0.8761
    0.8764
    0.8761

 omegaT_50_2 
 omegaT_50_2 
NNCP: iterations = 91   difference=0.000010  time=1.847985
our: difference=0.000293  auc=0.876791
i=1  dims=[20 60 60] 
our: difference=0.000937  auc=0.885345
i=2  dims=[20 70 70] 
our: difference=0.000922  auc=0.853914
i=3  dims=[20 80 80] 
our: difference=0.000936  auc=0.885378
i=4  dims=[20 90 90] 
our: difference=0.000969  auc=0.877417
i=5  dims=[20 100 100] 
our: difference=0.000958  auc=0.867127
i=6  dims=[20 110 110] 
our: difference=0.000979  auc=0.883466
i=7  dims=[20 120 120] 
our: difference=0.000996  auc=0.823977
i=8  dims=[20 130 130] 
our: difference=0.000970  auc=0.884884
i=9  dims=[20 140 140] 
our: difference=0.000954  auc=0.846802
i=10  dims=[20 150 150] 
our: difference=0.000988  auc=0.841663
i=11  dims=[20 160 160] 
our: difference=0.000985  auc=0.841652
i=12  dims=[20 170 170] 
our: difference=0.000972  auc=0.860748
i=13  dims=[20 180 180] 
our: difference=0.000995  auc=0.906600
i=14  dims=[20 190 190] 
our: difference=0.000956  auc=0.820386
i=15  dims=[20 200 200] 
our: difference=0.000995  auc=0.859847
i=16  dims=[20 210 210] 
our: difference=0.000960  auc=0.866254
i=17  dims=[20 220 220] 
our: difference=0.000988  auc=0.903980
i=18  dims=[20 230 230] 
our: difference=0.000976  auc=0.905421
i=19  dims=[20 240 240] 
our: difference=0.000966  auc=0.859456
i=20  dims=[20 250 250] 
our: difference=0.000975  auc=0.808562
i=21  dims=[20 260 260] 
our: difference=0.000967  auc=0.813140
i=22  dims=[20 270 270] 
our: difference=0.000977  auc=0.868442
i=23  dims=[20 280 280] 
our: difference=0.000986  auc=0.884046
i=24  dims=[20 290 290] 
our: difference=0.000976  auc=0.857736
i=25  dims=[20 300 300] 
our: difference=0.000984  auc=0.858662
i=26  dims=[20 310 310] 
our: difference=0.000966  auc=0.800625
i=27  dims=[20 320 320] 
our: difference=0.000967  auc=0.891593
i=28  dims=[20 330 330] 
our: difference=0.000983  auc=0.896456
i=29  dims=[20 340 340] 
our: difference=0.000965  auc=0.891304
i=30  dims=[20 350 350] 
our: difference=0.000960  auc=0.824083
i=31  dims=[20 360 360] 
our: difference=0.000984  auc=0.891347
i=32  dims=[20 370 370] 
our: difference=0.000968  auc=0.850856
i=33  dims=[20 380 380] 
our: difference=0.000972  auc=0.860138
i=34  dims=[20 390 390] 
our: difference=0.000999  auc=0.850618
i=35  dims=[20 400 400] 
our: difference=0.000982  auc=0.884385
i=36  dims=[20 410 410] 
our: difference=0.000984  auc=0.848206
i=37  dims=[20 420 420] 
our: difference=0.000970  auc=0.860963
i=38  dims=[20 430 430] 
our: difference=0.000977  auc=0.826586
i=39  dims=[20 440 440] 
our: difference=0.001000  auc=0.821994
i=40  dims=[20 450 450] 
our: difference=0.000995  auc=0.808308
i=41  dims=[20 460 460] 
our: difference=0.000990  auc=0.863350
i=42  dims=[20 470 470] 
our: difference=0.000979  auc=0.886521
i=43  dims=[20 480 480] 
our: difference=0.000998  auc=0.897718
i=44  dims=[20 490 490] 
our: difference=0.000996  auc=0.875203
i=45  dims=[20 500 500] 
our: difference=0.000998  auc=0.845434

ave_our =

    0.8853
    0.8696
    0.8749
    0.8755
    0.8738
    0.8754
    0.8681
    0.8702
    0.8676
    0.8650
    0.8629
    0.8627
    0.8661
    0.8628
    0.8626
    0.8628
    0.8653
    0.8675
    0.8671
    0.8641
    0.8617
    0.8620
    0.8630
    0.8628
    0.8626
    0.8602
    0.8614
    0.8626
    0.8636
    0.8623
    0.8632
    0.8628
    0.8628
    0.8624
    0.8630
    0.8626
    0.8626
    0.8616
    0.8606
    0.8593
    0.8594
    0.8601
    0.8609
    0.8613
    0.8609

 omegaT_50_3 
 omegaT_50_3 
NNCP: iterations = 268   difference=0.000010  time=4.746639
our: difference=0.000977  auc=0.890401
i=1  dims=[20 60 60] 
our: difference=0.000977  auc=0.908309
i=2  dims=[20 70 70] 
our: difference=0.000966  auc=0.879951
i=3  dims=[20 80 80] 
our: difference=0.000974  auc=0.897565
i=4  dims=[20 90 90] 
our: difference=0.000955  auc=0.892864
i=5  dims=[20 100 100] 
our: difference=0.000986  auc=0.896490
i=6  dims=[20 110 110] 
our: difference=0.000971  auc=0.898977
i=7  dims=[20 120 120] 
our: difference=0.000955  auc=0.851081
i=8  dims=[20 130 130] 
our: difference=0.000980  auc=0.902427
i=9  dims=[20 140 140] 
our: difference=0.000995  auc=0.854531
i=10  dims=[20 150 150] 
our: difference=0.000968  auc=0.843630
i=11  dims=[20 160 160] 
our: difference=0.000998  auc=0.850263
i=12  dims=[20 170 170] 
our: difference=0.000960  auc=0.880059
i=13  dims=[20 180 180] 
our: difference=0.000989  auc=0.916679
i=14  dims=[20 190 190] 
our: difference=0.000965  auc=0.835958
i=15  dims=[20 200 200] 
our: difference=0.000978  auc=0.877117
i=16  dims=[20 210 210] 
our: difference=0.000989  auc=0.874059
i=17  dims=[20 220 220] 
our: difference=0.000963  auc=0.890424
i=18  dims=[20 230 230] 
our: difference=0.000983  auc=0.922241
i=19  dims=[20 240 240] 
our: difference=0.000991  auc=0.901573
i=20  dims=[20 250 250] 
our: difference=0.000994  auc=0.829970
i=21  dims=[20 260 260] 
our: difference=0.000962  auc=0.837222
i=22  dims=[20 270 270] 
our: difference=0.000994  auc=0.879457
i=23  dims=[20 280 280] 
our: difference=0.000964  auc=0.891320
i=24  dims=[20 290 290] 
our: difference=0.000978  auc=0.865296
i=25  dims=[20 300 300] 
our: difference=0.000981  auc=0.884055
i=26  dims=[20 310 310] 
our: difference=0.000979  auc=0.825753
i=27  dims=[20 320 320] 
our: difference=0.000974  auc=0.896390
i=28  dims=[20 330 330] 
our: difference=0.000974  auc=0.918366
i=29  dims=[20 340 340] 
our: difference=0.000976  auc=0.897017
i=30  dims=[20 350 350] 
our: difference=0.000971  auc=0.837076
i=31  dims=[20 360 360] 
our: difference=0.000995  auc=0.905230
i=32  dims=[20 370 370] 
our: difference=0.000976  auc=0.838933
i=33  dims=[20 380 380] 
our: difference=0.000987  auc=0.876975
i=34  dims=[20 390 390] 
our: difference=0.000977  auc=0.868977
i=35  dims=[20 400 400] 
our: difference=0.000986  auc=0.880103
i=36  dims=[20 410 410] 
our: difference=0.000988  auc=0.851511
i=37  dims=[20 420 420] 
our: difference=0.000974  auc=0.874581
i=38  dims=[20 430 430] 
our: difference=0.001000  auc=0.853199
i=39  dims=[20 440 440] 
our: difference=0.000973  auc=0.841710
i=40  dims=[20 450 450] 
our: difference=0.001000  auc=0.830006
i=41  dims=[20 460 460] 
our: difference=0.000989  auc=0.875051
i=42  dims=[20 470 470] 
our: difference=0.000997  auc=0.883605
i=43  dims=[20 480 480] 
our: difference=0.000987  auc=0.909127
i=44  dims=[20 490 490] 
our: difference=0.000969  auc=0.889623
i=45  dims=[20 500 500] 
our: difference=0.000977  auc=0.847029

ave_our =

    0.9083
    0.8941
    0.8953
    0.8947
    0.8950
    0.8957
    0.8893
    0.8910
    0.8869
    0.8826
    0.8796
    0.8797
    0.8825
    0.8792
    0.8791
    0.8787
    0.8794
    0.8818
    0.8829
    0.8802
    0.8782
    0.8782
    0.8788
    0.8782
    0.8785
    0.8764
    0.8772
    0.8786
    0.8793
    0.8779
    0.8788
    0.8775
    0.8775
    0.8772
    0.8773
    0.8766
    0.8766
    0.8759
    0.8751
    0.8739
    0.8740
    0.8742
    0.8750
    0.8753
    0.8747

 omegaT_50_4 
 omegaT_50_4 
NNCP: iterations = 82   difference=0.000010  time=1.159533
our: difference=0.000991  auc=0.909226
i=1  dims=[20 60 60] 
our: difference=0.000920  auc=0.897970
i=2  dims=[20 70 70] 
our: difference=0.000964  auc=0.865925
i=3  dims=[20 80 80] 
our: difference=0.000956  auc=0.906392
i=4  dims=[20 90 90] 
our: difference=0.000934  auc=0.897350
i=5  dims=[20 100 100] 
our: difference=0.000990  auc=0.884836
i=6  dims=[20 110 110] 
our: difference=0.000974  auc=0.883278
i=7  dims=[20 120 120] 
our: difference=0.000942  auc=0.849776
i=8  dims=[20 130 130] 
our: difference=0.000950  auc=0.885287
i=9  dims=[20 140 140] 
our: difference=0.000977  auc=0.861435
i=10  dims=[20 150 150] 
our: difference=0.000966  auc=0.860331
i=11  dims=[20 160 160] 
our: difference=0.000999  auc=0.812996
i=12  dims=[20 170 170] 
our: difference=0.000985  auc=0.881932
i=13  dims=[20 180 180] 
our: difference=0.000965  auc=0.912506
i=14  dims=[20 190 190] 
our: difference=0.000992  auc=0.829884
i=15  dims=[20 200 200] 
our: difference=0.000993  auc=0.882715
i=16  dims=[20 210 210] 
our: difference=0.000992  auc=0.873870
i=17  dims=[20 220 220] 
our: difference=0.000986  auc=0.896880
i=18  dims=[20 230 230] 
our: difference=0.000994  auc=0.912471
i=19  dims=[20 240 240] 
