
                                        < M A T L A B (R) >
                              Copyright 1984-2016 The MathWorks, Inc.
                               R2016b (9.1.0.441655) 64-bit (glnxa64)
                                         September 7, 2016

 
To get started, type one of these: helpwin, helpdesk, or demo.
For product information, visit www.mathworks.com.
 
init-tncp , R=5 , V=3.000000 , omegaT_50_1 
NNCP: iterations = 284   difference=0.000010  time=7.440502
our: difference=0.000991  auc=0.909892
i=1  dims=[20 60 60] 
our: difference=0.000943  auc=0.902817
i=2  dims=[20 70 70] 
our: difference=0.000978  auc=0.899170
i=3  dims=[20 80 80] 
our: difference=0.000988  auc=0.905465
i=4  dims=[20 90 90] 
our: difference=0.000967  auc=0.904153
i=5  dims=[20 100 100] 
our: difference=0.000976  auc=0.906697
i=6  dims=[20 110 110] 
our: difference=0.000985  auc=0.901929
i=7  dims=[20 120 120] 
our: difference=0.000989  auc=0.866442
i=8  dims=[20 130 130] 
our: difference=0.000953  auc=0.906546
i=9  dims=[20 140 140] 
our: difference=0.000995  auc=0.879140
i=10  dims=[20 150 150] 
our: difference=0.000965  auc=0.863247
i=11  dims=[20 160 160] 
our: difference=0.000978  auc=0.850268
i=12  dims=[20 170 170] 
our: difference=0.000994  auc=0.885382
i=13  dims=[20 180 180] 
our: difference=0.000964  auc=0.916601
i=14  dims=[20 190 190] 
our: difference=0.000963  auc=0.847875
i=15  dims=[20 200 200] 
our: difference=0.000958  auc=0.900593
i=16  dims=[20 210 210] 
our: difference=0.000990  auc=0.884129
i=17  dims=[20 220 220] 
our: difference=0.000975  auc=0.910830
i=18  dims=[20 230 230] 
our: difference=0.000988  auc=0.930085
i=19  dims=[20 240 240] 
our: difference=0.000982  auc=0.901515
i=20  dims=[20 250 250] 
our: difference=0.000979  auc=0.857380
i=21  dims=[20 260 260] 
our: difference=0.000979  auc=0.856315
i=22  dims=[20 270 270] 
our: difference=0.000975  auc=0.906959
i=23  dims=[20 280 280] 
our: difference=0.000982  auc=0.912013
i=24  dims=[20 290 290] 
our: difference=0.000976  auc=0.887447
i=25  dims=[20 300 300] 
our: difference=0.000989  auc=0.896605
i=26  dims=[20 310 310] 
our: difference=0.000980  auc=0.851685
i=27  dims=[20 320 320] 
our: difference=0.000994  auc=0.904279
i=28  dims=[20 330 330] 
our: difference=0.000997  auc=0.920041
i=29  dims=[20 340 340] 
our: difference=0.000978  auc=0.901486
i=30  dims=[20 350 350] 
our: difference=0.000982  auc=0.859839
i=31  dims=[20 360 360] 
our: difference=0.000975  auc=0.917774
i=32  dims=[20 370 370] 
our: difference=0.000992  auc=0.868496
i=33  dims=[20 380 380] 
our: difference=0.000971  auc=0.899585
i=34  dims=[20 390 390] 
our: difference=0.000984  auc=0.871148
i=35  dims=[20 400 400] 
our: difference=0.000984  auc=0.902918
i=36  dims=[20 410 410] 
our: difference=0.000996  auc=0.867089
i=37  dims=[20 420 420] 
our: difference=0.000993  auc=0.896497
i=38  dims=[20 430 430] 
our: difference=0.000998  auc=0.888097
i=39  dims=[20 440 440] 
our: difference=0.000974  auc=0.836736
i=40  dims=[20 450 450] 
our: difference=0.000969  auc=0.840508
i=41  dims=[20 460 460] 
our: difference=0.000969  auc=0.887431
i=42  dims=[20 470 470] 
our: difference=0.000981  auc=0.894185
i=43  dims=[20 480 480] 
our: difference=0.000999  auc=0.922170
i=44  dims=[20 490 490] 
our: difference=0.000996  auc=0.896311
i=45  dims=[20 500 500] 
our: difference=0.000977  auc=0.874721

ave_our =

    0.9028
    0.9010
    0.9025
    0.9029
    0.9037
    0.9034
    0.8981
    0.8992
    0.8969
    0.8936
    0.8896
    0.8893
    0.8914
    0.8883
    0.8891
    0.8888
    0.8901
    0.8923
    0.8928
    0.8910
    0.8894
    0.8902
    0.8911
    0.8910
    0.8912
    0.8897
    0.8902
    0.8913
    0.8916
    0.8906
    0.8914
    0.8907
    0.8910
    0.8904
    0.8908
    0.8901
    0.8903
    0.8902
    0.8889
    0.8876
    0.8876
    0.8878
    0.8886
    0.8888
    0.8885

 omegaT_50_2 
NNCP: iterations = 274   difference=0.000010  time=6.040514
our: difference=0.000994  auc=0.899233
i=1  dims=[20 60 60] 
our: difference=0.000991  auc=0.904683
i=2  dims=[20 70 70] 
our: difference=0.000971  auc=0.879527
i=3  dims=[20 80 80] 
our: difference=0.000967  auc=0.908961
i=4  dims=[20 90 90] 
our: difference=0.000992  auc=0.906848
i=5  dims=[20 100 100] 
our: difference=0.000969  auc=0.893390
i=6  dims=[20 110 110] 
our: difference=0.000978  auc=0.902295
i=7  dims=[20 120 120] 
our: difference=0.000958  auc=0.854723
i=8  dims=[20 130 130] 
our: difference=0.000950  auc=0.906773
i=9  dims=[20 140 140] 
our: difference=0.000953  auc=0.870946
i=10  dims=[20 150 150] 
our: difference=0.000951  auc=0.869042
i=11  dims=[20 160 160] 
our: difference=0.000994  auc=0.865104
i=12  dims=[20 170 170] 
our: difference=0.000976  auc=0.879854
i=13  dims=[20 180 180] 
our: difference=0.000987  auc=0.923585
i=14  dims=[20 190 190] 
our: difference=0.000975  auc=0.855552
i=15  dims=[20 200 200] 
our: difference=0.000988  auc=0.886445
i=16  dims=[20 210 210] 
our: difference=0.000977  auc=0.893848
i=17  dims=[20 220 220] 
our: difference=0.000966  auc=0.920231
i=18  dims=[20 230 230] 
our: difference=0.000997  auc=0.922594
i=19  dims=[20 240 240] 
our: difference=0.000971  auc=0.887298
i=20  dims=[20 250 250] 
our: difference=0.000987  auc=0.840302
i=21  dims=[20 260 260] 
our: difference=0.000965  auc=0.844403
i=22  dims=[20 270 270] 
our: difference=0.000991  auc=0.891494
i=23  dims=[20 280 280] 
our: difference=0.000991  auc=0.901759
i=24  dims=[20 290 290] 
our: difference=0.000963  auc=0.880021
i=25  dims=[20 300 300] 
our: difference=0.000996  auc=0.887108
i=26  dims=[20 310 310] 
our: difference=0.000989  auc=0.829100
i=27  dims=[20 320 320] 
our: difference=0.000982  auc=0.905612
i=28  dims=[20 330 330] 
our: difference=0.000974  auc=0.919287
i=29  dims=[20 340 340] 
our: difference=0.000996  auc=0.901055
i=30  dims=[20 350 350] 
our: difference=0.000994  auc=0.860427
i=31  dims=[20 360 360] 
our: difference=0.000979  auc=0.911830
i=32  dims=[20 370 370] 
our: difference=0.000986  auc=0.878362
i=33  dims=[20 380 380] 
our: difference=0.000973  auc=0.881634
i=34  dims=[20 390 390] 
our: difference=0.000980  auc=0.867659
i=35  dims=[20 400 400] 
our: difference=0.000971  auc=0.909953
i=36  dims=[20 410 410] 
our: difference=0.000997  auc=0.870775
i=37  dims=[20 420 420] 
our: difference=0.000978  auc=0.888412
i=38  dims=[20 430 430] 
our: difference=0.000982  auc=0.854838
i=39  dims=[20 440 440] 
our: difference=0.000993  auc=0.846202
i=40  dims=[20 450 450] 
our: difference=0.000989  auc=0.838347
i=41  dims=[20 460 460] 
our: difference=0.000968  auc=0.883726
i=42  dims=[20 470 470] 
our: difference=0.000978  auc=0.905492
i=43  dims=[20 480 480] 
our: difference=0.000980  auc=0.919523
i=44  dims=[20 490 490] 
our: difference=0.000998  auc=0.893346
i=45  dims=[20 500 500] 
our: difference=0.000975  auc=0.872290

ave_our =

    0.9047
    0.8921
    0.8977
    0.9000
    0.8987
    0.8993
    0.8929
    0.8947
    0.8920
    0.8897
    0.8875
    0.8868
    0.8897
    0.8872
    0.8872
    0.8876
    0.8895
    0.8914
    0.8911
    0.8886
    0.8865
    0.8867
    0.8874
    0.8871
    0.8871
    0.8848
    0.8856
    0.8868
    0.8873
    0.8864
    0.8872
    0.8870
    0.8868
    0.8862
    0.8869
    0.8865
    0.8865
    0.8857
    0.8847
    0.8835
    0.8835
    0.8840
    0.8849
    0.8851
    0.8848

 omegaT_50_3 
NNCP: iterations = 273   difference=0.000010  time=5.597143
our: difference=0.000989  auc=0.907430
i=1  dims=[20 60 60] 
our: difference=0.000966  auc=0.917944
i=2  dims=[20 70 70] 
our: difference=0.000933  auc=0.895790
i=3  dims=[20 80 80] 
our: difference=0.000999  auc=0.904371
i=4  dims=[20 90 90] 
our: difference=0.000947  auc=0.905590
i=5  dims=[20 100 100] 
our: difference=0.000964  auc=0.908747
i=6  dims=[20 110 110] 
our: difference=0.000988  auc=0.909351
i=7  dims=[20 120 120] 
our: difference=0.000955  auc=0.872435
i=8  dims=[20 130 130] 
our: difference=0.000954  auc=0.914401
i=9  dims=[20 140 140] 
our: difference=0.001000  auc=0.872674
i=10  dims=[20 150 150] 
our: difference=0.000978  auc=0.867604
i=11  dims=[20 160 160] 
our: difference=0.000962  auc=0.871959
i=12  dims=[20 170 170] 
our: difference=0.000972  auc=0.898974
i=13  dims=[20 180 180] 
our: difference=0.000971  auc=0.931524
i=14  dims=[20 190 190] 
our: difference=0.000974  auc=0.864586
i=15  dims=[20 200 200] 
our: difference=0.001000  auc=0.895593
i=16  dims=[20 210 210] 
our: difference=0.000966  auc=0.888644
i=17  dims=[20 220 220] 
our: difference=0.000969  auc=0.907545
i=18  dims=[20 230 230] 
our: difference=0.000974  auc=0.932481
i=19  dims=[20 240 240] 
our: difference=0.000989  auc=0.915270
i=20  dims=[20 250 250] 
our: difference=0.000962  auc=0.846317
i=21  dims=[20 260 260] 
our: difference=0.000993  auc=0.858300
i=22  dims=[20 270 270] 
our: difference=0.000974  auc=0.895883
i=23  dims=[20 280 280] 
our: difference=0.000998  auc=0.900416
i=24  dims=[20 290 290] 
our: difference=0.000977  auc=0.882225
i=25  dims=[20 300 300] 
our: difference=0.000967  auc=0.904258
i=26  dims=[20 310 310] 
our: difference=0.000970  auc=0.849506
i=27  dims=[20 320 320] 
our: difference=0.000990  auc=0.902830
i=28  dims=[20 330 330] 
our: difference=0.000980  auc=0.927630
i=29  dims=[20 340 340] 
our: difference=0.000982  auc=0.908925
i=30  dims=[20 350 350] 
our: difference=0.000964  auc=0.856345
i=31  dims=[20 360 360] 
our: difference=0.000973  auc=0.915026
i=32  dims=[20 370 370] 
our: difference=0.000987  auc=0.862401
i=33  dims=[20 380 380] 
our: difference=0.000983  auc=0.888181
i=34  dims=[20 390 390] 
our: difference=0.000970  auc=0.881242
i=35  dims=[20 400 400] 
our: difference=0.000974  auc=0.896610
i=36  dims=[20 410 410] 
our: difference=0.000978  auc=0.869422
i=37  dims=[20 420 420] 
our: difference=0.000974  auc=0.892829
i=38  dims=[20 430 430] 
our: difference=0.000980  auc=0.866917
i=39  dims=[20 440 440] 
our: difference=0.000966  auc=0.862050
i=40  dims=[20 450 450] 
our: difference=0.000984  auc=0.845709
i=41  dims=[20 460 460] 
our: difference=0.000993  auc=0.889556
i=42  dims=[20 470 470] 
our: difference=0.000998  auc=0.898860
i=43  dims=[20 480 480] 
our: difference=0.000979  auc=0.925021
i=44  dims=[20 490 490] 
our: difference=0.000998  auc=0.897225
i=45  dims=[20 500 500] 
our: difference=0.000994  auc=0.865321

ave_our =

    0.9179
    0.9069
    0.9060
    0.9059
    0.9065
    0.9070
    0.9020
    0.9036
    0.9001
    0.8969
    0.8946
    0.8950
    0.8978
    0.8954
    0.8954
    0.8950
    0.8957
    0.8978
    0.8987
    0.8961
    0.8943
    0.8944
    0.8946
    0.8941
    0.8945
    0.8928
    0.8932
    0.8944
    0.8949
    0.8936
    0.8943
    0.8933
    0.8931
    0.8928
    0.8929
    0.8923
    0.8923
    0.8916
    0.8908
    0.8897
    0.8897
    0.8899
    0.8907
    0.8909
    0.8903

 omegaT_50_4 
NNCP: iterations = 282   difference=0.000010  time=5.833384
our: difference=0.000994  auc=0.930894
i=1  dims=[20 60 60] 
our: difference=0.000979  auc=0.916093
i=2  dims=[20 70 70] 
our: difference=0.000992  auc=0.892885
i=3  dims=[20 80 80] 
our: difference=0.000973  auc=0.924109
i=4  dims=[20 90 90] 
our: difference=0.000960  auc=0.916456
i=5  dims=[20 100 100] 
our: difference=0.000987  auc=0.910074
i=6  dims=[20 110 110] 
our: difference=0.000986  auc=0.896172
i=7  dims=[20 120 120] 
our: difference=0.000999  auc=0.878232
i=8  dims=[20 130 130] 
our: difference=0.000972  auc=0.908044
i=9  dims=[20 140 140] 
our: difference=0.000982  auc=0.886320
i=10  dims=[20 150 150] 
our: difference=0.000972  auc=0.881139
i=11  dims=[20 160 160] 
our: difference=0.000972  auc=0.836497
i=12  dims=[20 170 170] 
our: difference=0.000999  auc=0.899060
i=13  dims=[20 180 180] 
our: difference=0.000971  auc=0.930852
i=14  dims=[20 190 190] 
our: difference=0.000968  auc=0.853549
i=15  dims=[20 200 200] 
our: difference=0.000971  auc=0.905421
i=16  dims=[20 210 210] 
our: difference=0.000978  auc=0.889370
i=17  dims=[20 220 220] 
our: difference=0.000996  auc=0.917780
i=18  dims=[20 230 230] 
our: difference=0.000965  auc=0.928270
i=19  dims=[20 240 240] 
our: difference=0.000993  auc=0.898716
i=20  dims=[20 250 250] 
our: difference=0.001000  auc=0.878274
i=21  dims=[20 260 260] 
our: difference=0.000971  auc=0.856670
i=22  dims=[20 270 270] 
our: difference=0.000990  auc=0.900334
i=23  dims=[20 280 280] 
our: difference=0.000991  auc=0.910126
i=24  dims=[20 290 290] 
our: difference=0.000998  auc=0.892342
i=25  dims=[20 300 300] 
our: difference=0.000990  auc=0.891300
i=26  dims=[20 310 310] 
our: difference=0.000962  auc=0.848834
i=27  dims=[20 320 320] 
our: difference=0.000978  auc=0.917154
i=28  dims=[20 330 330] 
our: difference=0.000994  auc=0.910645
i=29  dims=[20 340 340] 
our: difference=0.000989  auc=0.909895
i=30  dims=[20 350 350] 
our: difference=0.000970  auc=0.843772
i=31  dims=[20 360 360] 
our: difference=0.000982  auc=0.910319
i=32  dims=[20 370 370] 
our: difference=0.000991  auc=0.878074
i=33  dims=[20 380 380] 
our: difference=0.000989  auc=0.901135
i=34  dims=[20 390 390] 
our: difference=0.000999  auc=0.881785
i=35  dims=[20 400 400] 
our: difference=0.000978  auc=0.899402
i=36  dims=[20 410 410] 
our: difference=0.000984  auc=0.872493
i=37  dims=[20 420 420] 
our: difference=0.000978  auc=0.901693
i=38  dims=[20 430 430] 
our: difference=0.000977  auc=0.865044
i=39  dims=[20 440 440] 
our: difference=0.000984  auc=0.867199
i=40  dims=[20 450 450] 
our: difference=0.000984  auc=0.844611
i=41  dims=[20 460 460] 
our: difference=0.000994  auc=0.886022
i=42  dims=[20 470 470] 
our: difference=0.000968  auc=0.898124
i=43  dims=[20 480 480] 
our: difference=0.000976  auc=0.931181
i=44  dims=[20 490 490] 
our: difference=0.000997  auc=0.897411
i=45  dims=[20 500 500] 
our: difference=0.000974  auc=0.856690

ave_our =

    0.9161
    0.9045
    0.9110
    0.9124
    0.9119
    0.9093
    0.9049
    0.9053
    0.9032
    0.9010
    0.8951
    0.8954
    0.8981
    0.8950
    0.8957
    0.8953
    0.8966
    0.8984
    0.8984
    0.8974
    0.8954
    0.8957
    0.8963
    0.8961
    0.8959
    0.8941
    0.8950
    0.8955
    0.8960
    0.8943
    0.8948
    0.8943
    0.8945
    0.8941
    0.8943
    0.8937
    0.8939
    0.8931
    0.8924
    0.8913
    0.8911
    0.8913
    0.8922
    0.8923
    0.8915

 omegaT_50_5 
NNCP: iterations = 297   difference=0.000010  time=6.865928
our: difference=0.000928  auc=0.919521
i=1  dims=[20 60 60] 
our: difference=0.000931  auc=0.914084
i=2  dims=[20 70 70] 
our: difference=0.000960  auc=0.903473
i=3  dims=[20 80 80] 
our: difference=0.000944  auc=0.918145
i=4  dims=[20 90 90] 
our: difference=0.000944  auc=0.914261
i=5  dims=[20 100 100] 
our: difference=0.000977  auc=0.902365
i=6  dims=[20 110 110] 
our: difference=0.000977  auc=0.899015
i=7  dims=[20 120 120] 
our: difference=0.000954  auc=0.866994
i=8  dims=[20 130 130] 
our: difference=0.000978  auc=0.917209
i=9  dims=[20 140 140] 
our: difference=0.000949  auc=0.877724
i=10  dims=[20 150 150] 
our: difference=0.000957  auc=0.862256
i=11  dims=[20 160 160] 
our: difference=0.000992  auc=0.851230
i=12  dims=[20 170 170] 
our: difference=0.000961  auc=0.893619
i=13  dims=[20 180 180] 
our: difference=0.000957  auc=0.929467
i=14  dims=[20 190 190] 
our: difference=0.000957  auc=0.850519
i=15  dims=[20 200 200] 
our: difference=0.000996  auc=0.891693
i=16  dims=[20 210 210] 
our: difference=0.000974  auc=0.886618
i=17  dims=[20 220 220] 
our: difference=0.000976  auc=0.900110
i=18  dims=[20 230 230] 
our: difference=0.000980  auc=0.929942
i=19  dims=[20 240 240] 
our: difference=0.000992  auc=0.903439
i=20  dims=[20 250 250] 
our: difference=0.000991  auc=0.858232
i=21  dims=[20 260 260] 
our: difference=0.000987  auc=0.856810
i=22  dims=[20 270 270] 
our: difference=0.000990  auc=0.920796
i=23  dims=[20 280 280] 
our: difference=0.000978  auc=0.900830
i=24  dims=[20 290 290] 
our: difference=0.000997  auc=0.886456
i=25  dims=[20 300 300] 
our: difference=0.000964  auc=0.897010
i=26  dims=[20 310 310] 
our: difference=0.000964  auc=0.841445
i=27  dims=[20 320 320] 
our: difference=0.000985  auc=0.906047
i=28  dims=[20 330 330] 
our: difference=0.000974  auc=0.930557
i=29  dims=[20 340 340] 
our: difference=0.000967  auc=0.916009
i=30  dims=[20 350 350] 
our: difference=0.000983  auc=0.851729
i=31  dims=[20 360 360] 
our: difference=0.000983  auc=0.913574
i=32  dims=[20 370 370] 
our: difference=0.000981  auc=0.859686
i=33  dims=[20 380 380] 
our: difference=0.000993  auc=0.895996
i=34  dims=[20 390 390] 
our: difference=0.000999  auc=0.872769
i=35  dims=[20 400 400] 
our: difference=0.000994  auc=0.895027
i=36  dims=[20 410 410] 
our: difference=0.000983  auc=0.876083
i=37  dims=[20 420 420] 
our: difference=0.000968  auc=0.898528
i=38  dims=[20 430 430] 
our: difference=0.000973  auc=0.864376
i=39  dims=[20 440 440] 
our: difference=0.000976  auc=0.853879
i=40  dims=[20 450 450] 
our: difference=0.000982  auc=0.841312
i=41  dims=[20 460 460] 
our: difference=0.000994  auc=0.875451
i=42  dims=[20 470 470] 
our: difference=0.000968  auc=0.889705
i=43  dims=[20 480 480] 
our: difference=0.000999  auc=0.918158
i=44  dims=[20 490 490] 
our: difference=0.000986  auc=0.889483
i=45  dims=[20 500 500] 
our: difference=0.000977  auc=0.862117

ave_our =

    0.9141
    0.9088
    0.9119
    0.9125
    0.9105
    0.9086
    0.9026
    0.9044
    0.9015
    0.8976
    0.8933
    0.8934
    0.8961
    0.8929
    0.8928
    0.8924
    0.8929
    0.8949
    0.8954
    0.8935
    0.8918
    0.8931
    0.8934
    0.8931
    0.8933
    0.8913
    0.8918
    0.8932
    0.8940
    0.8926
    0.8933
    0.8922
    0.8923
    0.8918
    0.8919
    0.8914
    0.8916
    0.8909
    0.8899
    0.8887
    0.8884
    0.8884
    0.8891
    0.8891
    0.8885

init-tncp , R=5 , V=5.000000 , omegaT_50_1 
NNCP: iterations = 287   difference=0.000010  time=7.085919
our: difference=0.000871  auc=0.891123
i=1  dims=[20 60 60] 
our: difference=0.000979  auc=0.888093
i=2  dims=[20 70 70] 
our: difference=0.000947  auc=0.869509
i=3  dims=[20 80 80] 
our: difference=0.000924  auc=0.883693
i=4  dims=[20 90 90] 
our: difference=0.000946  auc=0.888193
i=5  dims=[20 100 100] 
our: difference=0.000946  auc=0.881551
i=6  dims=[20 110 110] 
our: difference=0.000966  auc=0.880246
i=7  dims=[20 120 120] 
our: difference=0.000971  auc=0.836276
i=8  dims=[20 130 130] 
our: difference=0.000986  auc=0.880518
i=9  dims=[20 140 140] 
our: difference=0.000944  auc=0.852004
i=10  dims=[20 150 150] 
our: difference=0.000972  auc=0.838017
i=11  dims=[20 160 160] 
our: difference=0.000991  auc=0.833440
i=12  dims=[20 170 170] 
our: difference=0.000977  auc=0.865164
i=13  dims=[20 180 180] 
our: difference=0.000975  auc=0.895135
i=14  dims=[20 190 190] 
our: difference=0.000955  auc=0.816548
i=15  dims=[20 200 200] 
our: difference=0.000950  auc=0.872723
i=16  dims=[20 210 210] 
our: difference=0.000996  auc=0.860398
i=17  dims=[20 220 220] 
our: difference=0.000979  auc=0.895509
i=18  dims=[20 230 230] 
our: difference=0.000960  auc=0.909219
i=19  dims=[20 240 240] 
our: difference=0.000985  auc=0.871431
i=20  dims=[20 250 250] 
our: difference=0.000991  auc=0.836831
i=21  dims=[20 260 260] 
our: difference=0.000980  auc=0.843119
i=22  dims=[20 270 270] 
our: difference=0.000964  auc=0.885463
i=23  dims=[20 280 280] 
our: difference=0.000961  auc=0.889003
i=24  dims=[20 290 290] 
our: difference=0.000988  auc=0.856369
i=25  dims=[20 300 300] 
our: difference=0.000996  auc=0.867609
i=26  dims=[20 310 310] 
our: difference=0.000999  auc=0.836786
i=27  dims=[20 320 320] 
our: difference=0.000968  auc=0.884712
i=28  dims=[20 330 330] 
our: difference=0.000997  auc=0.904639
i=29  dims=[20 340 340] 
our: difference=0.000992  auc=0.883872
i=30  dims=[20 350 350] 
our: difference=0.000973  auc=0.827323
i=31  dims=[20 360 360] 
our: difference=0.000993  auc=0.892425
i=32  dims=[20 370 370] 
our: difference=0.000967  auc=0.845533
i=33  dims=[20 380 380] 
our: difference=0.000978  auc=0.878751
i=34  dims=[20 390 390] 
our: difference=0.000974  auc=0.859795
i=35  dims=[20 400 400] 
our: difference=0.000964  auc=0.882558
i=36  dims=[20 410 410] 
our: difference=0.000984  auc=0.836897
i=37  dims=[20 420 420] 
our: difference=0.000996  auc=0.875297
i=38  dims=[20 430 430] 
our: difference=0.000964  auc=0.860814
i=39  dims=[20 440 440] 
our: difference=0.000989  auc=0.825487
i=40  dims=[20 450 450] 
our: difference=0.000975  auc=0.813565
i=41  dims=[20 460 460] 
our: difference=0.001000  auc=0.859775
i=42  dims=[20 470 470] 
our: difference=0.000986  auc=0.871580
i=43  dims=[20 480 480] 
our: difference=0.000988  auc=0.904061
i=44  dims=[20 490 490] 
our: difference=0.000974  auc=0.876561
i=45  dims=[20 500 500] 
our: difference=0.000980  auc=0.851265

ave_our =

    0.8881
    0.8788
    0.8804
    0.8824
    0.8822
    0.8819
    0.8754
    0.8760
    0.8733
    0.8698
    0.8665
    0.8664
    0.8686
    0.8649
    0.8654
    0.8651
    0.8669
    0.8692
    0.8694
    0.8677
    0.8666
    0.8674
    0.8684
    0.8679
    0.8678
    0.8666
    0.8673
    0.8686
    0.8692
    0.8678
    0.8686
    0.8679
    0.8682
    0.8679
    0.8684
    0.8675
    0.8677
    0.8675
    0.8664
    0.8651
    0.8650
    0.8651
    0.8660
    0.8663
    0.8660

 omegaT_50_2 
NNCP: iterations = 292   difference=0.000010  time=10.652327
our: difference=0.000982  auc=0.900376
i=1  dims=[20 60 60] 
our: difference=0.000999  auc=0.906101
i=2  dims=[20 70 70] 
our: difference=0.000938  auc=0.878845
i=3  dims=[20 80 80] 
our: difference=0.000961  auc=0.909988
i=4  dims=[20 90 90] 
our: difference=0.000995  auc=0.904701
i=5  dims=[20 100 100] 
our: difference=0.000947  auc=0.891967
i=6  dims=[20 110 110] 
our: difference=0.000957  auc=0.901442
i=7  dims=[20 120 120] 
our: difference=0.000961  auc=0.852256
i=8  dims=[20 130 130] 
our: difference=0.000994  auc=0.904709
i=9  dims=[20 140 140] 
our: difference=0.000955  auc=0.868206
i=10  dims=[20 150 150] 
our: difference=0.000991  auc=0.866402
i=11  dims=[20 160 160] 
our: difference=0.000961  auc=0.864529
i=12  dims=[20 170 170] 
our: difference=0.000974  auc=0.876637
i=13  dims=[20 180 180] 
our: difference=0.000986  auc=0.923348
i=14  dims=[20 190 190] 
our: difference=0.000982  auc=0.853565
i=15  dims=[20 200 200] 
our: difference=0.000999  auc=0.883994
i=16  dims=[20 210 210] 
our: difference=0.000970  auc=0.893222
i=17  dims=[20 220 220] 
our: difference=0.000993  auc=0.918585
i=18  dims=[20 230 230] 
our: difference=0.000978  auc=0.922391
i=19  dims=[20 240 240] 
our: difference=0.000991  auc=0.885665
i=20  dims=[20 250 250] 
our: difference=0.000979  auc=0.839089
i=21  dims=[20 260 260] 
our: difference=0.000983  auc=0.842340
i=22  dims=[20 270 270] 
our: difference=0.000994  auc=0.890665
i=23  dims=[20 280 280] 
our: difference=0.000979  auc=0.898660
i=24  dims=[20 290 290] 
our: difference=0.000989  auc=0.879229
i=25  dims=[20 300 300] 
our: difference=0.000970  auc=0.884513
i=26  dims=[20 310 310] 
our: difference=0.000979  auc=0.828223
i=27  dims=[20 320 320] 
our: difference=0.000966  auc=0.905370
i=28  dims=[20 330 330] 
our: difference=0.000990  auc=0.917092
i=29  dims=[20 340 340] 
our: difference=0.000981  auc=0.900244
i=30  dims=[20 350 350] 
our: difference=0.000975  auc=0.858978
i=31  dims=[20 360 360] 
our: difference=0.001000  auc=0.910418
i=32  dims=[20 370 370] 
our: difference=0.000993  auc=0.878634
i=33  dims=[20 380 380] 
our: difference=0.000966  auc=0.879017
i=34  dims=[20 390 390] 
our: difference=0.000975  auc=0.865652
i=35  dims=[20 400 400] 
our: difference=0.000972  auc=0.908974
i=36  dims=[20 410 410] 
our: difference=0.000981  auc=0.871259
i=37  dims=[20 420 420] 
our: difference=0.000976  auc=0.887680
i=38  dims=[20 430 430] 
our: difference=0.000981  auc=0.854565
i=39  dims=[20 440 440] 
our: difference=0.000997  auc=0.845727
i=40  dims=[20 450 450] 
our: difference=0.000999  auc=0.836839
i=41  dims=[20 460 460] 
our: difference=0.000990  auc=0.881702
i=42  dims=[20 470 470] 
our: difference=0.000972  auc=0.905024
i=43  dims=[20 480 480] 
our: difference=0.000978  auc=0.918599
i=44  dims=[20 490 490] 
our: difference=0.000976  auc=0.893711
i=45  dims=[20 500 500] 
our: difference=0.000993  auc=0.872097

ave_our =

    0.9061
    0.8925
    0.8983
    0.8999
    0.8983
    0.8988
    0.8922
    0.8938
    0.8909
    0.8885
    0.8863
    0.8855
    0.8884
    0.8859
    0.8858
    0.8862
    0.8881
    0.8900
    0.8898
    0.8873
    0.8851
    0.8854
    0.8860
    0.8857
    0.8856
    0.8834
    0.8842
    0.8854
    0.8859
    0.8850
    0.8859
    0.8856
    0.8854
    0.8848
    0.8855
    0.8851
    0.8852
    0.8844
    0.8834
    0.8822
    0.8822
    0.8828
    0.8836
    0.8838
    0.8836

 omegaT_50_3 
NNCP: iterations = 289   difference=0.000010  time=7.190465
our: difference=0.000951  auc=0.907804
i=1  dims=[20 60 60] 
our: difference=0.000942  auc=0.918099
i=2  dims=[20 70 70] 
our: difference=0.000969  auc=0.895795
i=3  dims=[20 80 80] 
our: difference=0.000953  auc=0.903275
i=4  dims=[20 90 90] 
our: difference=0.000939  auc=0.903204
i=5  dims=[20 100 100] 
our: difference=0.000964  auc=0.911134
i=6  dims=[20 110 110] 
our: difference=0.000988  auc=0.908021
i=7  dims=[20 120 120] 
our: difference=0.000997  auc=0.869822
i=8  dims=[20 130 130] 
our: difference=0.000945  auc=0.912907
i=9  dims=[20 140 140] 
our: difference=0.000970  auc=0.873684
i=10  dims=[20 150 150] 
our: difference=0.000959  auc=0.863227
i=11  dims=[20 160 160] 
our: difference=0.000956  auc=0.867332
i=12  dims=[20 170 170] 
our: difference=0.000957  auc=0.895584
i=13  dims=[20 180 180] 
our: difference=0.000974  auc=0.929789
i=14  dims=[20 190 190] 
our: difference=0.000980  auc=0.860142
i=15  dims=[20 200 200] 
our: difference=0.000957  auc=0.892525
i=16  dims=[20 210 210] 
our: difference=0.000980  auc=0.885862
i=17  dims=[20 220 220] 
our: difference=0.000970  auc=0.906096
i=18  dims=[20 230 230] 
our: difference=0.000979  auc=0.932181
i=19  dims=[20 240 240] 
our: difference=0.000993  auc=0.914002
i=20  dims=[20 250 250] 
our: difference=0.000989  auc=0.843833
i=21  dims=[20 260 260] 
our: difference=0.000964  auc=0.854967
i=22  dims=[20 270 270] 
our: difference=0.000986  auc=0.893729
i=23  dims=[20 280 280] 
our: difference=0.000986  auc=0.897653
i=24  dims=[20 290 290] 
our: difference=0.000967  auc=0.879787
i=25  dims=[20 300 300] 
our: difference=0.000972  auc=0.903222
i=26  dims=[20 310 310] 
our: difference=0.000966  auc=0.847385
i=27  dims=[20 320 320] 
our: difference=0.000987  auc=0.901715
i=28  dims=[20 330 330] 
our: difference=0.000985  auc=0.926606
i=29  dims=[20 340 340] 
our: difference=0.000972  auc=0.908541
i=30  dims=[20 350 350] 
our: difference=0.000999  auc=0.854370
i=31  dims=[20 360 360] 
our: difference=0.000981  auc=0.914680
i=32  dims=[20 370 370] 
our: difference=0.000995  auc=0.860408
i=33  dims=[20 380 380] 
our: difference=0.000980  auc=0.887537
i=34  dims=[20 390 390] 
our: difference=0.000971  auc=0.880883
i=35  dims=[20 400 400] 
our: difference=0.000984  auc=0.894817
i=36  dims=[20 410 410] 
our: difference=0.000966  auc=0.868720
i=37  dims=[20 420 420] 
our: difference=0.000968  auc=0.891794
i=38  dims=[20 430 430] 
our: difference=0.000994  auc=0.866309
i=39  dims=[20 440 440] 
our: difference=0.000997  auc=0.861408
i=40  dims=[20 450 450] 
our: difference=0.000991  auc=0.843826
i=41  dims=[20 460 460] 
our: difference=0.000990  auc=0.889244
i=42  dims=[20 470 470] 
our: difference=0.001000  auc=0.898465
i=43  dims=[20 480 480] 
our: difference=0.000984  auc=0.925075
i=44  dims=[20 490 490] 
our: difference=0.000987  auc=0.897306
i=45  dims=[20 500 500] 
our: difference=0.000988  auc=0.864035

ave_our =

    0.9181
    0.9069
    0.9057
    0.9051
    0.9063
    0.9066
    0.9013
    0.9028
    0.8995
    0.8959
    0.8933
    0.8935
    0.8963
    0.8937
    0.8936
    0.8932
    0.8939
    0.8960
    0.8970
    0.8943
    0.8925
    0.8925
    0.8927
    0.8922
    0.8926
    0.8909
    0.8913
    0.8926
    0.8931
    0.8918
    0.8926
    0.8915
    0.8914
    0.8911
    0.8912
    0.8906
    0.8906
    0.8900
    0.8893
    0.8881
    0.8881
    0.8884
    0.8892
    0.8894
    0.8889

 omegaT_50_4 
NNCP: iterations = 266   difference=0.000010  time=6.225973
our: difference=0.000986  auc=0.928521
i=1  dims=[20 60 60] 
our: difference=0.000996  auc=0.913121
i=2  dims=[20 70 70] 
our: difference=0.000976  auc=0.887342
i=3  dims=[20 80 80] 
our: difference=0.000942  auc=0.920219
i=4  dims=[20 90 90] 
our: difference=0.000966  auc=0.911813
i=5  dims=[20 100 100] 
our: difference=0.000992  auc=0.906478
i=6  dims=[20 110 110] 
our: difference=0.000961  auc=0.893835
i=7  dims=[20 120 120] 
our: difference=0.000957  auc=0.873508
i=8  dims=[20 130 130] 
our: difference=0.000995  auc=0.903702
i=9  dims=[20 140 140] 
our: difference=0.000959  auc=0.880913
i=10  dims=[20 150 150] 
our: difference=0.000978  auc=0.876476
i=11  dims=[20 160 160] 
our: difference=0.000963  auc=0.829854
i=12  dims=[20 170 170] 
our: difference=0.000999  auc=0.895789
i=13  dims=[20 180 180] 
our: difference=0.000989  auc=0.928922
i=14  dims=[20 190 190] 
our: difference=0.000991  auc=0.846393
i=15  dims=[20 200 200] 
our: difference=0.000999  auc=0.899263
i=16  dims=[20 210 210] 
our: difference=0.000972  auc=0.885292
i=17  dims=[20 220 220] 
our: difference=0.000981  auc=0.913891
i=18  dims=[20 230 230] 
our: difference=0.000962  auc=0.924795
i=19  dims=[20 240 240] 
our: difference=0.000976  auc=0.897479
i=20  dims=[20 250 250] 
our: difference=0.000971  auc=0.872557
i=21  dims=[20 260 260] 
our: difference=0.000994  auc=0.849398
i=22  dims=[20 270 270] 
our: difference=0.000972  auc=0.898949
i=23  dims=[20 280 280] 
our: difference=0.000978  auc=0.908044
i=24  dims=[20 290 290] 
our: difference=0.000978  auc=0.885213
i=25  dims=[20 300 300] 
our: difference=0.000986  auc=0.889293
i=26  dims=[20 310 310] 
our: difference=0.000975  auc=0.841672
i=27  dims=[20 320 320] 
our: difference=0.000966  auc=0.914349
i=28  dims=[20 330 330] 
our: difference=0.001000  auc=0.908617
i=29  dims=[20 340 340] 
our: difference=0.000989  auc=0.909276
i=30  dims=[20 350 350] 
our: difference=0.000968  auc=0.837693
i=31  dims=[20 360 360] 
our: difference=0.000987  auc=0.907478
i=32  dims=[20 370 370] 
our: difference=0.000992  auc=0.870867
i=33  dims=[20 380 380] 
our: difference=0.000991  auc=0.900614
i=34  dims=[20 390 390] 
our: difference=0.000976  auc=0.878485
i=35  dims=[20 400 400] 
our: difference=0.000993  auc=0.897547
i=36  dims=[20 410 410] 
our: difference=0.000989  auc=0.869866
i=37  dims=[20 420 420] 
our: difference=0.000971  auc=0.895680
i=38  dims=[20 430 430] 
our: difference=0.000981  auc=0.860676
i=39  dims=[20 440 440] 
our: difference=0.000993  auc=0.863056
i=40  dims=[20 450 450] 
our: difference=0.000997  auc=0.841447
i=41  dims=[20 460 460] 
our: difference=0.000985  auc=0.883427
i=42  dims=[20 470 470] 
our: difference=0.000995  auc=0.897973
i=43  dims=[20 480 480] 
our: difference=0.000972  auc=0.928588
i=44  dims=[20 490 490] 
our: difference=0.000989  auc=0.894162
i=45  dims=[20 500 500] 
our: difference=0.000990  auc=0.855948

ave_our =

    0.9131
    0.9002
    0.9069
    0.9081
    0.9078
    0.9055
    0.9009
    0.9013
    0.8990
    0.8967
    0.8907
    0.8911
    0.8940
    0.8906
    0.8912
    0.8908
    0.8922
    0.8940
    0.8942
    0.8931
    0.8910
    0.8914
    0.8921
    0.8918
    0.8917
    0.8898
    0.8907
    0.8913
    0.8919
    0.8901
    0.8907
    0.8901
    0.8904
    0.8900
    0.8903
    0.8897
    0.8899
    0.8891
    0.8884
    0.8872
    0.8872
    0.8874
    0.8884
    0.8885
    0.8878

 omegaT_50_5 
NNCP: iterations = 278   difference=0.000010  time=6.184465
our: difference=0.000997  auc=0.919978
i=1  dims=[20 60 60] 
our: difference=0.000928  auc=0.914566
i=2  dims=[20 70 70] 
our: difference=0.000979  auc=0.906543
i=3  dims=[20 80 80] 
our: difference=0.000944  auc=0.921031
i=4  dims=[20 90 90] 
our: difference=0.000973  auc=0.912484
i=5  dims=[20 100 100] 
our: difference=0.000970  auc=0.902319
i=6  dims=[20 110 110] 
our: difference=0.000973  auc=0.897334
i=7  dims=[20 120 120] 
our: difference=0.000985  auc=0.869965
i=8  dims=[20 130 130] 
our: difference=0.000978  auc=0.919638
i=9  dims=[20 140 140] 
our: difference=0.000975  auc=0.878523
i=10  dims=[20 150 150] 
our: difference=0.000958  auc=0.861976
i=11  dims=[20 160 160] 
our: difference=0.000972  auc=0.852304
i=12  dims=[20 170 170] 
our: difference=0.000966  auc=0.893499
i=13  dims=[20 180 180] 
our: difference=0.000960  auc=0.929753
i=14  dims=[20 190 190] 
our: difference=0.000960  auc=0.849940
i=15  dims=[20 200 200] 
our: difference=0.000991  auc=0.892503
i=16  dims=[20 210 210] 
our: difference=0.000969  auc=0.887916
i=17  dims=[20 220 220] 
our: difference=0.000988  auc=0.902847
i=18  dims=[20 230 230] 
our: difference=0.000986  auc=0.930054
i=19  dims=[20 240 240] 
our: difference=0.000997  auc=0.905218
i=20  dims=[20 250 250] 
our: difference=0.000986  auc=0.856574
i=21  dims=[20 260 260] 
our: difference=0.000988  auc=0.855159
i=22  dims=[20 270 270] 
our: difference=0.000988  auc=0.921022
i=23  dims=[20 280 280] 
our: difference=0.000989  auc=0.902046
i=24  dims=[20 290 290] 
our: difference=0.000990  auc=0.888416
i=25  dims=[20 300 300] 
our: difference=0.000976  auc=0.899490
i=26  dims=[20 310 310] 
our: difference=0.000997  auc=0.840728
i=27  dims=[20 320 320] 
our: difference=0.000979  auc=0.906338
i=28  dims=[20 330 330] 
our: difference=0.000981  auc=0.931743
i=29  dims=[20 340 340] 
our: difference=0.000995  auc=0.918281
i=30  dims=[20 350 350] 
our: difference=0.000990  auc=0.852831
i=31  dims=[20 360 360] 
our: difference=0.000985  auc=0.914911
i=32  dims=[20 370 370] 
our: difference=0.000975  auc=0.860515
i=33  dims=[20 380 380] 
our: difference=0.000990  auc=0.895137
i=34  dims=[20 390 390] 
our: difference=0.000998  auc=0.873108
i=35  dims=[20 400 400] 
our: difference=0.000987  auc=0.896418
i=36  dims=[20 410 410] 
our: difference=0.000981  auc=0.877500
i=37  dims=[20 420 420] 
our: difference=0.000972  auc=0.899241
i=38  dims=[20 430 430] 
our: difference=0.000988  auc=0.864057
i=39  dims=[20 440 440] 
our: difference=0.000982  auc=0.853241
i=40  dims=[20 450 450] 
our: difference=0.000979  auc=0.839767
i=41  dims=[20 460 460] 
our: difference=0.000981  auc=0.876869
i=42  dims=[20 470 470] 
our: difference=0.000973  auc=0.891482
i=43  dims=[20 480 480] 
our: difference=0.000997  auc=0.918862
i=44  dims=[20 490 490] 
our: difference=0.000976  auc=0.891381
i=45  dims=[20 500 500] 
our: difference=0.000991  auc=0.863594

ave_our =

    0.9146
    0.9106
    0.9140
    0.9137
    0.9114
    0.9090
    0.9035
    0.9055
    0.9025
    0.8984
    0.8942
    0.8942
    0.8969
    0.8936
    0.8935
    0.8931
    0.8937
    0.8957
    0.8962
    0.8942
    0.8924
    0.8937
    0.8941
    0.8938
    0.8940
    0.8920
    0.8925
    0.8939
    0.8948
    0.8934
    0.8941
    0.8930
    0.8931
    0.8925
    0.8926
    0.8922
    0.8924
    0.8916
    0.8906
    0.8894
    0.8891
    0.8891
    0.8898
    0.8899
    0.8893

init-tncp , R=5 , V=10.000000 , omegaT_50_1 
NNCP: iterations = 294   difference=0.000010  time=6.301597
our: difference=0.000998  auc=0.910344
i=1  dims=[20 60 60] 
our: difference=0.000932  auc=0.901163
i=2  dims=[20 70 70] 
our: difference=0.000958  auc=0.896165
i=3  dims=[20 80 80] 
our: difference=0.000944  auc=0.901452
i=4  dims=[20 90 90] 
our: difference=0.000997  auc=0.898370
i=5  dims=[20 100 100] 
our: difference=0.000997  auc=0.899667
i=6  dims=[20 110 110] 
our: difference=0.000980  auc=0.895268
i=7  dims=[20 120 120] 
our: difference=0.000990  auc=0.861849
i=8  dims=[20 130 130] 
our: difference=0.000956  auc=0.899816
i=9  dims=[20 140 140] 
our: difference=0.000975  auc=0.868547
i=10  dims=[20 150 150] 
our: difference=0.000951  auc=0.854895
i=11  dims=[20 160 160] 
our: difference=0.000972  auc=0.845921
i=12  dims=[20 170 170] 
our: difference=0.000997  auc=0.879501
i=13  dims=[20 180 180] 
our: difference=0.000986  auc=0.913456
i=14  dims=[20 190 190] 
our: difference=0.000960  auc=0.838841
i=15  dims=[20 200 200] 
our: difference=0.000966  auc=0.893107
i=16  dims=[20 210 210] 
our: difference=0.000974  auc=0.879858
i=17  dims=[20 220 220] 
our: difference=0.000996  auc=0.904268
i=18  dims=[20 230 230] 
our: difference=0.000974  auc=0.926914
i=19  dims=[20 240 240] 
our: difference=0.000992  auc=0.893790
i=20  dims=[20 250 250] 
our: difference=0.000967  auc=0.851558
i=21  dims=[20 260 260] 
our: difference=0.000989  auc=0.852299
i=22  dims=[20 270 270] 
our: difference=0.000979  auc=0.903546
i=23  dims=[20 280 280] 
our: difference=0.000986  auc=0.905456
i=24  dims=[20 290 290] 
our: difference=0.000994  auc=0.879003
i=25  dims=[20 300 300] 
our: difference=0.000978  auc=0.894125
i=26  dims=[20 310 310] 
our: difference=0.000983  auc=0.845514
i=27  dims=[20 320 320] 
our: difference=0.000973  auc=0.900768
i=28  dims=[20 330 330] 
our: difference=0.000997  auc=0.916926
i=29  dims=[20 340 340] 
our: difference=0.000975  auc=0.895526
i=30  dims=[20 350 350] 
our: difference=0.000963  auc=0.855196
i=31  dims=[20 360 360] 
our: difference=0.000998  auc=0.912396
i=32  dims=[20 370 370] 
our: difference=0.000998  auc=0.862270
i=33  dims=[20 380 380] 
our: difference=0.000971  auc=0.893945
i=34  dims=[20 390 390] 
our: difference=0.000983  auc=0.865289
i=35  dims=[20 400 400] 
our: difference=0.000978  auc=0.898712
i=36  dims=[20 410 410] 
our: difference=0.000982  auc=0.864031
i=37  dims=[20 420 420] 
our: difference=0.000997  auc=0.893109
i=38  dims=[20 430 430] 
our: difference=0.000966  auc=0.882274
i=39  dims=[20 440 440] 
our: difference=0.000997  auc=0.834480
i=40  dims=[20 450 450] 
our: difference=0.000997  auc=0.836845
i=41  dims=[20 460 460] 
our: difference=0.000990  auc=0.884243
i=42  dims=[20 470 470] 
our: difference=0.000973  auc=0.891045
i=43  dims=[20 480 480] 
our: difference=0.000990  auc=0.919729
i=44  dims=[20 490 490] 
our: difference=0.000996  auc=0.892492
i=45  dims=[20 500 500] 
our: difference=0.000969  auc=0.872435

ave_our =

    0.9012
    0.8987
    0.8996
    0.8993
    0.8994
    0.8987
    0.8934
    0.8942
    0.8914
    0.8877
    0.8839
    0.8836
    0.8859
    0.8825
    0.8832
    0.8830
    0.8842
    0.8866
    0.8870
    0.8852
    0.8837
    0.8846
    0.8855
    0.8852
    0.8856
    0.8840
    0.8846
    0.8858
    0.8861
    0.8851
    0.8860
    0.8852
    0.8855
    0.8849
    0.8853
    0.8847
    0.8849
    0.8849
    0.8836
    0.8824
    0.8824
    0.8827
    0.8835
    0.8837
    0.8835

 omegaT_50_2 
NNCP: iterations = 279   difference=0.000010  time=6.244282
our: difference=0.000977  auc=0.901564
i=1  dims=[20 60 60] 
our: difference=0.000945  auc=0.905890
i=2  dims=[20 70 70] 
our: difference=0.000973  auc=0.879298
i=3  dims=[20 80 80] 
our: difference=0.000961  auc=0.908469
i=4  dims=[20 90 90] 
our: difference=0.000950  auc=0.903057
i=5  dims=[20 100 100] 
our: difference=0.000979  auc=0.890305
i=6  dims=[20 110 110] 
our: difference=0.000999  auc=0.901269
i=7  dims=[20 120 120] 
our: difference=0.000973  auc=0.851911
i=8  dims=[20 130 130] 
our: difference=0.000947  auc=0.903850
i=9  dims=[20 140 140] 
our: difference=0.000974  auc=0.868790
i=10  dims=[20 150 150] 
our: difference=0.000968  auc=0.864000
i=11  dims=[20 160 160] 
our: difference=0.000984  auc=0.863862
i=12  dims=[20 170 170] 
our: difference=0.000991  auc=0.875380
i=13  dims=[20 180 180] 
our: difference=0.000997  auc=0.922671
i=14  dims=[20 190 190] 
our: difference=0.000959  auc=0.851236
i=15  dims=[20 200 200] 
our: difference=0.000971  auc=0.884419
i=16  dims=[20 210 210] 
our: difference=0.000961  auc=0.892314
i=17  dims=[20 220 220] 
our: difference=0.000987  auc=0.918921
i=18  dims=[20 230 230] 
our: difference=0.000975  auc=0.921327
i=19  dims=[20 240 240] 
our: difference=0.000978  auc=0.886320
i=20  dims=[20 250 250] 
our: difference=0.000993  auc=0.835571
i=21  dims=[20 260 260] 
our: difference=0.000965  auc=0.839582
i=22  dims=[20 270 270] 
our: difference=0.000975  auc=0.889151
i=23  dims=[20 280 280] 
our: difference=0.000982  auc=0.898582
i=24  dims=[20 290 290] 
our: difference=0.000979  auc=0.879117
i=25  dims=[20 300 300] 
our: difference=0.000999  auc=0.886719
i=26  dims=[20 310 310] 
our: difference=0.000990  auc=0.826068
i=27  dims=[20 320 320] 
our: difference=0.000991  auc=0.904609
i=28  dims=[20 330 330] 
our: difference=0.000990  auc=0.916425
i=29  dims=[20 340 340] 
our: difference=0.000967  auc=0.899740
i=30  dims=[20 350 350] 
our: difference=0.000970  auc=0.858731
i=31  dims=[20 360 360] 
our: difference=0.000967  auc=0.911013
i=32  dims=[20 370 370] 
our: difference=0.000990  auc=0.877994
i=33  dims=[20 380 380] 
our: difference=0.000990  auc=0.880068
i=34  dims=[20 390 390] 
our: difference=0.000999  auc=0.864201
i=35  dims=[20 400 400] 
our: difference=0.000972  auc=0.907104
i=36  dims=[20 410 410] 
our: difference=0.000974  auc=0.873451
i=37  dims=[20 420 420] 
our: difference=0.000969  auc=0.885677
i=38  dims=[20 430 430] 
our: difference=0.000971  auc=0.851849
i=39  dims=[20 440 440] 
our: difference=0.000988  auc=0.843926
i=40  dims=[20 450 450] 
our: difference=0.000973  auc=0.836050
i=41  dims=[20 460 460] 
our: difference=0.000977  auc=0.881919
i=42  dims=[20 470 470] 
our: difference=0.000973  auc=0.905848
i=43  dims=[20 480 480] 
our: difference=0.000982  auc=0.918646
i=44  dims=[20 490 490] 
our: difference=0.000973  auc=0.892712
i=45  dims=[20 500 500] 
our: difference=0.000982  auc=0.871627

ave_our =

    0.9059
    0.8926
    0.8979
    0.8992
    0.8974
    0.8980
    0.8915
    0.8930
    0.8903
    0.8877
    0.8855
    0.8847
    0.8876
    0.8850
    0.8850
    0.8854
    0.8874
    0.8893
    0.8891
    0.8864
    0.8842
    0.8844
    0.8851
    0.8848
    0.8849
    0.8826
    0.8834
    0.8846
    0.8851
    0.8843
    0.8851
    0.8849
    0.8847
    0.8841
    0.8848
    0.8845
    0.8845
    0.8837
    0.8826
    0.8815
    0.8815
    0.8821
    0.8829
    0.8831
    0.8829

 omegaT_50_3 
NNCP: iterations = 294   difference=0.000010  time=5.860603
our: difference=0.000043  auc=0.892237
i=1  dims=[20 60 60] 
our: difference=0.000983  auc=0.901078
i=2  dims=[20 70 70] 
our: difference=0.000963  auc=0.877453
i=3  dims=[20 80 80] 
our: difference=0.000975  auc=0.894995
i=4  dims=[20 90 90] 
our: difference=0.000940  auc=0.895169
i=5  dims=[20 100 100] 
our: difference=0.000985  auc=0.892838
i=6  dims=[20 110 110] 
our: difference=0.000953  auc=0.894455
i=7  dims=[20 120 120] 
our: difference=0.000988  auc=0.845395
i=8  dims=[20 130 130] 
our: difference=0.000980  auc=0.897608
i=9  dims=[20 140 140] 
our: difference=0.000993  auc=0.856662
i=10  dims=[20 150 150] 
our: difference=0.000982  auc=0.849787
i=11  dims=[20 160 160] 
our: difference=0.000994  auc=0.850843
i=12  dims=[20 170 170] 
our: difference=0.000977  auc=0.880731
i=13  dims=[20 180 180] 
our: difference=0.000962  auc=0.914747
i=14  dims=[20 190 190] 
our: difference=0.000957  auc=0.838331
i=15  dims=[20 200 200] 
our: difference=0.000983  auc=0.869806
i=16  dims=[20 210 210] 
our: difference=0.001000  auc=0.870639
i=17  dims=[20 220 220] 
our: difference=0.000971  auc=0.893673
i=18  dims=[20 230 230] 
our: difference=0.000965  auc=0.918473
i=19  dims=[20 240 240] 
our: difference=0.000992  auc=0.897015
i=20  dims=[20 250 250] 
our: difference=0.000966  auc=0.824098
i=21  dims=[20 260 260] 
our: difference=0.000999  auc=0.829711
i=22  dims=[20 270 270] 
our: difference=0.000966  auc=0.870807
i=23  dims=[20 280 280] 
our: difference=0.000993  auc=0.880591
i=24  dims=[20 290 290] 
our: difference=0.000976  auc=0.860433
i=25  dims=[20 300 300] 
our: difference=0.000992  auc=0.876914
i=26  dims=[20 310 310] 
our: difference=0.000993  auc=0.833456
i=27  dims=[20 320 320] 
our: difference=0.000993  auc=0.885889
i=28  dims=[20 330 330] 
our: difference=0.000988  auc=0.912218
i=29  dims=[20 340 340] 
our: difference=0.000999  auc=0.897825
i=30  dims=[20 350 350] 
our: difference=0.000981  auc=0.828050
i=31  dims=[20 360 360] 
our: difference=0.000977  auc=0.896926
i=32  dims=[20 370 370] 
our: difference=0.000979  auc=0.833016
i=33  dims=[20 380 380] 
our: difference=0.000984  auc=0.872741
i=34  dims=[20 390 390] 
our: difference=0.000973  auc=0.870622
i=35  dims=[20 400 400] 
our: difference=0.000984  auc=0.877723
i=36  dims=[20 410 410] 
our: difference=0.000994  auc=0.845244
i=37  dims=[20 420 420] 
our: difference=0.000973  auc=0.872048
i=38  dims=[20 430 430] 
our: difference=0.000991  auc=0.844601
i=39  dims=[20 440 440] 
our: difference=0.000979  auc=0.847956
i=40  dims=[20 450 450] 
our: difference=0.000992  auc=0.821943
i=41  dims=[20 460 460] 
