
                                        < M A T L A B (R) >
                              Copyright 1984-2016 The MathWorks, Inc.
                               R2016b (9.1.0.441655) 64-bit (glnxa64)
                                         September 7, 2016

 
To get started, type one of these: helpwin, helpdesk, or demo.
For product information, visit www.mathworks.com.
 
init-tncp , R=10 , V=3.000000 , omegaT_20_1 
NNCP: iterations = 251   difference=0.000010  time=2.600570
our: difference=0.000985  auc=0.938108
i=1  dims=[20 60 60] 
our: difference=0.000991  auc=0.939225
i=2  dims=[20 70 70] 
our: difference=0.000995  auc=0.927515
i=3  dims=[20 80 80] 
our: difference=0.000984  auc=0.925108
i=4  dims=[20 90 90] 
our: difference=0.000961  auc=0.948382
i=5  dims=[20 100 100] 
our: difference=0.000954  auc=0.927591
i=6  dims=[20 110 110] 
our: difference=0.000978  auc=0.955199
i=7  dims=[20 120 120] 
our: difference=0.000971  auc=0.909135
i=8  dims=[20 130 130] 
our: difference=0.000968  auc=0.933943
i=9  dims=[20 140 140] 
our: difference=0.000966  auc=0.908740
i=10  dims=[20 150 150] 
our: difference=0.000978  auc=0.908089
i=11  dims=[20 160 160] 
our: difference=0.000961  auc=0.877653
i=12  dims=[20 170 170] 
our: difference=0.000980  auc=0.922395
i=13  dims=[20 180 180] 
our: difference=0.000969  auc=0.951009
i=14  dims=[20 190 190] 
our: difference=0.000999  auc=0.909060
i=15  dims=[20 200 200] 
our: difference=0.000965  auc=0.930635
i=16  dims=[20 210 210] 
our: difference=0.000968  auc=0.904983
i=17  dims=[20 220 220] 
our: difference=0.000977  auc=0.926536
i=18  dims=[20 230 230] 
our: difference=0.000999  auc=0.943169
i=19  dims=[20 240 240] 
our: difference=0.000991  auc=0.916532
i=20  dims=[20 250 250] 
our: difference=0.000991  auc=0.888401
i=21  dims=[20 260 260] 
our: difference=0.000971  auc=0.877961
i=22  dims=[20 270 270] 
our: difference=0.000982  auc=0.904772
i=23  dims=[20 280 280] 
our: difference=0.000998  auc=0.920611
i=24  dims=[20 290 290] 
our: difference=0.000977  auc=0.933814
i=25  dims=[20 300 300] 
our: difference=0.000985  auc=0.950033
i=26  dims=[20 310 310] 
our: difference=0.000975  auc=0.886755
i=27  dims=[20 320 320] 
our: difference=0.000969  auc=0.930210
i=28  dims=[20 330 330] 
our: difference=0.000979  auc=0.959657
i=29  dims=[20 340 340] 
our: difference=0.000971  auc=0.920279
i=30  dims=[20 350 350] 
our: difference=0.000986  auc=0.871055
i=31  dims=[20 360 360] 
our: difference=0.000995  auc=0.934798
i=32  dims=[20 370 370] 
our: difference=0.000984  auc=0.905363
i=33  dims=[20 380 380] 
our: difference=0.000990  auc=0.920430
i=34  dims=[20 390 390] 
our: difference=0.000972  auc=0.907987
i=35  dims=[20 400 400] 
our: difference=0.000985  auc=0.917262
i=36  dims=[20 410 410] 
our: difference=0.000997  auc=0.903220
i=37  dims=[20 420 420] 
our: difference=0.000994  auc=0.938494
i=38  dims=[20 430 430] 
our: difference=0.000969  auc=0.895146
i=39  dims=[20 440 440] 
our: difference=0.000993  auc=0.902838
i=40  dims=[20 450 450] 
our: difference=0.000992  auc=0.879418
i=41  dims=[20 460 460] 
our: difference=0.000980  auc=0.919151
i=42  dims=[20 470 470] 
our: difference=0.000972  auc=0.925087
i=43  dims=[20 480 480] 
our: difference=0.000975  auc=0.947433
i=44  dims=[20 490 490] 
our: difference=0.000993  auc=0.936854
i=45  dims=[20 500 500] 
our: difference=0.000986  auc=0.881667

ave_our =

    0.9392
    0.9334
    0.9306
    0.9351
    0.9336
    0.9372
    0.9332
    0.9333
    0.9305
    0.9283
    0.9237
    0.9236
    0.9257
    0.9245
    0.9249
    0.9237
    0.9238
    0.9249
    0.9245
    0.9227
    0.9205
    0.9198
    0.9199
    0.9204
    0.9216
    0.9203
    0.9206
    0.9220
    0.9220
    0.9203
    0.9207
    0.9203
    0.9203
    0.9199
    0.9198
    0.9194
    0.9199
    0.9192
    0.9188
    0.9178
    0.9179
    0.9180
    0.9187
    0.9191
    0.9183

 omegaT_20_2 
NNCP: iterations = 287   difference=0.000010  time=2.543382
our: difference=0.000997  auc=0.930681
i=1  dims=[20 60 60] 
our: difference=0.000967  auc=0.920150
i=2  dims=[20 70 70] 
our: difference=0.000947  auc=0.916471
i=3  dims=[20 80 80] 
our: difference=0.000977  auc=0.909030
i=4  dims=[20 90 90] 
our: difference=0.000977  auc=0.941360
i=5  dims=[20 100 100] 
our: difference=0.000967  auc=0.937897
i=6  dims=[20 110 110] 
our: difference=0.000976  auc=0.935141
i=7  dims=[20 120 120] 
our: difference=0.000974  auc=0.877117
i=8  dims=[20 130 130] 
our: difference=0.000983  auc=0.934016
i=9  dims=[20 140 140] 
our: difference=0.000975  auc=0.910703
i=10  dims=[20 150 150] 
our: difference=0.000970  auc=0.903111
i=11  dims=[20 160 160] 
our: difference=0.000984  auc=0.875913
i=12  dims=[20 170 170] 
our: difference=0.000963  auc=0.905111
i=13  dims=[20 180 180] 
our: difference=0.000998  auc=0.950536
i=14  dims=[20 190 190] 
our: difference=0.000991  auc=0.879665
i=15  dims=[20 200 200] 
our: difference=0.000987  auc=0.920071
i=16  dims=[20 210 210] 
our: difference=0.000970  auc=0.910369
i=17  dims=[20 220 220] 
our: difference=0.000996  auc=0.929164
i=18  dims=[20 230 230] 
our: difference=0.000993  auc=0.954184
i=19  dims=[20 240 240] 
our: difference=0.000969  auc=0.926219
i=20  dims=[20 250 250] 
our: difference=0.000983  auc=0.867941
i=21  dims=[20 260 260] 
our: difference=0.000996  auc=0.871503
i=22  dims=[20 270 270] 
our: difference=0.000997  auc=0.915929
i=23  dims=[20 280 280] 
our: difference=0.000979  auc=0.936283
i=24  dims=[20 290 290] 
our: difference=0.000969  auc=0.914360
i=25  dims=[20 300 300] 
our: difference=0.000969  auc=0.915862
i=26  dims=[20 310 310] 
our: difference=0.000986  auc=0.891477
i=27  dims=[20 320 320] 
our: difference=0.000981  auc=0.905270
i=28  dims=[20 330 330] 
our: difference=0.000995  auc=0.940240
i=29  dims=[20 340 340] 
our: difference=0.000993  auc=0.944220
i=30  dims=[20 350 350] 
our: difference=0.000976  auc=0.869468
i=31  dims=[20 360 360] 
our: difference=0.000976  auc=0.940117
i=32  dims=[20 370 370] 
our: difference=0.001000  auc=0.876855
i=33  dims=[20 380 380] 
our: difference=0.000988  auc=0.909342
i=34  dims=[20 390 390] 
our: difference=0.000987  auc=0.893007
i=35  dims=[20 400 400] 
our: difference=0.000987  auc=0.905664
i=36  dims=[20 410 410] 
our: difference=0.000988  auc=0.887371
i=37  dims=[20 420 420] 
our: difference=0.000980  auc=0.921548
i=38  dims=[20 430 430] 
our: difference=0.000992  auc=0.891179
i=39  dims=[20 440 440] 
our: difference=0.000986  auc=0.878128
i=40  dims=[20 450 450] 
our: difference=0.000985  auc=0.904768
i=41  dims=[20 460 460] 
our: difference=0.000989  auc=0.914748
i=42  dims=[20 470 470] 
our: difference=0.000977  auc=0.922344
i=43  dims=[20 480 480] 
our: difference=0.000981  auc=0.934130
i=44  dims=[20 490 490] 
our: difference=0.000999  auc=0.921071
i=45  dims=[20 500 500] 
our: difference=0.000973  auc=0.903312

ave_our =

    0.9201
    0.9183
    0.9152
    0.9218
    0.9250
    0.9267
    0.9196
    0.9214
    0.9202
    0.9185
    0.9146
    0.9138
    0.9167
    0.9140
    0.9144
    0.9142
    0.9150
    0.9172
    0.9177
    0.9152
    0.9131
    0.9133
    0.9143
    0.9143
    0.9143
    0.9134
    0.9131
    0.9141
    0.9151
    0.9136
    0.9145
    0.9133
    0.9132
    0.9126
    0.9124
    0.9117
    0.9120
    0.9114
    0.9106
    0.9104
    0.9105
    0.9108
    0.9113
    0.9116
    0.9114

 omegaT_20_3 
NNCP: iterations = 283   difference=0.000010  time=3.107417
our: difference=0.000989  auc=0.945041
i=1  dims=[20 60 60] 
our: difference=0.000946  auc=0.929802
i=2  dims=[20 70 70] 
our: difference=0.000953  auc=0.918143
i=3  dims=[20 80 80] 
our: difference=0.000976  auc=0.931950
i=4  dims=[20 90 90] 
our: difference=0.000988  auc=0.929934
i=5  dims=[20 100 100] 
our: difference=0.000969  auc=0.940039
i=6  dims=[20 110 110] 
our: difference=0.000968  auc=0.943088
i=7  dims=[20 120 120] 
our: difference=0.000983  auc=0.921058
i=8  dims=[20 130 130] 
our: difference=0.000979  auc=0.934284
i=9  dims=[20 140 140] 
our: difference=0.000981  auc=0.894625
i=10  dims=[20 150 150] 
our: difference=0.000982  auc=0.883785
i=11  dims=[20 160 160] 
our: difference=0.000966  auc=0.878935
i=12  dims=[20 170 170] 
our: difference=0.000988  auc=0.929111
i=13  dims=[20 180 180] 
our: difference=0.000993  auc=0.929525
i=14  dims=[20 190 190] 
our: difference=0.000963  auc=0.911612
i=15  dims=[20 200 200] 
our: difference=0.000993  auc=0.919842
i=16  dims=[20 210 210] 
our: difference=0.000987  auc=0.884595
i=17  dims=[20 220 220] 
our: difference=0.000988  auc=0.918369
i=18  dims=[20 230 230] 
our: difference=0.000980  auc=0.950242
i=19  dims=[20 240 240] 
our: difference=0.000991  auc=0.929964
i=20  dims=[20 250 250] 
our: difference=0.000983  auc=0.905622
i=21  dims=[20 260 260] 
our: difference=0.000976  auc=0.896193
i=22  dims=[20 270 270] 
our: difference=0.000973  auc=0.926737
i=23  dims=[20 280 280] 
our: difference=0.000975  auc=0.927248
i=24  dims=[20 290 290] 
our: difference=0.000973  auc=0.917219
i=25  dims=[20 300 300] 
our: difference=0.000972  auc=0.924794
i=26  dims=[20 310 310] 
our: difference=0.000987  auc=0.887688
i=27  dims=[20 320 320] 
our: difference=0.000989  auc=0.946472
i=28  dims=[20 330 330] 
our: difference=0.000997  auc=0.943565
i=29  dims=[20 340 340] 
our: difference=0.000973  auc=0.931980
i=30  dims=[20 350 350] 
our: difference=0.000999  auc=0.907739
i=31  dims=[20 360 360] 
our: difference=0.000974  auc=0.943635
i=32  dims=[20 370 370] 
our: difference=0.000984  auc=0.910556
i=33  dims=[20 380 380] 
our: difference=0.000995  auc=0.918237
i=34  dims=[20 390 390] 
our: difference=0.000982  auc=0.911117
i=35  dims=[20 400 400] 
our: difference=0.000987  auc=0.928561
i=36  dims=[20 410 410] 
our: difference=0.000988  auc=0.892078
i=37  dims=[20 420 420] 
our: difference=0.000976  auc=0.932463
i=38  dims=[20 430 430] 
our: difference=0.000977  auc=0.906920
i=39  dims=[20 440 440] 
our: difference=0.000989  auc=0.899753
i=40  dims=[20 450 450] 
our: difference=0.000991  auc=0.882366
i=41  dims=[20 460 460] 
our: difference=0.000975  auc=0.896588
i=42  dims=[20 470 470] 
our: difference=0.000979  auc=0.911929
i=43  dims=[20 480 480] 
our: difference=0.000975  auc=0.934687
i=44  dims=[20 490 490] 
our: difference=0.000974  auc=0.931253
i=45  dims=[20 500 500] 
our: difference=0.000987  auc=0.909541

ave_our =

    0.9298
    0.9240
    0.9266
    0.9275
    0.9300
    0.9322
    0.9306
    0.9310
    0.9270
    0.9227
    0.9187
    0.9196
    0.9203
    0.9197
    0.9197
    0.9175
    0.9176
    0.9194
    0.9199
    0.9192
    0.9181
    0.9185
    0.9189
    0.9188
    0.9191
    0.9179
    0.9189
    0.9198
    0.9202
    0.9198
    0.9206
    0.9203
    0.9202
    0.9199
    0.9202
    0.9194
    0.9198
    0.9194
    0.9189
    0.9180
    0.9175
    0.9173
    0.9177
    0.9181
    0.9179

 omegaT_20_4 
NNCP: iterations = 314   difference=0.000010  time=2.833600
our: difference=0.000966  auc=0.927746
i=1  dims=[20 60 60] 
our: difference=0.000945  auc=0.926171
i=2  dims=[20 70 70] 
our: difference=0.000974  auc=0.906853
i=3  dims=[20 80 80] 
our: difference=0.000965  auc=0.934405
i=4  dims=[20 90 90] 
our: difference=0.000962  auc=0.916170
i=5  dims=[20 100 100] 
our: difference=0.000974  auc=0.921119
i=6  dims=[20 110 110] 
our: difference=0.000981  auc=0.933650
i=7  dims=[20 120 120] 
our: difference=0.000991  auc=0.896263
i=8  dims=[20 130 130] 
our: difference=0.000976  auc=0.922329
i=9  dims=[20 140 140] 
our: difference=0.000970  auc=0.890891
i=10  dims=[20 150 150] 
our: difference=0.000999  auc=0.892595
i=11  dims=[20 160 160] 
our: difference=0.000981  auc=0.893240
i=12  dims=[20 170 170] 
our: difference=0.000970  auc=0.913139
i=13  dims=[20 180 180] 
our: difference=0.001000  auc=0.941605
i=14  dims=[20 190 190] 
our: difference=0.000977  auc=0.909331
i=15  dims=[20 200 200] 
our: difference=0.000968  auc=0.938769
i=16  dims=[20 210 210] 
our: difference=0.000965  auc=0.900843
i=17  dims=[20 220 220] 
our: difference=0.000993  auc=0.923879
i=18  dims=[20 230 230] 
our: difference=0.000998  auc=0.964443
i=19  dims=[20 240 240] 
our: difference=0.000985  auc=0.932299
i=20  dims=[20 250 250] 
our: difference=0.000989  auc=0.881641
i=21  dims=[20 260 260] 
our: difference=0.000984  auc=0.912682
i=22  dims=[20 270 270] 
our: difference=0.000994  auc=0.928810
i=23  dims=[20 280 280] 
our: difference=0.000987  auc=0.927878
i=24  dims=[20 290 290] 
our: difference=0.000999  auc=0.917487
i=25  dims=[20 300 300] 
our: difference=0.000987  auc=0.926931
i=26  dims=[20 310 310] 
our: difference=0.000994  auc=0.887422
i=27  dims=[20 320 320] 
our: difference=0.000983  auc=0.934762
i=28  dims=[20 330 330] 
our: difference=0.000974  auc=0.938258
i=29  dims=[20 340 340] 
our: difference=0.000988  auc=0.905914
i=30  dims=[20 350 350] 
our: difference=0.000994  auc=0.867761
i=31  dims=[20 360 360] 
our: difference=0.000981  auc=0.937851
i=32  dims=[20 370 370] 
our: difference=0.000976  auc=0.894067
i=33  dims=[20 380 380] 
our: difference=0.000974  auc=0.922339
i=34  dims=[20 390 390] 
our: difference=0.000990  auc=0.895632
i=35  dims=[20 400 400] 
our: difference=0.000987  auc=0.902085
i=36  dims=[20 410 410] 
our: difference=0.000982  auc=0.900653
i=37  dims=[20 420 420] 
our: difference=0.000977  auc=0.925861
i=38  dims=[20 430 430] 
our: difference=0.000988  auc=0.900220
i=39  dims=[20 440 440] 
our: difference=0.000976  auc=0.877675
i=40  dims=[20 450 450] 
our: difference=0.000987  auc=0.869963
i=41  dims=[20 460 460] 
our: difference=0.000975  auc=0.932428
i=42  dims=[20 470 470] 
our: difference=0.000991  auc=0.895294
i=43  dims=[20 480 480] 
our: difference=0.000992  auc=0.954189
i=44  dims=[20 490 490] 
our: difference=0.000979  auc=0.921798
i=45  dims=[20 500 500] 
our: difference=0.000987  auc=0.904728

ave_our =

    0.9262
    0.9165
    0.9225
    0.9209
    0.9209
    0.9231
    0.9192
    0.9196
    0.9164
    0.9140
    0.9122
    0.9122
    0.9145
    0.9141
    0.9158
    0.9148
    0.9154
    0.9181
    0.9188
    0.9170
    0.9168
    0.9173
    0.9178
    0.9178
    0.9181
    0.9170
    0.9176
    0.9184
    0.9179
    0.9163
    0.9169
    0.9162
    0.9164
    0.9158
    0.9154
    0.9150
    0.9153
    0.9149
    0.9139
    0.9128
    0.9133
    0.9129
    0.9139
    0.9140
    0.9138

 omegaT_20_5 
NNCP: iterations = 275   difference=0.000010  time=2.915100
our: difference=0.000929  auc=0.935279
i=1  dims=[20 60 60] 
our: difference=0.000944  auc=0.915060
i=2  dims=[20 70 70] 
our: difference=0.000966  auc=0.890145
i=3  dims=[20 80 80] 
our: difference=0.000959  auc=0.927152
i=4  dims=[20 90 90] 
our: difference=0.000978  auc=0.943311
i=5  dims=[20 100 100] 
our: difference=0.000963  auc=0.922751
i=6  dims=[20 110 110] 
our: difference=0.000996  auc=0.921098
i=7  dims=[20 120 120] 
our: difference=0.000998  auc=0.894513
i=8  dims=[20 130 130] 
our: difference=0.000977  auc=0.927020
i=9  dims=[20 140 140] 
our: difference=0.000981  auc=0.914179
i=10  dims=[20 150 150] 
our: difference=0.000962  auc=0.919460
i=11  dims=[20 160 160] 
our: difference=0.000995  auc=0.897967
i=12  dims=[20 170 170] 
our: difference=0.000984  auc=0.920713
i=13  dims=[20 180 180] 
our: difference=0.000984  auc=0.949500
i=14  dims=[20 190 190] 
our: difference=0.000985  auc=0.866127
i=15  dims=[20 200 200] 
our: difference=0.000969  auc=0.922599
i=16  dims=[20 210 210] 
our: difference=0.000984  auc=0.906770
i=17  dims=[20 220 220] 
our: difference=0.000990  auc=0.910349
i=18  dims=[20 230 230] 
our: difference=0.000979  auc=0.946945
i=19  dims=[20 240 240] 
our: difference=0.000987  auc=0.931251
i=20  dims=[20 250 250] 
our: difference=0.000980  auc=0.885724
i=21  dims=[20 260 260] 
our: difference=0.000989  auc=0.878922
i=22  dims=[20 270 270] 
our: difference=0.000984  auc=0.904195
i=23  dims=[20 280 280] 
our: difference=0.000970  auc=0.946469
i=24  dims=[20 290 290] 
our: difference=0.000999  auc=0.924828
i=25  dims=[20 300 300] 
our: difference=0.000999  auc=0.918361
i=26  dims=[20 310 310] 
our: difference=0.000993  auc=0.862445
i=27  dims=[20 320 320] 
our: difference=0.000979  auc=0.935911
i=28  dims=[20 330 330] 
our: difference=0.000973  auc=0.933845
i=29  dims=[20 340 340] 
our: difference=0.000988  auc=0.916495
i=30  dims=[20 350 350] 
our: difference=0.000989  auc=0.886178
i=31  dims=[20 360 360] 
our: difference=0.000979  auc=0.927250
i=32  dims=[20 370 370] 
our: difference=0.000975  auc=0.887104
i=33  dims=[20 380 380] 
our: difference=0.000996  auc=0.913957
i=34  dims=[20 390 390] 
our: difference=0.000971  auc=0.892879
i=35  dims=[20 400 400] 
our: difference=0.000972  auc=0.899839
i=36  dims=[20 410 410] 
our: difference=0.000988  auc=0.902199
i=37  dims=[20 420 420] 
our: difference=0.000977  auc=0.920860
i=38  dims=[20 430 430] 
our: difference=0.000974  auc=0.902063
i=39  dims=[20 440 440] 
our: difference=0.000994  auc=0.891639
i=40  dims=[20 450 450] 
our: difference=0.000980  auc=0.896742
i=41  dims=[20 460 460] 
our: difference=0.000970  auc=0.916302
i=42  dims=[20 470 470] 
our: difference=0.000985  auc=0.905279
i=43  dims=[20 480 480] 
our: difference=0.000987  auc=0.943548
i=44  dims=[20 490 490] 
our: difference=0.000991  auc=0.932102
i=45  dims=[20 500 500] 
our: difference=0.000974  auc=0.890660

ave_our =

    0.9151
    0.9026
    0.9108
    0.9189
    0.9197
    0.9199
    0.9163
    0.9176
    0.9172
    0.9175
    0.9157
    0.9161
    0.9187
    0.9149
    0.9154
    0.9149
    0.9146
    0.9164
    0.9172
    0.9156
    0.9139
    0.9134
    0.9149
    0.9153
    0.9154
    0.9134
    0.9142
    0.9149
    0.9150
    0.9140
    0.9144
    0.9136
    0.9136
    0.9130
    0.9126
    0.9123
    0.9126
    0.9123
    0.9117
    0.9114
    0.9115
    0.9113
    0.9121
    0.9125
    0.9121

init-tncp , R=10 , V=5.000000 , omegaT_20_1 
NNCP: iterations = 257   difference=0.000010  time=2.431953
our: difference=0.000961  auc=0.934260
i=1  dims=[20 60 60] 
our: difference=0.000959  auc=0.928656
i=2  dims=[20 70 70] 
our: difference=0.000955  auc=0.924064
i=3  dims=[20 80 80] 
our: difference=0.000971  auc=0.927136
i=4  dims=[20 90 90] 
our: difference=0.000980  auc=0.943891
i=5  dims=[20 100 100] 
our: difference=0.000956  auc=0.921845
i=6  dims=[20 110 110] 
our: difference=0.000957  auc=0.949387
i=7  dims=[20 120 120] 
our: difference=0.000958  auc=0.909159
i=8  dims=[20 130 130] 
our: difference=0.000994  auc=0.938208
i=9  dims=[20 140 140] 
our: difference=0.000997  auc=0.907310
i=10  dims=[20 150 150] 
our: difference=0.000968  auc=0.904185
i=11  dims=[20 160 160] 
our: difference=0.000995  auc=0.870193
i=12  dims=[20 170 170] 
our: difference=0.000991  auc=0.919891
i=13  dims=[20 180 180] 
our: difference=0.000970  auc=0.948435
i=14  dims=[20 190 190] 
our: difference=0.000984  auc=0.905143
i=15  dims=[20 200 200] 
our: difference=0.000983  auc=0.917737
i=16  dims=[20 210 210] 
our: difference=0.000999  auc=0.901703
i=17  dims=[20 220 220] 
our: difference=0.000976  auc=0.919068
i=18  dims=[20 230 230] 
our: difference=0.000970  auc=0.950516
i=19  dims=[20 240 240] 
our: difference=0.000986  auc=0.911395
i=20  dims=[20 250 250] 
our: difference=0.000972  auc=0.884645
i=21  dims=[20 260 260] 
our: difference=0.000985  auc=0.877109
i=22  dims=[20 270 270] 
our: difference=0.000977  auc=0.899643
i=23  dims=[20 280 280] 
our: difference=0.000983  auc=0.922497
i=24  dims=[20 290 290] 
our: difference=0.001000  auc=0.924796
i=25  dims=[20 300 300] 
our: difference=0.000987  auc=0.940875
i=26  dims=[20 310 310] 
our: difference=0.000997  auc=0.875334
i=27  dims=[20 320 320] 
our: difference=0.000995  auc=0.929441
i=28  dims=[20 330 330] 
our: difference=0.000971  auc=0.956142
i=29  dims=[20 340 340] 
our: difference=0.000977  auc=0.917060
i=30  dims=[20 350 350] 
our: difference=0.000994  auc=0.862780
i=31  dims=[20 360 360] 
our: difference=0.000994  auc=0.930671
i=32  dims=[20 370 370] 
our: difference=0.000986  auc=0.898550
i=33  dims=[20 380 380] 
our: difference=0.000989  auc=0.917418
i=34  dims=[20 390 390] 
our: difference=0.000978  auc=0.900702
i=35  dims=[20 400 400] 
our: difference=0.000971  auc=0.918671
i=36  dims=[20 410 410] 
our: difference=0.000999  auc=0.896321
i=37  dims=[20 420 420] 
our: difference=0.000998  auc=0.931463
i=38  dims=[20 430 430] 
our: difference=0.000975  auc=0.881208
i=39  dims=[20 440 440] 
our: difference=0.000985  auc=0.896678
i=40  dims=[20 450 450] 
our: difference=0.000974  auc=0.869113
i=41  dims=[20 460 460] 
our: difference=0.000990  auc=0.922855
i=42  dims=[20 470 470] 
our: difference=0.000970  auc=0.917516
i=43  dims=[20 480 480] 
our: difference=0.000997  auc=0.946554
i=44  dims=[20 490 490] 
our: difference=0.000971  auc=0.938084
i=45  dims=[20 500 500] 
our: difference=0.000989  auc=0.884315

ave_our =

    0.9287
    0.9264
    0.9266
    0.9309
    0.9291
    0.9325
    0.9292
    0.9303
    0.9277
    0.9254
    0.9204
    0.9203
    0.9225
    0.9213
    0.9210
    0.9198
    0.9198
    0.9215
    0.9209
    0.9191
    0.9171
    0.9163
    0.9166
    0.9169
    0.9179
    0.9163
    0.9168
    0.9182
    0.9181
    0.9163
    0.9167
    0.9162
    0.9162
    0.9158
    0.9158
    0.9153
    0.9157
    0.9148
    0.9144
    0.9132
    0.9135
    0.9136
    0.9143
    0.9149
    0.9142

 omegaT_20_2 
NNCP: iterations = 256   difference=0.000010  time=2.289676
our: difference=0.000996  auc=0.931496
i=1  dims=[20 60 60] 
our: difference=0.000967  auc=0.923865
i=2  dims=[20 70 70] 
our: difference=0.000988  auc=0.916025
i=3  dims=[20 80 80] 
our: difference=0.000961  auc=0.905033
i=4  dims=[20 90 90] 
our: difference=0.000964  auc=0.939454
i=5  dims=[20 100 100] 
our: difference=0.000994  auc=0.942303
i=6  dims=[20 110 110] 
our: difference=0.000987  auc=0.933087
i=7  dims=[20 120 120] 
our: difference=0.000964  auc=0.879586
i=8  dims=[20 130 130] 
our: difference=0.000973  auc=0.934643
i=9  dims=[20 140 140] 
our: difference=0.000976  auc=0.912112
i=10  dims=[20 150 150] 
our: difference=0.000974  auc=0.905927
i=11  dims=[20 160 160] 
our: difference=0.000968  auc=0.879113
i=12  dims=[20 170 170] 
our: difference=0.000990  auc=0.905180
i=13  dims=[20 180 180] 
our: difference=0.000990  auc=0.951016
i=14  dims=[20 190 190] 
our: difference=0.000980  auc=0.881281
i=15  dims=[20 200 200] 
our: difference=0.000981  auc=0.923080
i=16  dims=[20 210 210] 
our: difference=0.000997  auc=0.916277
i=17  dims=[20 220 220] 
our: difference=0.000974  auc=0.930220
i=18  dims=[20 230 230] 
our: difference=0.000997  auc=0.952215
i=19  dims=[20 240 240] 
our: difference=0.000994  auc=0.926019
i=20  dims=[20 250 250] 
our: difference=0.000998  auc=0.875332
i=21  dims=[20 260 260] 
our: difference=0.000995  auc=0.870004
i=22  dims=[20 270 270] 
our: difference=0.000998  auc=0.918086
i=23  dims=[20 280 280] 
our: difference=0.000968  auc=0.933889
i=24  dims=[20 290 290] 
our: difference=0.000992  auc=0.916670
i=25  dims=[20 300 300] 
our: difference=0.000973  auc=0.922764
i=26  dims=[20 310 310] 
our: difference=0.000982  auc=0.898457
i=27  dims=[20 320 320] 
our: difference=0.000983  auc=0.902740
i=28  dims=[20 330 330] 
our: difference=0.000995  auc=0.940173
i=29  dims=[20 340 340] 
our: difference=0.000974  auc=0.945099
i=30  dims=[20 350 350] 
our: difference=0.000973  auc=0.872251
i=31  dims=[20 360 360] 
our: difference=0.000989  auc=0.943005
i=32  dims=[20 370 370] 
our: difference=0.000979  auc=0.881469
i=33  dims=[20 380 380] 
our: difference=0.000999  auc=0.911334
i=34  dims=[20 390 390] 
our: difference=0.000979  auc=0.896722
i=35  dims=[20 400 400] 
our: difference=0.000971  auc=0.906160
i=36  dims=[20 410 410] 
our: difference=0.000979  auc=0.888176
i=37  dims=[20 420 420] 
our: difference=0.000989  auc=0.927385
i=38  dims=[20 430 430] 
our: difference=0.000974  auc=0.897075
i=39  dims=[20 440 440] 
our: difference=0.000991  auc=0.880157
i=40  dims=[20 450 450] 
our: difference=0.000982  auc=0.905388
i=41  dims=[20 460 460] 
our: difference=0.000980  auc=0.916786
i=42  dims=[20 470 470] 
our: difference=0.000984  auc=0.923679
i=43  dims=[20 480 480] 
our: difference=0.000987  auc=0.936707
i=44  dims=[20 490 490] 
our: difference=0.000987  auc=0.926192
i=45  dims=[20 500 500] 
our: difference=0.000991  auc=0.904668

ave_our =

    0.9239
    0.9199
    0.9150
    0.9211
    0.9253
    0.9266
    0.9199
    0.9217
    0.9207
    0.9192
    0.9156
    0.9147
    0.9175
    0.9149
    0.9154
    0.9155
    0.9164
    0.9184
    0.9188
    0.9166
    0.9144
    0.9145
    0.9154
    0.9154
    0.9157
    0.9151
    0.9146
    0.9155
    0.9165
    0.9151
    0.9160
    0.9149
    0.9148
    0.9142
    0.9140
    0.9133
    0.9137
    0.9132
    0.9124
    0.9122
    0.9123
    0.9126
    0.9132
    0.9135
    0.9133

 omegaT_20_3 
NNCP: iterations = 248   difference=0.000010  time=2.635921
our: difference=0.000978  auc=0.946181
i=1  dims=[20 60 60] 
our: difference=0.000985  auc=0.933167
i=2  dims=[20 70 70] 
our: difference=0.000944  auc=0.922613
i=3  dims=[20 80 80] 
our: difference=0.000997  auc=0.930062
i=4  dims=[20 90 90] 
our: difference=0.000975  auc=0.926435
i=5  dims=[20 100 100] 
our: difference=0.000954  auc=0.939310
i=6  dims=[20 110 110] 
our: difference=0.000973  auc=0.946125
i=7  dims=[20 120 120] 
our: difference=0.000959  auc=0.919492
i=8  dims=[20 130 130] 
our: difference=0.000988  auc=0.933853
i=9  dims=[20 140 140] 
our: difference=0.000995  auc=0.898360
i=10  dims=[20 150 150] 
our: difference=0.000972  auc=0.886562
i=11  dims=[20 160 160] 
our: difference=0.000983  auc=0.875939
i=12  dims=[20 170 170] 
our: difference=0.000976  auc=0.927706
i=13  dims=[20 180 180] 
our: difference=0.000995  auc=0.927182
i=14  dims=[20 190 190] 
our: difference=0.000974  auc=0.912670
i=15  dims=[20 200 200] 
our: difference=0.000974  auc=0.924096
i=16  dims=[20 210 210] 
our: difference=0.000984  auc=0.882084
i=17  dims=[20 220 220] 
our: difference=0.000979  auc=0.919804
i=18  dims=[20 230 230] 
our: difference=0.000984  auc=0.946659
i=19  dims=[20 240 240] 
our: difference=0.000992  auc=0.929839
i=20  dims=[20 250 250] 
our: difference=0.000967  auc=0.910090
i=21  dims=[20 260 260] 
our: difference=0.000970  auc=0.896843
i=22  dims=[20 270 270] 
our: difference=0.000978  auc=0.926273
i=23  dims=[20 280 280] 
our: difference=0.000999  auc=0.929804
i=24  dims=[20 290 290] 
our: difference=0.000976  auc=0.917589
i=25  dims=[20 300 300] 
our: difference=0.000985  auc=0.925713
i=26  dims=[20 310 310] 
our: difference=0.000979  auc=0.889030
i=27  dims=[20 320 320] 
our: difference=0.000968  auc=0.946760
i=28  dims=[20 330 330] 
our: difference=0.000985  auc=0.947199
i=29  dims=[20 340 340] 
our: difference=0.000979  auc=0.934257
i=30  dims=[20 350 350] 
our: difference=0.000974  auc=0.910355
i=31  dims=[20 360 360] 
our: difference=0.000991  auc=0.944811
i=32  dims=[20 370 370] 
our: difference=0.000998  auc=0.918100
i=33  dims=[20 380 380] 
our: difference=0.000977  auc=0.919769
i=34  dims=[20 390 390] 
our: difference=0.000976  auc=0.912579
i=35  dims=[20 400 400] 
our: difference=0.000982  auc=0.926842
i=36  dims=[20 410 410] 
our: difference=0.000988  auc=0.888884
i=37  dims=[20 420 420] 
our: difference=0.000976  auc=0.938476
i=38  dims=[20 430 430] 
our: difference=0.000979  auc=0.909685
i=39  dims=[20 440 440] 
our: difference=0.000994  auc=0.905612
i=40  dims=[20 450 450] 
our: difference=0.000975  auc=0.884565
i=41  dims=[20 460 460] 
our: difference=0.000971  auc=0.893644
i=42  dims=[20 470 470] 
our: difference=0.000976  auc=0.906539
i=43  dims=[20 480 480] 
our: difference=0.000982  auc=0.936833
i=44  dims=[20 490 490] 
our: difference=0.000994  auc=0.935044
i=45  dims=[20 500 500] 
our: difference=0.000976  auc=0.903805

ave_our =

    0.9332
    0.9279
    0.9286
    0.9281
    0.9303
    0.9330
    0.9310
    0.9314
    0.9277
    0.9236
    0.9193
    0.9200
    0.9205
    0.9200
    0.9202
    0.9179
    0.9180
    0.9196
    0.9201
    0.9196
    0.9185
    0.9189
    0.9193
    0.9193
    0.9195
    0.9184
    0.9194
    0.9204
    0.9209
    0.9205
    0.9213
    0.9212
    0.9212
    0.9209
    0.9211
    0.9202
    0.9207
    0.9204
    0.9200
    0.9191
    0.9185
    0.9182
    0.9187
    0.9190
    0.9187

 omegaT_20_4 
NNCP: iterations = 313   difference=0.000010  time=2.795817
our: difference=0.000965  auc=0.937206
i=1  dims=[20 60 60] 
our: difference=0.000995  auc=0.932435
i=2  dims=[20 70 70] 
our: difference=0.000945  auc=0.903198
i=3  dims=[20 80 80] 
our: difference=0.000974  auc=0.935114
i=4  dims=[20 90 90] 
our: difference=0.000962  auc=0.916627
i=5  dims=[20 100 100] 
our: difference=0.000993  auc=0.922829
i=6  dims=[20 110 110] 
our: difference=0.000976  auc=0.935433
i=7  dims=[20 120 120] 
our: difference=0.000962  auc=0.900656
i=8  dims=[20 130 130] 
our: difference=0.000973  auc=0.917224
i=9  dims=[20 140 140] 
our: difference=0.000961  auc=0.898582
i=10  dims=[20 150 150] 
our: difference=0.000962  auc=0.901368
i=11  dims=[20 160 160] 
our: difference=0.000969  auc=0.894436
i=12  dims=[20 170 170] 
our: difference=0.000977  auc=0.924968
i=13  dims=[20 180 180] 
our: difference=0.000970  auc=0.945085
i=14  dims=[20 190 190] 
our: difference=0.000966  auc=0.921507
i=15  dims=[20 200 200] 
our: difference=0.000993  auc=0.941142
i=16  dims=[20 210 210] 
our: difference=0.000969  auc=0.901769
i=17  dims=[20 220 220] 
our: difference=0.000981  auc=0.927348
i=18  dims=[20 230 230] 
our: difference=0.000984  auc=0.961066
i=19  dims=[20 240 240] 
our: difference=0.000982  auc=0.932622
i=20  dims=[20 250 250] 
our: difference=0.000982  auc=0.880271
i=21  dims=[20 260 260] 
our: difference=0.000968  auc=0.905127
i=22  dims=[20 270 270] 
our: difference=0.000974  auc=0.932592
i=23  dims=[20 280 280] 
our: difference=0.000998  auc=0.942950
i=24  dims=[20 290 290] 
our: difference=0.000979  auc=0.921236
i=25  dims=[20 300 300] 
our: difference=0.000978  auc=0.921086
i=26  dims=[20 310 310] 
our: difference=0.000972  auc=0.890155
i=27  dims=[20 320 320] 
our: difference=0.000991  auc=0.935344
i=28  dims=[20 330 330] 
our: difference=0.000970  auc=0.937692
i=29  dims=[20 340 340] 
our: difference=0.000993  auc=0.926345
i=30  dims=[20 350 350] 
our: difference=0.000996  auc=0.868492
i=31  dims=[20 360 360] 
our: difference=0.000989  auc=0.938712
i=32  dims=[20 370 370] 
our: difference=0.000997  auc=0.893639
i=33  dims=[20 380 380] 
our: difference=0.000973  auc=0.934364
i=34  dims=[20 390 390] 
our: difference=0.000999  auc=0.904990
i=35  dims=[20 400 400] 
our: difference=0.000991  auc=0.922504
i=36  dims=[20 410 410] 
our: difference=0.000983  auc=0.906747
i=37  dims=[20 420 420] 
our: difference=0.000972  auc=0.925718
i=38  dims=[20 430 430] 
our: difference=0.000969  auc=0.911568
i=39  dims=[20 440 440] 
our: difference=0.000997  auc=0.888825
i=40  dims=[20 450 450] 
our: difference=0.000972  auc=0.873971
i=41  dims=[20 460 460] 
our: difference=0.000981  auc=0.933620
i=42  dims=[20 470 470] 
our: difference=0.000987  auc=0.909940
i=43  dims=[20 480 480] 
our: difference=0.000993  auc=0.960350
i=44  dims=[20 490 490] 
our: difference=0.000980  auc=0.930772
i=45  dims=[20 500 500] 
our: difference=0.001000  auc=0.900118

ave_our =

    0.9324
    0.9178
    0.9236
    0.9218
    0.9220
    0.9243
    0.9209
    0.9204
    0.9180
    0.9163
    0.9144
    0.9152
    0.9175
    0.9178
    0.9194
    0.9183
    0.9188
    0.9212
    0.9218
    0.9197
    0.9190
    0.9196
    0.9206
    0.9206
    0.9207
    0.9195
    0.9201
    0.9207
    0.9209
    0.9192
    0.9198
    0.9190
    0.9194
    0.9190
    0.9191
    0.9188
    0.9190
    0.9188
    0.9180
    0.9169
    0.9173
    0.9171
    0.9181
    0.9184
    0.9180

 omegaT_20_5 
NNCP: iterations = 274   difference=0.000010  time=2.664816
our: difference=0.000995  auc=0.932553
i=1  dims=[20 60 60] 
our: difference=0.000971  auc=0.917208
i=2  dims=[20 70 70] 
our: difference=0.000949  auc=0.899668
i=3  dims=[20 80 80] 
our: difference=0.000953  auc=0.938689
i=4  dims=[20 90 90] 
our: difference=0.000971  auc=0.945474
i=5  dims=[20 100 100] 
our: difference=0.000983  auc=0.924029
i=6  dims=[20 110 110] 
our: difference=0.000972  auc=0.913606
i=7  dims=[20 120 120] 
our: difference=0.000988  auc=0.892438
i=8  dims=[20 130 130] 
our: difference=0.000991  auc=0.930422
i=9  dims=[20 140 140] 
our: difference=0.000959  auc=0.911309
i=10  dims=[20 150 150] 
our: difference=0.000994  auc=0.911404
i=11  dims=[20 160 160] 
our: difference=0.000998  auc=0.897811
i=12  dims=[20 170 170] 
our: difference=0.000970  auc=0.917541
i=13  dims=[20 180 180] 
our: difference=0.000971  auc=0.953230
i=14  dims=[20 190 190] 
our: difference=0.000978  auc=0.862614
i=15  dims=[20 200 200] 
our: difference=0.000967  auc=0.916629
i=16  dims=[20 210 210] 
our: difference=0.000986  auc=0.904308
i=17  dims=[20 220 220] 
our: difference=0.000998  auc=0.912479
i=18  dims=[20 230 230] 
our: difference=0.000973  auc=0.945237
i=19  dims=[20 240 240] 
our: difference=0.000992  auc=0.936751
i=20  dims=[20 250 250] 
our: difference=0.000986  auc=0.888045
i=21  dims=[20 260 260] 
our: difference=0.000965  auc=0.870729
i=22  dims=[20 270 270] 
our: difference=0.000972  auc=0.899215
i=23  dims=[20 280 280] 
our: difference=0.000984  auc=0.942697
i=24  dims=[20 290 290] 
our: difference=0.000981  auc=0.925255
i=25  dims=[20 300 300] 
our: difference=0.000992  auc=0.921305
i=26  dims=[20 310 310] 
our: difference=0.000990  auc=0.861792
i=27  dims=[20 320 320] 
our: difference=0.000999  auc=0.932377
i=28  dims=[20 330 330] 
our: difference=0.000991  auc=0.929939
i=29  dims=[20 340 340] 
our: difference=0.000986  auc=0.909534
i=30  dims=[20 350 350] 
our: difference=0.000996  auc=0.874265
i=31  dims=[20 360 360] 
our: difference=0.000981  auc=0.922220
i=32  dims=[20 370 370] 
our: difference=0.000994  auc=0.886073
i=33  dims=[20 380 380] 
our: difference=0.000993  auc=0.911148
i=34  dims=[20 390 390] 
our: difference=0.000991  auc=0.885796
i=35  dims=[20 400 400] 
our: difference=0.000974  auc=0.892357
i=36  dims=[20 410 410] 
our: difference=0.000982  auc=0.897045
i=37  dims=[20 420 420] 
our: difference=0.000973  auc=0.916554
i=38  dims=[20 430 430] 
our: difference=0.000992  auc=0.891956
i=39  dims=[20 440 440] 
our: difference=0.000992  auc=0.881248
i=40  dims=[20 450 450] 
our: difference=0.000987  auc=0.892577
i=41  dims=[20 460 460] 
our: difference=0.000971  auc=0.912529
i=42  dims=[20 470 470] 
our: difference=0.000992  auc=0.904485
i=43  dims=[20 480 480] 
our: difference=0.000987  auc=0.939785
i=44  dims=[20 490 490] 
our: difference=0.000990  auc=0.926251
i=45  dims=[20 500 500] 
our: difference=0.000978  auc=0.885005

ave_our =

    0.9172
    0.9084
    0.9185
    0.9253
    0.9250
    0.9231
    0.9187
    0.9202
    0.9192
    0.9184
    0.9166
    0.9166
    0.9194
    0.9154
    0.9155
    0.9148
    0.9146
    0.9163
    0.9174
    0.9159
    0.9138
    0.9131
    0.9144
    0.9149
    0.9151
    0.9131
    0.9138
    0.9144
    0.9142
    0.9129
    0.9132
    0.9123
    0.9123
    0.9115
    0.9110
    0.9106
    0.9107
    0.9102
    0.9095
    0.9091
    0.9092
    0.9090
    0.9098
    0.9101
    0.9096

init-tncp , R=10 , V=10.000000 , omegaT_20_1 
NNCP: iterations = 340   difference=0.000010  time=3.496647
our: difference=0.000989  auc=0.935002
i=1  dims=[20 60 60] 
our: difference=0.000990  auc=0.933370
i=2  dims=[20 70 70] 
our: difference=0.000969  auc=0.923297
i=3  dims=[20 80 80] 
our: difference=0.000997  auc=0.927701
i=4  dims=[20 90 90] 
our: difference=0.000950  auc=0.937801
i=5  dims=[20 100 100] 
our: difference=0.000992  auc=0.916635
i=6  dims=[20 110 110] 
our: difference=0.000959  auc=0.951658
i=7  dims=[20 120 120] 
our: difference=0.000951  auc=0.909218
i=8  dims=[20 130 130] 
our: difference=0.000997  auc=0.933458
i=9  dims=[20 140 140] 
our: difference=0.000987  auc=0.899260
i=10  dims=[20 150 150] 
our: difference=0.000991  auc=0.901460
i=11  dims=[20 160 160] 
our: difference=0.000988  auc=0.871230
i=12  dims=[20 170 170] 
our: difference=0.000967  auc=0.914538
i=13  dims=[20 180 180] 
our: difference=0.000989  auc=0.948562
i=14  dims=[20 190 190] 
our: difference=0.000974  auc=0.902270
i=15  dims=[20 200 200] 
our: difference=0.000971  auc=0.912823
i=16  dims=[20 210 210] 
our: difference=0.000984  auc=0.902255
i=17  dims=[20 220 220] 
our: difference=0.000975  auc=0.911353
i=18  dims=[20 230 230] 
our: difference=0.000994  auc=0.935761
i=19  dims=[20 240 240] 
our: difference=0.000999  auc=0.898351
i=20  dims=[20 250 250] 
our: difference=0.000978  auc=0.892528
i=21  dims=[20 260 260] 
our: difference=0.000968  auc=0.875100
i=22  dims=[20 270 270] 
our: difference=0.000968  auc=0.897749
i=23  dims=[20 280 280] 
our: difference=0.000997  auc=0.916842
i=24  dims=[20 290 290] 
our: difference=0.000981  auc=0.927857
i=25  dims=[20 300 300] 
our: difference=0.000978  auc=0.941507
i=26  dims=[20 310 310] 
our: difference=0.000974  auc=0.874996
i=27  dims=[20 320 320] 
our: difference=0.000996  auc=0.920622
i=28  dims=[20 330 330] 
our: difference=0.000977  auc=0.947059
i=29  dims=[20 340 340] 
our: difference=0.000994  auc=0.915898
i=30  dims=[20 350 350] 
our: difference=0.000975  auc=0.853189
i=31  dims=[20 360 360] 
our: difference=0.000976  auc=0.926670
i=32  dims=[20 370 370] 
our: difference=0.000983  auc=0.894522
i=33  dims=[20 380 380] 
our: difference=0.000975  auc=0.908777
i=34  dims=[20 390 390] 
our: difference=0.000974  auc=0.901358
i=35  dims=[20 400 400] 
our: difference=0.000978  auc=0.916489
i=36  dims=[20 410 410] 
our: difference=0.000993  auc=0.889839
i=37  dims=[20 420 420] 
our: difference=0.000993  auc=0.927858
i=38  dims=[20 430 430] 
our: difference=0.000991  auc=0.886031
i=39  dims=[20 440 440] 
our: difference=0.000983  auc=0.887427
i=40  dims=[20 450 450] 
our: difference=0.000994  auc=0.856806
i=41  dims=[20 460 460] 
our: difference=0.000985  auc=0.914009
i=42  dims=[20 470 470] 
our: difference=0.000992  auc=0.916730
i=43  dims=[20 480 480] 
our: difference=0.000982  auc=0.940759
i=44  dims=[20 490 490] 
our: difference=0.000993  auc=0.935389
i=45  dims=[20 500 500] 
our: difference=0.000997  auc=0.866943

ave_our =

    0.9334
    0.9283
    0.9281
    0.9305
    0.9278
    0.9317
    0.9285
    0.9291
    0.9258
    0.9234
    0.9186
    0.9183
    0.9206
    0.9193
    0.9189
    0.9178
    0.9175
    0.9185
    0.9174
    0.9162
    0.9142
    0.9135
    0.9136
    0.9142
    0.9153
    0.9138
    0.9140
    0.9152
    0.9152
    0.9131
    0.9136
    0.9130
    0.9129
    0.9125
    0.9126
    0.9120
    0.9124
    0.9117
    0.9111
    0.9098
    0.9099
    0.9100
    0.9107
    0.9113
    0.9103

 omegaT_20_2 
NNCP: iterations = 273   difference=0.000010  time=2.380512
our: difference=0.000844  auc=0.933807
i=1  dims=[20 60 60] 
our: difference=0.000969  auc=0.918649
i=2  dims=[20 70 70] 
our: difference=0.000955  auc=0.916045
i=3  dims=[20 80 80] 
our: difference=0.000978  auc=0.906076
i=4  dims=[20 90 90] 
our: difference=0.000955  auc=0.932101
i=5  dims=[20 100 100] 
our: difference=0.000988  auc=0.935024
i=6  dims=[20 110 110] 
our: difference=0.000983  auc=0.919001
i=7  dims=[20 120 120] 
our: difference=0.000956  auc=0.867482
i=8  dims=[20 130 130] 
our: difference=0.000997  auc=0.929681
i=9  dims=[20 140 140] 
our: difference=0.000994  auc=0.896267
i=10  dims=[20 150 150] 
our: difference=0.000956  auc=0.890403
i=11  dims=[20 160 160] 
our: difference=0.000995  auc=0.863907
i=12  dims=[20 170 170] 
our: difference=0.000996  auc=0.893556
i=13  dims=[20 180 180] 
our: difference=0.000969  auc=0.946782
i=14  dims=[20 190 190] 
our: difference=0.000964  auc=0.870753
i=15  dims=[20 200 200] 
our: difference=0.000967  auc=0.914121
i=16  dims=[20 210 210] 
our: difference=0.000982  auc=0.903531
i=17  dims=[20 220 220] 
our: difference=0.000986  auc=0.923486
i=18  dims=[20 230 230] 
our: difference=0.000970  auc=0.949607
i=19  dims=[20 240 240] 
our: difference=0.000998  auc=0.914878
i=20  dims=[20 250 250] 
our: difference=0.000967  auc=0.861290
i=21  dims=[20 260 260] 
our: difference=0.000976  auc=0.859614
i=22  dims=[20 270 270] 
our: difference=0.000982  auc=0.899312
i=23  dims=[20 280 280] 
our: difference=0.000999  auc=0.932309
i=24  dims=[20 290 290] 
our: difference=0.000970  auc=0.903865
i=25  dims=[20 300 300] 
our: difference=0.000998  auc=0.906188
i=26  dims=[20 310 310] 
our: difference=0.000978  auc=0.881625
i=27  dims=[20 320 320] 
our: difference=0.000975  auc=0.899812
i=28  dims=[20 330 330] 
our: difference=0.000990  auc=0.935495
i=29  dims=[20 340 340] 
our: difference=0.000990  auc=0.934288
i=30  dims=[20 350 350] 
our: difference=0.000989  auc=0.850077
i=31  dims=[20 360 360] 
our: difference=0.000996  auc=0.933830
i=32  dims=[20 370 370] 
our: difference=0.000973  auc=0.874290
i=33  dims=[20 380 380] 
our: difference=0.000996  auc=0.905344
i=34  dims=[20 390 390] 
our: difference=0.000987  auc=0.886875
i=35  dims=[20 400 400] 
our: difference=0.000997  auc=0.896887
i=36  dims=[20 410 410] 
our: difference=0.000976  auc=0.863034
i=37  dims=[20 420 420] 
our: difference=0.000984  auc=0.915732
i=38  dims=[20 430 430] 
our: difference=0.000988  auc=0.886070
i=39  dims=[20 440 440] 
our: difference=0.000984  auc=0.855489
i=40  dims=[20 450 450] 
our: difference=0.000974  auc=0.898401
i=41  dims=[20 460 460] 
our: difference=0.000999  auc=0.908451
i=42  dims=[20 470 470] 
our: difference=0.000974  auc=0.915681
i=43  dims=[20 480 480] 
our: difference=0.000977  auc=0.929872
i=44  dims=[20 490 490] 
our: difference=0.000976  auc=0.915499
i=45  dims=[20 500 500] 
our: difference=0.000984  auc=0.893498

ave_our =

    0.9186
    0.9173
    0.9136
    0.9182
    0.9216
    0.9211
    0.9135
    0.9155
    0.9134
    0.9111
    0.9068
    0.9057
    0.9088
    0.9061
    0.9067
    0.9065
    0.9075
    0.9098
    0.9101
    0.9076
    0.9053
    0.9051
    0.9063
    0.9062
    0.9062
    0.9052
    0.9050
    0.9061
    0.9071
    0.9052
    0.9061
    0.9051
    0.9051
    0.9046
    0.9044
    0.9032
    0.9035
    0.9031
    0.9019
    0.9018
    0.9019
    0.9023
    0.9029
    0.9032
    0.9030

 omegaT_20_3 
NNCP: iterations = 283   difference=0.000010  time=2.798213
our: difference=0.000980  auc=0.952082
i=1  dims=[20 60 60] 
our: difference=0.000979  auc=0.934081
i=2  dims=[20 70 70] 
our: difference=0.000976  auc=0.912227
i=3  dims=[20 80 80] 
our: difference=0.000948  auc=0.932873
i=4  dims=[20 90 90] 
our: difference=0.000984  auc=0.919419
i=5  dims=[20 100 100] 
our: difference=0.000953  auc=0.947055
i=6  dims=[20 110 110] 
our: difference=0.000977  auc=0.947109
i=7  dims=[20 120 120] 
our: difference=0.000990  auc=0.922052
i=8  dims=[20 130 130] 
our: difference=0.000976  auc=0.938282
i=9  dims=[20 140 140] 
our: difference=0.000976  auc=0.895019
i=10  dims=[20 150 150] 
our: difference=0.000971  auc=0.875108
i=11  dims=[20 160 160] 
our: difference=0.000972  auc=0.880491
i=12  dims=[20 170 170] 
our: difference=0.000966  auc=0.918106
i=13  dims=[20 180 180] 
our: difference=0.000982  auc=0.933008
i=14  dims=[20 190 190] 
our: difference=0.000971  auc=0.908787
i=15  dims=[20 200 200] 
our: difference=0.000970  auc=0.921710
i=16  dims=[20 210 210] 
our: difference=0.001000  auc=0.886127
i=17  dims=[20 220 220] 
our: difference=0.000978  auc=0.919505
i=18  dims=[20 230 230] 
our: difference=0.000995  auc=0.950120
i=19  dims=[20 240 240] 
our: difference=0.000971  auc=0.931395
i=20  dims=[20 250 250] 
our: difference=0.000965  auc=0.906363
i=21  dims=[20 260 260] 
our: difference=0.000967  auc=0.895351
i=22  dims=[20 270 270] 
our: difference=0.000983  auc=0.932382
i=23  dims=[20 280 280] 
our: difference=0.000988  auc=0.933807
i=24  dims=[20 290 290] 
our: difference=0.000988  auc=0.909385
i=25  dims=[20 300 300] 
our: difference=0.000993  auc=0.927851
i=26  dims=[20 310 310] 
our: difference=0.000990  auc=0.887981
i=27  dims=[20 320 320] 
our: difference=0.000993  auc=0.942293
i=28  dims=[20 330 330] 
our: difference=0.000986  auc=0.948315
i=29  dims=[20 340 340] 
our: difference=0.000973  auc=0.936322
i=30  dims=[20 350 350] 
our: difference=0.000980  auc=0.907480
i=31  dims=[20 360 360] 
our: difference=0.000972  auc=0.945408
i=32  dims=[20 370 370] 
our: difference=0.000994  auc=0.914573
i=33  dims=[20 380 380] 
our: difference=0.000997  auc=0.923724
i=34  dims=[20 390 390] 
our: difference=0.000987  auc=0.909184
i=35  dims=[20 400 400] 
our: difference=0.000970  auc=0.924293
i=36  dims=[20 410 410] 
our: difference=0.000974  auc=0.893215
i=37  dims=[20 420 420] 
our: difference=0.000977  auc=0.925045
i=38  dims=[20 430 430] 
our: difference=0.000979  auc=0.906861
i=39  dims=[20 440 440] 
our: difference=0.000980  auc=0.907597
i=40  dims=[20 450 450] 
our: difference=0.000989  auc=0.879698
i=41  dims=[20 460 460] 
our: difference=0.000997  auc=0.903373
i=42  dims=[20 470 470] 
our: difference=0.001000  auc=0.908953
i=43  dims=[20 480 480] 
our: difference=0.000986  auc=0.933339
i=44  dims=[20 490 490] 
our: difference=0.000995  auc=0.929773
i=45  dims=[20 500 500] 
our: difference=0.000977  auc=0.901660

ave_our =

    0.9341
    0.9232
    0.9264
    0.9247
    0.9291
    0.9321
    0.9307
    0.9316
    0.9276
    0.9223
    0.9185
    0.9185
    0.9196
    0.9188
    0.9190
    0.9170
    0.9171
    0.9189
    0.9196
    0.9189
    0.9178
    0.9185
    0.9191
    0.9187
    0.9191
    0.9179
    0.9188
    0.9199
    0.9204
    0.9200
    0.9208
    0.9206
    0.9207
    0.9204
    0.9205
    0.9197
    0.9199
    0.9195
    0.9192
    0.9182
    0.9179
    0.9177
    0.9180
    0.9183
    0.9179

 omegaT_20_4 
NNCP: iterations = 261   difference=0.000010  time=2.401447
our: difference=0.000200  auc=0.933742
i=1  dims=[20 60 60] 
our: difference=0.000985  auc=0.910952
i=2  dims=[20 70 70] 
our: difference=0.000952  auc=0.890369
i=3  dims=[20 80 80] 
our: difference=0.000949  auc=0.928280
i=4  dims=[20 90 90] 
our: difference=0.000953  auc=0.908313
i=5  dims=[20 100 100] 
our: difference=0.000947  auc=0.917851
i=6  dims=[20 110 110] 
our: difference=0.000963  auc=0.935587
i=7  dims=[20 120 120] 
our: difference=0.000946  auc=0.876608
i=8  dims=[20 130 130] 
our: difference=0.000982  auc=0.910484
i=9  dims=[20 140 140] 
our: difference=0.000981  auc=0.880588
i=10  dims=[20 150 150] 
our: difference=0.000981  auc=0.877150
i=11  dims=[20 160 160] 
our: difference=0.000994  auc=0.874981
i=12  dims=[20 170 170] 
our: difference=0.000957  auc=0.905424
i=13  dims=[20 180 180] 
our: difference=0.000990  auc=0.938733
i=14  dims=[20 190 190] 
our: difference=0.000978  auc=0.905008
i=15  dims=[20 200 200] 
our: difference=0.000976  auc=0.932577
i=16  dims=[20 210 210] 
our: difference=0.000991  auc=0.886398
i=17  dims=[20 220 220] 
our: difference=0.000998  auc=0.916361
i=18  dims=[20 230 230] 
our: difference=0.000999  auc=0.957498
i=19  dims=[20 240 240] 
our: difference=0.000966  auc=0.926528
i=20  dims=[20 250 250] 
our: difference=0.000980  auc=0.869143
i=21  dims=[20 260 260] 
our: difference=0.000977  auc=0.900553
i=22  dims=[20 270 270] 
our: difference=0.000985  auc=0.918514
i=23  dims=[20 280 280] 
our: difference=0.000997  auc=0.910529
i=24  dims=[20 290 290] 
our: difference=0.000982  auc=0.909991
i=25  dims=[20 300 300] 
our: difference=0.000982  auc=0.913532
i=26  dims=[20 310 310] 
our: difference=0.000981  auc=0.875249
i=27  dims=[20 320 320] 
our: difference=0.000991  auc=0.931796
i=28  dims=[20 330 330] 
our: difference=0.000988  auc=0.932813
i=29  dims=[20 340 340] 
our: difference=0.000970  auc=0.901018
i=30  dims=[20 350 350] 
our: difference=0.000986  auc=0.849860
i=31  dims=[20 360 360] 
our: difference=0.000988  auc=0.929494
i=32  dims=[20 370 370] 
our: difference=0.000998  auc=0.888826
i=33  dims=[20 380 380] 
our: difference=0.000977  auc=0.914600
i=34  dims=[20 390 390] 
our: difference=0.000982  auc=0.894818
i=35  dims=[20 400 400] 
our: difference=0.000980  auc=0.894120
i=36  dims=[20 410 410] 
our: difference=0.000973  auc=0.888091
i=37  dims=[20 420 420] 
our: difference=0.000985  auc=0.920206
i=38  dims=[20 430 430] 
our: difference=0.000979  auc=0.889304
i=39  dims=[20 440 440] 
our: difference=0.000993  auc=0.873813
i=40  dims=[20 450 450] 
our: difference=0.000975  auc=0.858847
i=41  dims=[20 460 460] 
our: difference=0.000983  auc=0.928168
i=42  dims=[20 470 470] 
our: difference=0.000999  auc=0.892496
i=43  dims=[20 480 480] 
our: difference=0.000978  auc=0.947829
i=44  dims=[20 490 490] 
our: difference=0.000983  auc=0.915371
i=45  dims=[20 500 500] 
our: difference=0.000969  auc=0.888308

ave_our =

    0.9110
    0.9007
    0.9099
    0.9095
    0.9112
    0.9152
    0.9097
    0.9098
    0.9066
    0.9036
    0.9010
    0.9014
    0.9043
    0.9043
    0.9062
    0.9050
    0.9056
    0.9085
    0.9095
    0.9074
    0.9071
    0.9076
    0.9078
    0.9079
    0.9081
    0.9068
    0.9077
    0.9086
    0.9084
    0.9064
    0.9072
    0.9066
    0.9068
    0.9065
    0.9061
    0.9056
    0.9060
    0.9056
    0.9048
    0.9036
    0.9042
    0.9039
    0.9050
    0.9052
    0.9048

 omegaT_20_5 
NNCP: iterations = 262   difference=0.000010  time=2.808151
our: difference=0.000918  auc=0.944827
i=1  dims=[20 60 60] 
our: difference=0.000960  auc=0.922125
i=2  dims=[20 70 70] 
our: difference=0.000963  auc=0.904618
i=3  dims=[20 80 80] 
our: difference=0.000998  auc=0.923855
i=4  dims=[20 90 90] 
our: difference=0.000986  auc=0.942295
i=5  dims=[20 100 100] 
our: difference=0.000986  auc=0.930193
i=6  dims=[20 110 110] 
our: difference=0.000970  auc=0.923924
i=7  dims=[20 120 120] 
our: difference=0.000983  auc=0.890825
i=8  dims=[20 130 130] 
our: difference=0.000974  auc=0.926323
i=9  dims=[20 140 140] 
our: difference=0.000980  auc=0.915226
i=10  dims=[20 150 150] 
our: difference=0.000989  auc=0.914187
i=11  dims=[20 160 160] 
our: difference=0.000980  auc=0.899440
i=12  dims=[20 170 170] 
our: difference=0.000967  auc=0.923836
i=13  dims=[20 180 180] 
our: difference=0.000970  auc=0.951168
i=14  dims=[20 190 190] 
our: difference=0.000967  auc=0.870461
i=15  dims=[20 200 200] 
our: difference=0.000997  auc=0.921066
i=16  dims=[20 210 210] 
our: difference=0.000966  auc=0.908762
i=17  dims=[20 220 220] 
our: difference=0.000970  auc=0.909836
i=18  dims=[20 230 230] 
our: difference=0.000985  auc=0.948498
i=19  dims=[20 240 240] 
our: difference=0.000973  auc=0.929803
i=20  dims=[20 250 250] 
our: difference=0.000998  auc=0.891814
i=21  dims=[20 260 260] 
our: difference=0.000973  auc=0.879619
i=22  dims=[20 270 270] 
our: difference=0.000971  auc=0.901941
i=23  dims=[20 280 280] 
our: difference=0.000996  auc=0.949120
i=24  dims=[20 290 290] 
our: difference=0.000973  auc=0.935432
i=25  dims=[20 300 300] 
our: difference=0.000983  auc=0.920239
i=26  dims=[20 310 310] 
our: difference=0.000978  auc=0.860822
i=27  dims=[20 320 320] 
our: difference=0.000998  auc=0.933595
i=28  dims=[20 330 330] 
our: difference=0.000978  auc=0.935363
i=29  dims=[20 340 340] 
our: difference=0.000987  auc=0.916329
i=30  dims=[20 350 350] 
our: difference=0.000995  auc=0.889178
i=31  dims=[20 360 360] 
our: difference=0.000982  auc=0.927264
i=32  dims=[20 370 370] 
our: difference=0.000976  auc=0.894464
i=33  dims=[20 380 380] 
our: difference=0.000997  auc=0.919251
i=34  dims=[20 390 390] 
our: difference=0.000990  auc=0.899151
i=35  dims=[20 400 400] 
our: difference=0.000991  auc=0.899385
i=36  dims=[20 410 410] 
our: difference=0.000998  auc=0.903656
i=37  dims=[20 420 420] 
our: difference=0.000977  auc=0.924126
i=38  dims=[20 430 430] 
our: difference=0.000994  auc=0.900652
i=39  dims=[20 440 440] 
our: difference=0.000993  auc=0.900853
i=40  dims=[20 450 450] 
our: difference=0.000997  auc=0.896740
i=41  dims=[20 460 460] 
our: difference=0.000984  auc=0.925224
i=42  dims=[20 470 470] 
our: difference=0.000975  auc=0.908529
i=43  dims=[20 480 480] 
our: difference=0.000997  auc=0.948517
i=44  dims=[20 490 490] 
our: difference=0.000975  auc=0.933338
i=45  dims=[20 500 500] 
our: difference=0.000978  auc=0.889242

ave_our =

    0.9221
    0.9134
    0.9169
    0.9232
    0.9246
    0.9245
    0.9197
    0.9205
    0.9199
    0.9194
    0.9175
    0.9181
    0.9206
    0.9170
    0.9173
    0.9168
    0.9164
    0.9181
    0.9188
    0.9174
    0.9156
    0.9150
    0.9165
    0.9173
    0.9174
    0.9152
    0.9159
    0.9166
    0.9166
    0.9157
    0.9160
    0.9154
    0.9155
    0.9150
    0.9146
    0.9143
    0.9145
    0.9142
    0.9138
    0.9134
    0.9137
    0.9136
    0.9144
    0.9148
    0.9142

