
                                                    < M A T L A B (R) >
                                          Copyright 1984-2016 The MathWorks, Inc.
                                           R2016b (9.1.0.441655) 64-bit (glnxa64)
                                                     September 7, 2016

 
To get started, type one of these: helpwin, helpdesk, or demo.
For product information, visit www.mathworks.com.
 
init-tncp , R=3 , V=1.000000 , omegaT_90_1 
NNCP: iterations = 465   difference=0.000010  time=12.290592
our: difference=0.000984  auc=0.777298
i=1  dims=[20 60 60] 
our: difference=0.000948  auc=0.778434
i=2  dims=[20 70 70] 
our: difference=0.000961  auc=0.758458
i=3  dims=[20 80 80] 
our: difference=0.000901  auc=0.793577
i=4  dims=[20 90 90] 
our: difference=0.000959  auc=0.788533
i=5  dims=[20 100 100] 
our: difference=0.000989  auc=0.780691
i=6  dims=[20 110 110] 
our: difference=0.000984  auc=0.787965
i=7  dims=[20 120 120] 
our: difference=0.000934  auc=0.723962
i=8  dims=[20 130 130] 
our: difference=0.000965  auc=0.783972
i=9  dims=[20 140 140] 
our: difference=0.000955  auc=0.754372
i=10  dims=[20 150 150] 
our: difference=0.000994  auc=0.748367
i=11  dims=[20 160 160] 
our: difference=0.000943  auc=0.733670
i=12  dims=[20 170 170] 
our: difference=0.000976  auc=0.794923
i=13  dims=[20 180 180] 
our: difference=0.000956  auc=0.805510
i=14  dims=[20 190 190] 
our: difference=0.000950  auc=0.736976
i=15  dims=[20 200 200] 
our: difference=0.000948  auc=0.752877
i=16  dims=[20 210 210] 
our: difference=0.000964  auc=0.755005
i=17  dims=[20 220 220] 
our: difference=0.000953  auc=0.766666
i=18  dims=[20 230 230] 
our: difference=0.000963  auc=0.804148
i=19  dims=[20 240 240] 
our: difference=0.000970  auc=0.780481
i=20  dims=[20 250 250] 
our: difference=0.000957  auc=0.742381
i=21  dims=[20 260 260] 
our: difference=0.000969  auc=0.734052
i=22  dims=[20 270 270] 
our: difference=0.000972  auc=0.783836
i=23  dims=[20 280 280] 
our: difference=0.000967  auc=0.779344
i=24  dims=[20 290 290] 
our: difference=0.000991  auc=0.764144
i=25  dims=[20 300 300] 
our: difference=0.000955  auc=0.768952
i=26  dims=[20 310 310] 
our: difference=0.000965  auc=0.732074
i=27  dims=[20 320 320] 
our: difference=0.000987  auc=0.788855
i=28  dims=[20 330 330] 
our: difference=0.000993  auc=0.818266
i=29  dims=[20 340 340] 
our: difference=0.000980  auc=0.808900
i=30  dims=[20 350 350] 
our: difference=0.000990  auc=0.710878
i=31  dims=[20 360 360] 
our: difference=0.000970  auc=0.787771
i=32  dims=[20 370 370] 
our: difference=0.000965  auc=0.748021
i=33  dims=[20 380 380] 
our: difference=0.000992  auc=0.773994
i=34  dims=[20 390 390] 
our: difference=0.000960  auc=0.773140
i=35  dims=[20 400 400] 
our: difference=0.000984  auc=0.794742
i=36  dims=[20 410 410] 
our: difference=0.000995  auc=0.740006
i=37  dims=[20 420 420] 
our: difference=0.000968  auc=0.787076
i=38  dims=[20 430 430] 
our: difference=0.000962  auc=0.754182
i=39  dims=[20 440 440] 
our: difference=0.000994  auc=0.751388
i=40  dims=[20 450 450] 
our: difference=0.000964  auc=0.733924
i=41  dims=[20 460 460] 
our: difference=0.000994  auc=0.774559
i=42  dims=[20 470 470] 
our: difference=0.000969  auc=0.780436
i=43  dims=[20 480 480] 
our: difference=0.000963  auc=0.800437
i=44  dims=[20 490 490] 
our: difference=0.000971  auc=0.793130
i=45  dims=[20 500 500] 
our: difference=0.000982  auc=0.759055

ave_our =

    0.7784
    0.7684
    0.7768
    0.7798
    0.7799
    0.7813
    0.7731
    0.7744
    0.7722
    0.7698
    0.7665
    0.7689
    0.7717
    0.7692
    0.7682
    0.7673
    0.7673
    0.7693
    0.7699
    0.7685
    0.7669
    0.7677
    0.7682
    0.7680
    0.7681
    0.7667
    0.7675
    0.7693
    0.7707
    0.7687
    0.7693
    0.7686
    0.7688
    0.7689
    0.7697
    0.7688
    0.7693
    0.7689
    0.7685
    0.7676
    0.7678
    0.7681
    0.7688
    0.7694
    0.7692

 omegaT_90_2 
NNCP: iterations = 446   difference=0.000010  time=13.567698
our: difference=0.000371  auc=0.765685
i=1  dims=[20 60 60] 
our: difference=0.000896  auc=0.767141
i=2  dims=[20 70 70] 
our: difference=0.000958  auc=0.753054
i=3  dims=[20 80 80] 
our: difference=0.000941  auc=0.770298
i=4  dims=[20 90 90] 
our: difference=0.000960  auc=0.784105
i=5  dims=[20 100 100] 
our: difference=0.000989  auc=0.755816
i=6  dims=[20 110 110] 
our: difference=0.000979  auc=0.792648
i=7  dims=[20 120 120] 
our: difference=0.000982  auc=0.713167
i=8  dims=[20 130 130] 
our: difference=0.000994  auc=0.761790
i=9  dims=[20 140 140] 
our: difference=0.000951  auc=0.746962
i=10  dims=[20 150 150] 
our: difference=0.000925  auc=0.725960
i=11  dims=[20 160 160] 
our: difference=0.000989  auc=0.720947
i=12  dims=[20 170 170] 
our: difference=0.000993  auc=0.784375
i=13  dims=[20 180 180] 
our: difference=0.000963  auc=0.805405
i=14  dims=[20 190 190] 
our: difference=0.000965  auc=0.719262
i=15  dims=[20 200 200] 
our: difference=0.000970  auc=0.749384
i=16  dims=[20 210 210] 
our: difference=0.000994  auc=0.744108
i=17  dims=[20 220 220] 
our: difference=0.000996  auc=0.764035
i=18  dims=[20 230 230] 
our: difference=0.000951  auc=0.781070
i=19  dims=[20 240 240] 
our: difference=0.000957  auc=0.773152
i=20  dims=[20 250 250] 
our: difference=0.000992  auc=0.750734
i=21  dims=[20 260 260] 
our: difference=0.000958  auc=0.729888
i=22  dims=[20 270 270] 
our: difference=0.000972  auc=0.774498
i=23  dims=[20 280 280] 
our: difference=0.000979  auc=0.775734
i=24  dims=[20 290 290] 
our: difference=0.000950  auc=0.744707
i=25  dims=[20 300 300] 
our: difference=0.000993  auc=0.756639
i=26  dims=[20 310 310] 
our: difference=0.001000  auc=0.743701
i=27  dims=[20 320 320] 
our: difference=0.000969  auc=0.768177
i=28  dims=[20 330 330] 
our: difference=0.000983  auc=0.807440
i=29  dims=[20 340 340] 
our: difference=0.000956  auc=0.802132
i=30  dims=[20 350 350] 
our: difference=0.000947  auc=0.722767
i=31  dims=[20 360 360] 
our: difference=0.000996  auc=0.772263
i=32  dims=[20 370 370] 
our: difference=0.000982  auc=0.746073
i=33  dims=[20 380 380] 
our: difference=0.000999  auc=0.777647
i=34  dims=[20 390 390] 
our: difference=0.000991  auc=0.781584
i=35  dims=[20 400 400] 
our: difference=0.000964  auc=0.786111
i=36  dims=[20 410 410] 
our: difference=0.000978  auc=0.757299
i=37  dims=[20 420 420] 
our: difference=0.000967  auc=0.796973
i=38  dims=[20 430 430] 
our: difference=0.000956  auc=0.761429
i=39  dims=[20 440 440] 
our: difference=0.000971  auc=0.754659
i=40  dims=[20 450 450] 
our: difference=0.000963  auc=0.731996
i=41  dims=[20 460 460] 
our: difference=0.000984  auc=0.790099
i=42  dims=[20 470 470] 
our: difference=0.000997  auc=0.781420
i=43  dims=[20 480 480] 
our: difference=0.000984  auc=0.803339
i=44  dims=[20 490 490] 
our: difference=0.000997  auc=0.796689
i=45  dims=[20 500 500] 
our: difference=0.000983  auc=0.765921

ave_our =

    0.7671
    0.7601
    0.7635
    0.7686
    0.7661
    0.7705
    0.7623
    0.7623
    0.7606
    0.7571
    0.7538
    0.7564
    0.7601
    0.7572
    0.7567
    0.7559
    0.7564
    0.7578
    0.7586
    0.7582
    0.7568
    0.7576
    0.7584
    0.7578
    0.7578
    0.7573
    0.7577
    0.7594
    0.7609
    0.7596
    0.7600
    0.7596
    0.7602
    0.7608
    0.7615
    0.7614
    0.7624
    0.7623
    0.7621
    0.7614
    0.7621
    0.7625
    0.7635
    0.7642
    0.7643

 omegaT_90_3 
NNCP: iterations = 402   difference=0.000010  time=18.652149
our: difference=0.000994  auc=0.765432
i=1  dims=[20 60 60] 
our: difference=0.000915  auc=0.795510
i=2  dims=[20 70 70] 
our: difference=0.000964  auc=0.768875
i=3  dims=[20 80 80] 
our: difference=0.000979  auc=0.764179
i=4  dims=[20 90 90] 
our: difference=0.000999  auc=0.773590
i=5  dims=[20 100 100] 
our: difference=0.000935  auc=0.784122
i=6  dims=[20 110 110] 
our: difference=0.000928  auc=0.795092
i=7  dims=[20 120 120] 
our: difference=0.000938  auc=0.728240
i=8  dims=[20 130 130] 
our: difference=0.000961  auc=0.789758
i=9  dims=[20 140 140] 
our: difference=0.000949  auc=0.759486
i=10  dims=[20 150 150] 
our: difference=0.000984  auc=0.752313
i=11  dims=[20 160 160] 
our: difference=0.000962  auc=0.721114
i=12  dims=[20 170 170] 
our: difference=0.000989  auc=0.773168
i=13  dims=[20 180 180] 
our: difference=0.000975  auc=0.793681
i=14  dims=[20 190 190] 
our: difference=0.000949  auc=0.721967
i=15  dims=[20 200 200] 
our: difference=0.000988  auc=0.749156
i=16  dims=[20 210 210] 
our: difference=0.000985  auc=0.756758
i=17  dims=[20 220 220] 
our: difference=0.000973  auc=0.773350
i=18  dims=[20 230 230] 
our: difference=0.000989  auc=0.797925
i=19  dims=[20 240 240] 
our: difference=0.000948  auc=0.769010
i=20  dims=[20 250 250] 
our: difference=0.000987  auc=0.746426
i=21  dims=[20 260 260] 
our: difference=0.000953  auc=0.720246
i=22  dims=[20 270 270] 
our: difference=0.000964  auc=0.777996
i=23  dims=[20 280 280] 
our: difference=0.000959  auc=0.795638
i=24  dims=[20 290 290] 
our: difference=0.000960  auc=0.758003
i=25  dims=[20 300 300] 
our: difference=0.000958  auc=0.764194
i=26  dims=[20 310 310] 
our: difference=0.000980  auc=0.744687
i=27  dims=[20 320 320] 
our: difference=0.000986  auc=0.795928
i=28  dims=[20 330 330] 
our: difference=0.000965  auc=0.821201
i=29  dims=[20 340 340] 
our: difference=0.000964  auc=0.808039
i=30  dims=[20 350 350] 
our: difference=0.000963  auc=0.710458
i=31  dims=[20 360 360] 
our: difference=0.000997  auc=0.791322
i=32  dims=[20 370 370] 
our: difference=0.000998  auc=0.758864
i=33  dims=[20 380 380] 
our: difference=0.000957  auc=0.776689
i=34  dims=[20 390 390] 
our: difference=0.000982  auc=0.778885
i=35  dims=[20 400 400] 
our: difference=0.000992  auc=0.782340
i=36  dims=[20 410 410] 
our: difference=0.000962  auc=0.746748
i=37  dims=[20 420 420] 
our: difference=0.000959  auc=0.787760
i=38  dims=[20 430 430] 
our: difference=0.000969  auc=0.757884
i=39  dims=[20 440 440] 
our: difference=0.000992  auc=0.747747
i=40  dims=[20 450 450] 
our: difference=0.000990  auc=0.726572
i=41  dims=[20 460 460] 
our: difference=0.000955  auc=0.777452
i=42  dims=[20 470 470] 
our: difference=0.000978  auc=0.783076
i=43  dims=[20 480 480] 
our: difference=0.000975  auc=0.799061
i=44  dims=[20 490 490] 
our: difference=0.000960  auc=0.793489
i=45  dims=[20 500 500] 
our: difference=0.000965  auc=0.755139

ave_our =

    0.7955
    0.7822
    0.7762
    0.7755
    0.7773
    0.7802
    0.7728
    0.7749
    0.7732
    0.7711
    0.7666
    0.7671
    0.7692
    0.7658
    0.7647
    0.7642
    0.7647
    0.7666
    0.7667
    0.7657
    0.7635
    0.7642
    0.7655
    0.7652
    0.7652
    0.7644
    0.7656
    0.7676
    0.7690
    0.7670
    0.7678
    0.7675
    0.7678
    0.7681
    0.7685
    0.7679
    0.7685
    0.7682
    0.7676
    0.7666
    0.7669
    0.7673
    0.7680
    0.7686
    0.7683

 omegaT_90_4 
NNCP: iterations = 406   difference=0.000010  time=15.828502
our: difference=0.000994  auc=0.772314
i=1  dims=[20 60 60] 
our: difference=0.000923  auc=0.772774
i=2  dims=[20 70 70] 
our: difference=0.000997  auc=0.760846
i=3  dims=[20 80 80] 
our: difference=0.000954  auc=0.767697
i=4  dims=[20 90 90] 
our: difference=0.000934  auc=0.790551
i=5  dims=[20 100 100] 
our: difference=0.000978  auc=0.781568
i=6  dims=[20 110 110] 
our: difference=0.000935  auc=0.800602
i=7  dims=[20 120 120] 
our: difference=0.000929  auc=0.718972
i=8  dims=[20 130 130] 
our: difference=0.000958  auc=0.794363
i=9  dims=[20 140 140] 
our: difference=0.000958  auc=0.764434
i=10  dims=[20 150 150] 
our: difference=0.000952  auc=0.731467
i=11  dims=[20 160 160] 
our: difference=0.000991  auc=0.723546
i=12  dims=[20 170 170] 
our: difference=0.000956  auc=0.775629
i=13  dims=[20 180 180] 
our: difference=0.000974  auc=0.806794
i=14  dims=[20 190 190] 
our: difference=0.000961  auc=0.728795
i=15  dims=[20 200 200] 
our: difference=0.000998  auc=0.759895
i=16  dims=[20 210 210] 
our: difference=0.000997  auc=0.755614
i=17  dims=[20 220 220] 
our: difference=0.000983  auc=0.777558
i=18  dims=[20 230 230] 
our: difference=0.000949  auc=0.790110
i=19  dims=[20 240 240] 
our: difference=0.000983  auc=0.785105
i=20  dims=[20 250 250] 
our: difference=0.000976  auc=0.747123
i=21  dims=[20 260 260] 
our: difference=0.000945  auc=0.728334
i=22  dims=[20 270 270] 
our: difference=0.000957  auc=0.779376
i=23  dims=[20 280 280] 
our: difference=0.000973  auc=0.779692
i=24  dims=[20 290 290] 
our: difference=0.000992  auc=0.772886
i=25  dims=[20 300 300] 
our: difference=0.000951  auc=0.761189
i=26  dims=[20 310 310] 
our: difference=0.000964  auc=0.742460
i=27  dims=[20 320 320] 
our: difference=0.000991  auc=0.793661
i=28  dims=[20 330 330] 
our: difference=0.000966  auc=0.810143
i=29  dims=[20 340 340] 
our: difference=0.000961  auc=0.811213
i=30  dims=[20 350 350] 
our: difference=0.000999  auc=0.721984
i=31  dims=[20 360 360] 
our: difference=0.000961  auc=0.785664
i=32  dims=[20 370 370] 
our: difference=0.000999  auc=0.754535
i=33  dims=[20 380 380] 
our: difference=0.000993  auc=0.779937
i=34  dims=[20 390 390] 
our: difference=0.000957  auc=0.783103
i=35  dims=[20 400 400] 
our: difference=0.000967  auc=0.785554
i=36  dims=[20 410 410] 
our: difference=0.000967  auc=0.753731
i=37  dims=[20 420 420] 
our: difference=0.000984  auc=0.785122
i=38  dims=[20 430 430] 
our: difference=0.000974  auc=0.747722
i=39  dims=[20 440 440] 
our: difference=0.000973  auc=0.759689
i=40  dims=[20 450 450] 
our: difference=0.000959  auc=0.730152
i=41  dims=[20 460 460] 
our: difference=0.000958  auc=0.778634
i=42  dims=[20 470 470] 
our: difference=0.000976  auc=0.785141
i=43  dims=[20 480 480] 
our: difference=0.000958  auc=0.801464
i=44  dims=[20 490 490] 
our: difference=0.000967  auc=0.790193
i=45  dims=[20 500 500] 
our: difference=0.000993  auc=0.759267

ave_our =

    0.7728
    0.7668
    0.7671
    0.7730
    0.7747
    0.7790
    0.7704
    0.7734
    0.7724
    0.7683
    0.7643
    0.7652
    0.7684
    0.7656
    0.7652
    0.7646
    0.7654
    0.7667
    0.7677
    0.7667
    0.7648
    0.7655
    0.7661
    0.7664
    0.7662
    0.7653
    0.7663
    0.7679
    0.7694
    0.7678
    0.7684
    0.7680
    0.7683
    0.7688
    0.7692
    0.7688
    0.7692
    0.7687
    0.7684
    0.7675
    0.7678
    0.7682
    0.7689
    0.7694
    0.7692

 omegaT_90_5 
NNCP: iterations = 400   difference=0.000010  time=17.461141
our: difference=0.000983  auc=0.774936
i=1  dims=[20 60 60] 
our: difference=0.000940  auc=0.772278
i=2  dims=[20 70 70] 
our: difference=0.000937  auc=0.746406
i=3  dims=[20 80 80] 
our: difference=0.000981  auc=0.779601
i=4  dims=[20 90 90] 
our: difference=0.000928  auc=0.787853
i=5  dims=[20 100 100] 
our: difference=0.000973  auc=0.779962
i=6  dims=[20 110 110] 
our: difference=0.000968  auc=0.803880
i=7  dims=[20 120 120] 
our: difference=0.000992  auc=0.732845
i=8  dims=[20 130 130] 
our: difference=0.000951  auc=0.769710
i=9  dims=[20 140 140] 
our: difference=0.000947  auc=0.751282
i=10  dims=[20 150 150] 
our: difference=0.000951  auc=0.755654
i=11  dims=[20 160 160] 
our: difference=0.000937  auc=0.730352
i=12  dims=[20 170 170] 
our: difference=0.000974  auc=0.773452
i=13  dims=[20 180 180] 
our: difference=0.000970  auc=0.814780
i=14  dims=[20 190 190] 
our: difference=0.000956  auc=0.738964
i=15  dims=[20 200 200] 
our: difference=0.000941  auc=0.757762
i=16  dims=[20 210 210] 
our: difference=0.000953  auc=0.756105
i=17  dims=[20 220 220] 
our: difference=0.000964  auc=0.783218
i=18  dims=[20 230 230] 
our: difference=0.000973  auc=0.803563
i=19  dims=[20 240 240] 
our: difference=0.000992  auc=0.799869
i=20  dims=[20 250 250] 
our: difference=0.000963  auc=0.750945
i=21  dims=[20 260 260] 
our: difference=0.000956  auc=0.721570
i=22  dims=[20 270 270] 
our: difference=0.000967  auc=0.789604
i=23  dims=[20 280 280] 
our: difference=0.000952  auc=0.792388
i=24  dims=[20 290 290] 
our: difference=0.000989  auc=0.756576
i=25  dims=[20 300 300] 
our: difference=0.000961  auc=0.773982
i=26  dims=[20 310 310] 
our: difference=0.000986  auc=0.744059
i=27  dims=[20 320 320] 
our: difference=0.000987  auc=0.787583
i=28  dims=[20 330 330] 
our: difference=0.000978  auc=0.819351
i=29  dims=[20 340 340] 
our: difference=0.000983  auc=0.811772
i=30  dims=[20 350 350] 
our: difference=0.000956  auc=0.718628
i=31  dims=[20 360 360] 
our: difference=0.000968  auc=0.795558
i=32  dims=[20 370 370] 
our: difference=0.000984  auc=0.746990
i=33  dims=[20 380 380] 
our: difference=0.000976  auc=0.784007
i=34  dims=[20 390 390] 
our: difference=0.000974  auc=0.773686
i=35  dims=[20 400 400] 
our: difference=0.000989  auc=0.786551
i=36  dims=[20 410 410] 
our: difference=0.000974  auc=0.746429
i=37  dims=[20 420 420] 
our: difference=0.000950  auc=0.792693
i=38  dims=[20 430 430] 
our: difference=0.000952  auc=0.766511
i=39  dims=[20 440 440] 
our: difference=0.000957  auc=0.753598
i=40  dims=[20 450 450] 
our: difference=0.000961  auc=0.743603
i=41  dims=[20 460 460] 
our: difference=0.000983  auc=0.783645
i=42  dims=[20 470 470] 
our: difference=0.000994  auc=0.789347
i=43  dims=[20 480 480] 
our: difference=0.000984  auc=0.806418
i=44  dims=[20 490 490] 
our: difference=0.000979  auc=0.798699
i=45  dims=[20 500 500] 
our: difference=0.000962  auc=0.761276

ave_our =

    0.7723
    0.7593
    0.7661
    0.7715
    0.7732
    0.7783
    0.7718
    0.7716
    0.7693
    0.7679
    0.7645
    0.7653
    0.7691
    0.7669
    0.7663
    0.7657
    0.7667
    0.7688
    0.7704
    0.7694
    0.7671
    0.7682
    0.7692
    0.7687
    0.7689
    0.7679
    0.7687
    0.7705
    0.7719
    0.7701
    0.7710
    0.7702
    0.7706
    0.7707
    0.7712
    0.7705
    0.7711
    0.7710
    0.7705
    0.7698
    0.7702
    0.7706
    0.7715
    0.7721
    0.7718

init-tncp , R=3 , V=3.000000 , omegaT_90_1 
NNCP: iterations = 424   difference=0.000010  time=12.579953
our: difference=0.000993  auc=0.776926
i=1  dims=[20 60 60] 
our: difference=0.000869  auc=0.778381
i=2  dims=[20 70 70] 
our: difference=0.000990  auc=0.754327
i=3  dims=[20 80 80] 
our: difference=0.000939  auc=0.790361
i=4  dims=[20 90 90] 
our: difference=0.000987  auc=0.786561
i=5  dims=[20 100 100] 
our: difference=0.000992  auc=0.777447
i=6  dims=[20 110 110] 
our: difference=0.000985  auc=0.781396
i=7  dims=[20 120 120] 
our: difference=0.000982  auc=0.718482
i=8  dims=[20 130 130] 
our: difference=0.000964  auc=0.779699
i=9  dims=[20 140 140] 
our: difference=0.000987  auc=0.752189
i=10  dims=[20 150 150] 
our: difference=0.000996  auc=0.739644
i=11  dims=[20 160 160] 
our: difference=0.000924  auc=0.729123
i=12  dims=[20 170 170] 
our: difference=0.000976  auc=0.787743
i=13  dims=[20 180 180] 
our: difference=0.000949  auc=0.801122
i=14  dims=[20 190 190] 
our: difference=0.000987  auc=0.731087
i=15  dims=[20 200 200] 
our: difference=0.000981  auc=0.748813
i=16  dims=[20 210 210] 
our: difference=0.000955  auc=0.750730
i=17  dims=[20 220 220] 
our: difference=0.000945  auc=0.761990
i=18  dims=[20 230 230] 
our: difference=0.000967  auc=0.801750
i=19  dims=[20 240 240] 
our: difference=0.000943  auc=0.778712
i=20  dims=[20 250 250] 
our: difference=0.000992  auc=0.736795
i=21  dims=[20 260 260] 
our: difference=0.000966  auc=0.729041
i=22  dims=[20 270 270] 
our: difference=0.001000  auc=0.782538
i=23  dims=[20 280 280] 
our: difference=0.000963  auc=0.775691
i=24  dims=[20 290 290] 
our: difference=0.000962  auc=0.759755
i=25  dims=[20 300 300] 
our: difference=0.000949  auc=0.770375
i=26  dims=[20 310 310] 
our: difference=0.000973  auc=0.725715
i=27  dims=[20 320 320] 
our: difference=0.000989  auc=0.787554
i=28  dims=[20 330 330] 
our: difference=0.000969  auc=0.817406
i=29  dims=[20 340 340] 
our: difference=0.000970  auc=0.806458
i=30  dims=[20 350 350] 
our: difference=0.000987  auc=0.710371
i=31  dims=[20 360 360] 
our: difference=0.000987  auc=0.787066
i=32  dims=[20 370 370] 
our: difference=0.000969  auc=0.745729
i=33  dims=[20 380 380] 
our: difference=0.000979  auc=0.772448
i=34  dims=[20 390 390] 
our: difference=0.000989  auc=0.769554
i=35  dims=[20 400 400] 
our: difference=0.001000  auc=0.792818
i=36  dims=[20 410 410] 
our: difference=0.000957  auc=0.739376
i=37  dims=[20 420 420] 
our: difference=0.000978  auc=0.786350
i=38  dims=[20 430 430] 
our: difference=0.000983  auc=0.749324
i=39  dims=[20 440 440] 
our: difference=0.000977  auc=0.748847
i=40  dims=[20 450 450] 
our: difference=0.000958  auc=0.732351
i=41  dims=[20 460 460] 
our: difference=0.000996  auc=0.773351
i=42  dims=[20 470 470] 
our: difference=0.000957  auc=0.781057
i=43  dims=[20 480 480] 
our: difference=0.000982  auc=0.799484
i=44  dims=[20 490 490] 
our: difference=0.000997  auc=0.791342
i=45  dims=[20 500 500] 
our: difference=0.000974  auc=0.756535

ave_our =

    0.7784
    0.7664
    0.7744
    0.7774
    0.7774
    0.7781
    0.7696
    0.7708
    0.7688
    0.7658
    0.7625
    0.7646
    0.7674
    0.7648
    0.7638
    0.7629
    0.7629
    0.7650
    0.7658
    0.7643
    0.7626
    0.7635
    0.7641
    0.7639
    0.7642
    0.7627
    0.7636
    0.7655
    0.7669
    0.7650
    0.7658
    0.7651
    0.7653
    0.7655
    0.7663
    0.7655
    0.7661
    0.7656
    0.7652
    0.7644
    0.7646
    0.7650
    0.7658
    0.7664
    0.7662

 omegaT_90_2 
NNCP: iterations = 389   difference=0.000010  time=12.363346
our: difference=0.000991  auc=0.763599
i=1  dims=[20 60 60] 
our: difference=0.000948  auc=0.780061
i=2  dims=[20 70 70] 
our: difference=0.000927  auc=0.759960
i=3  dims=[20 80 80] 
our: difference=0.000996  auc=0.778908
i=4  dims=[20 90 90] 
our: difference=0.000955  auc=0.782977
i=5  dims=[20 100 100] 
our: difference=0.000906  auc=0.763913
i=6  dims=[20 110 110] 
our: difference=0.000998  auc=0.793705
i=7  dims=[20 120 120] 
our: difference=0.000914  auc=0.713963
i=8  dims=[20 130 130] 
our: difference=0.000947  auc=0.764046
i=9  dims=[20 140 140] 
our: difference=0.000983  auc=0.750514
i=10  dims=[20 150 150] 
our: difference=0.000965  auc=0.720269
i=11  dims=[20 160 160] 
our: difference=0.000961  auc=0.722899
i=12  dims=[20 170 170] 
our: difference=0.000974  auc=0.773565
i=13  dims=[20 180 180] 
our: difference=0.000969  auc=0.803701
i=14  dims=[20 190 190] 
our: difference=0.000956  auc=0.720113
i=15  dims=[20 200 200] 
our: difference=0.000999  auc=0.751331
i=16  dims=[20 210 210] 
our: difference=0.000947  auc=0.748579
i=17  dims=[20 220 220] 
our: difference=0.000952  auc=0.762107
i=18  dims=[20 230 230] 
our: difference=0.000991  auc=0.784042
i=19  dims=[20 240 240] 
our: difference=0.000939  auc=0.774392
i=20  dims=[20 250 250] 
our: difference=0.000964  auc=0.748295
i=21  dims=[20 260 260] 
our: difference=0.000958  auc=0.724934
i=22  dims=[20 270 270] 
our: difference=0.000972  auc=0.776062
i=23  dims=[20 280 280] 
our: difference=0.000968  auc=0.774914
i=24  dims=[20 290 290] 
our: difference=0.000970  auc=0.742509
i=25  dims=[20 300 300] 
our: difference=0.000971  auc=0.766887
i=26  dims=[20 310 310] 
our: difference=0.000948  auc=0.733420
i=27  dims=[20 320 320] 
our: difference=0.000946  auc=0.771747
i=28  dims=[20 330 330] 
our: difference=0.000974  auc=0.813361
i=29  dims=[20 340 340] 
our: difference=0.000999  auc=0.802523
i=30  dims=[20 350 350] 
our: difference=0.000983  auc=0.725726
i=31  dims=[20 360 360] 
our: difference=0.000985  auc=0.777656
i=32  dims=[20 370 370] 
our: difference=0.000976  auc=0.742232
i=33  dims=[20 380 380] 
our: difference=0.000995  auc=0.780418
i=34  dims=[20 390 390] 
our: difference=0.000983  auc=0.778614
i=35  dims=[20 400 400] 
our: difference=0.000975  auc=0.788392
i=36  dims=[20 410 410] 
our: difference=0.000986  auc=0.759989
i=37  dims=[20 420 420] 
our: difference=0.000979  auc=0.796215
i=38  dims=[20 430 430] 
our: difference=0.000968  auc=0.751771
i=39  dims=[20 440 440] 
our: difference=0.000989  auc=0.745366
i=40  dims=[20 450 450] 
our: difference=0.000971  auc=0.724976
i=41  dims=[20 460 460] 
our: difference=0.000956  auc=0.790018
i=42  dims=[20 470 470] 
our: difference=0.000988  auc=0.784617
i=43  dims=[20 480 480] 
our: difference=0.000961  auc=0.803650
i=44  dims=[20 490 490] 
our: difference=0.000978  auc=0.794955
i=45  dims=[20 500 500] 
our: difference=0.000975  auc=0.761017

ave_our =

    0.7801
    0.7700
    0.7730
    0.7755
    0.7732
    0.7766
    0.7676
    0.7672
    0.7653
    0.7608
    0.7574
    0.7587
    0.7622
    0.7592
    0.7587
    0.7580
    0.7583
    0.7597
    0.7605
    0.7599
    0.7582
    0.7590
    0.7597
    0.7590
    0.7593
    0.7583
    0.7588
    0.7608
    0.7622
    0.7610
    0.7615
    0.7609
    0.7615
    0.7620
    0.7628
    0.7627
    0.7636
    0.7633
    0.7628
    0.7619
    0.7626
    0.7631
    0.7640
    0.7647
    0.7647

 omegaT_90_3 
NNCP: iterations = 439   difference=0.000010  time=13.479517
our: difference=0.000993  auc=0.765126
i=1  dims=[20 60 60] 
our: difference=0.000897  auc=0.795413
i=2  dims=[20 70 70] 
our: difference=0.000935  auc=0.764139
i=3  dims=[20 80 80] 
our: difference=0.000983  auc=0.769249
i=4  dims=[20 90 90] 
our: difference=0.000950  auc=0.772803
i=5  dims=[20 100 100] 
our: difference=0.000893  auc=0.782776
i=6  dims=[20 110 110] 
our: difference=0.000905  auc=0.791730
i=7  dims=[20 120 120] 
our: difference=0.000928  auc=0.721238
i=8  dims=[20 130 130] 
our: difference=0.000939  auc=0.782056
i=9  dims=[20 140 140] 
our: difference=0.000914  auc=0.755542
i=10  dims=[20 150 150] 
our: difference=0.000976  auc=0.745330
i=11  dims=[20 160 160] 
our: difference=0.000970  auc=0.714464
i=12  dims=[20 170 170] 
our: difference=0.000977  auc=0.764433
i=13  dims=[20 180 180] 
our: difference=0.000937  auc=0.791701
i=14  dims=[20 190 190] 
our: difference=0.000992  auc=0.714394
i=15  dims=[20 200 200] 
our: difference=0.000981  auc=0.745309
i=16  dims=[20 210 210] 
our: difference=0.000963  auc=0.752239
i=17  dims=[20 220 220] 
our: difference=0.000992  auc=0.769046
i=18  dims=[20 230 230] 
our: difference=0.000975  auc=0.795282
i=19  dims=[20 240 240] 
our: difference=0.000976  auc=0.767177
i=20  dims=[20 250 250] 
our: difference=0.000968  auc=0.742294
i=21  dims=[20 260 260] 
our: difference=0.000976  auc=0.716516
i=22  dims=[20 270 270] 
our: difference=0.000967  auc=0.778218
i=23  dims=[20 280 280] 
our: difference=0.000983  auc=0.791504
i=24  dims=[20 290 290] 
our: difference=0.000960  auc=0.753247
i=25  dims=[20 300 300] 
our: difference=0.000980  auc=0.764629
i=26  dims=[20 310 310] 
our: difference=0.000959  auc=0.738889
i=27  dims=[20 320 320] 
our: difference=0.000976  auc=0.794480
i=28  dims=[20 330 330] 
our: difference=0.000976  auc=0.819544
i=29  dims=[20 340 340] 
our: difference=0.000954  auc=0.804694
i=30  dims=[20 350 350] 
our: difference=0.000952  auc=0.709646
i=31  dims=[20 360 360] 
our: difference=0.000964  auc=0.790306
i=32  dims=[20 370 370] 
our: difference=0.000962  auc=0.756572
i=33  dims=[20 380 380] 
our: difference=0.000997  auc=0.775057
i=34  dims=[20 390 390] 
our: difference=0.000989  auc=0.776124
i=35  dims=[20 400 400] 
our: difference=0.000999  auc=0.780117
i=36  dims=[20 410 410] 
our: difference=0.000963  auc=0.747636
i=37  dims=[20 420 420] 
our: difference=0.000965  auc=0.788111
i=38  dims=[20 430 430] 
our: difference=0.000971  auc=0.753667
i=39  dims=[20 440 440] 
our: difference=0.000957  auc=0.744235
i=40  dims=[20 450 450] 
our: difference=0.000955  auc=0.724416
i=41  dims=[20 460 460] 
our: difference=0.000988  auc=0.776381
i=42  dims=[20 470 470] 
our: difference=0.000993  auc=0.783828
i=43  dims=[20 480 480] 
our: difference=0.000984  auc=0.797362
i=44  dims=[20 490 490] 
our: difference=0.000981  auc=0.791965
i=45  dims=[20 500 500] 
our: difference=0.000960  auc=0.752820

ave_our =

    0.7954
    0.7798
    0.7763
    0.7754
    0.7769
    0.7794
    0.7710
    0.7724
    0.7705
    0.7680
    0.7632
    0.7633
    0.7655
    0.7618
    0.7607
    0.7602
    0.7607
    0.7626
    0.7629
    0.7618
    0.7597
    0.7605
    0.7619
    0.7615
    0.7616
    0.7608
    0.7620
    0.7641
    0.7655
    0.7636
    0.7645
    0.7642
    0.7645
    0.7649
    0.7653
    0.7648
    0.7655
    0.7651
    0.7646
    0.7636
    0.7639
    0.7644
    0.7652
    0.7658
    0.7655

 omegaT_90_4 
NNCP: iterations = 435   difference=0.000010  time=18.699622
our: difference=0.000995  auc=0.772026
i=1  dims=[20 60 60] 
our: difference=0.000945  auc=0.773751
i=2  dims=[20 70 70] 
our: difference=0.000909  auc=0.757655
i=3  dims=[20 80 80] 
our: difference=0.000992  auc=0.769353
i=4  dims=[20 90 90] 
our: difference=0.000931  auc=0.788003
i=5  dims=[20 100 100] 
our: difference=0.000932  auc=0.776536
i=6  dims=[20 110 110] 
our: difference=0.000978  auc=0.795616
i=7  dims=[20 120 120] 
our: difference=0.000939  auc=0.712576
i=8  dims=[20 130 130] 
our: difference=0.000963  auc=0.789420
i=9  dims=[20 140 140] 
our: difference=0.000925  auc=0.762810
i=10  dims=[20 150 150] 
our: difference=0.000938  auc=0.723894
i=11  dims=[20 160 160] 
our: difference=0.000935  auc=0.720226
i=12  dims=[20 170 170] 
our: difference=0.000926  auc=0.768041
i=13  dims=[20 180 180] 
our: difference=0.000926  auc=0.804505
i=14  dims=[20 190 190] 
our: difference=0.000989  auc=0.723253
i=15  dims=[20 200 200] 
our: difference=0.000939  auc=0.756689
i=16  dims=[20 210 210] 
our: difference=0.000995  auc=0.752939
i=17  dims=[20 220 220] 
our: difference=0.000973  auc=0.773153
i=18  dims=[20 230 230] 
our: difference=0.000990  auc=0.788623
i=19  dims=[20 240 240] 
our: difference=0.000969  auc=0.782435
i=20  dims=[20 250 250] 
our: difference=0.000970  auc=0.744531
i=21  dims=[20 260 260] 
our: difference=0.000990  auc=0.723083
i=22  dims=[20 270 270] 
our: difference=0.000962  auc=0.778453
i=23  dims=[20 280 280] 
our: difference=0.000999  auc=0.775822
i=24  dims=[20 290 290] 
our: difference=0.000961  auc=0.767984
i=25  dims=[20 300 300] 
our: difference=0.000961  auc=0.762773
i=26  dims=[20 310 310] 
our: difference=0.000961  auc=0.735166
i=27  dims=[20 320 320] 
our: difference=0.000956  auc=0.790481
i=28  dims=[20 330 330] 
our: difference=0.000951  auc=0.808107
i=29  dims=[20 340 340] 
our: difference=0.000954  auc=0.809419
i=30  dims=[20 350 350] 
our: difference=0.000980  auc=0.720230
i=31  dims=[20 360 360] 
our: difference=0.000990  auc=0.782810
i=32  dims=[20 370 370] 
our: difference=0.000950  auc=0.752106
i=33  dims=[20 380 380] 
our: difference=0.000961  auc=0.778067
i=34  dims=[20 390 390] 
our: difference=0.000957  auc=0.779856
i=35  dims=[20 400 400] 
our: difference=0.000994  auc=0.783687
i=36  dims=[20 410 410] 
our: difference=0.000996  auc=0.753392
i=37  dims=[20 420 420] 
our: difference=0.000970  auc=0.783721
i=38  dims=[20 430 430] 
our: difference=0.000960  auc=0.745228
i=39  dims=[20 440 440] 
our: difference=0.000960  auc=0.757271
i=40  dims=[20 450 450] 
our: difference=0.000992  auc=0.728721
i=41  dims=[20 460 460] 
our: difference=0.000984  auc=0.778487
i=42  dims=[20 470 470] 
our: difference=0.000962  auc=0.785889
i=43  dims=[20 480 480] 
our: difference=0.000969  auc=0.799882
i=44  dims=[20 490 490] 
our: difference=0.000976  auc=0.789085
i=45  dims=[20 500 500] 
our: difference=0.000985  auc=0.756737

ave_our =

    0.7738
    0.7657
    0.7669
    0.7722
    0.7731
    0.7768
    0.7676
    0.7704
    0.7695
    0.7650
    0.7609
    0.7615
    0.7648
    0.7618
    0.7615
    0.7610
    0.7617
    0.7632
    0.7642
    0.7632
    0.7613
    0.7621
    0.7627
    0.7629
    0.7629
    0.7618
    0.7629
    0.7645
    0.7660
    0.7645
    0.7651
    0.7647
    0.7651
    0.7655
    0.7661
    0.7657
    0.7662
    0.7656
    0.7654
    0.7645
    0.7649
    0.7654
    0.7662
    0.7667
    0.7665

 omegaT_90_5 
NNCP: iterations = 416   difference=0.000010  time=13.996004
our: difference=0.000989  auc=0.774282
i=1  dims=[20 60 60] 
our: difference=0.000875  auc=0.774542
i=2  dims=[20 70 70] 
our: difference=0.000912  auc=0.743923
i=3  dims=[20 80 80] 
our: difference=0.000951  auc=0.781501
i=4  dims=[20 90 90] 
our: difference=0.000894  auc=0.783895
i=5  dims=[20 100 100] 
our: difference=0.000956  auc=0.779685
i=6  dims=[20 110 110] 
our: difference=0.000963  auc=0.798851
i=7  dims=[20 120 120] 
our: difference=0.000979  auc=0.728539
i=8  dims=[20 130 130] 
our: difference=0.000935  auc=0.765649
i=9  dims=[20 140 140] 
our: difference=0.000961  auc=0.751014
i=10  dims=[20 150 150] 
our: difference=0.000968  auc=0.748745
i=11  dims=[20 160 160] 
our: difference=0.000944  auc=0.724549
i=12  dims=[20 170 170] 
our: difference=0.000964  auc=0.765512
i=13  dims=[20 180 180] 
our: difference=0.000927  auc=0.813070
i=14  dims=[20 190 190] 
our: difference=0.000928  auc=0.732298
i=15  dims=[20 200 200] 
our: difference=0.000988  auc=0.754753
i=16  dims=[20 210 210] 
our: difference=0.000985  auc=0.754219
i=17  dims=[20 220 220] 
our: difference=0.000940  auc=0.779236
i=18  dims=[20 230 230] 
our: difference=0.000975  auc=0.802389
i=19  dims=[20 240 240] 
our: difference=0.000943  auc=0.798024
i=20  dims=[20 250 250] 
our: difference=0.000945  auc=0.747366
i=21  dims=[20 260 260] 
our: difference=0.000969  auc=0.716898
i=22  dims=[20 270 270] 
our: difference=0.000969  auc=0.788701
i=23  dims=[20 280 280] 
our: difference=0.000991  auc=0.789065
i=24  dims=[20 290 290] 
our: difference=0.000997  auc=0.753383
i=25  dims=[20 300 300] 
our: difference=0.000978  auc=0.775252
i=26  dims=[20 310 310] 
our: difference=0.000977  auc=0.738407
i=27  dims=[20 320 320] 
our: difference=0.000967  auc=0.786081
i=28  dims=[20 330 330] 
our: difference=0.000964  auc=0.818887
i=29  dims=[20 340 340] 
our: difference=0.000998  auc=0.810382
i=30  dims=[20 350 350] 
our: difference=0.000958  auc=0.717757
i=31  dims=[20 360 360] 
our: difference=0.000986  auc=0.793943
i=32  dims=[20 370 370] 
our: difference=0.000948  auc=0.744998
i=33  dims=[20 380 380] 
our: difference=0.000971  auc=0.781765
i=34  dims=[20 390 390] 
our: difference=0.000964  auc=0.770846
i=35  dims=[20 400 400] 
our: difference=0.000993  auc=0.784656
i=36  dims=[20 410 410] 
our: difference=0.000979  auc=0.747223
i=37  dims=[20 420 420] 
our: difference=0.000952  auc=0.792558
i=38  dims=[20 430 430] 
our: difference=0.000956  auc=0.763397
i=39  dims=[20 440 440] 
our: difference=0.000961  auc=0.750032
i=40  dims=[20 450 450] 
our: difference=0.000976  auc=0.743335
i=41  dims=[20 460 460] 
our: difference=0.000975  auc=0.783035
i=42  dims=[20 470 470] 
our: difference=0.000997  auc=0.790014
i=43  dims=[20 480 480] 
our: difference=0.000994  auc=0.804849
i=44  dims=[20 490 490] 
our: difference=0.000990  auc=0.797442
i=45  dims=[20 500 500] 
our: difference=0.000996  auc=0.759396

ave_our =

    0.7745
    0.7592
    0.7667
    0.7710
    0.7727
    0.7771
    0.7701
    0.7696
    0.7675
    0.7656
    0.7619
    0.7622
    0.7661
    0.7637
    0.7631
    0.7625
    0.7635
    0.7657
    0.7674
    0.7664
    0.7640
    0.7652
    0.7662
    0.7657
    0.7660
    0.7650
    0.7658
    0.7677
    0.7691
    0.7674
    0.7683
    0.7675
    0.7680
    0.7681
    0.7685
    0.7679
    0.7686
    0.7685
    0.7680
    0.7674
    0.7678
    0.7683
    0.7691
    0.7698
    0.7696

init-tncp , R=3 , V=5.000000 , omegaT_90_1 
NNCP: iterations = 416   difference=0.000010  time=13.846104
our: difference=0.000793  auc=0.778101
i=1  dims=[20 60 60] 
our: difference=0.000886  auc=0.773912
i=2  dims=[20 70 70] 
our: difference=0.000896  auc=0.741322
i=3  dims=[20 80 80] 
our: difference=0.000960  auc=0.775477
i=4  dims=[20 90 90] 
our: difference=0.000950  auc=0.776539
i=5  dims=[20 100 100] 
our: difference=0.000958  auc=0.761437
i=6  dims=[20 110 110] 
our: difference=0.000852  auc=0.766774
i=7  dims=[20 120 120] 
our: difference=0.000987  auc=0.703609
i=8  dims=[20 130 130] 
our: difference=0.000926  auc=0.763598
i=9  dims=[20 140 140] 
our: difference=0.000882  auc=0.742336
i=10  dims=[20 150 150] 
our: difference=0.000972  auc=0.720742
i=11  dims=[20 160 160] 
our: difference=0.000947  auc=0.714022
i=12  dims=[20 170 170] 
our: difference=0.000908  auc=0.771307
i=13  dims=[20 180 180] 
our: difference=0.000921  auc=0.788646
i=14  dims=[20 190 190] 
our: difference=0.000938  auc=0.717017
i=15  dims=[20 200 200] 
our: difference=0.000934  auc=0.737030
i=16  dims=[20 210 210] 
our: difference=0.000995  auc=0.738897
i=17  dims=[20 220 220] 
our: difference=0.000981  auc=0.749820
i=18  dims=[20 230 230] 
our: difference=0.000988  auc=0.792025
i=19  dims=[20 240 240] 
our: difference=0.000918  auc=0.770016
i=20  dims=[20 250 250] 
our: difference=0.000959  auc=0.725333
i=21  dims=[20 260 260] 
our: difference=0.000988  auc=0.717141
i=22  dims=[20 270 270] 
our: difference=0.000938  auc=0.774864
i=23  dims=[20 280 280] 
our: difference=0.000948  auc=0.765931
i=24  dims=[20 290 290] 
our: difference=0.000952  auc=0.750659
i=25  dims=[20 300 300] 
our: difference=0.000938  auc=0.768076
i=26  dims=[20 310 310] 
our: difference=0.000992  auc=0.714756
i=27  dims=[20 320 320] 
our: difference=0.000956  auc=0.780916
i=28  dims=[20 330 330] 
our: difference=0.000931  auc=0.811172
i=29  dims=[20 340 340] 
our: difference=0.000938  auc=0.798935
i=30  dims=[20 350 350] 
our: difference=0.000976  auc=0.706394
i=31  dims=[20 360 360] 
our: difference=0.000946  auc=0.781760
i=32  dims=[20 370 370] 
our: difference=0.000986  auc=0.737156
i=33  dims=[20 380 380] 
our: difference=0.000988  auc=0.767278
i=34  dims=[20 390 390] 
our: difference=0.000977  auc=0.762915
i=35  dims=[20 400 400] 
our: difference=0.000990  auc=0.784888
i=36  dims=[20 410 410] 
our: difference=0.000938  auc=0.734859
i=37  dims=[20 420 420] 
our: difference=0.000948  auc=0.782319
i=38  dims=[20 430 430] 
our: difference=0.000950  auc=0.740287
i=39  dims=[20 440 440] 
our: difference=0.000942  auc=0.743729
i=40  dims=[20 450 450] 
our: difference=0.000996  auc=0.727012
i=41  dims=[20 460 460] 
our: difference=0.000992  auc=0.767104
i=42  dims=[20 470 470] 
our: difference=0.000948  auc=0.777083
i=43  dims=[20 480 480] 
our: difference=0.000998  auc=0.794550
i=44  dims=[20 490 490] 
our: difference=0.000979  auc=0.786214
i=45  dims=[20 500 500] 
our: difference=0.000963  auc=0.749753

ave_our =

    0.7739
    0.7576
    0.7636
    0.7668
    0.7657
    0.7659
    0.7570
    0.7578
    0.7561
    0.7526
    0.7491
    0.7509
    0.7538
    0.7512
    0.7503
    0.7495
    0.7496
    0.7519
    0.7529
    0.7515
    0.7499
    0.7510
    0.7516
    0.7516
    0.7523
    0.7508
    0.7519
    0.7540
    0.7556
    0.7540
    0.7549
    0.7543
    0.7547
    0.7549
    0.7558
    0.7552
    0.7559
    0.7555
    0.7552
    0.7545
    0.7548
    0.7554
    0.7563
    0.7570
    0.7568

 omegaT_90_2 
NNCP: iterations = 432   difference=0.000010  time=12.463296
our: difference=0.000782  auc=0.766104
i=1  dims=[20 60 60] 
our: difference=0.000960  auc=0.778618
i=2  dims=[20 70 70] 
our: difference=0.000857  auc=0.750781
i=3  dims=[20 80 80] 
our: difference=0.000862  auc=0.769097
i=4  dims=[20 90 90] 
our: difference=0.000898  auc=0.774072
i=5  dims=[20 100 100] 
our: difference=0.000888  auc=0.750745
i=6  dims=[20 110 110] 
our: difference=0.000872  auc=0.779121
i=7  dims=[20 120 120] 
our: difference=0.000958  auc=0.700447
i=8  dims=[20 130 130] 
our: difference=0.000902  auc=0.748484
i=9  dims=[20 140 140] 
our: difference=0.000884  auc=0.742609
i=10  dims=[20 150 150] 
our: difference=0.000971  auc=0.706850
i=11  dims=[20 160 160] 
our: difference=0.000957  auc=0.711784
i=12  dims=[20 170 170] 
our: difference=0.000983  auc=0.759310
i=13  dims=[20 180 180] 
our: difference=0.000890  auc=0.793245
i=14  dims=[20 190 190] 
our: difference=0.000987  auc=0.709758
i=15  dims=[20 200 200] 
our: difference=0.000946  auc=0.741087
i=16  dims=[20 210 210] 
our: difference=0.000910  auc=0.739619
i=17  dims=[20 220 220] 
our: difference=0.000929  auc=0.751914
i=18  dims=[20 230 230] 
our: difference=0.000926  auc=0.775780
i=19  dims=[20 240 240] 
our: difference=0.000925  auc=0.764246
i=20  dims=[20 250 250] 
our: difference=0.000943  auc=0.740364
i=21  dims=[20 260 260] 
our: difference=0.000996  auc=0.714845
i=22  dims=[20 270 270] 
our: difference=0.000989  auc=0.770021
i=23  dims=[20 280 280] 
our: difference=0.000983  auc=0.765298
i=24  dims=[20 290 290] 
our: difference=0.000953  auc=0.734328
i=25  dims=[20 300 300] 
our: difference=0.000948  auc=0.764749
i=26  dims=[20 310 310] 
our: difference=0.000990  auc=0.723310
i=27  dims=[20 320 320] 
our: difference=0.000950  auc=0.764983
i=28  dims=[20 330 330] 
our: difference=0.000988  auc=0.808708
i=29  dims=[20 340 340] 
our: difference=0.000957  auc=0.794855
i=30  dims=[20 350 350] 
our: difference=0.000967  auc=0.719624
i=31  dims=[20 360 360] 
our: difference=0.000961  auc=0.773073
i=32  dims=[20 370 370] 
our: difference=0.000964  auc=0.734394
i=33  dims=[20 380 380] 
our: difference=0.000997  auc=0.772784
i=34  dims=[20 390 390] 
our: difference=0.000971  auc=0.772752
i=35  dims=[20 400 400] 
our: difference=0.000995  auc=0.781994
i=36  dims=[20 410 410] 
our: difference=0.000947  auc=0.756076
i=37  dims=[20 420 420] 
our: difference=0.000957  auc=0.792800
i=38  dims=[20 430 430] 
our: difference=0.000953  auc=0.744929
i=39  dims=[20 440 440] 
our: difference=0.000973  auc=0.739028
i=40  dims=[20 450 450] 
our: difference=0.000972  auc=0.719950
i=41  dims=[20 460 460] 
our: difference=0.000955  auc=0.784820
i=42  dims=[20 470 470] 
our: difference=0.000972  auc=0.781613
i=43  dims=[20 480 480] 
our: difference=0.000970  auc=0.799469
i=44  dims=[20 490 490] 
our: difference=0.000959  auc=0.791634
i=45  dims=[20 500 500] 
our: difference=0.000960  auc=0.755454

ave_our =

    0.7786
    0.7647
    0.7662
    0.7681
    0.7647
    0.7671
    0.7576
    0.7564
    0.7549
    0.7501
    0.7466
    0.7477
    0.7512
    0.7482
    0.7477
    0.7472
    0.7475
    0.7491
    0.7499
    0.7494
    0.7478
    0.7488
    0.7495
    0.7489
    0.7495
    0.7485
    0.7491
    0.7512
    0.7527
    0.7516
    0.7523
    0.7518
    0.7524
    0.7530
    0.7538
    0.7539
    0.7549
    0.7547
    0.7543
    0.7534
    0.7542
    0.7548
    0.7559
    0.7567
    0.7567

 omegaT_90_3 
NNCP: iterations = 417   difference=0.000010  time=13.013055
our: difference=0.000995  auc=0.765007
i=1  dims=[20 60 60] 
our: difference=0.000859  auc=0.792756
i=2  dims=[20 70 70] 
our: difference=0.000852  auc=0.757706
i=3  dims=[20 80 80] 
our: difference=0.000938  auc=0.766220
i=4  dims=[20 90 90] 
our: difference=0.000911  auc=0.767096
i=5  dims=[20 100 100] 
our: difference=0.000944  auc=0.775893
i=6  dims=[20 110 110] 
our: difference=0.000928  auc=0.783346
i=7  dims=[20 120 120] 
our: difference=0.000981  auc=0.711521
i=8  dims=[20 130 130] 
our: difference=0.000933  auc=0.771749
i=9  dims=[20 140 140] 
our: difference=0.000906  auc=0.749388
i=10  dims=[20 150 150] 
our: difference=0.000958  auc=0.736075
i=11  dims=[20 160 160] 
our: difference=0.000970  auc=0.705994
i=12  dims=[20 170 170] 
our: difference=0.000913  auc=0.753699
i=13  dims=[20 180 180] 
our: difference=0.000922  auc=0.786979
i=14  dims=[20 190 190] 
our: difference=0.000994  auc=0.706783
i=15  dims=[20 200 200] 
our: difference=0.000939  auc=0.739685
i=16  dims=[20 210 210] 
our: difference=0.000928  auc=0.746373
i=17  dims=[20 220 220] 
our: difference=0.000980  auc=0.763226
i=18  dims=[20 230 230] 
our: difference=0.000956  auc=0.790276
i=19  dims=[20 240 240] 
our: difference=0.000957  auc=0.763201
i=20  dims=[20 250 250] 
our: difference=0.000971  auc=0.736621
i=21  dims=[20 260 260] 
our: difference=0.000985  auc=0.710861
i=22  dims=[20 270 270] 
our: difference=0.000964  auc=0.775604
i=23  dims=[20 280 280] 
our: difference=0.000944  auc=0.786062
i=24  dims=[20 290 290] 
our: difference=0.000983  auc=0.747833
i=25  dims=[20 300 300] 
our: difference=0.000946  auc=0.762905
i=26  dims=[20 310 310] 
our: difference=0.000951  auc=0.732582
i=27  dims=[20 320 320] 
our: difference=0.000966  auc=0.790777
i=28  dims=[20 330 330] 
our: difference=0.000983  auc=0.815977
i=29  dims=[20 340 340] 
our: difference=0.000949  auc=0.799780
i=30  dims=[20 350 350] 
our: difference=0.000963  auc=0.706863
i=31  dims=[20 360 360] 
our: difference=0.000975  auc=0.787015
i=32  dims=[20 370 370] 
our: difference=0.000978  auc=0.752640
i=33  dims=[20 380 380] 
our: difference=0.000965  auc=0.772147
i=34  dims=[20 390 390] 
our: difference=0.000965  auc=0.771978
i=35  dims=[20 400 400] 
our: difference=0.000955  auc=0.776612
i=36  dims=[20 410 410] 
our: difference=0.000998  auc=0.746206
i=37  dims=[20 420 420] 
our: difference=0.000968  auc=0.785994
i=38  dims=[20 430 430] 
our: difference=0.000975  auc=0.748806
i=39  dims=[20 440 440] 
our: difference=0.000948  auc=0.739782
i=40  dims=[20 450 450] 
our: difference=0.000974  auc=0.720566
i=41  dims=[20 460 460] 
our: difference=0.000993  auc=0.773400
i=42  dims=[20 470 470] 
our: difference=0.000963  auc=0.781662
i=43  dims=[20 480 480] 
our: difference=0.001000  auc=0.794064
i=44  dims=[20 490 490] 
our: difference=0.000963  auc=0.789197
i=45  dims=[20 500 500] 
our: difference=0.000991  auc=0.748820

ave_our =

    0.7928
    0.7752
    0.7722
    0.7709
    0.7719
    0.7738
    0.7649
    0.7658
    0.7640
    0.7612
    0.7562
    0.7560
    0.7583
    0.7547
    0.7537
    0.7532
    0.7538
    0.7558
    0.7562
    0.7552
    0.7531
    0.7541
    0.7555
    0.7552
    0.7555
    0.7546
    0.7560
    0.7581
    0.7596
    0.7578
    0.7587
    0.7585
    0.7590
    0.7593
    0.7598
    0.7595
    0.7602
    0.7599
    0.7594
    0.7584
    0.7588
    0.7593
    0.7601
    0.7608
    0.7605

 omegaT_90_4 
NNCP: iterations = 391   difference=0.000010  time=10.914015
our: difference=0.000152  auc=0.774014
i=1  dims=[20 60 60] 
our: difference=0.000797  auc=0.767819
i=2  dims=[20 70 70] 
our: difference=0.000800  auc=0.739704
i=3  dims=[20 80 80] 
our: difference=0.000908  auc=0.754497
i=4  dims=[20 90 90] 
our: difference=0.000978  auc=0.771807
i=5  dims=[20 100 100] 
our: difference=0.000934  auc=0.751090
i=6  dims=[20 110 110] 
our: difference=0.000940  auc=0.772978
i=7  dims=[20 120 120] 
our: difference=0.000907  auc=0.686519
i=8  dims=[20 130 130] 
our: difference=0.000856  auc=0.764573
i=9  dims=[20 140 140] 
our: difference=0.000972  auc=0.749438
i=10  dims=[20 150 150] 
our: difference=0.000868  auc=0.701950
i=11  dims=[20 160 160] 
our: difference=0.000990  auc=0.702121
i=12  dims=[20 170 170] 
our: difference=0.000983  auc=0.744947
i=13  dims=[20 180 180] 
our: difference=0.000904  auc=0.787836
i=14  dims=[20 190 190] 
our: difference=0.000998  auc=0.703746
i=15  dims=[20 200 200] 
our: difference=0.000904  auc=0.740272
i=16  dims=[20 210 210] 
our: difference=0.000900  auc=0.740751
i=17  dims=[20 220 220] 
our: difference=0.000905  auc=0.757139
i=18  dims=[20 230 230] 
our: difference=0.000907  auc=0.776711
i=19  dims=[20 240 240] 
our: difference=0.000997  auc=0.767557
i=20  dims=[20 250 250] 
our: difference=0.000983  auc=0.730722
i=21  dims=[20 260 260] 
our: difference=0.000970  auc=0.705437
i=22  dims=[20 270 270] 
our: difference=0.000926  auc=0.767661
i=23  dims=[20 280 280] 
our: difference=0.000991  auc=0.762011
i=24  dims=[20 290 290] 
our: difference=0.000992  auc=0.753081
i=25  dims=[20 300 300] 
our: difference=0.000977  auc=0.758277
i=26  dims=[20 310 310] 
our: difference=0.000924  auc=0.718013
i=27  dims=[20 320 320] 
our: difference=0.000948  auc=0.778601
i=28  dims=[20 330 330] 
our: difference=0.000995  auc=0.797116
i=29  dims=[20 340 340] 
our: difference=0.000930  auc=0.799254
i=30  dims=[20 350 350] 
our: difference=0.000960  auc=0.710118
i=31  dims=[20 360 360] 
our: difference=0.000988  auc=0.771766
i=32  dims=[20 370 370] 
our: difference=0.000949  auc=0.738824
i=33  dims=[20 380 380] 
our: difference=0.000994  auc=0.769649
i=34  dims=[20 390 390] 
our: difference=0.000933  auc=0.768780
i=35  dims=[20 400 400] 
our: difference=0.000951  auc=0.774526
i=36  dims=[20 410 410] 
our: difference=0.000965  auc=0.746719
i=37  dims=[20 420 420] 
our: difference=0.000970  auc=0.776147
i=38  dims=[20 430 430] 
our: difference=0.000943  auc=0.735328
i=39  dims=[20 440 440] 
our: difference=0.000978  auc=0.746692
i=40  dims=[20 450 450] 
our: difference=0.000985  auc=0.720286
i=41  dims=[20 460 460] 
our: difference=0.000974  auc=0.770406
i=42  dims=[20 470 470] 
our: difference=0.000941  auc=0.778897
i=43  dims=[20 480 480] 
our: difference=0.000965  auc=0.791228
i=44  dims=[20 490 490] 
our: difference=0.000982  auc=0.781990
i=45  dims=[20 500 500] 
our: difference=0.000970  auc=0.746297

ave_our =

    0.7678
    0.7538
    0.7540
    0.7585
    0.7570
    0.7596
    0.7492
    0.7511
    0.7509
    0.7460
    0.7420
    0.7423
    0.7458
    0.7428
    0.7426
    0.7425
    0.7434
    0.7452
    0.7464
    0.7456
    0.7437
    0.7448
    0.7455
    0.7458
    0.7463
    0.7453
    0.7465
    0.7483
    0.7501
    0.7487
    0.7495
    0.7491
    0.7498
    0.7503
    0.7510
    0.7509
    0.7516
    0.7511
    0.7510
    0.7503
    0.7508
    0.7514
    0.7523
    0.7530
    0.7529

 omegaT_90_5 
NNCP: iterations = 411   difference=0.000010  time=14.371035
our: difference=0.000987  auc=0.773965
i=1  dims=[20 60 60] 
our: difference=0.000895  auc=0.772894
i=2  dims=[20 70 70] 
our: difference=0.000965  auc=0.738821
i=3  dims=[20 80 80] 
our: difference=0.000932  auc=0.777099
i=4  dims=[20 90 90] 
our: difference=0.000941  auc=0.776867
i=5  dims=[20 100 100] 
our: difference=0.000950  auc=0.774154
i=6  dims=[20 110 110] 
our: difference=0.000963  auc=0.790640
i=7  dims=[20 120 120] 
our: difference=0.000951  auc=0.721602
i=8  dims=[20 130 130] 
our: difference=0.000950  auc=0.758917
i=9  dims=[20 140 140] 
our: difference=0.000934  auc=0.747670
i=10  dims=[20 150 150] 
our: difference=0.000947  auc=0.739900
i=11  dims=[20 160 160] 
our: difference=0.000942  auc=0.717337
i=12  dims=[20 170 170] 
our: difference=0.000985  auc=0.756487
i=13  dims=[20 180 180] 
our: difference=0.000997  auc=0.808428
i=14  dims=[20 190 190] 
our: difference=0.000934  auc=0.724602
i=15  dims=[20 200 200] 
our: difference=0.000923  auc=0.749083
i=16  dims=[20 210 210] 
our: difference=0.000953  auc=0.750189
i=17  dims=[20 220 220] 
our: difference=0.000921  auc=0.773572
i=18  dims=[20 230 230] 
our: difference=0.000972  auc=0.798425
i=19  dims=[20 240 240] 
our: difference=0.000989  auc=0.793796
i=20  dims=[20 250 250] 
our: difference=0.000952  auc=0.742264
i=21  dims=[20 260 260] 
our: difference=0.000934  auc=0.711013
i=22  dims=[20 270 270] 
our: difference=0.000982  auc=0.785448
i=23  dims=[20 280 280] 
our: difference=0.000960  auc=0.784124
i=24  dims=[20 290 290] 
our: difference=0.000968  auc=0.748758
i=25  dims=[20 300 300] 
our: difference=0.000961  auc=0.774180
i=26  dims=[20 310 310] 
our: difference=0.000955  auc=0.732064
i=27  dims=[20 320 320] 
our: difference=0.000954  auc=0.782794
i=28  dims=[20 330 330] 
our: difference=0.000962  auc=0.816353
i=29  dims=[20 340 340] 
our: difference=0.000944  auc=0.806688
i=30  dims=[20 350 350] 
our: difference=0.000979  auc=0.715383
i=31  dims=[20 360 360] 
our: difference=0.000942  auc=0.790215
i=32  dims=[20 370 370] 
our: difference=0.000969  auc=0.741558
i=33  dims=[20 380 380] 
our: difference=0.000997  auc=0.778388
i=34  dims=[20 390 390] 
our: difference=0.000987  auc=0.766681
i=35  dims=[20 400 400] 
our: difference=0.000974  auc=0.781593
i=36  dims=[20 410 410] 
our: difference=0.000972  auc=0.746124
i=37  dims=[20 420 420] 
our: difference=0.000996  auc=0.790135
i=38  dims=[20 430 430] 
our: difference=0.000993  auc=0.758844
i=39  dims=[20 440 440] 
our: difference=0.000963  auc=0.745698
i=40  dims=[20 450 450] 
our: difference=0.000986  auc=0.740817
i=41  dims=[20 460 460] 
our: difference=0.000997  auc=0.780623
i=42  dims=[20 470 470] 
our: difference=0.000990  auc=0.788441
i=43  dims=[20 480 480] 
our: difference=0.000962  auc=0.801833
i=44  dims=[20 490 490] 
our: difference=0.000960  auc=0.794576
i=45  dims=[20 500 500] 
our: difference=0.000982  auc=0.755934

ave_our =

    0.7729
    0.7559
    0.7629
    0.7664
    0.7680
    0.7717
    0.7646
    0.7639
    0.7621
    0.7599
    0.7560
    0.7560
    0.7601
    0.7575
    0.7570
    0.7565
    0.7575
    0.7598
    0.7616
    0.7606
    0.7583
    0.7595
    0.7606
    0.7601
    0.7607
    0.7596
    0.7604
    0.7624
    0.7639
    0.7623
    0.7632
    0.7625
    0.7630
    0.7631
    0.7637
    0.7632
    0.7639
    0.7638
    0.7633
    0.7627
    0.7632
    0.7638
    0.7647
    0.7653
    0.7651

init-tncp , R=3 , V=10.000000 , omegaT_90_1 
NNCP: iterations = 392   difference=0.000010  time=14.079292
our: difference=0.000983  auc=0.777037
i=1  dims=[20 60 60] 
our: difference=0.000951  auc=0.771183
i=2  dims=[20 70 70] 
our: difference=0.000975  auc=0.732884
i=3  dims=[20 80 80] 
our: difference=0.000814  auc=0.763830
i=4  dims=[20 90 90] 
our: difference=0.000938  auc=0.764725
i=5  dims=[20 100 100] 
our: difference=0.000926  auc=0.747455
i=6  dims=[20 110 110] 
our: difference=0.000945  auc=0.751963
i=7  dims=[20 120 120] 
our: difference=0.000980  auc=0.690019
i=8  dims=[20 130 130] 
our: difference=0.000903  auc=0.749370
i=9  dims=[20 140 140] 
our: difference=0.000866  auc=0.731726
i=10  dims=[20 150 150] 
our: difference=0.000919  auc=0.705569
i=11  dims=[20 160 160] 
our: difference=0.000919  auc=0.700693
i=12  dims=[20 170 170] 
our: difference=0.000966  auc=0.754023
i=13  dims=[20 180 180] 
our: difference=0.000887  auc=0.775092
i=14  dims=[20 190 190] 
our: difference=0.000890  auc=0.706493
i=15  dims=[20 200 200] 
our: difference=0.000987  auc=0.725090
i=16  dims=[20 210 210] 
our: difference=0.000933  auc=0.727582
i=17  dims=[20 220 220] 
our: difference=0.000962  auc=0.739022
i=18  dims=[20 230 230] 
our: difference=0.000951  auc=0.781443
i=19  dims=[20 240 240] 
our: difference=0.000967  auc=0.760235
i=20  dims=[20 250 250] 
our: difference=0.000965  auc=0.712152
i=21  dims=[20 260 260] 
our: difference=0.000952  auc=0.705336
i=22  dims=[20 270 270] 
our: difference=0.000985  auc=0.765017
i=23  dims=[20 280 280] 
our: difference=0.000929  auc=0.755874
i=24  dims=[20 290 290] 
our: difference=0.000935  auc=0.740183
i=25  dims=[20 300 300] 
our: difference=0.000998  auc=0.761014
i=26  dims=[20 310 310] 
our: difference=0.000975  auc=0.701712
i=27  dims=[20 320 320] 
our: difference=0.000945  auc=0.772153
i=28  dims=[20 330 330] 
our: difference=0.000995  auc=0.801641
i=29  dims=[20 340 340] 
our: difference=0.000936  auc=0.790788
i=30  dims=[20 350 350] 
our: difference=0.000965  auc=0.698385
i=31  dims=[20 360 360] 
our: difference=0.000953  auc=0.773427
i=32  dims=[20 370 370] 
our: difference=0.000993  auc=0.729167
i=33  dims=[20 380 380] 
our: difference=0.000998  auc=0.759488
i=34  dims=[20 390 390] 
our: difference=0.000986  auc=0.750834
i=35  dims=[20 400 400] 
our: difference=0.000938  auc=0.777774
i=36  dims=[20 410 410] 
our: difference=0.000948  auc=0.729916
i=37  dims=[20 420 420] 
our: difference=0.000960  auc=0.775997
i=38  dims=[20 430 430] 
our: difference=0.000976  auc=0.731097
i=39  dims=[20 440 440] 
our: difference=0.000957  auc=0.732991
i=40  dims=[20 450 450] 
our: difference=0.000958  auc=0.717171
i=41  dims=[20 460 460] 
our: difference=0.000960  auc=0.760596
i=42  dims=[20 470 470] 
our: difference=0.000968  auc=0.771424
i=43  dims=[20 480 480] 
our: difference=0.000972  auc=0.787460
i=44  dims=[20 490 490] 
our: difference=0.000954  auc=0.779070
i=45  dims=[20 500 500] 
our: difference=0.000998  auc=0.740680

ave_our =

    0.7712
    0.7520
    0.7560
    0.7582
    0.7560
    0.7553
    0.7460
    0.7464
    0.7448
    0.7409
    0.7372
    0.7386
    0.7414
    0.7389
    0.7380
    0.7374
    0.7375
    0.7399
    0.7410
    0.7395
    0.7379
    0.7391
    0.7399
    0.7399
    0.7407
    0.7392
    0.7404
    0.7426
    0.7443
    0.7428
    0.7437
    0.7433
    0.7438
    0.7440
    0.7450
    0.7445
    0.7454
    0.7450
    0.7447
    0.7440
    0.7444
    0.7451
    0.7460
    0.7468
    0.7467

 omegaT_90_2 
NNCP: iterations = 392   difference=0.000010  time=13.412818
our: difference=0.000967  auc=0.764343
i=1  dims=[20 60 60] 
our: difference=0.000946  auc=0.779307
i=2  dims=[20 70 70] 
our: difference=0.000830  auc=0.746717
i=3  dims=[20 80 80] 
our: difference=0.000882  auc=0.762524
i=4  dims=[20 90 90] 
our: difference=0.000878  auc=0.765720
i=5  dims=[20 100 100] 
our: difference=0.000855  auc=0.740577
i=6  dims=[20 110 110] 
our: difference=0.000965  auc=0.768361
i=7  dims=[20 120 120] 
our: difference=0.000892  auc=0.692918
i=8  dims=[20 130 130] 
our: difference=0.000879  auc=0.738625
i=9  dims=[20 140 140] 
our: difference=0.000955  auc=0.734912
i=10  dims=[20 150 150] 
our: difference=0.000911  auc=0.699655
i=11  dims=[20 160 160] 
our: difference=0.000911  auc=0.704067
i=12  dims=[20 170 170] 
our: difference=0.000935  auc=0.747412
i=13  dims=[20 180 180] 
our: difference=0.000983  auc=0.784005
i=14  dims=[20 190 190] 
our: difference=0.000954  auc=0.701171
i=15  dims=[20 200 200] 
our: difference=0.000916  auc=0.733942
i=16  dims=[20 210 210] 
our: difference=0.000959  auc=0.732890
i=17  dims=[20 220 220] 
our: difference=0.000907  auc=0.743859
i=18  dims=[20 230 230] 
our: difference=0.000988  auc=0.767469
i=19  dims=[20 240 240] 
our: difference=0.000982  auc=0.757373
i=20  dims=[20 250 250] 
our: difference=0.000929  auc=0.730332
i=21  dims=[20 260 260] 
our: difference=0.000974  auc=0.705188
i=22  dims=[20 270 270] 
our: difference=0.000958  auc=0.762722
i=23  dims=[20 280 280] 
our: difference=0.000960  auc=0.757048
i=24  dims=[20 290 290] 
our: difference=0.000935  auc=0.725055
i=25  dims=[20 300 300] 
our: difference=0.000935  auc=0.761779
i=26  dims=[20 310 310] 
our: difference=0.000979  auc=0.713351
i=27  dims=[20 320 320] 
our: difference=0.000951  auc=0.758606
i=28  dims=[20 330 330] 
our: difference=0.000980  auc=0.802647
i=29  dims=[20 340 340] 
our: difference=0.000957  auc=0.787925
i=30  dims=[20 350 350] 
our: difference=0.000965  auc=0.714509
i=31  dims=[20 360 360] 
our: difference=0.000954  auc=0.768606
i=32  dims=[20 370 370] 
our: difference=0.000967  auc=0.726424
i=33  dims=[20 380 380] 
our: difference=0.000936  auc=0.767048
i=34  dims=[20 390 390] 
our: difference=0.000970  auc=0.765025
i=35  dims=[20 400 400] 
our: difference=0.000945  auc=0.777790
i=36  dims=[20 410 410] 
our: difference=0.000951  auc=0.752107
i=37  dims=[20 420 420] 
our: difference=0.000961  auc=0.787765
i=38  dims=[20 430 430] 
our: difference=0.000958  auc=0.736387
i=39  dims=[20 440 440] 
our: difference=0.000975  auc=0.730456
i=40  dims=[20 450 450] 
our: difference=0.000987  auc=0.711745
i=41  dims=[20 460 460] 
our: difference=0.000970  auc=0.778323
i=42  dims=[20 470 470] 
our: difference=0.000989  auc=0.776606
i=43  dims=[20 480 480] 
our: difference=0.000989  auc=0.793510
i=44  dims=[20 490 490] 
our: difference=0.000979  auc=0.785411
i=45  dims=[20 500 500] 
our: difference=0.000974  auc=0.747941

ave_our =

    0.7793
    0.7630
    0.7628
    0.7636
    0.7590
    0.7605
    0.7509
    0.7493
    0.7477
    0.7429
    0.7394
    0.7401
    0.7434
    0.7404
    0.7400
    0.7396
    0.7398
    0.7413
    0.7422
    0.7416
    0.7399
    0.7409
    0.7416
    0.7409
    0.7417
    0.7407
    0.7413
    0.7435
    0.7450
    0.7440
    0.7448
    0.7442
    0.7449
    0.7455
    0.7464
    0.7466
    0.7477
    0.7474
    0.7470
    0.7461
    0.7469
    0.7476
    0.7487
    0.7495
    0.7495

 omegaT_90_3 
NNCP: iterations = 406   difference=0.000010  time=14.587206
our: difference=0.000987  auc=0.766295
i=1  dims=[20 60 60] 
our: difference=0.000806  auc=0.785198
i=2  dims=[20 70 70] 
our: difference=0.000905  auc=0.742499
i=3  dims=[20 80 80] 
our: difference=0.000966  auc=0.752818
i=4  dims=[20 90 90] 
our: difference=0.000915  auc=0.751111
i=5  dims=[20 100 100] 
our: difference=0.000936  auc=0.752871
i=6  dims=[20 110 110] 
our: difference=0.000859  auc=0.758436
i=7  dims=[20 120 120] 
our: difference=0.000941  auc=0.688908
i=8  dims=[20 130 130] 
our: difference=0.000974  auc=0.747743
i=9  dims=[20 140 140] 
our: difference=0.000872  auc=0.733861
i=10  dims=[20 150 150] 
our: difference=0.000892  auc=0.714616
i=11  dims=[20 160 160] 
our: difference=0.000915  auc=0.683432
i=12  dims=[20 170 170] 
our: difference=0.000993  auc=0.727034
i=13  dims=[20 180 180] 
our: difference=0.000938  auc=0.771321
i=14  dims=[20 190 190] 
our: difference=0.000932  auc=0.689938
i=15  dims=[20 200 200] 
our: difference=0.000949  auc=0.724437
i=16  dims=[20 210 210] 
our: difference=0.000898  auc=0.732270
i=17  dims=[20 220 220] 
our: difference=0.000934  auc=0.748253
i=18  dims=[20 230 230] 
our: difference=0.000963  auc=0.775372
i=19  dims=[20 240 240] 
our: difference=0.000927  auc=0.749208
i=20  dims=[20 250 250] 
our: difference=0.000989  auc=0.719666
i=21  dims=[20 260 260] 
our: difference=0.000938  auc=0.695150
i=22  dims=[20 270 270] 
our: difference=0.000949  auc=0.764219
i=23  dims=[20 280 280] 
our: difference=0.000956  auc=0.770972
i=24  dims=[20 290 290] 
our: difference=0.000955  auc=0.733700
i=25  dims=[20 300 300] 
our: difference=0.000986  auc=0.756430
i=26  dims=[20 310 310] 
our: difference=0.000996  auc=0.715947
i=27  dims=[20 320 320] 
our: difference=0.000968  auc=0.778336
i=28  dims=[20 330 330] 
our: difference=0.000968  auc=0.803365
i=29  dims=[20 340 340] 
our: difference=0.000963  auc=0.786000
i=30  dims=[20 350 350] 
our: difference=0.000979  auc=0.696823
i=31  dims=[20 360 360] 
our: difference=0.000939  auc=0.775867
i=32  dims=[20 370 370] 
our: difference=0.000951  auc=0.741240
i=33  dims=[20 380 380] 
our: difference=0.000940  auc=0.762524
i=34  dims=[20 390 390] 
our: difference=0.000939  auc=0.759560
i=35  dims=[20 400 400] 
our: difference=0.000953  auc=0.765924
i=36  dims=[20 410 410] 
our: difference=0.000933  auc=0.739201
i=37  dims=[20 420 420] 
