
                                                    < M A T L A B (R) >
                                          Copyright 1984-2016 The MathWorks, Inc.
                                           R2016b (9.1.0.441655) 64-bit (glnxa64)
                                                     September 7, 2016

 
To get started, type one of these: helpwin, helpdesk, or demo.
For product information, visit www.mathworks.com.
 
init-tncp , R=5 , V=1.000000 , omegaT_90_1 
NNCP: iterations = 412   difference=0.000010  time=18.285379
our: difference=0.000991  auc=0.777270
i=1  dims=[20 60 60] 
our: difference=0.000970  auc=0.778565
i=2  dims=[20 70 70] 
our: difference=0.000969  auc=0.758441
i=3  dims=[20 80 80] 
our: difference=0.000905  auc=0.793549
i=4  dims=[20 90 90] 
our: difference=0.000955  auc=0.788544
i=5  dims=[20 100 100] 
our: difference=0.000986  auc=0.780706
i=6  dims=[20 110 110] 
our: difference=0.000991  auc=0.787989
i=7  dims=[20 120 120] 
our: difference=0.000934  auc=0.723939
i=8  dims=[20 130 130] 
our: difference=0.000965  auc=0.783943
i=9  dims=[20 140 140] 
our: difference=0.000953  auc=0.754374
i=10  dims=[20 150 150] 
our: difference=0.000996  auc=0.748352
i=11  dims=[20 160 160] 
our: difference=0.000943  auc=0.733664
i=12  dims=[20 170 170] 
our: difference=0.000983  auc=0.794927
i=13  dims=[20 180 180] 
our: difference=0.000958  auc=0.805497
i=14  dims=[20 190 190] 
our: difference=0.000951  auc=0.736983
i=15  dims=[20 200 200] 
our: difference=0.000951  auc=0.752880
i=16  dims=[20 210 210] 
our: difference=0.000966  auc=0.754990
i=17  dims=[20 220 220] 
our: difference=0.000954  auc=0.766646
i=18  dims=[20 230 230] 
our: difference=0.000965  auc=0.804142
i=19  dims=[20 240 240] 
our: difference=0.000970  auc=0.780462
i=20  dims=[20 250 250] 
our: difference=0.000954  auc=0.742374
i=21  dims=[20 260 260] 
our: difference=0.000968  auc=0.734065
i=22  dims=[20 270 270] 
our: difference=0.000972  auc=0.783822
i=23  dims=[20 280 280] 
our: difference=0.000970  auc=0.779339
i=24  dims=[20 290 290] 
our: difference=0.000993  auc=0.764152
i=25  dims=[20 300 300] 
our: difference=0.000954  auc=0.768965
i=26  dims=[20 310 310] 
our: difference=0.000966  auc=0.732088
i=27  dims=[20 320 320] 
our: difference=0.000988  auc=0.788850
i=28  dims=[20 330 330] 
our: difference=0.000994  auc=0.818263
i=29  dims=[20 340 340] 
our: difference=0.000983  auc=0.808911
i=30  dims=[20 350 350] 
our: difference=0.000991  auc=0.710881
i=31  dims=[20 360 360] 
our: difference=0.000972  auc=0.787772
i=32  dims=[20 370 370] 
our: difference=0.000965  auc=0.748012
i=33  dims=[20 380 380] 
our: difference=0.000992  auc=0.773994
i=34  dims=[20 390 390] 
our: difference=0.000960  auc=0.773138
i=35  dims=[20 400 400] 
our: difference=0.000986  auc=0.794736
i=36  dims=[20 410 410] 
our: difference=0.000996  auc=0.739997
i=37  dims=[20 420 420] 
our: difference=0.000970  auc=0.787077
i=38  dims=[20 430 430] 
our: difference=0.000963  auc=0.754183
i=39  dims=[20 440 440] 
our: difference=0.000995  auc=0.751393
i=40  dims=[20 450 450] 
our: difference=0.000965  auc=0.733918
i=41  dims=[20 460 460] 
our: difference=0.000995  auc=0.774554
i=42  dims=[20 470 470] 
our: difference=0.000971  auc=0.780431
i=43  dims=[20 480 480] 
our: difference=0.000964  auc=0.800426
i=44  dims=[20 490 490] 
our: difference=0.000971  auc=0.793132
i=45  dims=[20 500 500] 
our: difference=0.000984  auc=0.759045

ave_our =

    0.7786
    0.7685
    0.7769
    0.7798
    0.7800
    0.7813
    0.7731
    0.7745
    0.7722
    0.7698
    0.7666
    0.7689
    0.7717
    0.7692
    0.7682
    0.7673
    0.7673
    0.7693
    0.7699
    0.7685
    0.7669
    0.7677
    0.7682
    0.7680
    0.7681
    0.7667
    0.7675
    0.7693
    0.7707
    0.7687
    0.7693
    0.7686
    0.7688
    0.7689
    0.7697
    0.7688
    0.7693
    0.7689
    0.7685
    0.7676
    0.7678
    0.7681
    0.7688
    0.7694
    0.7692

 omegaT_90_2 
NNCP: iterations = 440   difference=0.000010  time=21.856494
our: difference=0.000982  auc=0.764047
i=1  dims=[20 60 60] 
our: difference=0.000970  auc=0.777117
i=2  dims=[20 70 70] 
our: difference=0.000917  auc=0.759940
i=3  dims=[20 80 80] 
our: difference=0.000928  auc=0.779491
i=4  dims=[20 90 90] 
our: difference=0.000927  auc=0.784672
i=5  dims=[20 100 100] 
our: difference=0.000978  auc=0.764713
i=6  dims=[20 110 110] 
our: difference=0.000957  auc=0.796932
i=7  dims=[20 120 120] 
our: difference=0.000952  auc=0.718219
i=8  dims=[20 130 130] 
our: difference=0.000997  auc=0.769619
i=9  dims=[20 140 140] 
our: difference=0.000938  auc=0.751380
i=10  dims=[20 150 150] 
our: difference=0.000944  auc=0.726928
i=11  dims=[20 160 160] 
our: difference=0.000957  auc=0.725957
i=12  dims=[20 170 170] 
our: difference=0.000960  auc=0.780872
i=13  dims=[20 180 180] 
our: difference=0.000955  auc=0.807184
i=14  dims=[20 190 190] 
our: difference=0.000965  auc=0.723553
i=15  dims=[20 200 200] 
our: difference=0.000995  auc=0.754267
i=16  dims=[20 210 210] 
our: difference=0.000973  auc=0.749823
i=17  dims=[20 220 220] 
our: difference=0.000989  auc=0.767235
i=18  dims=[20 230 230] 
our: difference=0.000978  auc=0.787045
i=19  dims=[20 240 240] 
our: difference=0.000993  auc=0.778032
i=20  dims=[20 250 250] 
our: difference=0.000963  auc=0.751352
i=21  dims=[20 260 260] 
our: difference=0.000994  auc=0.728804
i=22  dims=[20 270 270] 
our: difference=0.000965  auc=0.776778
i=23  dims=[20 280 280] 
our: difference=0.000954  auc=0.778967
i=24  dims=[20 290 290] 
our: difference=0.000988  auc=0.746392
i=25  dims=[20 300 300] 
our: difference=0.000955  auc=0.764041
i=26  dims=[20 310 310] 
our: difference=0.000978  auc=0.739416
i=27  dims=[20 320 320] 
our: difference=0.000957  auc=0.773297
i=28  dims=[20 330 330] 
our: difference=0.000983  auc=0.813302
i=29  dims=[20 340 340] 
our: difference=0.000976  auc=0.805420
i=30  dims=[20 350 350] 
our: difference=0.000954  auc=0.725935
i=31  dims=[20 360 360] 
our: difference=0.000992  auc=0.778345
i=32  dims=[20 370 370] 
our: difference=0.000982  auc=0.745071
i=33  dims=[20 380 380] 
our: difference=0.000961  auc=0.783059
i=34  dims=[20 390 390] 
our: difference=0.000987  auc=0.781251
i=35  dims=[20 400 400] 
our: difference=0.000959  auc=0.789619
i=36  dims=[20 410 410] 
our: difference=0.000961  auc=0.759404
i=37  dims=[20 420 420] 
our: difference=0.000981  auc=0.796391
i=38  dims=[20 430 430] 
our: difference=0.000969  auc=0.756050
i=39  dims=[20 440 440] 
our: difference=0.000973  auc=0.749243
i=40  dims=[20 450 450] 
our: difference=0.000988  auc=0.726455
i=41  dims=[20 460 460] 
our: difference=0.000958  auc=0.791461
i=42  dims=[20 470 470] 
our: difference=0.000994  auc=0.783388
i=43  dims=[20 480 480] 
our: difference=0.000960  auc=0.803302
i=44  dims=[20 490 490] 
our: difference=0.000959  auc=0.795691
i=45  dims=[20 500 500] 
our: difference=0.000975  auc=0.762703

ave_our =

    0.7771
    0.7685
    0.7722
    0.7753
    0.7732
    0.7771
    0.7687
    0.7688
    0.7669
    0.7629
    0.7595
    0.7613
    0.7648
    0.7619
    0.7614
    0.7607
    0.7611
    0.7625
    0.7633
    0.7627
    0.7611
    0.7618
    0.7626
    0.7619
    0.7620
    0.7611
    0.7616
    0.7634
    0.7649
    0.7636
    0.7640
    0.7634
    0.7640
    0.7645
    0.7653
    0.7651
    0.7659
    0.7657
    0.7653
    0.7643
    0.7650
    0.7654
    0.7663
    0.7669
    0.7668

 omegaT_90_3 
NNCP: iterations = 428   difference=0.000010  time=23.856066
our: difference=0.000996  auc=0.765440
i=1  dims=[20 60 60] 
our: difference=0.000927  auc=0.795555
i=2  dims=[20 70 70] 
our: difference=0.000961  auc=0.768869
i=3  dims=[20 80 80] 
our: difference=0.000980  auc=0.764191
i=4  dims=[20 90 90] 
our: difference=0.000942  auc=0.773460
i=5  dims=[20 100 100] 
our: difference=0.000929  auc=0.784107
i=6  dims=[20 110 110] 
our: difference=0.000996  auc=0.795168
i=7  dims=[20 120 120] 
our: difference=0.000935  auc=0.728214
i=8  dims=[20 130 130] 
our: difference=0.000959  auc=0.789701
i=9  dims=[20 140 140] 
our: difference=0.000944  auc=0.759458
i=10  dims=[20 150 150] 
our: difference=0.000981  auc=0.752299
i=11  dims=[20 160 160] 
our: difference=0.000961  auc=0.721118
i=12  dims=[20 170 170] 
our: difference=0.000995  auc=0.773145
i=13  dims=[20 180 180] 
our: difference=0.000975  auc=0.793652
i=14  dims=[20 190 190] 
our: difference=0.000950  auc=0.721939
i=15  dims=[20 200 200] 
our: difference=0.000988  auc=0.749150
i=16  dims=[20 210 210] 
our: difference=0.000986  auc=0.756761
i=17  dims=[20 220 220] 
our: difference=0.000977  auc=0.773345
i=18  dims=[20 230 230] 
our: difference=0.000989  auc=0.797905
i=19  dims=[20 240 240] 
our: difference=0.001000  auc=0.769052
i=20  dims=[20 250 250] 
our: difference=0.000989  auc=0.746410
i=21  dims=[20 260 260] 
our: difference=0.000954  auc=0.720228
i=22  dims=[20 270 270] 
our: difference=0.000965  auc=0.777984
i=23  dims=[20 280 280] 
our: difference=0.000959  auc=0.795659
i=24  dims=[20 290 290] 
our: difference=0.000960  auc=0.758006
i=25  dims=[20 300 300] 
our: difference=0.000958  auc=0.764208
i=26  dims=[20 310 310] 
our: difference=0.000981  auc=0.744683
i=27  dims=[20 320 320] 
our: difference=0.000987  auc=0.795927
i=28  dims=[20 330 330] 
our: difference=0.000965  auc=0.821208
i=29  dims=[20 340 340] 
our: difference=0.000965  auc=0.808017
i=30  dims=[20 350 350] 
our: difference=0.000962  auc=0.710427
i=31  dims=[20 360 360] 
our: difference=0.000997  auc=0.791345
i=32  dims=[20 370 370] 
our: difference=0.000948  auc=0.758791
i=33  dims=[20 380 380] 
our: difference=0.000958  auc=0.776684
i=34  dims=[20 390 390] 
our: difference=0.000983  auc=0.778873
i=35  dims=[20 400 400] 
our: difference=0.000992  auc=0.782339
i=36  dims=[20 410 410] 
our: difference=0.000962  auc=0.746786
i=37  dims=[20 420 420] 
our: difference=0.000959  auc=0.787768
i=38  dims=[20 430 430] 
our: difference=0.000970  auc=0.757887
i=39  dims=[20 440 440] 
our: difference=0.000991  auc=0.747728
i=40  dims=[20 450 450] 
our: difference=0.000990  auc=0.726598
i=41  dims=[20 460 460] 
our: difference=0.000955  auc=0.777479
i=42  dims=[20 470 470] 
our: difference=0.000978  auc=0.783080
i=43  dims=[20 480 480] 
our: difference=0.000975  auc=0.799085
i=44  dims=[20 490 490] 
our: difference=0.000960  auc=0.793463
i=45  dims=[20 500 500] 
our: difference=0.000966  auc=0.755133

ave_our =

    0.7956
    0.7822
    0.7762
    0.7755
    0.7772
    0.7802
    0.7728
    0.7749
    0.7732
    0.7711
    0.7666
    0.7671
    0.7691
    0.7658
    0.7647
    0.7642
    0.7647
    0.7666
    0.7667
    0.7657
    0.7635
    0.7642
    0.7655
    0.7652
    0.7652
    0.7644
    0.7656
    0.7676
    0.7689
    0.7670
    0.7678
    0.7675
    0.7678
    0.7681
    0.7685
    0.7679
    0.7684
    0.7682
    0.7676
    0.7666
    0.7669
    0.7673
    0.7680
    0.7686
    0.7683

 omegaT_90_4 
NNCP: iterations = 416   difference=0.000010  time=22.784996
our: difference=0.000982  auc=0.772288
i=1  dims=[20 60 60] 
our: difference=0.000947  auc=0.772809
i=2  dims=[20 70 70] 
our: difference=0.000988  auc=0.760824
i=3  dims=[20 80 80] 
our: difference=0.000972  auc=0.767766
i=4  dims=[20 90 90] 
our: difference=0.000945  auc=0.790593
i=5  dims=[20 100 100] 
our: difference=0.000973  auc=0.781545
i=6  dims=[20 110 110] 
our: difference=0.000940  auc=0.800585
i=7  dims=[20 120 120] 
our: difference=0.000930  auc=0.718982
i=8  dims=[20 130 130] 
our: difference=0.000962  auc=0.794359
i=9  dims=[20 140 140] 
our: difference=0.000952  auc=0.764428
i=10  dims=[20 150 150] 
our: difference=0.000954  auc=0.731471
i=11  dims=[20 160 160] 
our: difference=0.000990  auc=0.723531
i=12  dims=[20 170 170] 
our: difference=0.000957  auc=0.775626
i=13  dims=[20 180 180] 
our: difference=0.000970  auc=0.806791
i=14  dims=[20 190 190] 
our: difference=0.000958  auc=0.728791
i=15  dims=[20 200 200] 
our: difference=0.000999  auc=0.759894
i=16  dims=[20 210 210] 
our: difference=0.000997  auc=0.755578
i=17  dims=[20 220 220] 
our: difference=0.000981  auc=0.777561
i=18  dims=[20 230 230] 
our: difference=0.000948  auc=0.790115
i=19  dims=[20 240 240] 
our: difference=0.000982  auc=0.785114
i=20  dims=[20 250 250] 
our: difference=0.000974  auc=0.747111
i=21  dims=[20 260 260] 
our: difference=0.000945  auc=0.728315
i=22  dims=[20 270 270] 
our: difference=0.000955  auc=0.779372
i=23  dims=[20 280 280] 
our: difference=0.000970  auc=0.779679
i=24  dims=[20 290 290] 
our: difference=0.000988  auc=0.772879
i=25  dims=[20 300 300] 
our: difference=0.000950  auc=0.761208
i=26  dims=[20 310 310] 
our: difference=0.000962  auc=0.742437
i=27  dims=[20 320 320] 
our: difference=0.000989  auc=0.793639
i=28  dims=[20 330 330] 
our: difference=0.000964  auc=0.810141
i=29  dims=[20 340 340] 
our: difference=0.000961  auc=0.811188
i=30  dims=[20 350 350] 
our: difference=0.000996  auc=0.721977
i=31  dims=[20 360 360] 
our: difference=0.000960  auc=0.785653
i=32  dims=[20 370 370] 
our: difference=0.000997  auc=0.754531
i=33  dims=[20 380 380] 
our: difference=0.000992  auc=0.779938
i=34  dims=[20 390 390] 
our: difference=0.000955  auc=0.783081
i=35  dims=[20 400 400] 
our: difference=0.000964  auc=0.785548
i=36  dims=[20 410 410] 
our: difference=0.000966  auc=0.753721
i=37  dims=[20 420 420] 
our: difference=0.000983  auc=0.785113
i=38  dims=[20 430 430] 
our: difference=0.000973  auc=0.747709
i=39  dims=[20 440 440] 
our: difference=0.000970  auc=0.759688
i=40  dims=[20 450 450] 
our: difference=0.000957  auc=0.730148
i=41  dims=[20 460 460] 
our: difference=0.000956  auc=0.778635
i=42  dims=[20 470 470] 
our: difference=0.000975  auc=0.785133
i=43  dims=[20 480 480] 
our: difference=0.000956  auc=0.801457
i=44  dims=[20 490 490] 
our: difference=0.000965  auc=0.790180
i=45  dims=[20 500 500] 
our: difference=0.000992  auc=0.759267

ave_our =

    0.7728
    0.7668
    0.7671
    0.7730
    0.7747
    0.7790
    0.7704
    0.7734
    0.7724
    0.7683
    0.7643
    0.7652
    0.7684
    0.7656
    0.7652
    0.7646
    0.7654
    0.7667
    0.7677
    0.7667
    0.7648
    0.7655
    0.7661
    0.7664
    0.7662
    0.7653
    0.7663
    0.7679
    0.7694
    0.7678
    0.7684
    0.7680
    0.7683
    0.7688
    0.7692
    0.7688
    0.7692
    0.7687
    0.7684
    0.7675
    0.7678
    0.7682
    0.7689
    0.7694
    0.7692

 omegaT_90_5 
NNCP: iterations = 420   difference=0.000010  time=24.166521
our: difference=0.000987  auc=0.774913
i=1  dims=[20 60 60] 
our: difference=0.000953  auc=0.772291
i=2  dims=[20 70 70] 
our: difference=0.000911  auc=0.746355
i=3  dims=[20 80 80] 
our: difference=0.000982  auc=0.779588
i=4  dims=[20 90 90] 
our: difference=0.000922  auc=0.787831
i=5  dims=[20 100 100] 
our: difference=0.000967  auc=0.779939
i=6  dims=[20 110 110] 
our: difference=0.000968  auc=0.803874
i=7  dims=[20 120 120] 
our: difference=0.000992  auc=0.732837
i=8  dims=[20 130 130] 
our: difference=0.000951  auc=0.769690
i=9  dims=[20 140 140] 
our: difference=0.000948  auc=0.751278
i=10  dims=[20 150 150] 
our: difference=0.000951  auc=0.755647
i=11  dims=[20 160 160] 
our: difference=0.000941  auc=0.730344
i=12  dims=[20 170 170] 
our: difference=0.000977  auc=0.773448
i=13  dims=[20 180 180] 
our: difference=0.000969  auc=0.814779
i=14  dims=[20 190 190] 
our: difference=0.000952  auc=0.738949
i=15  dims=[20 200 200] 
our: difference=0.000943  auc=0.757754
i=16  dims=[20 210 210] 
our: difference=0.000952  auc=0.756097
i=17  dims=[20 220 220] 
our: difference=0.000964  auc=0.783214
i=18  dims=[20 230 230] 
our: difference=0.000973  auc=0.803561
i=19  dims=[20 240 240] 
our: difference=0.000991  auc=0.799859
i=20  dims=[20 250 250] 
our: difference=0.000964  auc=0.750940
i=21  dims=[20 260 260] 
our: difference=0.000956  auc=0.721561
i=22  dims=[20 270 270] 
our: difference=0.000966  auc=0.789600
i=23  dims=[20 280 280] 
our: difference=0.000954  auc=0.792386
i=24  dims=[20 290 290] 
our: difference=0.000991  auc=0.756574
i=25  dims=[20 300 300] 
our: difference=0.000963  auc=0.773976
i=26  dims=[20 310 310] 
our: difference=0.000987  auc=0.744055
i=27  dims=[20 320 320] 
our: difference=0.000986  auc=0.787579
i=28  dims=[20 330 330] 
our: difference=0.000977  auc=0.819346
i=29  dims=[20 340 340] 
our: difference=0.000984  auc=0.811766
i=30  dims=[20 350 350] 
our: difference=0.000957  auc=0.718617
i=31  dims=[20 360 360] 
our: difference=0.000969  auc=0.795557
i=32  dims=[20 370 370] 
our: difference=0.000984  auc=0.746989
i=33  dims=[20 380 380] 
our: difference=0.000976  auc=0.784005
i=34  dims=[20 390 390] 
our: difference=0.000973  auc=0.773690
i=35  dims=[20 400 400] 
our: difference=0.000989  auc=0.786545
i=36  dims=[20 410 410] 
our: difference=0.000974  auc=0.746416
i=37  dims=[20 420 420] 
our: difference=0.000952  auc=0.792699
i=38  dims=[20 430 430] 
our: difference=0.000952  auc=0.766524
i=39  dims=[20 440 440] 
our: difference=0.000957  auc=0.753599
i=40  dims=[20 450 450] 
our: difference=0.000962  auc=0.743610
i=41  dims=[20 460 460] 
our: difference=0.000983  auc=0.783640
i=42  dims=[20 470 470] 
our: difference=0.000995  auc=0.789344
i=43  dims=[20 480 480] 
our: difference=0.000985  auc=0.806415
i=44  dims=[20 490 490] 
our: difference=0.000980  auc=0.798700
i=45  dims=[20 500 500] 
our: difference=0.000962  auc=0.761276

ave_our =

    0.7723
    0.7593
    0.7661
    0.7715
    0.7732
    0.7783
    0.7718
    0.7716
    0.7693
    0.7679
    0.7645
    0.7653
    0.7691
    0.7669
    0.7663
    0.7657
    0.7667
    0.7687
    0.7704
    0.7694
    0.7671
    0.7682
    0.7692
    0.7687
    0.7689
    0.7679
    0.7687
    0.7705
    0.7719
    0.7701
    0.7709
    0.7702
    0.7706
    0.7707
    0.7712
    0.7705
    0.7711
    0.7710
    0.7705
    0.7698
    0.7702
    0.7706
    0.7715
    0.7721
    0.7718

init-tncp , R=5 , V=3.000000 , omegaT_90_1 
NNCP: iterations = 399   difference=0.000010  time=16.684319
our: difference=0.000158  auc=0.778241
i=1  dims=[20 60 60] 
our: difference=0.000864  auc=0.777819
i=2  dims=[20 70 70] 
our: difference=0.000865  auc=0.747511
i=3  dims=[20 80 80] 
our: difference=0.000921  auc=0.783008
i=4  dims=[20 90 90] 
our: difference=0.000991  auc=0.784707
i=5  dims=[20 100 100] 
our: difference=0.000958  auc=0.770123
i=6  dims=[20 110 110] 
our: difference=0.000889  auc=0.776523
i=7  dims=[20 120 120] 
our: difference=0.000995  auc=0.712581
i=8  dims=[20 130 130] 
our: difference=0.000953  auc=0.772300
i=9  dims=[20 140 140] 
our: difference=0.000906  auc=0.748732
i=10  dims=[20 150 150] 
our: difference=0.000901  auc=0.731437
i=11  dims=[20 160 160] 
our: difference=0.000955  auc=0.721476
i=12  dims=[20 170 170] 
our: difference=0.000934  auc=0.782497
i=13  dims=[20 180 180] 
our: difference=0.000930  auc=0.796649
i=14  dims=[20 190 190] 
our: difference=0.000959  auc=0.725111
i=15  dims=[20 200 200] 
our: difference=0.000953  auc=0.744300
i=16  dims=[20 210 210] 
our: difference=0.000930  auc=0.745274
i=17  dims=[20 220 220] 
our: difference=0.000983  auc=0.755605
i=18  dims=[20 230 230] 
our: difference=0.000993  auc=0.797655
i=19  dims=[20 240 240] 
our: difference=0.000925  auc=0.774606
i=20  dims=[20 250 250] 
our: difference=0.000932  auc=0.732897
i=21  dims=[20 260 260] 
our: difference=0.000985  auc=0.724678
i=22  dims=[20 270 270] 
our: difference=0.000940  auc=0.778836
i=23  dims=[20 280 280] 
our: difference=0.000935  auc=0.772266
i=24  dims=[20 290 290] 
our: difference=0.000940  auc=0.757290
i=25  dims=[20 300 300] 
our: difference=0.000998  auc=0.771327
i=26  dims=[20 310 310] 
our: difference=0.000978  auc=0.722897
i=27  dims=[20 320 320] 
our: difference=0.000937  auc=0.785208
i=28  dims=[20 330 330] 
our: difference=0.000978  auc=0.815365
i=29  dims=[20 340 340] 
our: difference=0.000983  auc=0.804097
i=30  dims=[20 350 350] 
our: difference=0.000957  auc=0.710277
i=31  dims=[20 360 360] 
our: difference=0.000978  auc=0.786137
i=32  dims=[20 370 370] 
our: difference=0.000956  auc=0.741242
i=33  dims=[20 380 380] 
our: difference=0.000958  auc=0.771269
i=34  dims=[20 390 390] 
our: difference=0.000946  auc=0.768948
i=35  dims=[20 400 400] 
our: difference=0.000954  auc=0.788544
i=36  dims=[20 410 410] 
our: difference=0.000965  auc=0.737089
i=37  dims=[20 420 420] 
our: difference=0.000967  auc=0.785534
i=38  dims=[20 430 430] 
our: difference=0.000964  auc=0.746324
i=39  dims=[20 440 440] 
our: difference=0.000961  auc=0.749997
i=40  dims=[20 450 450] 
our: difference=0.000951  auc=0.731753
i=41  dims=[20 460 460] 
our: difference=0.000998  auc=0.770258
i=42  dims=[20 470 470] 
our: difference=0.000959  auc=0.779015
i=43  dims=[20 480 480] 
our: difference=0.000947  auc=0.797681
i=44  dims=[20 490 490] 
our: difference=0.000979  auc=0.790371
i=45  dims=[20 500 500] 
our: difference=0.000963  auc=0.754445

ave_our =

    0.7778
    0.7627
    0.7694
    0.7733
    0.7726
    0.7733
    0.7646
    0.7656
    0.7637
    0.7605
    0.7569
    0.7591
    0.7620
    0.7593
    0.7583
    0.7575
    0.7574
    0.7596
    0.7604
    0.7590
    0.7574
    0.7584
    0.7590
    0.7589
    0.7594
    0.7580
    0.7590
    0.7610
    0.7625
    0.7608
    0.7616
    0.7610
    0.7613
    0.7615
    0.7623
    0.7616
    0.7622
    0.7618
    0.7615
    0.7607
    0.7610
    0.7614
    0.7623
    0.7629
    0.7627

 omegaT_90_2 
NNCP: iterations = 418   difference=0.000010  time=19.531796
our: difference=0.000532  auc=0.767703
i=1  dims=[20 60 60] 
our: difference=0.000827  auc=0.776185
i=2  dims=[20 70 70] 
our: difference=0.000973  auc=0.751219
i=3  dims=[20 80 80] 
our: difference=0.000935  auc=0.767411
i=4  dims=[20 90 90] 
our: difference=0.000971  auc=0.778919
i=5  dims=[20 100 100] 
our: difference=0.000987  auc=0.751824
i=6  dims=[20 110 110] 
our: difference=0.000946  auc=0.781221
i=7  dims=[20 120 120] 
our: difference=0.000911  auc=0.700734
i=8  dims=[20 130 130] 
our: difference=0.000870  auc=0.750773
i=9  dims=[20 140 140] 
our: difference=0.000967  auc=0.743968
i=10  dims=[20 150 150] 
our: difference=0.000930  auc=0.708211
i=11  dims=[20 160 160] 
our: difference=0.000934  auc=0.713050
i=12  dims=[20 170 170] 
our: difference=0.000962  auc=0.764852
i=13  dims=[20 180 180] 
our: difference=0.000968  auc=0.796272
i=14  dims=[20 190 190] 
our: difference=0.000969  auc=0.711623
i=15  dims=[20 200 200] 
our: difference=0.000920  auc=0.742655
i=16  dims=[20 210 210] 
our: difference=0.000989  auc=0.739634
i=17  dims=[20 220 220] 
our: difference=0.000906  auc=0.754689
i=18  dims=[20 230 230] 
our: difference=0.000909  auc=0.777497
i=19  dims=[20 240 240] 
our: difference=0.000990  auc=0.765801
i=20  dims=[20 250 250] 
our: difference=0.000933  auc=0.743232
i=21  dims=[20 260 260] 
our: difference=0.000992  auc=0.718744
i=22  dims=[20 270 270] 
our: difference=0.000971  auc=0.771229
i=23  dims=[20 280 280] 
our: difference=0.000980  auc=0.768549
i=24  dims=[20 290 290] 
our: difference=0.000935  auc=0.737370
i=25  dims=[20 300 300] 
our: difference=0.000937  auc=0.762847
i=26  dims=[20 310 310] 
our: difference=0.000982  auc=0.727479
i=27  dims=[20 320 320] 
our: difference=0.000941  auc=0.764210
i=28  dims=[20 330 330] 
our: difference=0.000979  auc=0.808570
i=29  dims=[20 340 340] 
our: difference=0.000945  auc=0.797076
i=30  dims=[20 350 350] 
our: difference=0.000964  auc=0.719226
i=31  dims=[20 360 360] 
our: difference=0.000957  auc=0.774105
i=32  dims=[20 370 370] 
our: difference=0.000957  auc=0.737081
i=33  dims=[20 380 380] 
our: difference=0.000994  auc=0.772763
i=34  dims=[20 390 390] 
our: difference=0.000965  auc=0.776477
i=35  dims=[20 400 400] 
our: difference=0.000988  auc=0.782427
i=36  dims=[20 410 410] 
our: difference=0.000940  auc=0.755750
i=37  dims=[20 420 420] 
our: difference=0.000953  auc=0.794468
i=38  dims=[20 430 430] 
our: difference=0.000949  auc=0.749066
i=39  dims=[20 440 440] 
our: difference=0.000971  auc=0.743329
i=40  dims=[20 450 450] 
our: difference=0.000973  auc=0.722926
i=41  dims=[20 460 460] 
our: difference=0.000952  auc=0.787460
i=42  dims=[20 470 470] 
our: difference=0.000968  auc=0.781666
i=43  dims=[20 480 480] 
our: difference=0.000965  auc=0.800884
i=44  dims=[20 490 490] 
our: difference=0.000958  auc=0.794276
i=45  dims=[20 500 500] 
our: difference=0.000958  auc=0.758694

ave_our =

    0.7762
    0.7637
    0.7649
    0.7684
    0.7651
    0.7678
    0.7582
    0.7573
    0.7558
    0.7510
    0.7476
    0.7490
    0.7527
    0.7497
    0.7493
    0.7487
    0.7490
    0.7506
    0.7514
    0.7510
    0.7495
    0.7504
    0.7512
    0.7507
    0.7511
    0.7502
    0.7507
    0.7528
    0.7543
    0.7532
    0.7538
    0.7533
    0.7539
    0.7546
    0.7554
    0.7554
    0.7564
    0.7562
    0.7559
    0.7551
    0.7559
    0.7565
    0.7575
    0.7584
    0.7584

 omegaT_90_3 
NNCP: iterations = 428   difference=0.000010  time=19.598447
our: difference=0.000996  auc=0.765135
i=1  dims=[20 60 60] 
our: difference=0.000884  auc=0.795434
i=2  dims=[20 70 70] 
our: difference=0.000945  auc=0.764183
i=3  dims=[20 80 80] 
our: difference=0.000990  auc=0.769304
i=4  dims=[20 90 90] 
our: difference=0.000951  auc=0.772852
i=5  dims=[20 100 100] 
our: difference=0.000891  auc=0.782821
i=6  dims=[20 110 110] 
our: difference=0.000902  auc=0.791769
i=7  dims=[20 120 120] 
our: difference=0.000933  auc=0.721271
i=8  dims=[20 130 130] 
our: difference=0.000939  auc=0.782082
i=9  dims=[20 140 140] 
our: difference=0.000917  auc=0.755557
i=10  dims=[20 150 150] 
our: difference=0.000975  auc=0.745354
i=11  dims=[20 160 160] 
our: difference=0.000972  auc=0.714491
i=12  dims=[20 170 170] 
our: difference=0.000978  auc=0.764455
i=13  dims=[20 180 180] 
our: difference=0.000941  auc=0.791711
i=14  dims=[20 190 190] 
our: difference=0.000992  auc=0.714409
i=15  dims=[20 200 200] 
our: difference=0.000981  auc=0.745318
i=16  dims=[20 210 210] 
our: difference=0.000963  auc=0.752247
i=17  dims=[20 220 220] 
our: difference=0.000991  auc=0.769051
i=18  dims=[20 230 230] 
our: difference=0.000974  auc=0.795287
i=19  dims=[20 240 240] 
our: difference=0.000976  auc=0.767181
i=20  dims=[20 250 250] 
our: difference=0.000969  auc=0.742302
i=21  dims=[20 260 260] 
our: difference=0.000975  auc=0.716528
i=22  dims=[20 270 270] 
our: difference=0.000967  auc=0.778221
i=23  dims=[20 280 280] 
our: difference=0.000983  auc=0.791507
i=24  dims=[20 290 290] 
our: difference=0.000959  auc=0.753248
i=25  dims=[20 300 300] 
our: difference=0.000979  auc=0.764633
i=26  dims=[20 310 310] 
our: difference=0.000959  auc=0.738895
i=27  dims=[20 320 320] 
our: difference=0.000975  auc=0.794480
i=28  dims=[20 330 330] 
our: difference=0.000975  auc=0.819549
i=29  dims=[20 340 340] 
our: difference=0.000955  auc=0.804695
i=30  dims=[20 350 350] 
our: difference=0.000952  auc=0.709644
i=31  dims=[20 360 360] 
our: difference=0.000965  auc=0.790308
i=32  dims=[20 370 370] 
our: difference=0.000961  auc=0.756574
i=33  dims=[20 380 380] 
our: difference=0.000997  auc=0.775057
i=34  dims=[20 390 390] 
our: difference=0.000989  auc=0.776126
i=35  dims=[20 400 400] 
our: difference=0.000999  auc=0.780118
i=36  dims=[20 410 410] 
our: difference=0.000963  auc=0.747638
i=37  dims=[20 420 420] 
our: difference=0.000965  auc=0.788117
i=38  dims=[20 430 430] 
our: difference=0.000972  auc=0.753670
i=39  dims=[20 440 440] 
our: difference=0.000958  auc=0.744237
i=40  dims=[20 450 450] 
our: difference=0.000955  auc=0.724418
i=41  dims=[20 460 460] 
our: difference=0.000988  auc=0.776382
i=42  dims=[20 470 470] 
our: difference=0.000993  auc=0.783832
i=43  dims=[20 480 480] 
our: difference=0.000984  auc=0.797364
i=44  dims=[20 490 490] 
our: difference=0.000982  auc=0.791966
i=45  dims=[20 500 500] 
our: difference=0.000961  auc=0.752826

ave_our =

    0.7954
    0.7798
    0.7763
    0.7754
    0.7769
    0.7794
    0.7711
    0.7725
    0.7706
    0.7681
    0.7632
    0.7633
    0.7655
    0.7618
    0.7607
    0.7602
    0.7607
    0.7626
    0.7629
    0.7619
    0.7597
    0.7605
    0.7619
    0.7615
    0.7616
    0.7608
    0.7620
    0.7641
    0.7655
    0.7636
    0.7645
    0.7642
    0.7646
    0.7649
    0.7653
    0.7648
    0.7655
    0.7652
    0.7646
    0.7636
    0.7639
    0.7644
    0.7652
    0.7658
    0.7655

 omegaT_90_4 
NNCP: iterations = 421   difference=0.000010  time=23.955038
our: difference=0.000997  auc=0.772023
i=1  dims=[20 60 60] 
our: difference=0.000960  auc=0.773736
i=2  dims=[20 70 70] 
our: difference=0.000891  auc=0.757691
i=3  dims=[20 80 80] 
our: difference=0.000988  auc=0.769280
i=4  dims=[20 90 90] 
our: difference=0.000922  auc=0.787933
i=5  dims=[20 100 100] 
our: difference=0.000925  auc=0.776622
i=6  dims=[20 110 110] 
our: difference=0.000975  auc=0.795713
i=7  dims=[20 120 120] 
our: difference=0.000937  auc=0.712588
i=8  dims=[20 130 130] 
our: difference=0.000959  auc=0.789442
i=9  dims=[20 140 140] 
our: difference=0.000923  auc=0.762828
i=10  dims=[20 150 150] 
our: difference=0.000936  auc=0.723854
i=11  dims=[20 160 160] 
our: difference=0.000936  auc=0.720303
i=12  dims=[20 170 170] 
our: difference=0.000924  auc=0.768017
i=13  dims=[20 180 180] 
our: difference=0.000925  auc=0.804522
i=14  dims=[20 190 190] 
our: difference=0.000988  auc=0.723237
i=15  dims=[20 200 200] 
our: difference=0.000937  auc=0.756674
i=16  dims=[20 210 210] 
our: difference=0.000994  auc=0.752980
i=17  dims=[20 220 220] 
our: difference=0.000973  auc=0.773151
i=18  dims=[20 230 230] 
our: difference=0.000989  auc=0.788614
i=19  dims=[20 240 240] 
our: difference=0.000969  auc=0.782435
i=20  dims=[20 250 250] 
our: difference=0.000969  auc=0.744551
i=21  dims=[20 260 260] 
our: difference=0.000990  auc=0.723102
i=22  dims=[20 270 270] 
our: difference=0.000961  auc=0.778501
i=23  dims=[20 280 280] 
our: difference=0.000999  auc=0.775824
i=24  dims=[20 290 290] 
our: difference=0.000961  auc=0.767993
i=25  dims=[20 300 300] 
our: difference=0.000960  auc=0.762729
i=26  dims=[20 310 310] 
our: difference=0.000962  auc=0.735175
i=27  dims=[20 320 320] 
our: difference=0.000956  auc=0.790554
i=28  dims=[20 330 330] 
our: difference=0.000951  auc=0.808124
i=29  dims=[20 340 340] 
our: difference=0.000955  auc=0.809451
i=30  dims=[20 350 350] 
our: difference=0.000981  auc=0.720245
i=31  dims=[20 360 360] 
our: difference=0.000990  auc=0.782828
i=32  dims=[20 370 370] 
our: difference=0.000949  auc=0.752116
i=33  dims=[20 380 380] 
our: difference=0.000961  auc=0.778068
i=34  dims=[20 390 390] 
our: difference=0.000957  auc=0.779873
i=35  dims=[20 400 400] 
our: difference=0.000995  auc=0.783666
i=36  dims=[20 410 410] 
our: difference=0.000996  auc=0.753409
i=37  dims=[20 420 420] 
our: difference=0.000970  auc=0.783731
i=38  dims=[20 430 430] 
our: difference=0.000960  auc=0.745248
i=39  dims=[20 440 440] 
our: difference=0.000960  auc=0.757271
i=40  dims=[20 450 450] 
our: difference=0.000992  auc=0.728763
i=41  dims=[20 460 460] 
our: difference=0.000984  auc=0.778492
i=42  dims=[20 470 470] 
our: difference=0.000963  auc=0.785938
i=43  dims=[20 480 480] 
our: difference=0.000969  auc=0.799895
i=44  dims=[20 490 490] 
our: difference=0.000976  auc=0.789079
i=45  dims=[20 500 500] 
our: difference=0.000985  auc=0.756757

ave_our =

    0.7737
    0.7657
    0.7669
    0.7722
    0.7731
    0.7768
    0.7677
    0.7704
    0.7695
    0.7650
    0.7609
    0.7615
    0.7648
    0.7618
    0.7615
    0.7610
    0.7617
    0.7632
    0.7642
    0.7632
    0.7613
    0.7621
    0.7627
    0.7629
    0.7629
    0.7618
    0.7629
    0.7645
    0.7661
    0.7645
    0.7651
    0.7647
    0.7651
    0.7656
    0.7661
    0.7657
    0.7662
    0.7657
    0.7654
    0.7645
    0.7649
    0.7654
    0.7662
    0.7667
    0.7665

 omegaT_90_5 
NNCP: iterations = 423   difference=0.000010  time=19.675277
our: difference=0.000999  auc=0.774290
i=1  dims=[20 60 60] 
our: difference=0.000995  auc=0.774035
i=2  dims=[20 70 70] 
our: difference=0.000907  auc=0.743633
i=3  dims=[20 80 80] 
our: difference=0.000938  auc=0.781123
i=4  dims=[20 90 90] 
our: difference=0.000891  auc=0.783761
i=5  dims=[20 100 100] 
our: difference=0.000949  auc=0.779897
i=6  dims=[20 110 110] 
our: difference=0.000960  auc=0.798872
i=7  dims=[20 120 120] 
our: difference=0.000979  auc=0.728465
i=8  dims=[20 130 130] 
our: difference=0.000930  auc=0.765530
i=9  dims=[20 140 140] 
our: difference=0.000959  auc=0.750969
i=10  dims=[20 150 150] 
our: difference=0.000964  auc=0.748620
i=11  dims=[20 160 160] 
our: difference=0.000943  auc=0.724593
i=12  dims=[20 170 170] 
our: difference=0.000964  auc=0.765506
i=13  dims=[20 180 180] 
our: difference=0.000996  auc=0.813176
i=14  dims=[20 190 190] 
our: difference=0.000998  auc=0.732183
i=15  dims=[20 200 200] 
our: difference=0.000986  auc=0.754538
i=16  dims=[20 210 210] 
our: difference=0.000984  auc=0.754230
i=17  dims=[20 220 220] 
our: difference=0.000938  auc=0.779188
i=18  dims=[20 230 230] 
our: difference=0.000971  auc=0.802316
i=19  dims=[20 240 240] 
our: difference=0.000940  auc=0.798069
i=20  dims=[20 250 250] 
our: difference=0.000945  auc=0.747472
i=21  dims=[20 260 260] 
our: difference=0.000968  auc=0.716995
i=22  dims=[20 270 270] 
our: difference=0.000968  auc=0.788973
i=23  dims=[20 280 280] 
our: difference=0.000990  auc=0.789135
i=24  dims=[20 290 290] 
our: difference=0.000997  auc=0.753385
i=25  dims=[20 300 300] 
our: difference=0.000979  auc=0.775166
i=26  dims=[20 310 310] 
our: difference=0.000977  auc=0.738490
i=27  dims=[20 320 320] 
our: difference=0.000967  auc=0.786185
i=28  dims=[20 330 330] 
our: difference=0.000964  auc=0.818999
i=29  dims=[20 340 340] 
our: difference=0.000998  auc=0.810309
i=30  dims=[20 350 350] 
our: difference=0.000959  auc=0.717895
i=31  dims=[20 360 360] 
our: difference=0.000986  auc=0.794004
i=32  dims=[20 370 370] 
our: difference=0.000949  auc=0.744923
i=33  dims=[20 380 380] 
our: difference=0.000971  auc=0.781765
i=34  dims=[20 390 390] 
our: difference=0.000964  auc=0.770937
i=35  dims=[20 400 400] 
our: difference=0.000995  auc=0.784666
i=36  dims=[20 410 410] 
our: difference=0.000980  auc=0.747264
i=37  dims=[20 420 420] 
our: difference=0.000952  auc=0.792422
i=38  dims=[20 430 430] 
our: difference=0.000958  auc=0.763423
i=39  dims=[20 440 440] 
our: difference=0.000962  auc=0.750000
i=40  dims=[20 450 450] 
our: difference=0.000977  auc=0.743436
i=41  dims=[20 460 460] 
our: difference=0.000978  auc=0.783135
i=42  dims=[20 470 470] 
our: difference=0.000999  auc=0.790100
i=43  dims=[20 480 480] 
our: difference=0.000995  auc=0.804924
i=44  dims=[20 490 490] 
our: difference=0.000991  auc=0.797475
i=45  dims=[20 500 500] 
our: difference=0.000998  auc=0.759518

ave_our =

    0.7740
    0.7588
    0.7663
    0.7706
    0.7725
    0.7769
    0.7700
    0.7694
    0.7674
    0.7655
    0.7618
    0.7621
    0.7660
    0.7636
    0.7630
    0.7624
    0.7634
    0.7656
    0.7673
    0.7663
    0.7640
    0.7651
    0.7661
    0.7656
    0.7660
    0.7649
    0.7657
    0.7676
    0.7691
    0.7674
    0.7682
    0.7675
    0.7680
    0.7680
    0.7685
    0.7679
    0.7686
    0.7685
    0.7680
    0.7674
    0.7677
    0.7683
    0.7691
    0.7698
    0.7695

init-tncp , R=5 , V=5.000000 , omegaT_90_1 
NNCP: iterations = 410   difference=0.000010  time=18.785715
our: difference=0.000993  auc=0.776653
i=1  dims=[20 60 60] 
our: difference=0.000897  auc=0.776824
i=2  dims=[20 70 70] 
our: difference=0.000975  auc=0.748509
i=3  dims=[20 80 80] 
our: difference=0.000904  auc=0.784093
i=4  dims=[20 90 90] 
our: difference=0.000886  auc=0.781480
i=5  dims=[20 100 100] 
our: difference=0.000942  auc=0.770188
i=6  dims=[20 110 110] 
our: difference=0.000907  auc=0.773898
i=7  dims=[20 120 120] 
our: difference=0.000951  auc=0.711278
i=8  dims=[20 130 130] 
our: difference=0.000935  auc=0.772359
i=9  dims=[20 140 140] 
our: difference=0.000986  auc=0.747544
i=10  dims=[20 150 150] 
our: difference=0.000982  auc=0.730601
i=11  dims=[20 160 160] 
our: difference=0.000924  auc=0.721866
i=12  dims=[20 170 170] 
our: difference=0.000994  auc=0.778947
i=13  dims=[20 180 180] 
our: difference=0.000989  auc=0.795006
i=14  dims=[20 190 190] 
our: difference=0.000922  auc=0.724687
i=15  dims=[20 200 200] 
our: difference=0.000933  auc=0.743412
i=16  dims=[20 210 210] 
our: difference=0.000983  auc=0.745035
i=17  dims=[20 220 220] 
our: difference=0.000932  auc=0.756345
i=18  dims=[20 230 230] 
our: difference=0.000949  auc=0.797346
i=19  dims=[20 240 240] 
our: difference=0.000946  auc=0.774929
i=20  dims=[20 250 250] 
our: difference=0.000926  auc=0.730361
i=21  dims=[20 260 260] 
our: difference=0.000986  auc=0.722972
i=22  dims=[20 270 270] 
our: difference=0.000961  auc=0.778880
i=23  dims=[20 280 280] 
our: difference=0.000999  auc=0.770840
i=24  dims=[20 290 290] 
our: difference=0.000941  auc=0.754637
i=25  dims=[20 300 300] 
our: difference=0.000994  auc=0.769063
i=26  dims=[20 310 310] 
our: difference=0.000966  auc=0.719249
i=27  dims=[20 320 320] 
our: difference=0.000992  auc=0.784154
i=28  dims=[20 330 330] 
our: difference=0.000975  auc=0.814186
i=29  dims=[20 340 340] 
our: difference=0.000970  auc=0.802819
i=30  dims=[20 350 350] 
our: difference=0.000947  auc=0.707981
i=31  dims=[20 360 360] 
our: difference=0.000952  auc=0.784354
i=32  dims=[20 370 370] 
our: difference=0.000997  auc=0.742047
i=33  dims=[20 380 380] 
our: difference=0.000999  auc=0.769632
i=34  dims=[20 390 390] 
our: difference=0.000977  auc=0.764821
i=35  dims=[20 400 400] 
our: difference=0.000984  auc=0.789505
i=36  dims=[20 410 410] 
our: difference=0.000992  auc=0.737407
i=37  dims=[20 420 420] 
our: difference=0.000986  auc=0.784108
i=38  dims=[20 430 430] 
our: difference=0.000982  auc=0.744658
i=39  dims=[20 440 440] 
our: difference=0.000976  auc=0.745076
i=40  dims=[20 450 450] 
our: difference=0.000964  auc=0.728903
i=41  dims=[20 460 460] 
our: difference=0.000960  auc=0.770631
i=42  dims=[20 470 470] 
our: difference=0.000975  auc=0.779387
i=43  dims=[20 480 480] 
our: difference=0.000956  auc=0.796820
i=44  dims=[20 490 490] 
our: difference=0.000980  auc=0.788564
i=45  dims=[20 500 500] 
our: difference=0.000962  auc=0.752677

ave_our =

    0.7768
    0.7627
    0.7698
    0.7727
    0.7722
    0.7725
    0.7638
    0.7648
    0.7629
    0.7597
    0.7562
    0.7581
    0.7610
    0.7584
    0.7574
    0.7566
    0.7566
    0.7589
    0.7597
    0.7582
    0.7566
    0.7576
    0.7581
    0.7580
    0.7584
    0.7569
    0.7579
    0.7600
    0.7614
    0.7596
    0.7604
    0.7599
    0.7602
    0.7603
    0.7611
    0.7605
    0.7611
    0.7607
    0.7603
    0.7595
    0.7598
    0.7602
    0.7611
    0.7617
    0.7615

 omegaT_90_2 
NNCP: iterations = 434   difference=0.000010  time=20.082105
our: difference=0.000294  auc=0.766786
i=1  dims=[20 60 60] 
our: difference=0.000945  auc=0.778177
i=2  dims=[20 70 70] 
our: difference=0.000813  auc=0.745303
i=3  dims=[20 80 80] 
our: difference=0.000826  auc=0.760690
i=4  dims=[20 90 90] 
our: difference=0.000834  auc=0.769333
i=5  dims=[20 100 100] 
our: difference=0.000833  auc=0.739426
i=6  dims=[20 110 110] 
our: difference=0.000927  auc=0.768239
i=7  dims=[20 120 120] 
our: difference=0.000900  auc=0.692631
i=8  dims=[20 130 130] 
our: difference=0.000876  auc=0.738915
i=9  dims=[20 140 140] 
our: difference=0.000953  auc=0.736849
i=10  dims=[20 150 150] 
our: difference=0.000899  auc=0.700605
i=11  dims=[20 160 160] 
our: difference=0.000922  auc=0.704337
i=12  dims=[20 170 170] 
our: difference=0.000950  auc=0.751869
i=13  dims=[20 180 180] 
our: difference=0.000988  auc=0.785873
i=14  dims=[20 190 190] 
our: difference=0.000966  auc=0.702909
i=15  dims=[20 200 200] 
our: difference=0.000912  auc=0.734919
i=16  dims=[20 210 210] 
our: difference=0.000978  auc=0.732577
i=17  dims=[20 220 220] 
our: difference=0.000910  auc=0.746587
i=18  dims=[20 230 230] 
our: difference=0.000906  auc=0.769564
i=19  dims=[20 240 240] 
our: difference=0.000986  auc=0.758301
i=20  dims=[20 250 250] 
our: difference=0.000951  auc=0.733136
i=21  dims=[20 260 260] 
our: difference=0.000914  auc=0.708114
i=22  dims=[20 270 270] 
our: difference=0.000961  auc=0.764175
i=23  dims=[20 280 280] 
our: difference=0.000982  auc=0.759555
i=24  dims=[20 290 290] 
our: difference=0.000937  auc=0.727998
i=25  dims=[20 300 300] 
our: difference=0.000944  auc=0.760919
i=26  dims=[20 310 310] 
our: difference=0.000920  auc=0.717428
i=27  dims=[20 320 320] 
our: difference=0.000970  auc=0.758333
i=28  dims=[20 330 330] 
our: difference=0.000996  auc=0.803673
i=29  dims=[20 340 340] 
our: difference=0.000969  auc=0.789924
i=30  dims=[20 350 350] 
our: difference=0.000992  auc=0.714222
i=31  dims=[20 360 360] 
our: difference=0.000975  auc=0.769640
i=32  dims=[20 370 370] 
our: difference=0.000988  auc=0.729004
i=33  dims=[20 380 380] 
our: difference=0.000959  auc=0.767068
i=34  dims=[20 390 390] 
our: difference=0.000991  auc=0.769013
i=35  dims=[20 400 400] 
our: difference=0.000960  auc=0.778190
i=36  dims=[20 410 410] 
our: difference=0.000970  auc=0.752517
i=37  dims=[20 420 420] 
our: difference=0.000983  auc=0.790557
i=38  dims=[20 430 430] 
our: difference=0.000981  auc=0.741121
i=39  dims=[20 440 440] 
our: difference=0.000999  auc=0.734642
i=40  dims=[20 450 450] 
our: difference=0.000953  auc=0.714976
i=41  dims=[20 460 460] 
our: difference=0.000995  auc=0.780617
i=42  dims=[20 470 470] 
our: difference=0.000952  auc=0.777749
i=43  dims=[20 480 480] 
our: difference=0.000951  auc=0.795401
i=44  dims=[20 490 490] 
our: difference=0.000946  auc=0.788653
i=45  dims=[20 500 500] 
our: difference=0.001000  auc=0.751259

ave_our =

    0.7782
    0.7617
    0.7614
    0.7634
    0.7586
    0.7602
    0.7505
    0.7491
    0.7477
    0.7430
    0.7395
    0.7405
    0.7440
    0.7411
    0.7407
    0.7402
    0.7405
    0.7422
    0.7430
    0.7425
    0.7409
    0.7419
    0.7427
    0.7421
    0.7428
    0.7419
    0.7425
    0.7447
    0.7462
    0.7452
    0.7459
    0.7454
    0.7461
    0.7467
    0.7476
    0.7478
    0.7489
    0.7487
    0.7484
    0.7475
    0.7483
    0.7490
    0.7501
    0.7510
    0.7510

 omegaT_90_3 
NNCP: iterations = 416   difference=0.000010  time=24.708176
our: difference=0.000998  auc=0.765006
i=1  dims=[20 60 60] 
our: difference=0.000859  auc=0.792773
i=2  dims=[20 70 70] 
our: difference=0.000854  auc=0.757738
i=3  dims=[20 80 80] 
our: difference=0.000932  auc=0.766252
i=4  dims=[20 90 90] 
our: difference=0.000908  auc=0.767046
i=5  dims=[20 100 100] 
our: difference=0.000946  auc=0.776007
i=6  dims=[20 110 110] 
our: difference=0.000928  auc=0.783441
i=7  dims=[20 120 120] 
our: difference=0.000979  auc=0.711520
i=8  dims=[20 130 130] 
our: difference=0.000928  auc=0.771745
i=9  dims=[20 140 140] 
our: difference=0.000902  auc=0.749362
i=10  dims=[20 150 150] 
our: difference=0.000958  auc=0.736041
i=11  dims=[20 160 160] 
our: difference=0.000969  auc=0.706074
i=12  dims=[20 170 170] 
our: difference=0.000999  auc=0.753743
i=13  dims=[20 180 180] 
our: difference=0.000920  auc=0.786981
i=14  dims=[20 190 190] 
our: difference=0.000992  auc=0.706762
i=15  dims=[20 200 200] 
our: difference=0.000939  auc=0.739665
i=16  dims=[20 210 210] 
our: difference=0.000930  auc=0.746370
i=17  dims=[20 220 220] 
our: difference=0.000978  auc=0.763212
i=18  dims=[20 230 230] 
our: difference=0.000956  auc=0.790287
i=19  dims=[20 240 240] 
our: difference=0.000958  auc=0.763253
i=20  dims=[20 250 250] 
our: difference=0.000970  auc=0.736680
i=21  dims=[20 260 260] 
our: difference=0.000985  auc=0.710890
i=22  dims=[20 270 270] 
our: difference=0.000963  auc=0.775634
i=23  dims=[20 280 280] 
our: difference=0.000943  auc=0.786074
i=24  dims=[20 290 290] 
our: difference=0.000982  auc=0.747834
i=25  dims=[20 300 300] 
our: difference=0.000946  auc=0.762884
i=26  dims=[20 310 310] 
our: difference=0.000951  auc=0.732600
i=27  dims=[20 320 320] 
our: difference=0.000966  auc=0.790812
i=28  dims=[20 330 330] 
our: difference=0.000983  auc=0.816028
i=29  dims=[20 340 340] 
our: difference=0.000948  auc=0.799780
i=30  dims=[20 350 350] 
our: difference=0.000963  auc=0.706871
i=31  dims=[20 360 360] 
our: difference=0.000975  auc=0.787035
i=32  dims=[20 370 370] 
our: difference=0.000978  auc=0.752633
i=33  dims=[20 380 380] 
our: difference=0.000965  auc=0.772161
i=34  dims=[20 390 390] 
our: difference=0.000965  auc=0.772004
i=35  dims=[20 400 400] 
our: difference=0.000955  auc=0.776621
i=36  dims=[20 410 410] 
our: difference=0.000998  auc=0.746238
i=37  dims=[20 420 420] 
our: difference=0.000969  auc=0.785999
i=38  dims=[20 430 430] 
our: difference=0.000975  auc=0.748824
i=39  dims=[20 440 440] 
our: difference=0.000948  auc=0.739782
i=40  dims=[20 450 450] 
our: difference=0.000974  auc=0.720602
i=41  dims=[20 460 460] 
our: difference=0.000993  auc=0.773422
i=42  dims=[20 470 470] 
our: difference=0.000962  auc=0.781706
i=43  dims=[20 480 480] 
our: difference=0.001000  auc=0.794097
i=44  dims=[20 490 490] 
our: difference=0.000963  auc=0.789193
i=45  dims=[20 500 500] 
our: difference=0.000992  auc=0.748845

ave_our =

    0.7928
    0.7753
    0.7723
    0.7710
    0.7720
    0.7739
    0.7650
    0.7658
    0.7640
    0.7612
    0.7562
    0.7560
    0.7584
    0.7547
    0.7537
    0.7532
    0.7538
    0.7558
    0.7562
    0.7552
    0.7531
    0.7542
    0.7555
    0.7552
    0.7555
    0.7546
    0.7560
    0.7581
    0.7596
    0.7578
    0.7588
    0.7586
    0.7590
    0.7594
    0.7599
    0.7595
    0.7602
    0.7599
    0.7594
    0.7584
    0.7588
    0.7593
    0.7601
    0.7608
    0.7605

 omegaT_90_4 
NNCP: iterations = 422   difference=0.000010  time=22.176944
our: difference=0.000991  auc=0.771860
i=1  dims=[20 60 60] 
our: difference=0.000873  auc=0.772556
i=2  dims=[20 70 70] 
our: difference=0.000867  auc=0.752527
i=3  dims=[20 80 80] 
our: difference=0.000983  auc=0.766271
i=4  dims=[20 90 90] 
our: difference=0.000916  auc=0.782187
i=5  dims=[20 100 100] 
our: difference=0.000954  auc=0.768363
i=6  dims=[20 110 110] 
our: difference=0.000919  auc=0.787908
i=7  dims=[20 120 120] 
our: difference=0.000890  auc=0.704477
i=8  dims=[20 130 130] 
our: difference=0.000940  auc=0.781893
i=9  dims=[20 140 140] 
our: difference=0.000980  auc=0.758267
i=10  dims=[20 150 150] 
our: difference=0.000910  auc=0.716303
i=11  dims=[20 160 160] 
our: difference=0.000997  auc=0.714856
i=12  dims=[20 170 170] 
our: difference=0.000941  auc=0.758938
i=13  dims=[20 180 180] 
our: difference=0.000951  auc=0.799390
i=14  dims=[20 190 190] 
our: difference=0.000924  auc=0.716260
i=15  dims=[20 200 200] 
our: difference=0.000964  auc=0.751306
i=16  dims=[20 210 210] 
our: difference=0.000968  auc=0.748851
i=17  dims=[20 220 220] 
our: difference=0.000953  auc=0.767640
i=18  dims=[20 230 230] 
our: difference=0.000978  auc=0.784948
i=19  dims=[20 240 240] 
our: difference=0.000960  auc=0.777979
i=20  dims=[20 250 250] 
our: difference=0.000983  auc=0.740111
i=21  dims=[20 260 260] 
our: difference=0.000946  auc=0.716976
i=22  dims=[20 270 270] 
our: difference=0.000965  auc=0.775318
i=23  dims=[20 280 280] 
our: difference=0.000970  auc=0.770750
i=24  dims=[20 290 290] 
our: difference=0.000943  auc=0.762171
i=25  dims=[20 300 300] 
our: difference=0.000951  auc=0.761724
i=26  dims=[20 310 310] 
our: difference=0.000975  auc=0.728062
i=27  dims=[20 320 320] 
our: difference=0.000960  auc=0.786035
i=28  dims=[20 330 330] 
our: difference=0.000953  auc=0.804558
i=29  dims=[20 340 340] 
our: difference=0.000945  auc=0.805592
i=30  dims=[20 350 350] 
our: difference=0.000947  auc=0.716921
i=31  dims=[20 360 360] 
our: difference=0.000959  auc=0.779073
i=32  dims=[20 370 370] 
our: difference=0.000981  auc=0.747873
i=33  dims=[20 380 380] 
our: difference=0.000952  auc=0.775189
i=34  dims=[20 390 390] 
our: difference=0.000979  auc=0.775452
i=35  dims=[20 400 400] 
our: difference=0.000969  auc=0.780438
i=36  dims=[20 410 410] 
our: difference=0.000986  auc=0.751428
i=37  dims=[20 420 420] 
our: difference=0.000970  auc=0.780740
i=38  dims=[20 430 430] 
our: difference=0.000954  auc=0.741777
i=39  dims=[20 440 440] 
our: difference=0.000965  auc=0.753570
i=40  dims=[20 450 450] 
our: difference=0.000968  auc=0.725778
i=41  dims=[20 460 460] 
our: difference=0.000958  auc=0.776368
i=42  dims=[20 470 470] 
our: difference=0.000982  auc=0.784153
i=43  dims=[20 480 480] 
our: difference=0.000989  auc=0.796948
i=44  dims=[20 490 490] 
our: difference=0.000996  auc=0.786445
i=45  dims=[20 500 500] 
our: difference=0.000973  auc=0.753097

ave_our =

    0.7726
    0.7625
    0.7638
    0.7684
    0.7684
    0.7716
    0.7620
    0.7645
    0.7638
    0.7591
    0.7551
    0.7554
    0.7588
    0.7557
    0.7554
    0.7550
    0.7558
    0.7574
    0.7585
    0.7576
    0.7556
    0.7565
    0.7571
    0.7573
    0.7575
    0.7564
    0.7575
    0.7592
    0.7608
    0.7593
    0.7599
    0.7596
    0.7600
    0.7605
    0.7611
    0.7608
    0.7613
    0.7608
    0.7606
    0.7598
    0.7602
    0.7607
    0.7616
    0.7621
    0.7619

 omegaT_90_5 
NNCP: iterations = 433   difference=0.000010  time=24.125115
our: difference=0.000512  auc=0.777596
i=1  dims=[20 60 60] 
our: difference=0.000969  auc=0.771994
i=2  dims=[20 70 70] 
our: difference=0.000945  auc=0.732209
i=3  dims=[20 80 80] 
our: difference=0.000998  auc=0.769648
i=4  dims=[20 90 90] 
our: difference=0.000869  auc=0.770222
i=5  dims=[20 100 100] 
our: difference=0.000995  auc=0.766289
i=6  dims=[20 110 110] 
our: difference=0.000990  auc=0.783382
i=7  dims=[20 120 120] 
our: difference=0.000923  auc=0.711877
i=8  dims=[20 130 130] 
our: difference=0.000981  auc=0.748900
i=9  dims=[20 140 140] 
our: difference=0.000874  auc=0.744173
i=10  dims=[20 150 150] 
our: difference=0.000934  auc=0.731638
i=11  dims=[20 160 160] 
our: difference=0.000908  auc=0.707192
i=12  dims=[20 170 170] 
our: difference=0.000987  auc=0.749840
i=13  dims=[20 180 180] 
our: difference=0.000956  auc=0.802996
i=14  dims=[20 190 190] 
our: difference=0.000904  auc=0.716847
i=15  dims=[20 200 200] 
our: difference=0.000895  auc=0.741503
i=16  dims=[20 210 210] 
our: difference=0.000947  auc=0.744784
i=17  dims=[20 220 220] 
our: difference=0.000939  auc=0.767265
i=18  dims=[20 230 230] 
our: difference=0.000918  auc=0.793209
i=19  dims=[20 240 240] 
our: difference=0.000912  auc=0.785803
i=20  dims=[20 250 250] 
our: difference=0.000936  auc=0.737350
i=21  dims=[20 260 260] 
our: difference=0.000971  auc=0.704269
i=22  dims=[20 270 270] 
our: difference=0.000930  auc=0.781855
i=23  dims=[20 280 280] 
our: difference=0.000991  auc=0.778300
i=24  dims=[20 290 290] 
our: difference=0.000950  auc=0.744192
i=25  dims=[20 300 300] 
our: difference=0.000928  auc=0.771224
i=26  dims=[20 310 310] 
our: difference=0.000933  auc=0.728957
i=27  dims=[20 320 320] 
our: difference=0.000950  auc=0.780292
i=28  dims=[20 330 330] 
our: difference=0.000943  auc=0.812516
i=29  dims=[20 340 340] 
our: difference=0.000947  auc=0.802460
i=30  dims=[20 350 350] 
our: difference=0.000934  auc=0.711255
i=31  dims=[20 360 360] 
our: difference=0.000962  auc=0.786982
i=32  dims=[20 370 370] 
our: difference=0.000946  auc=0.736594
i=33  dims=[20 380 380] 
our: difference=0.000964  auc=0.774689
i=34  dims=[20 390 390] 
our: difference=0.000963  auc=0.765054
i=35  dims=[20 400 400] 
our: difference=0.000948  auc=0.776826
i=36  dims=[20 410 410] 
our: difference=0.000942  auc=0.741668
i=37  dims=[20 420 420] 
our: difference=0.000936  auc=0.788594
i=38  dims=[20 430 430] 
our: difference=0.000984  auc=0.756704
i=39  dims=[20 440 440] 
our: difference=0.000958  auc=0.744093
i=40  dims=[20 450 450] 
our: difference=0.000988  auc=0.738404
i=41  dims=[20 460 460] 
our: difference=0.000953  auc=0.777279
i=42  dims=[20 470 470] 
our: difference=0.000966  auc=0.784509
i=43  dims=[20 480 480] 
our: difference=0.000977  auc=0.799367
i=44  dims=[20 490 490] 
our: difference=0.000980  auc=0.792808
i=45  dims=[20 500 500] 
our: difference=0.000960  auc=0.752434

ave_our =

    0.7720
    0.7521
    0.7580
    0.7610
    0.7621
    0.7656
    0.7579
    0.7568
    0.7554
    0.7530
    0.7489
    0.7489
    0.7531
    0.7505
    0.7499
    0.7496
    0.7506
    0.7530
    0.7547
    0.7539
    0.7515
    0.7529
    0.7540
    0.7536
    0.7543
    0.7533
    0.7543
    0.7564
    0.7580
    0.7564
    0.7574
    0.7568
    0.7573
    0.7575
    0.7581
    0.7576
    0.7585
    0.7584
    0.7580
    0.7576
    0.7580
    0.7587
    0.7596
    0.7604
    0.7602

init-tncp , R=5 , V=10.000000 , omegaT_90_1 
NNCP: iterations = 409   difference=0.000010  time=25.482755
our: difference=0.000629  auc=0.778854
i=1  dims=[20 60 60] 
our: difference=0.000795  auc=0.767259
i=2  dims=[20 70 70] 
our: difference=0.000824  auc=0.732442
i=3  dims=[20 80 80] 
our: difference=0.000848  auc=0.764230
i=4  dims=[20 90 90] 
our: difference=0.000962  auc=0.763276
i=5  dims=[20 100 100] 
our: difference=0.000842  auc=0.749279
i=6  dims=[20 110 110] 
our: difference=0.000852  auc=0.752280
i=7  dims=[20 120 120] 
our: difference=0.000862  auc=0.690158
i=8  dims=[20 130 130] 
our: difference=0.000923  auc=0.749037
i=9  dims=[20 140 140] 
our: difference=0.000880  auc=0.732008
i=10  dims=[20 150 150] 
our: difference=0.000953  auc=0.705136
i=11  dims=[20 160 160] 
our: difference=0.000968  auc=0.703037
i=12  dims=[20 170 170] 
our: difference=0.000894  auc=0.753915
i=13  dims=[20 180 180] 
our: difference=0.000928  auc=0.775602
i=14  dims=[20 190 190] 
our: difference=0.000932  auc=0.705990
i=15  dims=[20 200 200] 
our: difference=0.000918  auc=0.724240
i=16  dims=[20 210 210] 
our: difference=0.000974  auc=0.728406
i=17  dims=[20 220 220] 
our: difference=0.000982  auc=0.739671
i=18  dims=[20 230 230] 
our: difference=0.000992  auc=0.781734
i=19  dims=[20 240 240] 
our: difference=0.000913  auc=0.761458
i=20  dims=[20 250 250] 
our: difference=0.000910  auc=0.715453
i=21  dims=[20 260 260] 
our: difference=0.000908  auc=0.705862
i=22  dims=[20 270 270] 
our: difference=0.000936  auc=0.768040
i=23  dims=[20 280 280] 
our: difference=0.000976  auc=0.756824
i=24  dims=[20 290 290] 
our: difference=0.000972  auc=0.740393
i=25  dims=[20 300 300] 
our: difference=0.000947  auc=0.761566
i=26  dims=[20 310 310] 
our: difference=0.000930  auc=0.703775
i=27  dims=[20 320 320] 
our: difference=0.000985  auc=0.774031
i=28  dims=[20 330 330] 
our: difference=0.000955  auc=0.804390
i=29  dims=[20 340 340] 
our: difference=0.000981  auc=0.790521
i=30  dims=[20 350 350] 
our: difference=0.000927  auc=0.699026
i=31  dims=[20 360 360] 
our: difference=0.000997  auc=0.773534
i=32  dims=[20 370 370] 
our: difference=0.000952  auc=0.729154
i=33  dims=[20 380 380] 
our: difference=0.000955  auc=0.760232
i=34  dims=[20 390 390] 
our: difference=0.000946  auc=0.754764
i=35  dims=[20 400 400] 
our: difference=0.000969  auc=0.777856
i=36  dims=[20 410 410] 
our: difference=0.000983  auc=0.731249
i=37  dims=[20 420 420] 
our: difference=0.000991  auc=0.777408
i=38  dims=[20 430 430] 
our: difference=0.000945  auc=0.730990
i=39  dims=[20 440 440] 
our: difference=0.000995  auc=0.734161
i=40  dims=[20 450 450] 
our: difference=0.000993  auc=0.720746
i=41  dims=[20 460 460] 
our: difference=0.000994  auc=0.761097
i=42  dims=[20 470 470] 
our: difference=0.000939  auc=0.772773
i=43  dims=[20 480 480] 
our: difference=0.000943  auc=0.789237
i=44  dims=[20 490 490] 
our: difference=0.000988  auc=0.778503
i=45  dims=[20 500 500] 
our: difference=0.000972  auc=0.742630

ave_our =

    0.7673
    0.7499
    0.7546
    0.7568
    0.7553
    0.7548
    0.7456
    0.7460
    0.7444
    0.7405
    0.7371
    0.7385
    0.7414
    0.7388
    0.7379
    0.7373
    0.7374
    0.7399
    0.7410
    0.7397
    0.7381
    0.7395
    0.7402
    0.7402
    0.7411
    0.7397
    0.7409
    0.7432
    0.7448
    0.7433
    0.7443
    0.7438
    0.7443
    0.7446
    0.7456
    0.7452
    0.7460
    0.7456
    0.7453
    0.7447
    0.7451
    0.7458
    0.7468
    0.7475
    0.7474

 omegaT_90_2 
NNCP: iterations = 415   difference=0.000010  time=24.391575
our: difference=0.000473  auc=0.766626
i=1  dims=[20 60 60] 
our: difference=0.000874  auc=0.776644
i=2  dims=[20 70 70] 
our: difference=0.000934  auc=0.745342
i=3  dims=[20 80 80] 
our: difference=0.000892  auc=0.764374
i=4  dims=[20 90 90] 
our: difference=0.000908  auc=0.765461
i=5  dims=[20 100 100] 
our: difference=0.000910  auc=0.743742
i=6  dims=[20 110 110] 
our: difference=0.000863  auc=0.770830
i=7  dims=[20 120 120] 
our: difference=0.000981  auc=0.692860
i=8  dims=[20 130 130] 
our: difference=0.000903  auc=0.738738
i=9  dims=[20 140 140] 
our: difference=0.000996  auc=0.736354
i=10  dims=[20 150 150] 
our: difference=0.000961  auc=0.698885
i=11  dims=[20 160 160] 
our: difference=0.000961  auc=0.705681
i=12  dims=[20 170 170] 
our: difference=0.000989  auc=0.749266
i=13  dims=[20 180 180] 
our: difference=0.000896  auc=0.786198
i=14  dims=[20 190 190] 
our: difference=0.000991  auc=0.702570
i=15  dims=[20 200 200] 
our: difference=0.000950  auc=0.733795
i=16  dims=[20 210 210] 
our: difference=0.000907  auc=0.734407
i=17  dims=[20 220 220] 
our: difference=0.000936  auc=0.744334
i=18  dims=[20 230 230] 
our: difference=0.000928  auc=0.770044
i=19  dims=[20 240 240] 
our: difference=0.000932  auc=0.757794
i=20  dims=[20 250 250] 
our: difference=0.000965  auc=0.735007
i=21  dims=[20 260 260] 
our: difference=0.000935  auc=0.707930
i=22  dims=[20 270 270] 
our: difference=0.000994  auc=0.766193
i=23  dims=[20 280 280] 
our: difference=0.000997  auc=0.758603
i=24  dims=[20 290 290] 
our: difference=0.000960  auc=0.728565
i=25  dims=[20 300 300] 
our: difference=0.000963  auc=0.762714
i=26  dims=[20 310 310] 
our: difference=0.000939  auc=0.715954
i=27  dims=[20 320 320] 
our: difference=0.000982  auc=0.761646
i=28  dims=[20 330 330] 
our: difference=0.000943  auc=0.805555
i=29  dims=[20 340 340] 
our: difference=0.000986  auc=0.789636
i=30  dims=[20 350 350] 
our: difference=0.000998  auc=0.716096
i=31  dims=[20 360 360] 
our: difference=0.000988  auc=0.769193
i=32  dims=[20 370 370] 
our: difference=0.000997  auc=0.728792
i=33  dims=[20 380 380] 
our: difference=0.000968  auc=0.768825
i=34  dims=[20 390 390] 
our: difference=0.000938  auc=0.767244
i=35  dims=[20 400 400] 
our: difference=0.000970  auc=0.777536
i=36  dims=[20 410 410] 
our: difference=0.000982  auc=0.753485
i=37  dims=[20 420 420] 
our: difference=0.000989  auc=0.788910
i=38  dims=[20 430 430] 
our: difference=0.000988  auc=0.738830
i=39  dims=[20 440 440] 
our: difference=0.000946  auc=0.733440
i=40  dims=[20 450 450] 
our: difference=0.000956  auc=0.715930
i=41  dims=[20 460 460] 
our: difference=0.000999  auc=0.780740
i=42  dims=[20 470 470] 
our: difference=0.000961  auc=0.779084
i=43  dims=[20 480 480] 
our: difference=0.000959  auc=0.795909
i=44  dims=[20 490 490] 
our: difference=0.000952  auc=0.787507
i=45  dims=[20 500 500] 
our: difference=0.000949  auc=0.750567

ave_our =

    0.7766
    0.7610
    0.7621
    0.7630
    0.7591
    0.7611
    0.7513
    0.7497
    0.7483
    0.7433
    0.7399
    0.7407
    0.7442
    0.7412
    0.7407
    0.7403
    0.7406
    0.7422
    0.7430
    0.7426
    0.7410
    0.7421
    0.7428
    0.7422
    0.7431
    0.7420
    0.7427
    0.7450
    0.7465
    0.7455
    0.7463
    0.7457
    0.7464
    0.7470
    0.7479
    0.7481
    0.7492
    0.7489
    0.7485
    0.7477
    0.7485
    0.7492
    0.7503
    0.7512
    0.7511

 omegaT_90_3 
NNCP: iterations = 426   difference=0.000010  time=19.235387
our: difference=0.000908  auc=0.767457
i=1  dims=[20 60 60] 
our: difference=0.000796  auc=0.788488
i=2  dims=[20 70 70] 
our: difference=0.000932  auc=0.748295
i=3  dims=[20 80 80] 
our: difference=0.000880  auc=0.758428
i=4  dims=[20 90 90] 
our: difference=0.000988  auc=0.755145
i=5  dims=[20 100 100] 
our: difference=0.000985  auc=0.765181
i=6  dims=[20 110 110] 
our: difference=0.000919  auc=0.770628
i=7  dims=[20 120 120] 
our: difference=0.001000  auc=0.696361
i=8  dims=[20 130 130] 
our: difference=0.000983  auc=0.755200
i=9  dims=[20 140 140] 
our: difference=0.000930  auc=0.738454
i=10  dims=[20 150 150] 
our: difference=0.000961  auc=0.720283
i=11  dims=[20 160 160] 
our: difference=0.000982  auc=0.693937
i=12  dims=[20 170 170] 
our: difference=0.000919  auc=0.738190
i=13  dims=[20 180 180] 
our: difference=0.000900  auc=0.777716
i=14  dims=[20 190 190] 
our: difference=0.000995  auc=0.695272
i=15  dims=[20 200 200] 
our: difference=0.000984  auc=0.729887
i=16  dims=[20 210 210] 
our: difference=0.000958  auc=0.737370
i=17  dims=[20 220 220] 
our: difference=0.000957  auc=0.753815
i=18  dims=[20 230 230] 
our: difference=0.000914  auc=0.782621
i=19  dims=[20 240 240] 
our: difference=0.000975  auc=0.756874
i=20  dims=[20 250 250] 
our: difference=0.000940  auc=0.729097
i=21  dims=[20 260 260] 
