
                                                    < M A T L A B (R) >
                                          Copyright 1984-2016 The MathWorks, Inc.
                                           R2016b (9.1.0.441655) 64-bit (glnxa64)
                                                     September 7, 2016

 
To get started, type one of these: helpwin, helpdesk, or demo.
For product information, visit www.mathworks.com.
 
init-tncp , R=8 , V=1.000000 , omegaT_90_1 
NNCP: iterations = 424   difference=0.000010  time=12.115985
our: difference=0.000995  auc=0.777254
i=1  dims=[20 60 60] 
our: difference=0.000967  auc=0.778480
i=2  dims=[20 70 70] 
our: difference=0.000926  auc=0.758365
i=3  dims=[20 80 80] 
our: difference=0.000901  auc=0.793550
i=4  dims=[20 90 90] 
our: difference=0.000955  auc=0.788530
i=5  dims=[20 100 100] 
our: difference=0.000998  auc=0.780668
i=6  dims=[20 110 110] 
our: difference=0.000984  auc=0.787972
i=7  dims=[20 120 120] 
our: difference=0.000929  auc=0.723937
i=8  dims=[20 130 130] 
our: difference=0.000967  auc=0.783960
i=9  dims=[20 140 140] 
our: difference=0.000956  auc=0.754407
i=10  dims=[20 150 150] 
our: difference=0.000995  auc=0.748338
i=11  dims=[20 160 160] 
our: difference=0.000948  auc=0.733653
i=12  dims=[20 170 170] 
our: difference=0.000983  auc=0.794920
i=13  dims=[20 180 180] 
our: difference=0.000957  auc=0.805498
i=14  dims=[20 190 190] 
our: difference=0.000951  auc=0.736939
i=15  dims=[20 200 200] 
our: difference=0.000951  auc=0.752876
i=16  dims=[20 210 210] 
our: difference=0.000967  auc=0.754988
i=17  dims=[20 220 220] 
our: difference=0.000954  auc=0.766654
i=18  dims=[20 230 230] 
our: difference=0.000963  auc=0.804154
i=19  dims=[20 240 240] 
our: difference=0.000973  auc=0.780482
i=20  dims=[20 250 250] 
our: difference=0.000958  auc=0.742393
i=21  dims=[20 260 260] 
our: difference=0.000971  auc=0.734049
i=22  dims=[20 270 270] 
our: difference=0.000973  auc=0.783826
i=23  dims=[20 280 280] 
our: difference=0.000971  auc=0.779337
i=24  dims=[20 290 290] 
our: difference=0.000992  auc=0.764159
i=25  dims=[20 300 300] 
our: difference=0.000955  auc=0.768965
i=26  dims=[20 310 310] 
our: difference=0.000966  auc=0.732082
i=27  dims=[20 320 320] 
our: difference=0.000989  auc=0.788856
i=28  dims=[20 330 330] 
our: difference=0.000995  auc=0.818278
i=29  dims=[20 340 340] 
our: difference=0.000982  auc=0.808905
i=30  dims=[20 350 350] 
our: difference=0.000991  auc=0.710871
i=31  dims=[20 360 360] 
our: difference=0.000972  auc=0.787780
i=32  dims=[20 370 370] 
our: difference=0.000967  auc=0.748014
i=33  dims=[20 380 380] 
our: difference=0.000994  auc=0.774014
i=34  dims=[20 390 390] 
our: difference=0.000961  auc=0.773165
i=35  dims=[20 400 400] 
our: difference=0.000986  auc=0.794731
i=36  dims=[20 410 410] 
our: difference=0.000997  auc=0.740029
i=37  dims=[20 420 420] 
our: difference=0.000972  auc=0.787083
i=38  dims=[20 430 430] 
our: difference=0.000964  auc=0.754188
i=39  dims=[20 440 440] 
our: difference=0.000996  auc=0.751401
i=40  dims=[20 450 450] 
our: difference=0.000966  auc=0.733945
i=41  dims=[20 460 460] 
our: difference=0.000995  auc=0.774570
i=42  dims=[20 470 470] 
our: difference=0.000972  auc=0.780428
i=43  dims=[20 480 480] 
our: difference=0.000965  auc=0.800446
i=44  dims=[20 490 490] 
our: difference=0.000973  auc=0.793138
i=45  dims=[20 500 500] 
our: difference=0.000984  auc=0.759069

ave_our =

    0.7785
    0.7684
    0.7768
    0.7797
    0.7799
    0.7813
    0.7731
    0.7744
    0.7722
    0.7698
    0.7665
    0.7689
    0.7717
    0.7692
    0.7681
    0.7673
    0.7673
    0.7693
    0.7699
    0.7685
    0.7669
    0.7677
    0.7682
    0.7680
    0.7680
    0.7667
    0.7675
    0.7693
    0.7707
    0.7687
    0.7693
    0.7686
    0.7688
    0.7689
    0.7697
    0.7688
    0.7693
    0.7689
    0.7685
    0.7676
    0.7678
    0.7681
    0.7688
    0.7694
    0.7692

 omegaT_90_2 
NNCP: iterations = 396   difference=0.000010  time=22.120496
our: difference=0.000996  auc=0.764065
i=1  dims=[20 60 60] 
our: difference=0.000985  auc=0.777241
i=2  dims=[20 70 70] 
our: difference=0.000919  auc=0.760012
i=3  dims=[20 80 80] 
our: difference=0.000936  auc=0.779437
i=4  dims=[20 90 90] 
our: difference=0.000928  auc=0.784721
i=5  dims=[20 100 100] 
our: difference=0.000973  auc=0.764703
i=6  dims=[20 110 110] 
our: difference=0.000959  auc=0.796902
i=7  dims=[20 120 120] 
our: difference=0.000951  auc=0.718232
i=8  dims=[20 130 130] 
our: difference=0.000935  auc=0.769470
i=9  dims=[20 140 140] 
our: difference=0.000940  auc=0.751357
i=10  dims=[20 150 150] 
our: difference=0.000946  auc=0.726941
i=11  dims=[20 160 160] 
our: difference=0.000958  auc=0.725935
i=12  dims=[20 170 170] 
our: difference=0.000965  auc=0.780893
i=13  dims=[20 180 180] 
our: difference=0.000958  auc=0.807189
i=14  dims=[20 190 190] 
our: difference=0.000967  auc=0.723563
i=15  dims=[20 200 200] 
our: difference=0.000998  auc=0.754280
i=16  dims=[20 210 210] 
our: difference=0.000975  auc=0.749796
i=17  dims=[20 220 220] 
our: difference=0.000990  auc=0.767219
i=18  dims=[20 230 230] 
our: difference=0.000979  auc=0.787022
i=19  dims=[20 240 240] 
our: difference=0.000991  auc=0.778032
i=20  dims=[20 250 250] 
our: difference=0.000964  auc=0.751336
i=21  dims=[20 260 260] 
our: difference=0.000991  auc=0.728817
i=22  dims=[20 270 270] 
our: difference=0.000968  auc=0.776779
i=23  dims=[20 280 280] 
our: difference=0.000956  auc=0.778943
i=24  dims=[20 290 290] 
our: difference=0.000989  auc=0.746376
i=25  dims=[20 300 300] 
our: difference=0.000956  auc=0.764045
i=26  dims=[20 310 310] 
our: difference=0.000978  auc=0.739440
i=27  dims=[20 320 320] 
our: difference=0.000960  auc=0.773254
i=28  dims=[20 330 330] 
our: difference=0.000985  auc=0.813292
i=29  dims=[20 340 340] 
our: difference=0.000977  auc=0.805402
i=30  dims=[20 350 350] 
our: difference=0.000956  auc=0.725942
i=31  dims=[20 360 360] 
our: difference=0.000993  auc=0.778343
i=32  dims=[20 370 370] 
our: difference=0.000983  auc=0.745092
i=33  dims=[20 380 380] 
our: difference=0.000961  auc=0.783048
i=34  dims=[20 390 390] 
our: difference=0.000987  auc=0.781255
i=35  dims=[20 400 400] 
our: difference=0.000960  auc=0.789633
i=36  dims=[20 410 410] 
our: difference=0.000964  auc=0.759408
i=37  dims=[20 420 420] 
our: difference=0.000982  auc=0.796402
i=38  dims=[20 430 430] 
our: difference=0.000970  auc=0.756064
i=39  dims=[20 440 440] 
our: difference=0.000974  auc=0.749263
i=40  dims=[20 450 450] 
our: difference=0.000989  auc=0.726471
i=41  dims=[20 460 460] 
our: difference=0.000959  auc=0.791455
i=42  dims=[20 470 470] 
our: difference=0.000995  auc=0.783374
i=43  dims=[20 480 480] 
our: difference=0.000962  auc=0.803301
i=44  dims=[20 490 490] 
our: difference=0.000960  auc=0.795702
i=45  dims=[20 500 500] 
our: difference=0.000978  auc=0.762713

ave_our =

    0.7772
    0.7686
    0.7722
    0.7754
    0.7732
    0.7772
    0.7687
    0.7688
    0.7669
    0.7629
    0.7595
    0.7613
    0.7648
    0.7619
    0.7614
    0.7607
    0.7611
    0.7625
    0.7633
    0.7627
    0.7611
    0.7618
    0.7626
    0.7619
    0.7620
    0.7611
    0.7616
    0.7634
    0.7648
    0.7636
    0.7640
    0.7634
    0.7640
    0.7645
    0.7653
    0.7651
    0.7659
    0.7657
    0.7653
    0.7643
    0.7650
    0.7654
    0.7663
    0.7669
    0.7668

 omegaT_90_3 
NNCP: iterations = 416   difference=0.000010  time=24.328524
our: difference=0.000987  auc=0.765452
i=1  dims=[20 60 60] 
our: difference=0.000931  auc=0.795587
i=2  dims=[20 70 70] 
our: difference=0.000969  auc=0.768869
i=3  dims=[20 80 80] 
our: difference=0.000973  auc=0.764169
i=4  dims=[20 90 90] 
our: difference=0.000931  auc=0.773434
i=5  dims=[20 100 100] 
our: difference=0.000934  auc=0.784083
i=6  dims=[20 110 110] 
our: difference=0.000993  auc=0.795095
i=7  dims=[20 120 120] 
our: difference=0.000931  auc=0.728197
i=8  dims=[20 130 130] 
our: difference=0.000950  auc=0.789664
i=9  dims=[20 140 140] 
our: difference=0.000949  auc=0.759455
i=10  dims=[20 150 150] 
our: difference=0.000985  auc=0.752290
i=11  dims=[20 160 160] 
our: difference=0.000958  auc=0.721073
i=12  dims=[20 170 170] 
our: difference=0.000994  auc=0.773099
i=13  dims=[20 180 180] 
our: difference=0.000974  auc=0.793641
i=14  dims=[20 190 190] 
our: difference=0.000951  auc=0.721931
i=15  dims=[20 200 200] 
our: difference=0.000987  auc=0.749146
i=16  dims=[20 210 210] 
our: difference=0.000987  auc=0.756759
i=17  dims=[20 220 220] 
our: difference=0.000974  auc=0.773345
i=18  dims=[20 230 230] 
our: difference=0.000984  auc=0.797892
i=19  dims=[20 240 240] 
our: difference=0.000948  auc=0.768976
i=20  dims=[20 250 250] 
our: difference=0.000987  auc=0.746388
i=21  dims=[20 260 260] 
our: difference=0.000949  auc=0.720222
i=22  dims=[20 270 270] 
our: difference=0.000963  auc=0.777975
i=23  dims=[20 280 280] 
our: difference=0.000958  auc=0.795640
i=24  dims=[20 290 290] 
our: difference=0.000959  auc=0.757987
i=25  dims=[20 300 300] 
our: difference=0.000956  auc=0.764199
i=26  dims=[20 310 310] 
our: difference=0.000979  auc=0.744668
i=27  dims=[20 320 320] 
our: difference=0.000986  auc=0.795916
i=28  dims=[20 330 330] 
our: difference=0.000962  auc=0.821182
i=29  dims=[20 340 340] 
our: difference=0.000963  auc=0.808018
i=30  dims=[20 350 350] 
our: difference=0.000963  auc=0.710447
i=31  dims=[20 360 360] 
our: difference=0.000995  auc=0.791316
i=32  dims=[20 370 370] 
our: difference=0.000999  auc=0.758829
i=33  dims=[20 380 380] 
our: difference=0.000956  auc=0.776668
i=34  dims=[20 390 390] 
our: difference=0.000982  auc=0.778856
i=35  dims=[20 400 400] 
our: difference=0.000992  auc=0.782325
i=36  dims=[20 410 410] 
our: difference=0.000961  auc=0.746728
i=37  dims=[20 420 420] 
our: difference=0.000958  auc=0.787739
i=38  dims=[20 430 430] 
our: difference=0.000967  auc=0.757860
i=39  dims=[20 440 440] 
our: difference=0.000990  auc=0.747726
i=40  dims=[20 450 450] 
our: difference=0.000989  auc=0.726556
i=41  dims=[20 460 460] 
our: difference=0.000954  auc=0.777437
i=42  dims=[20 470 470] 
our: difference=0.000977  auc=0.783031
i=43  dims=[20 480 480] 
our: difference=0.000975  auc=0.799032
i=44  dims=[20 490 490] 
our: difference=0.000959  auc=0.793461
i=45  dims=[20 500 500] 
our: difference=0.000964  auc=0.755097

ave_our =

    0.7956
    0.7822
    0.7762
    0.7755
    0.7772
    0.7802
    0.7728
    0.7749
    0.7732
    0.7711
    0.7665
    0.7671
    0.7691
    0.7658
    0.7646
    0.7642
    0.7647
    0.7665
    0.7667
    0.7657
    0.7635
    0.7641
    0.7655
    0.7652
    0.7652
    0.7644
    0.7655
    0.7675
    0.7689
    0.7670
    0.7678
    0.7675
    0.7678
    0.7681
    0.7685
    0.7679
    0.7684
    0.7681
    0.7676
    0.7666
    0.7669
    0.7672
    0.7680
    0.7686
    0.7683

 omegaT_90_4 
NNCP: iterations = 449   difference=0.000010  time=22.812624
our: difference=0.000997  auc=0.772265
i=1  dims=[20 60 60] 
our: difference=0.000944  auc=0.772782
i=2  dims=[20 70 70] 
our: difference=0.000999  auc=0.760820
i=3  dims=[20 80 80] 
our: difference=0.000957  auc=0.767726
i=4  dims=[20 90 90] 
our: difference=0.000943  auc=0.790619
i=5  dims=[20 100 100] 
our: difference=0.000974  auc=0.781529
i=6  dims=[20 110 110] 
our: difference=0.000937  auc=0.800525
i=7  dims=[20 120 120] 
our: difference=0.000932  auc=0.718989
i=8  dims=[20 130 130] 
our: difference=0.000960  auc=0.794341
i=9  dims=[20 140 140] 
our: difference=0.000954  auc=0.764429
i=10  dims=[20 150 150] 
our: difference=0.000945  auc=0.731420
i=11  dims=[20 160 160] 
our: difference=0.000991  auc=0.723493
i=12  dims=[20 170 170] 
our: difference=0.000959  auc=0.775635
i=13  dims=[20 180 180] 
our: difference=0.000975  auc=0.806788
i=14  dims=[20 190 190] 
our: difference=0.000961  auc=0.728785
i=15  dims=[20 200 200] 
our: difference=0.000942  auc=0.759883
i=16  dims=[20 210 210] 
our: difference=0.000998  auc=0.755567
i=17  dims=[20 220 220] 
our: difference=0.000979  auc=0.777537
i=18  dims=[20 230 230] 
our: difference=0.000947  auc=0.790113
i=19  dims=[20 240 240] 
our: difference=0.000984  auc=0.785104
i=20  dims=[20 250 250] 
our: difference=0.000976  auc=0.747116
i=21  dims=[20 260 260] 
our: difference=0.000946  auc=0.728307
i=22  dims=[20 270 270] 
our: difference=0.000957  auc=0.779337
i=23  dims=[20 280 280] 
our: difference=0.000973  auc=0.779680
i=24  dims=[20 290 290] 
our: difference=0.000992  auc=0.772871
i=25  dims=[20 300 300] 
our: difference=0.000951  auc=0.761191
i=26  dims=[20 310 310] 
our: difference=0.000964  auc=0.742443
i=27  dims=[20 320 320] 
our: difference=0.000991  auc=0.793638
i=28  dims=[20 330 330] 
our: difference=0.000966  auc=0.810137
i=29  dims=[20 340 340] 
our: difference=0.000961  auc=0.811205
i=30  dims=[20 350 350] 
our: difference=0.000999  auc=0.721968
i=31  dims=[20 360 360] 
our: difference=0.000963  auc=0.785645
i=32  dims=[20 370 370] 
our: difference=0.000999  auc=0.754527
i=33  dims=[20 380 380] 
our: difference=0.000993  auc=0.779923
i=34  dims=[20 390 390] 
our: difference=0.000957  auc=0.783099
i=35  dims=[20 400 400] 
our: difference=0.000966  auc=0.785554
i=36  dims=[20 410 410] 
our: difference=0.000967  auc=0.753728
i=37  dims=[20 420 420] 
our: difference=0.000985  auc=0.785106
i=38  dims=[20 430 430] 
our: difference=0.000974  auc=0.747685
i=39  dims=[20 440 440] 
our: difference=0.000973  auc=0.759687
i=40  dims=[20 450 450] 
our: difference=0.000959  auc=0.730107
i=41  dims=[20 460 460] 
our: difference=0.000957  auc=0.778634
i=42  dims=[20 470 470] 
our: difference=0.000977  auc=0.785134
i=43  dims=[20 480 480] 
our: difference=0.000957  auc=0.801459
i=44  dims=[20 490 490] 
our: difference=0.000966  auc=0.790184
i=45  dims=[20 500 500] 
our: difference=0.000994  auc=0.759248

ave_our =

    0.7728
    0.7668
    0.7671
    0.7730
    0.7747
    0.7790
    0.7704
    0.7734
    0.7724
    0.7683
    0.7642
    0.7652
    0.7684
    0.7656
    0.7652
    0.7646
    0.7653
    0.7667
    0.7677
    0.7667
    0.7648
    0.7655
    0.7661
    0.7664
    0.7662
    0.7653
    0.7663
    0.7679
    0.7694
    0.7678
    0.7684
    0.7679
    0.7683
    0.7687
    0.7692
    0.7688
    0.7692
    0.7687
    0.7684
    0.7675
    0.7677
    0.7682
    0.7689
    0.7694
    0.7692

 omegaT_90_5 
NNCP: iterations = 432   difference=0.000010  time=26.086153
our: difference=0.000993  auc=0.774879
i=1  dims=[20 60 60] 
our: difference=0.000964  auc=0.772402
i=2  dims=[20 70 70] 
our: difference=0.000927  auc=0.746384
i=3  dims=[20 80 80] 
our: difference=0.000991  auc=0.779604
i=4  dims=[20 90 90] 
our: difference=0.000917  auc=0.787850
i=5  dims=[20 100 100] 
our: difference=0.000964  auc=0.779947
i=6  dims=[20 110 110] 
our: difference=0.000965  auc=0.803872
i=7  dims=[20 120 120] 
our: difference=0.000995  auc=0.732852
i=8  dims=[20 130 130] 
our: difference=0.000952  auc=0.769680
i=9  dims=[20 140 140] 
our: difference=0.000949  auc=0.751296
i=10  dims=[20 150 150] 
our: difference=0.000955  auc=0.755655
i=11  dims=[20 160 160] 
our: difference=0.000937  auc=0.730327
i=12  dims=[20 170 170] 
our: difference=0.000978  auc=0.773444
i=13  dims=[20 180 180] 
our: difference=0.000973  auc=0.814782
i=14  dims=[20 190 190] 
our: difference=0.000957  auc=0.738945
i=15  dims=[20 200 200] 
our: difference=0.000941  auc=0.757771
i=16  dims=[20 210 210] 
our: difference=0.000956  auc=0.756087
i=17  dims=[20 220 220] 
our: difference=0.000966  auc=0.783220
i=18  dims=[20 230 230] 
our: difference=0.000972  auc=0.803567
i=19  dims=[20 240 240] 
our: difference=0.000994  auc=0.799849
i=20  dims=[20 250 250] 
our: difference=0.000962  auc=0.750941
i=21  dims=[20 260 260] 
our: difference=0.000955  auc=0.721563
i=22  dims=[20 270 270] 
our: difference=0.000968  auc=0.789594
i=23  dims=[20 280 280] 
our: difference=0.000952  auc=0.792380
i=24  dims=[20 290 290] 
our: difference=0.000991  auc=0.756578
i=25  dims=[20 300 300] 
our: difference=0.000962  auc=0.773984
i=26  dims=[20 310 310] 
our: difference=0.000988  auc=0.744071
i=27  dims=[20 320 320] 
our: difference=0.000987  auc=0.787573
i=28  dims=[20 330 330] 
our: difference=0.000978  auc=0.819343
i=29  dims=[20 340 340] 
our: difference=0.000984  auc=0.811784
i=30  dims=[20 350 350] 
our: difference=0.000956  auc=0.718605
i=31  dims=[20 360 360] 
our: difference=0.000968  auc=0.795571
i=32  dims=[20 370 370] 
our: difference=0.000984  auc=0.746998
i=33  dims=[20 380 380] 
our: difference=0.000976  auc=0.784007
i=34  dims=[20 390 390] 
our: difference=0.000974  auc=0.773700
i=35  dims=[20 400 400] 
our: difference=0.000989  auc=0.786545
i=36  dims=[20 410 410] 
our: difference=0.000975  auc=0.746418
i=37  dims=[20 420 420] 
our: difference=0.000952  auc=0.792713
i=38  dims=[20 430 430] 
our: difference=0.000953  auc=0.766520
i=39  dims=[20 440 440] 
our: difference=0.000959  auc=0.753610
i=40  dims=[20 450 450] 
our: difference=0.000963  auc=0.743610
i=41  dims=[20 460 460] 
our: difference=0.000984  auc=0.783637
i=42  dims=[20 470 470] 
our: difference=0.000996  auc=0.789333
i=43  dims=[20 480 480] 
our: difference=0.000986  auc=0.806421
i=44  dims=[20 490 490] 
our: difference=0.000979  auc=0.798702
i=45  dims=[20 500 500] 
our: difference=0.000963  auc=0.761273

ave_our =

    0.7724
    0.7594
    0.7661
    0.7716
    0.7732
    0.7783
    0.7718
    0.7716
    0.7693
    0.7680
    0.7645
    0.7653
    0.7691
    0.7669
    0.7663
    0.7657
    0.7667
    0.7688
    0.7704
    0.7694
    0.7671
    0.7682
    0.7692
    0.7687
    0.7689
    0.7679
    0.7687
    0.7705
    0.7719
    0.7701
    0.7710
    0.7702
    0.7706
    0.7707
    0.7712
    0.7705
    0.7711
    0.7710
    0.7705
    0.7698
    0.7702
    0.7706
    0.7715
    0.7721
    0.7718

init-tncp , R=8 , V=3.000000 , omegaT_90_1 
NNCP: iterations = 413   difference=0.000010  time=19.504081
our: difference=0.000987  auc=0.776901
i=1  dims=[20 60 60] 
our: difference=0.000868  auc=0.778163
i=2  dims=[20 70 70] 
our: difference=0.000985  auc=0.754442
i=3  dims=[20 80 80] 
our: difference=0.000948  auc=0.790554
i=4  dims=[20 90 90] 
our: difference=0.000986  auc=0.786604
i=5  dims=[20 100 100] 
our: difference=0.000996  auc=0.777601
i=6  dims=[20 110 110] 
our: difference=0.000986  auc=0.781498
i=7  dims=[20 120 120] 
our: difference=0.000979  auc=0.718605
i=8  dims=[20 130 130] 
our: difference=0.000964  auc=0.779865
i=9  dims=[20 140 140] 
our: difference=0.000988  auc=0.752293
i=10  dims=[20 150 150] 
our: difference=0.000996  auc=0.739724
i=11  dims=[20 160 160] 
our: difference=0.000923  auc=0.729330
i=12  dims=[20 170 170] 
our: difference=0.000975  auc=0.787821
i=13  dims=[20 180 180] 
our: difference=0.000950  auc=0.801166
i=14  dims=[20 190 190] 
our: difference=0.000987  auc=0.731057
i=15  dims=[20 200 200] 
our: difference=0.000982  auc=0.748837
i=16  dims=[20 210 210] 
our: difference=0.000955  auc=0.750791
i=17  dims=[20 220 220] 
our: difference=0.000944  auc=0.762099
i=18  dims=[20 230 230] 
our: difference=0.000965  auc=0.801791
i=19  dims=[20 240 240] 
our: difference=0.000944  auc=0.778810
i=20  dims=[20 250 250] 
our: difference=0.000991  auc=0.736867
i=21  dims=[20 260 260] 
our: difference=0.000965  auc=0.729067
i=22  dims=[20 270 270] 
our: difference=0.001000  auc=0.782651
i=23  dims=[20 280 280] 
our: difference=0.000961  auc=0.775722
i=24  dims=[20 290 290] 
our: difference=0.000962  auc=0.759763
i=25  dims=[20 300 300] 
our: difference=0.000949  auc=0.770398
i=26  dims=[20 310 310] 
our: difference=0.000973  auc=0.725745
i=27  dims=[20 320 320] 
our: difference=0.000988  auc=0.787647
i=28  dims=[20 330 330] 
our: difference=0.000969  auc=0.817481
i=29  dims=[20 340 340] 
our: difference=0.000970  auc=0.806444
i=30  dims=[20 350 350] 
our: difference=0.000987  auc=0.710368
i=31  dims=[20 360 360] 
our: difference=0.000988  auc=0.787087
i=32  dims=[20 370 370] 
our: difference=0.000970  auc=0.745745
i=33  dims=[20 380 380] 
our: difference=0.000979  auc=0.772491
i=34  dims=[20 390 390] 
our: difference=0.000989  auc=0.769667
i=35  dims=[20 400 400] 
our: difference=0.001000  auc=0.792849
i=36  dims=[20 410 410] 
our: difference=0.000957  auc=0.739442
i=37  dims=[20 420 420] 
our: difference=0.000978  auc=0.786378
i=38  dims=[20 430 430] 
our: difference=0.000983  auc=0.749316
i=39  dims=[20 440 440] 
our: difference=0.000977  auc=0.748847
i=40  dims=[20 450 450] 
our: difference=0.000958  auc=0.732445
i=41  dims=[20 460 460] 
our: difference=0.000995  auc=0.773394
i=42  dims=[20 470 470] 
our: difference=0.000957  auc=0.781104
i=43  dims=[20 480 480] 
our: difference=0.000983  auc=0.799569
i=44  dims=[20 490 490] 
our: difference=0.000997  auc=0.791317
i=45  dims=[20 500 500] 
our: difference=0.000975  auc=0.756622

ave_our =

    0.7782
    0.7663
    0.7744
    0.7774
    0.7775
    0.7781
    0.7696
    0.7709
    0.7688
    0.7659
    0.7626
    0.7647
    0.7675
    0.7649
    0.7638
    0.7630
    0.7630
    0.7651
    0.7658
    0.7644
    0.7627
    0.7636
    0.7641
    0.7640
    0.7642
    0.7627
    0.7637
    0.7656
    0.7670
    0.7651
    0.7658
    0.7652
    0.7654
    0.7655
    0.7663
    0.7656
    0.7661
    0.7657
    0.7653
    0.7644
    0.7647
    0.7650
    0.7658
    0.7664
    0.7662

 omegaT_90_2 
NNCP: iterations = 437   difference=0.000010  time=21.554777
our: difference=0.000989  auc=0.763611
i=1  dims=[20 60 60] 
our: difference=0.000953  auc=0.780253
i=2  dims=[20 70 70] 
our: difference=0.000921  auc=0.760216
i=3  dims=[20 80 80] 
our: difference=0.000993  auc=0.778968
i=4  dims=[20 90 90] 
our: difference=0.000955  auc=0.783146
i=5  dims=[20 100 100] 
our: difference=0.000907  auc=0.763948
i=6  dims=[20 110 110] 
our: difference=0.000992  auc=0.793779
i=7  dims=[20 120 120] 
our: difference=0.000918  auc=0.714099
i=8  dims=[20 130 130] 
our: difference=0.000949  auc=0.764166
i=9  dims=[20 140 140] 
our: difference=0.000986  auc=0.750514
i=10  dims=[20 150 150] 
our: difference=0.000963  auc=0.720423
i=11  dims=[20 160 160] 
our: difference=0.000961  auc=0.722925
i=12  dims=[20 170 170] 
our: difference=0.000976  auc=0.773652
i=13  dims=[20 180 180] 
our: difference=0.000969  auc=0.803741
i=14  dims=[20 190 190] 
our: difference=0.000956  auc=0.720166
i=15  dims=[20 200 200] 
our: difference=0.000999  auc=0.751398
i=16  dims=[20 210 210] 
our: difference=0.000946  auc=0.748586
i=17  dims=[20 220 220] 
our: difference=0.000952  auc=0.762160
i=18  dims=[20 230 230] 
our: difference=0.000992  auc=0.784036
i=19  dims=[20 240 240] 
our: difference=0.000940  auc=0.774444
i=20  dims=[20 250 250] 
our: difference=0.000965  auc=0.748248
i=21  dims=[20 260 260] 
our: difference=0.000958  auc=0.724940
i=22  dims=[20 270 270] 
our: difference=0.000972  auc=0.776028
i=23  dims=[20 280 280] 
our: difference=0.000970  auc=0.774918
i=24  dims=[20 290 290] 
our: difference=0.000970  auc=0.742490
i=25  dims=[20 300 300] 
our: difference=0.000972  auc=0.766860
i=26  dims=[20 310 310] 
our: difference=0.000947  auc=0.733444
i=27  dims=[20 320 320] 
our: difference=0.000946  auc=0.771677
i=28  dims=[20 330 330] 
our: difference=0.000974  auc=0.813316
i=29  dims=[20 340 340] 
our: difference=0.000999  auc=0.802524
i=30  dims=[20 350 350] 
our: difference=0.000983  auc=0.725713
i=31  dims=[20 360 360] 
our: difference=0.000985  auc=0.777671
i=32  dims=[20 370 370] 
our: difference=0.000976  auc=0.742218
i=33  dims=[20 380 380] 
our: difference=0.000995  auc=0.780398
i=34  dims=[20 390 390] 
our: difference=0.000983  auc=0.778620
i=35  dims=[20 400 400] 
our: difference=0.000974  auc=0.788425
i=36  dims=[20 410 410] 
our: difference=0.000986  auc=0.759976
i=37  dims=[20 420 420] 
our: difference=0.000979  auc=0.796230
i=38  dims=[20 430 430] 
our: difference=0.000968  auc=0.751772
i=39  dims=[20 440 440] 
our: difference=0.000988  auc=0.745352
i=40  dims=[20 450 450] 
our: difference=0.000972  auc=0.724928
i=41  dims=[20 460 460] 
our: difference=0.000956  auc=0.789986
i=42  dims=[20 470 470] 
our: difference=0.000988  auc=0.784581
i=43  dims=[20 480 480] 
our: difference=0.000961  auc=0.803619
i=44  dims=[20 490 490] 
our: difference=0.000978  auc=0.794942
i=45  dims=[20 500 500] 
our: difference=0.000974  auc=0.761002

ave_our =

    0.7803
    0.7702
    0.7731
    0.7756
    0.7733
    0.7767
    0.7678
    0.7673
    0.7655
    0.7610
    0.7575
    0.7588
    0.7623
    0.7593
    0.7588
    0.7581
    0.7584
    0.7598
    0.7606
    0.7599
    0.7583
    0.7591
    0.7598
    0.7591
    0.7594
    0.7584
    0.7589
    0.7608
    0.7622
    0.7610
    0.7616
    0.7610
    0.7615
    0.7620
    0.7628
    0.7627
    0.7636
    0.7633
    0.7629
    0.7619
    0.7626
    0.7631
    0.7641
    0.7648
    0.7647

 omegaT_90_3 
NNCP: iterations = 413   difference=0.000010  time=20.074123
our: difference=0.000991  auc=0.765148
i=1  dims=[20 60 60] 
our: difference=0.000874  auc=0.795499
i=2  dims=[20 70 70] 
our: difference=0.000944  auc=0.764277
i=3  dims=[20 80 80] 
our: difference=0.000986  auc=0.769375
i=4  dims=[20 90 90] 
our: difference=0.000952  auc=0.772960
i=5  dims=[20 100 100] 
our: difference=0.000897  auc=0.782871
i=6  dims=[20 110 110] 
our: difference=0.000907  auc=0.791846
i=7  dims=[20 120 120] 
our: difference=0.000932  auc=0.721358
i=8  dims=[20 130 130] 
our: difference=0.000940  auc=0.782168
i=9  dims=[20 140 140] 
our: difference=0.000917  auc=0.755609
i=10  dims=[20 150 150] 
our: difference=0.000975  auc=0.745443
i=11  dims=[20 160 160] 
our: difference=0.000972  auc=0.714530
i=12  dims=[20 170 170] 
our: difference=0.000978  auc=0.764509
i=13  dims=[20 180 180] 
our: difference=0.000939  auc=0.791735
i=14  dims=[20 190 190] 
our: difference=0.000994  auc=0.714460
i=15  dims=[20 200 200] 
our: difference=0.000982  auc=0.745347
i=16  dims=[20 210 210] 
our: difference=0.000965  auc=0.752267
i=17  dims=[20 220 220] 
our: difference=0.000991  auc=0.769075
i=18  dims=[20 230 230] 
our: difference=0.000973  auc=0.795305
i=19  dims=[20 240 240] 
our: difference=0.000976  auc=0.767193
i=20  dims=[20 250 250] 
our: difference=0.000969  auc=0.742306
i=21  dims=[20 260 260] 
our: difference=0.000975  auc=0.716530
i=22  dims=[20 270 270] 
our: difference=0.000967  auc=0.778221
i=23  dims=[20 280 280] 
our: difference=0.000983  auc=0.791523
i=24  dims=[20 290 290] 
our: difference=0.000960  auc=0.753263
i=25  dims=[20 300 300] 
our: difference=0.000979  auc=0.764640
i=26  dims=[20 310 310] 
our: difference=0.000959  auc=0.738908
i=27  dims=[20 320 320] 
our: difference=0.000976  auc=0.794482
i=28  dims=[20 330 330] 
our: difference=0.000976  auc=0.819547
i=29  dims=[20 340 340] 
our: difference=0.000954  auc=0.804706
i=30  dims=[20 350 350] 
our: difference=0.000952  auc=0.709654
i=31  dims=[20 360 360] 
our: difference=0.000964  auc=0.790312
i=32  dims=[20 370 370] 
our: difference=0.000962  auc=0.756583
i=33  dims=[20 380 380] 
our: difference=0.000997  auc=0.775062
i=34  dims=[20 390 390] 
our: difference=0.000989  auc=0.776126
i=35  dims=[20 400 400] 
our: difference=0.000998  auc=0.780123
i=36  dims=[20 410 410] 
our: difference=0.000963  auc=0.747633
i=37  dims=[20 420 420] 
our: difference=0.000965  auc=0.788117
i=38  dims=[20 430 430] 
our: difference=0.000971  auc=0.753669
i=39  dims=[20 440 440] 
our: difference=0.000958  auc=0.744242
i=40  dims=[20 450 450] 
our: difference=0.000955  auc=0.724418
i=41  dims=[20 460 460] 
our: difference=0.000988  auc=0.776379
i=42  dims=[20 470 470] 
our: difference=0.000993  auc=0.783816
i=43  dims=[20 480 480] 
our: difference=0.000984  auc=0.797359
i=44  dims=[20 490 490] 
our: difference=0.000981  auc=0.791970
i=45  dims=[20 500 500] 
our: difference=0.000960  auc=0.752821

ave_our =

    0.7955
    0.7799
    0.7764
    0.7755
    0.7770
    0.7795
    0.7712
    0.7725
    0.7707
    0.7681
    0.7633
    0.7634
    0.7656
    0.7619
    0.7608
    0.7603
    0.7608
    0.7627
    0.7629
    0.7619
    0.7597
    0.7606
    0.7619
    0.7616
    0.7617
    0.7608
    0.7621
    0.7641
    0.7655
    0.7637
    0.7645
    0.7643
    0.7646
    0.7649
    0.7654
    0.7649
    0.7655
    0.7652
    0.7647
    0.7636
    0.7640
    0.7644
    0.7652
    0.7658
    0.7655

 omegaT_90_4 
NNCP: iterations = 425   difference=0.000010  time=20.680065
our: difference=0.000606  auc=0.772768
i=1  dims=[20 60 60] 
our: difference=0.000912  auc=0.770632
i=2  dims=[20 70 70] 
our: difference=0.000851  auc=0.749013
i=3  dims=[20 80 80] 
our: difference=0.000852  auc=0.762015
i=4  dims=[20 90 90] 
our: difference=0.000927  auc=0.782150
i=5  dims=[20 100 100] 
our: difference=0.000895  auc=0.764787
i=6  dims=[20 110 110] 
our: difference=0.000890  auc=0.785804
i=7  dims=[20 120 120] 
our: difference=0.000852  auc=0.700345
i=8  dims=[20 130 130] 
our: difference=0.000954  auc=0.778291
i=9  dims=[20 140 140] 
our: difference=0.000949  auc=0.758611
i=10  dims=[20 150 150] 
our: difference=0.000983  auc=0.713006
i=11  dims=[20 160 160] 
our: difference=0.000986  auc=0.712105
i=12  dims=[20 170 170] 
our: difference=0.000954  auc=0.759122
i=13  dims=[20 180 180] 
our: difference=0.000983  auc=0.798179
i=14  dims=[20 190 190] 
our: difference=0.000995  auc=0.715529
i=15  dims=[20 200 200] 
our: difference=0.000992  auc=0.750201
i=16  dims=[20 210 210] 
our: difference=0.000993  auc=0.747739
i=17  dims=[20 220 220] 
our: difference=0.000981  auc=0.765801
i=18  dims=[20 230 230] 
our: difference=0.000997  auc=0.784399
i=19  dims=[20 240 240] 
our: difference=0.000987  auc=0.776326
i=20  dims=[20 250 250] 
our: difference=0.000957  auc=0.739081
i=21  dims=[20 260 260] 
our: difference=0.000940  auc=0.716225
i=22  dims=[20 270 270] 
our: difference=0.000999  auc=0.774202
i=23  dims=[20 280 280] 
our: difference=0.000964  auc=0.769967
i=24  dims=[20 290 290] 
our: difference=0.000950  auc=0.762227
i=25  dims=[20 300 300] 
our: difference=0.000948  auc=0.760780
i=26  dims=[20 310 310] 
our: difference=0.000952  auc=0.728269
i=27  dims=[20 320 320] 
our: difference=0.000983  auc=0.786089
i=28  dims=[20 330 330] 
our: difference=0.000961  auc=0.803365
i=29  dims=[20 340 340] 
our: difference=0.000964  auc=0.806504
i=30  dims=[20 350 350] 
our: difference=0.000981  auc=0.716119
i=31  dims=[20 360 360] 
our: difference=0.000934  auc=0.777681
i=32  dims=[20 370 370] 
our: difference=0.000963  auc=0.747055
i=33  dims=[20 380 380] 
our: difference=0.000998  auc=0.774762
i=34  dims=[20 390 390] 
our: difference=0.000952  auc=0.776062
i=35  dims=[20 400 400] 
our: difference=0.000954  auc=0.780648
i=36  dims=[20 410 410] 
our: difference=0.000973  auc=0.751055
i=37  dims=[20 420 420] 
our: difference=0.000971  auc=0.780879
i=38  dims=[20 430 430] 
our: difference=0.000950  auc=0.741433
i=39  dims=[20 440 440] 
our: difference=0.000972  auc=0.753335
i=40  dims=[20 450 450] 
our: difference=0.000987  auc=0.726442
i=41  dims=[20 460 460] 
our: difference=0.000969  auc=0.775417
i=42  dims=[20 470 470] 
our: difference=0.000993  auc=0.783603
i=43  dims=[20 480 480] 
our: difference=0.000954  auc=0.795982
i=44  dims=[20 490 490] 
our: difference=0.000968  auc=0.786667
i=45  dims=[20 500 500] 
our: difference=0.000954  auc=0.752715

ave_our =

    0.7706
    0.7598
    0.7606
    0.7660
    0.7657
    0.7691
    0.7592
    0.7616
    0.7613
    0.7565
    0.7524
    0.7530
    0.7565
    0.7535
    0.7533
    0.7530
    0.7537
    0.7554
    0.7565
    0.7557
    0.7538
    0.7547
    0.7554
    0.7557
    0.7559
    0.7548
    0.7560
    0.7577
    0.7593
    0.7579
    0.7585
    0.7582
    0.7587
    0.7592
    0.7598
    0.7596
    0.7601
    0.7596
    0.7595
    0.7587
    0.7591
    0.7596
    0.7605
    0.7611
    0.7609

 omegaT_90_5 
NNCP: iterations = 445   difference=0.000010  time=22.462657
our: difference=0.000993  auc=0.774241
i=1  dims=[20 60 60] 
our: difference=0.000878  auc=0.774145
i=2  dims=[20 70 70] 
our: difference=0.000900  auc=0.743767
i=3  dims=[20 80 80] 
our: difference=0.000948  auc=0.781267
i=4  dims=[20 90 90] 
our: difference=0.000991  auc=0.783885
i=5  dims=[20 100 100] 
our: difference=0.000949  auc=0.779897
i=6  dims=[20 110 110] 
our: difference=0.000957  auc=0.798942
i=7  dims=[20 120 120] 
our: difference=0.000980  auc=0.728543
i=8  dims=[20 130 130] 
our: difference=0.000934  auc=0.765629
i=9  dims=[20 140 140] 
our: difference=0.000958  auc=0.751004
i=10  dims=[20 150 150] 
our: difference=0.000963  auc=0.748704
i=11  dims=[20 160 160] 
our: difference=0.000942  auc=0.724649
i=12  dims=[20 170 170] 
our: difference=0.000963  auc=0.765554
i=13  dims=[20 180 180] 
our: difference=0.000999  auc=0.813197
i=14  dims=[20 190 190] 
our: difference=0.000928  auc=0.732225
i=15  dims=[20 200 200] 
our: difference=0.000987  auc=0.754606
i=16  dims=[20 210 210] 
our: difference=0.000986  auc=0.754247
i=17  dims=[20 220 220] 
our: difference=0.000939  auc=0.779220
i=18  dims=[20 230 230] 
our: difference=0.000973  auc=0.802343
i=19  dims=[20 240 240] 
our: difference=0.000942  auc=0.798102
i=20  dims=[20 250 250] 
our: difference=0.000945  auc=0.747481
i=21  dims=[20 260 260] 
our: difference=0.000969  auc=0.716992
i=22  dims=[20 270 270] 
our: difference=0.000968  auc=0.788934
i=23  dims=[20 280 280] 
our: difference=0.000991  auc=0.789141
i=24  dims=[20 290 290] 
our: difference=0.000997  auc=0.753402
i=25  dims=[20 300 300] 
our: difference=0.000979  auc=0.775196
i=26  dims=[20 310 310] 
our: difference=0.000977  auc=0.738485
i=27  dims=[20 320 320] 
our: difference=0.000968  auc=0.786175
i=28  dims=[20 330 330] 
our: difference=0.000964  auc=0.818987
i=29  dims=[20 340 340] 
our: difference=0.000998  auc=0.810327
i=30  dims=[20 350 350] 
our: difference=0.000958  auc=0.717887
i=31  dims=[20 360 360] 
our: difference=0.000986  auc=0.794001
i=32  dims=[20 370 370] 
our: difference=0.000948  auc=0.744955
i=33  dims=[20 380 380] 
our: difference=0.000971  auc=0.781777
i=34  dims=[20 390 390] 
our: difference=0.000964  auc=0.770919
i=35  dims=[20 400 400] 
our: difference=0.000995  auc=0.784671
i=36  dims=[20 410 410] 
our: difference=0.000979  auc=0.747258
i=37  dims=[20 420 420] 
our: difference=0.000952  auc=0.792446
i=38  dims=[20 430 430] 
our: difference=0.000957  auc=0.763413
i=39  dims=[20 440 440] 
our: difference=0.000962  auc=0.750003
i=40  dims=[20 450 450] 
our: difference=0.000977  auc=0.743417
i=41  dims=[20 460 460] 
our: difference=0.000977  auc=0.783124
i=42  dims=[20 470 470] 
our: difference=0.000998  auc=0.790090
i=43  dims=[20 480 480] 
our: difference=0.000995  auc=0.804919
i=44  dims=[20 490 490] 
our: difference=0.000991  auc=0.797475
i=45  dims=[20 500 500] 
our: difference=0.000998  auc=0.759491

ave_our =

    0.7741
    0.7590
    0.7664
    0.7708
    0.7726
    0.7770
    0.7701
    0.7695
    0.7675
    0.7656
    0.7619
    0.7622
    0.7661
    0.7637
    0.7631
    0.7625
    0.7635
    0.7657
    0.7674
    0.7664
    0.7640
    0.7652
    0.7662
    0.7657
    0.7660
    0.7650
    0.7658
    0.7677
    0.7691
    0.7674
    0.7683
    0.7676
    0.7680
    0.7681
    0.7686
    0.7680
    0.7686
    0.7685
    0.7680
    0.7674
    0.7678
    0.7683
    0.7692
    0.7698
    0.7696

init-tncp , R=8 , V=5.000000 , omegaT_90_1 
NNCP: iterations = 415   difference=0.000010  time=23.453891
our: difference=0.000984  auc=0.776516
i=1  dims=[20 60 60] 
our: difference=0.000967  auc=0.778137
i=2  dims=[20 70 70] 
our: difference=0.000848  auc=0.748846
i=3  dims=[20 80 80] 
our: difference=0.000956  auc=0.784195
i=4  dims=[20 90 90] 
our: difference=0.000935  auc=0.782151
i=5  dims=[20 100 100] 
our: difference=0.000978  auc=0.770216
i=6  dims=[20 110 110] 
our: difference=0.000937  auc=0.774374
i=7  dims=[20 120 120] 
our: difference=0.000989  auc=0.711583
i=8  dims=[20 130 130] 
our: difference=0.000964  auc=0.772486
i=9  dims=[20 140 140] 
our: difference=0.000915  auc=0.747548
i=10  dims=[20 150 150] 
our: difference=0.000917  auc=0.731109
i=11  dims=[20 160 160] 
our: difference=0.000948  auc=0.721520
i=12  dims=[20 170 170] 
our: difference=0.000931  auc=0.779416
i=13  dims=[20 180 180] 
our: difference=0.000922  auc=0.795278
i=14  dims=[20 190 190] 
our: difference=0.000942  auc=0.725406
i=15  dims=[20 200 200] 
our: difference=0.000951  auc=0.743788
i=16  dims=[20 210 210] 
our: difference=0.000998  auc=0.745196
i=17  dims=[20 220 220] 
our: difference=0.000948  auc=0.756339
i=18  dims=[20 230 230] 
our: difference=0.000965  auc=0.797516
i=19  dims=[20 240 240] 
our: difference=0.000958  auc=0.774765
i=20  dims=[20 250 250] 
our: difference=0.000940  auc=0.730256
i=21  dims=[20 260 260] 
our: difference=0.000996  auc=0.723216
i=22  dims=[20 270 270] 
our: difference=0.000972  auc=0.778474
i=23  dims=[20 280 280] 
our: difference=0.000939  auc=0.770977
i=24  dims=[20 290 290] 
our: difference=0.000950  auc=0.754870
i=25  dims=[20 300 300] 
our: difference=0.000941  auc=0.768928
i=26  dims=[20 310 310] 
our: difference=0.000974  auc=0.719345
i=27  dims=[20 320 320] 
our: difference=0.000999  auc=0.783826
i=28  dims=[20 330 330] 
our: difference=0.000981  auc=0.813829
i=29  dims=[20 340 340] 
our: difference=0.000977  auc=0.803058
i=30  dims=[20 350 350] 
our: difference=0.000952  auc=0.707993
i=31  dims=[20 360 360] 
our: difference=0.000956  auc=0.784361
i=32  dims=[20 370 370] 
our: difference=0.000946  auc=0.742146
i=33  dims=[20 380 380] 
our: difference=0.000947  auc=0.769554
i=34  dims=[20 390 390] 
our: difference=0.000979  auc=0.764320
i=35  dims=[20 400 400] 
our: difference=0.000985  auc=0.789568
i=36  dims=[20 410 410] 
our: difference=0.000996  auc=0.737243
i=37  dims=[20 420 420] 
our: difference=0.000988  auc=0.784032
i=38  dims=[20 430 430] 
our: difference=0.000983  auc=0.744913
i=39  dims=[20 440 440] 
our: difference=0.000977  auc=0.745133
i=40  dims=[20 450 450] 
our: difference=0.000966  auc=0.728424
i=41  dims=[20 460 460] 
our: difference=0.000960  auc=0.770595
i=42  dims=[20 470 470] 
our: difference=0.000976  auc=0.779221
i=43  dims=[20 480 480] 
our: difference=0.000956  auc=0.796456
i=44  dims=[20 490 490] 
our: difference=0.000978  auc=0.788767
i=45  dims=[20 500 500] 
our: difference=0.000960  auc=0.752393

ave_our =

    0.7781
    0.7635
    0.7704
    0.7733
    0.7727
    0.7730
    0.7642
    0.7652
    0.7633
    0.7601
    0.7566
    0.7585
    0.7613
    0.7587
    0.7577
    0.7570
    0.7569
    0.7592
    0.7600
    0.7585
    0.7568
    0.7578
    0.7584
    0.7582
    0.7587
    0.7572
    0.7581
    0.7601
    0.7616
    0.7598
    0.7606
    0.7600
    0.7603
    0.7604
    0.7613
    0.7606
    0.7612
    0.7608
    0.7604
    0.7596
    0.7599
    0.7603
    0.7612
    0.7618
    0.7616

 omegaT_90_2 
NNCP: iterations = 400   difference=0.000010  time=20.996608
our: difference=0.000512  auc=0.767827
i=1  dims=[20 60 60] 
our: difference=0.000952  auc=0.777223
i=2  dims=[20 70 70] 
our: difference=0.000849  auc=0.748420
i=3  dims=[20 80 80] 
our: difference=0.000833  auc=0.767544
i=4  dims=[20 90 90] 
our: difference=0.000861  auc=0.772829
i=5  dims=[20 100 100] 
our: difference=0.000861  auc=0.748910
i=6  dims=[20 110 110] 
our: difference=0.000979  auc=0.776577
i=7  dims=[20 120 120] 
our: difference=0.000949  auc=0.697348
i=8  dims=[20 130 130] 
our: difference=0.000881  auc=0.745780
i=9  dims=[20 140 140] 
our: difference=0.000986  auc=0.741674
i=10  dims=[20 150 150] 
our: difference=0.000949  auc=0.703925
i=11  dims=[20 160 160] 
our: difference=0.000953  auc=0.709756
i=12  dims=[20 170 170] 
our: difference=0.000977  auc=0.757583
i=13  dims=[20 180 180] 
our: difference=0.000992  auc=0.791475
i=14  dims=[20 190 190] 
our: difference=0.000980  auc=0.708042
i=15  dims=[20 200 200] 
our: difference=0.000934  auc=0.738677
i=16  dims=[20 210 210] 
our: difference=0.000997  auc=0.737388
i=17  dims=[20 220 220] 
our: difference=0.000922  auc=0.750491
i=18  dims=[20 230 230] 
our: difference=0.000919  auc=0.774739
i=19  dims=[20 240 240] 
our: difference=0.000918  auc=0.762239
i=20  dims=[20 250 250] 
our: difference=0.000949  auc=0.739681
i=21  dims=[20 260 260] 
our: difference=0.000925  auc=0.713332
i=22  dims=[20 270 270] 
our: difference=0.000984  auc=0.769194
i=23  dims=[20 280 280] 
our: difference=0.000990  auc=0.764430
i=24  dims=[20 290 290] 
our: difference=0.000949  auc=0.733737
i=25  dims=[20 300 300] 
our: difference=0.000950  auc=0.763337
i=26  dims=[20 310 310] 
our: difference=0.000922  auc=0.721932
i=27  dims=[20 320 320] 
our: difference=0.000961  auc=0.764037
i=28  dims=[20 330 330] 
our: difference=0.000996  auc=0.808096
i=29  dims=[20 340 340] 
our: difference=0.000965  auc=0.794038
i=30  dims=[20 350 350] 
our: difference=0.000980  auc=0.717684
i=31  dims=[20 360 360] 
our: difference=0.000972  auc=0.772318
i=32  dims=[20 370 370] 
our: difference=0.000976  auc=0.733290
i=33  dims=[20 380 380] 
our: difference=0.000945  auc=0.771285
i=34  dims=[20 390 390] 
our: difference=0.000984  auc=0.772585
i=35  dims=[20 400 400] 
our: difference=0.000946  auc=0.780572
i=36  dims=[20 410 410] 
our: difference=0.000960  auc=0.754646
i=37  dims=[20 420 420] 
our: difference=0.000970  auc=0.792302
i=38  dims=[20 430 430] 
our: difference=0.000968  auc=0.745028
i=39  dims=[20 440 440] 
our: difference=0.000987  auc=0.738917
i=40  dims=[20 450 450] 
our: difference=0.000994  auc=0.719527
i=41  dims=[20 460 460] 
our: difference=0.000974  auc=0.784608
i=42  dims=[20 470 470] 
our: difference=0.000990  auc=0.780692
i=43  dims=[20 480 480] 
our: difference=0.000990  auc=0.798877
i=44  dims=[20 490 490] 
our: difference=0.000981  auc=0.791835
i=45  dims=[20 500 500] 
our: difference=0.000979  auc=0.755151

ave_our =

    0.7772
    0.7628
    0.7644
    0.7665
    0.7630
    0.7653
    0.7556
    0.7543
    0.7529
    0.7480
    0.7445
    0.7456
    0.7492
    0.7462
    0.7457
    0.7452
    0.7455
    0.7471
    0.7479
    0.7475
    0.7459
    0.7469
    0.7477
    0.7471
    0.7478
    0.7468
    0.7474
    0.7496
    0.7511
    0.7500
    0.7507
    0.7502
    0.7508
    0.7515
    0.7523
    0.7524
    0.7534
    0.7532
    0.7528
    0.7520
    0.7528
    0.7535
    0.7545
    0.7554
    0.7554

 omegaT_90_3 
NNCP: iterations = 431   difference=0.000010  time=26.311032
our: difference=0.000990  auc=0.765038
i=1  dims=[20 60 60] 
our: difference=0.000848  auc=0.792859
i=2  dims=[20 70 70] 
our: difference=0.000858  auc=0.757876
i=3  dims=[20 80 80] 
our: difference=0.000939  auc=0.766394
i=4  dims=[20 90 90] 
our: difference=0.000910  auc=0.767192
i=5  dims=[20 100 100] 
our: difference=0.000945  auc=0.776173
i=6  dims=[20 110 110] 
our: difference=0.000928  auc=0.783621
i=7  dims=[20 120 120] 
our: difference=0.000980  auc=0.711666
i=8  dims=[20 130 130] 
our: difference=0.000930  auc=0.771899
i=9  dims=[20 140 140] 
our: difference=0.000902  auc=0.749447
i=10  dims=[20 150 150] 
our: difference=0.000956  auc=0.736168
i=11  dims=[20 160 160] 
our: difference=0.000970  auc=0.706211
i=12  dims=[20 170 170] 
our: difference=0.000913  auc=0.753891
i=13  dims=[20 180 180] 
our: difference=0.000921  auc=0.787065
i=14  dims=[20 190 190] 
our: difference=0.000994  auc=0.706847
i=15  dims=[20 200 200] 
our: difference=0.000938  auc=0.739737
i=16  dims=[20 210 210] 
our: difference=0.000931  auc=0.746436
i=17  dims=[20 220 220] 
our: difference=0.000979  auc=0.763278
i=18  dims=[20 230 230] 
our: difference=0.000955  auc=0.790358
i=19  dims=[20 240 240] 
our: difference=0.000958  auc=0.763316
i=20  dims=[20 250 250] 
our: difference=0.000971  auc=0.736760
i=21  dims=[20 260 260] 
our: difference=0.000985  auc=0.710956
i=22  dims=[20 270 270] 
our: difference=0.000963  auc=0.775683
i=23  dims=[20 280 280] 
our: difference=0.000944  auc=0.786123
i=24  dims=[20 290 290] 
our: difference=0.000982  auc=0.747886
i=25  dims=[20 300 300] 
our: difference=0.000946  auc=0.762907
i=26  dims=[20 310 310] 
our: difference=0.000951  auc=0.732655
i=27  dims=[20 320 320] 
our: difference=0.000966  auc=0.790868
i=28  dims=[20 330 330] 
our: difference=0.000984  auc=0.816070
i=29  dims=[20 340 340] 
our: difference=0.000948  auc=0.799823
i=30  dims=[20 350 350] 
our: difference=0.000963  auc=0.706904
i=31  dims=[20 360 360] 
our: difference=0.000975  auc=0.787070
i=32  dims=[20 370 370] 
our: difference=0.000978  auc=0.752659
i=33  dims=[20 380 380] 
our: difference=0.000965  auc=0.772192
i=34  dims=[20 390 390] 
our: difference=0.000965  auc=0.772044
i=35  dims=[20 400 400] 
our: difference=0.000955  auc=0.776652
i=36  dims=[20 410 410] 
our: difference=0.000998  auc=0.746259
i=37  dims=[20 420 420] 
our: difference=0.000968  auc=0.786027
i=38  dims=[20 430 430] 
our: difference=0.000976  auc=0.748874
i=39  dims=[20 440 440] 
our: difference=0.000948  auc=0.739818
i=40  dims=[20 450 450] 
our: difference=0.000974  auc=0.720641
i=41  dims=[20 460 460] 
our: difference=0.000993  auc=0.773457
i=42  dims=[20 470 470] 
our: difference=0.000963  auc=0.781739
i=43  dims=[20 480 480] 
our: difference=0.000950  auc=0.794106
i=44  dims=[20 490 490] 
our: difference=0.000963  auc=0.789213
i=45  dims=[20 500 500] 
our: difference=0.000992  auc=0.748884

ave_our =

    0.7929
    0.7754
    0.7724
    0.7711
    0.7721
    0.7740
    0.7651
    0.7660
    0.7641
    0.7613
    0.7563
    0.7561
    0.7585
    0.7548
    0.7538
    0.7533
    0.7539
    0.7560
    0.7563
    0.7554
    0.7532
    0.7543
    0.7557
    0.7553
    0.7556
    0.7547
    0.7561
    0.7582
    0.7597
    0.7579
    0.7588
    0.7586
    0.7591
    0.7594
    0.7599
    0.7596
    0.7603
    0.7600
    0.7595
    0.7585
    0.7588
    0.7594
    0.7602
    0.7609
    0.7606

 omegaT_90_4 
NNCP: iterations = 412   difference=0.000010  time=21.496363
our: difference=0.000994  auc=0.771828
i=1  dims=[20 60 60] 
our: difference=0.000879  auc=0.772696
i=2  dims=[20 70 70] 
our: difference=0.000871  auc=0.752649
i=3  dims=[20 80 80] 
our: difference=0.000984  auc=0.766592
i=4  dims=[20 90 90] 
our: difference=0.000911  auc=0.782595
i=5  dims=[20 100 100] 
our: difference=0.000956  auc=0.768323
i=6  dims=[20 110 110] 
our: difference=0.000928  auc=0.787867
i=7  dims=[20 120 120] 
our: difference=0.000895  auc=0.704632
i=8  dims=[20 130 130] 
our: difference=0.000947  auc=0.782031
i=9  dims=[20 140 140] 
our: difference=0.000986  auc=0.758335
i=10  dims=[20 150 150] 
our: difference=0.000909  auc=0.716514
i=11  dims=[20 160 160] 
our: difference=0.000999  auc=0.714733
i=12  dims=[20 170 170] 
our: difference=0.000944  auc=0.759135
i=13  dims=[20 180 180] 
our: difference=0.000949  auc=0.799431
i=14  dims=[20 190 190] 
our: difference=0.000927  auc=0.716387
i=15  dims=[20 200 200] 
our: difference=0.000965  auc=0.751428
i=16  dims=[20 210 210] 
our: difference=0.000969  auc=0.748774
i=17  dims=[20 220 220] 
our: difference=0.000956  auc=0.767706
i=18  dims=[20 230 230] 
our: difference=0.000980  auc=0.785018
i=19  dims=[20 240 240] 
our: difference=0.000961  auc=0.777999
i=20  dims=[20 250 250] 
our: difference=0.000984  auc=0.740047
i=21  dims=[20 260 260] 
our: difference=0.000947  auc=0.716984
i=22  dims=[20 270 270] 
our: difference=0.000966  auc=0.775164
i=23  dims=[20 280 280] 
our: difference=0.000971  auc=0.770775
i=24  dims=[20 290 290] 
our: difference=0.000944  auc=0.762160
i=25  dims=[20 300 300] 
our: difference=0.000952  auc=0.761849
i=26  dims=[20 310 310] 
our: difference=0.000975  auc=0.728079
i=27  dims=[20 320 320] 
our: difference=0.000960  auc=0.785846
i=28  dims=[20 330 330] 
our: difference=0.000953  auc=0.804509
i=29  dims=[20 340 340] 
our: difference=0.000946  auc=0.805511
i=30  dims=[20 350 350] 
our: difference=0.000947  auc=0.716875
i=31  dims=[20 360 360] 
our: difference=0.000959  auc=0.779042
i=32  dims=[20 370 370] 
our: difference=0.000981  auc=0.747858
i=33  dims=[20 380 380] 
our: difference=0.000952  auc=0.775193
i=34  dims=[20 390 390] 
our: difference=0.000980  auc=0.775400
i=35  dims=[20 400 400] 
our: difference=0.000969  auc=0.780522
i=36  dims=[20 410 410] 
our: difference=0.000987  auc=0.751377
i=37  dims=[20 420 420] 
our: difference=0.000970  auc=0.780705
i=38  dims=[20 430 430] 
our: difference=0.000954  auc=0.741714
i=39  dims=[20 440 440] 
our: difference=0.000965  auc=0.753567
i=40  dims=[20 450 450] 
our: difference=0.000968  auc=0.725637
i=41  dims=[20 460 460] 
our: difference=0.000957  auc=0.776350
i=42  dims=[20 470 470] 
our: difference=0.000982  auc=0.784003
i=43  dims=[20 480 480] 
our: difference=0.000989  auc=0.796898
i=44  dims=[20 490 490] 
our: difference=0.000996  auc=0.786468
i=45  dims=[20 500 500] 
our: difference=0.000973  auc=0.753053

ave_our =

    0.7727
    0.7627
    0.7640
    0.7686
    0.7686
    0.7718
    0.7622
    0.7647
    0.7640
    0.7592
    0.7552
    0.7555
    0.7589
    0.7559
    0.7556
    0.7551
    0.7559
    0.7575
    0.7586
    0.7576
    0.7557
    0.7566
    0.7572
    0.7574
    0.7576
    0.7565
    0.7575
    0.7592
    0.7608
    0.7594
    0.7600
    0.7596
    0.7601
    0.7605
    0.7611
    0.7608
    0.7614
    0.7609
    0.7607
    0.7598
    0.7602
    0.7608
    0.7616
    0.7622
    0.7620

 omegaT_90_5 
NNCP: iterations = 437   difference=0.000010  time=22.562598
our: difference=0.000987  auc=0.773947
i=1  dims=[20 60 60] 
our: difference=0.000858  auc=0.772671
i=2  dims=[20 70 70] 
our: difference=0.000951  auc=0.738755
i=3  dims=[20 80 80] 
our: difference=0.000928  auc=0.776943
i=4  dims=[20 90 90] 
our: difference=0.000930  auc=0.776892
i=5  dims=[20 100 100] 
our: difference=0.000946  auc=0.774410
i=6  dims=[20 110 110] 
our: difference=0.000954  auc=0.790824
i=7  dims=[20 120 120] 
our: difference=0.000941  auc=0.721643
i=8  dims=[20 130 130] 
our: difference=0.000942  auc=0.758911
i=9  dims=[20 140 140] 
our: difference=0.000927  auc=0.747685
i=10  dims=[20 150 150] 
our: difference=0.000940  auc=0.739882
i=11  dims=[20 160 160] 
our: difference=0.000935  auc=0.717420
i=12  dims=[20 170 170] 
our: difference=0.000982  auc=0.756534
i=13  dims=[20 180 180] 
our: difference=0.000991  auc=0.808523
i=14  dims=[20 190 190] 
our: difference=0.000928  auc=0.724592
i=15  dims=[20 200 200] 
our: difference=0.000918  auc=0.748967
i=16  dims=[20 210 210] 
our: difference=0.000949  auc=0.750250
i=17  dims=[20 220 220] 
our: difference=0.000998  auc=0.773558
i=18  dims=[20 230 230] 
our: difference=0.000967  auc=0.798401
i=19  dims=[20 240 240] 
our: difference=0.000987  auc=0.793855
i=20  dims=[20 250 250] 
our: difference=0.000949  auc=0.742393
i=21  dims=[20 260 260] 
our: difference=0.000998  auc=0.711076
i=22  dims=[20 270 270] 
our: difference=0.000980  auc=0.785696
i=23  dims=[20 280 280] 
our: difference=0.000957  auc=0.784201
i=24  dims=[20 290 290] 
our: difference=0.000966  auc=0.748791
i=25  dims=[20 300 300] 
our: difference=0.000960  auc=0.774135
i=26  dims=[20 310 310] 
our: difference=0.000954  auc=0.732169
i=27  dims=[20 320 320] 
our: difference=0.000952  auc=0.782882
i=28  dims=[20 330 330] 
our: difference=0.000961  auc=0.816453
i=29  dims=[20 340 340] 
our: difference=0.000943  auc=0.806657
i=30  dims=[20 350 350] 
our: difference=0.000978  auc=0.715502
i=31  dims=[20 360 360] 
our: difference=0.000941  auc=0.790262
i=32  dims=[20 370 370] 
our: difference=0.000969  auc=0.741520
i=33  dims=[20 380 380] 
our: difference=0.000996  auc=0.778402
i=34  dims=[20 390 390] 
our: difference=0.000986  auc=0.766769
i=35  dims=[20 400 400] 
our: difference=0.000973  auc=0.781592
i=36  dims=[20 410 410] 
our: difference=0.000971  auc=0.746171
i=37  dims=[20 420 420] 
our: difference=0.000995  auc=0.790068
i=38  dims=[20 430 430] 
our: difference=0.000993  auc=0.758894
i=39  dims=[20 440 440] 
our: difference=0.000962  auc=0.745680
i=40  dims=[20 450 450] 
our: difference=0.000986  auc=0.740914
i=41  dims=[20 460 460] 
our: difference=0.000997  auc=0.780712
i=42  dims=[20 470 470] 
our: difference=0.000990  auc=0.788512
i=43  dims=[20 480 480] 
our: difference=0.000962  auc=0.801894
i=44  dims=[20 490 490] 
our: difference=0.000960  auc=0.794607
i=45  dims=[20 500 500] 
our: difference=0.000982  auc=0.756016

ave_our =

    0.7727
    0.7557
    0.7628
    0.7663
    0.7679
    0.7717
    0.7646
    0.7639
    0.7621
    0.7599
    0.7560
    0.7560
    0.7601
    0.7575
    0.7570
    0.7566
    0.7576
    0.7598
    0.7616
    0.7607
    0.7583
    0.7595
    0.7606
    0.7601
    0.7607
    0.7596
    0.7604
    0.7624
    0.7640
    0.7624
    0.7633
    0.7626
    0.7631
    0.7632
    0.7637
    0.7632
    0.7639
    0.7638
    0.7633
    0.7628
    0.7632
    0.7638
    0.7647
    0.7654
    0.7652

init-tncp , R=8 , V=10.000000 , omegaT_90_1 
NNCP: iterations = 414   difference=0.000010  time=22.004451
our: difference=0.000977  auc=0.778200
i=1  dims=[20 60 60] 
our: difference=0.000776  auc=0.770680
i=2  dims=[20 70 70] 
our: difference=0.000979  auc=0.734692
i=3  dims=[20 80 80] 
our: difference=0.000817  auc=0.766570
i=4  dims=[20 90 90] 
our: difference=0.000943  auc=0.767145
i=5  dims=[20 100 100] 
our: difference=0.000964  auc=0.751120
i=6  dims=[20 110 110] 
our: difference=0.000987  auc=0.755232
i=7  dims=[20 120 120] 
our: difference=0.000997  auc=0.692951
i=8  dims=[20 130 130] 
our: difference=0.000913  auc=0.752376
i=9  dims=[20 140 140] 
our: difference=0.000869  auc=0.733977
i=10  dims=[20 150 150] 
our: difference=0.000939  auc=0.708387
i=11  dims=[20 160 160] 
our: difference=0.000942  auc=0.704587
i=12  dims=[20 170 170] 
our: difference=0.000995  auc=0.757620
i=13  dims=[20 180 180] 
our: difference=0.000907  auc=0.778219
i=14  dims=[20 190 190] 
our: difference=0.000914  auc=0.708322
i=15  dims=[20 200 200] 
our: difference=0.000906  auc=0.727439
i=16  dims=[20 210 210] 
our: difference=0.000959  auc=0.730203
i=17  dims=[20 220 220] 
our: difference=0.000971  auc=0.741864
i=18  dims=[20 230 230] 
our: difference=0.000972  auc=0.784126
i=19  dims=[20 240 240] 
our: difference=0.000989  auc=0.763126
i=20  dims=[20 250 250] 
our: difference=0.000981  auc=0.715949
i=21  dims=[20 260 260] 
our: difference=0.000975  auc=0.707997
i=22  dims=[20 270 270] 
our: difference=0.000921  auc=0.768577
i=23  dims=[20 280 280] 
our: difference=0.000949  auc=0.758054
i=24  dims=[20 290 290] 
our: difference=0.000952  auc=0.742414
i=25  dims=[20 300 300] 
our: difference=0.000932  auc=0.762666
i=26  dims=[20 310 310] 
our: difference=0.000992  auc=0.705051
i=27  dims=[20 320 320] 
our: difference=0.000962  auc=0.774715
i=28  dims=[20 330 330] 
our: difference=0.000936  auc=0.804687
i=29  dims=[20 340 340] 
our: difference=0.000952  auc=0.792139
i=30  dims=[20 350 350] 
our: difference=0.000982  auc=0.700304
i=31  dims=[20 360 360] 
our: difference=0.000968  auc=0.775184
i=32  dims=[20 370 370] 
our: difference=0.000933  auc=0.730990
i=33  dims=[20 380 380] 
our: difference=0.000935  auc=0.761275
i=34  dims=[20 390 390] 
our: difference=0.000995  auc=0.754635
i=35  dims=[20 400 400] 
our: difference=0.000946  auc=0.779231
i=36  dims=[20 410 410] 
our: difference=0.000958  auc=0.731376
i=37  dims=[20 420 420] 
our: difference=0.000969  auc=0.777871
i=38  dims=[20 430 430] 
our: difference=0.000984  auc=0.733121
i=39  dims=[20 440 440] 
our: difference=0.000966  auc=0.735668
i=40  dims=[20 450 450] 
our: difference=0.000965  auc=0.720459
i=41  dims=[20 460 460] 
our: difference=0.000966  auc=0.762098
i=42  dims=[20 470 470] 
our: difference=0.000976  auc=0.773457
i=43  dims=[20 480 480] 
our: difference=0.000977  auc=0.789479
i=44  dims=[20 490 490] 
our: difference=0.000960  auc=0.780386
i=45  dims=[20 500 500] 
our: difference=0.000946  auc=0.743223

ave_our =

    0.7707
    0.7527
    0.7573
    0.7598
    0.7580
    0.7576
    0.7483
    0.7488
    0.7472
    0.7433
    0.7398
    0.7413
    0.7441
    0.7416
    0.7406
    0.7400
    0.7401
    0.7425
    0.7436
    0.7422
    0.7406
    0.7419
    0.7426
    0.7426
    0.7434
    0.7419
    0.7431
    0.7453
    0.7469
    0.7454
    0.7463
    0.7459
    0.7463
    0.7466
    0.7475
    0.7471
    0.7479
    0.7475
    0.7472
    0.7465
    0.7469
    0.7475
    0.7485
    0.7492
    0.7491

 omegaT_90_2 
NNCP: iterations = 423   difference=0.000010  time=26.393152
our: difference=0.000976  auc=0.764308
i=1  dims=[20 60 60] 
our: difference=0.000854  auc=0.776657
i=2  dims=[20 70 70] 
our: difference=0.000931  auc=0.741872
i=3  dims=[20 80 80] 
our: difference=0.000923  auc=0.757603
i=4  dims=[20 90 90] 
our: difference=0.000899  auc=0.759257
i=5  dims=[20 100 100] 
our: difference=0.000894  auc=0.734387
i=6  dims=[20 110 110] 
our: difference=0.000979  auc=0.761462
i=7  dims=[20 120 120] 
our: difference=0.000942  auc=0.686783
i=8  dims=[20 130 130] 
our: difference=0.000905  auc=0.730680
i=9  dims=[20 140 140] 
our: difference=0.000970  auc=0.729937
i=10  dims=[20 150 150] 
our: difference=0.000915  auc=0.692886
i=11  dims=[20 160 160] 
our: difference=0.000939  auc=0.698789
i=12  dims=[20 170 170] 
our: difference=0.000963  auc=0.740294
i=13  dims=[20 180 180] 
our: difference=0.000891  auc=0.778513
i=14  dims=[20 190 190] 
our: difference=0.000979  auc=0.695360
i=15  dims=[20 200 200] 
our: difference=0.000934  auc=0.728191
i=16  dims=[20 210 210] 
our: difference=0.000980  auc=0.728468
i=17  dims=[20 220 220] 
our: difference=0.000927  auc=0.738276
i=18  dims=[20 230 230] 
our: difference=0.000913  auc=0.762768
i=19  dims=[20 240 240] 
our: difference=0.000906  auc=0.752139
i=20  dims=[20 250 250] 
our: difference=0.000971  auc=0.726200
i=21  dims=[20 260 260] 
our: difference=0.000924  auc=0.700351
i=22  dims=[20 270 270] 
our: difference=0.000968  auc=0.759361
i=23  dims=[20 280 280] 
our: difference=0.000989  auc=0.752116
i=24  dims=[20 290 290] 
our: difference=0.000948  auc=0.720805
i=25  dims=[20 300 300] 
our: difference=0.000956  auc=0.759594
i=26  dims=[20 310 310] 
our: difference=0.000939  auc=0.708234
i=27  dims=[20 320 320] 
our: difference=0.000996  auc=0.755264
i=28  dims=[20 330 330] 
our: difference=0.000938  auc=0.799612
i=29  dims=[20 340 340] 
our: difference=0.000992  auc=0.783749
i=30  dims=[20 350 350] 
our: difference=0.000934  auc=0.711202
i=31  dims=[20 360 360] 
our: difference=0.000991  auc=0.765342
i=32  dims=[20 370 370] 
our: difference=0.000938  auc=0.722411
i=33  dims=[20 380 380] 
our: difference=0.000984  auc=0.763465
i=34  dims=[20 390 390] 
our: difference=0.000942  auc=0.761301
i=35  dims=[20 400 400] 
our: difference=0.000988  auc=0.773978
i=36  dims=[20 410 410] 
our: difference=0.000994  auc=0.749734
i=37  dims=[20 420 420] 
our: difference=0.000937  auc=0.784969
i=38  dims=[20 430 430] 
